   0.0000000000000000        2.9163756611417040     
   2.0040080160320640E-002   2.8223969180275619     
   4.0080160320641281E-002   2.7428907548344665     
   6.0120240480961921E-002   2.6707938764676791     
   8.0160320641282562E-002   2.6048756351319415     
  0.10020040080160320        2.5438678379188913     
  0.12024048096192384        2.4868945942002898     
  0.14028056112224449        2.4332837801096527     
  0.16032064128256512        2.3825136273870835     
  0.18036072144288576        2.3341723220670856     
  0.20040080160320639        2.2879315271212834     
  0.22044088176352705        2.2435273172171453     
  0.24048096192384769        2.2007460477940821     
  0.26052104208416832        2.1594136284377146     
  0.28056112224448898        2.1193872626933632     
  0.30060120240480959        2.0805490257076720     
  0.32064128256513025        2.0428008377055771     
  0.34068136272545091        2.0060605110369760     
  0.36072144288577151        1.9702586300830549     
  0.38076152304609218        1.9353360812275449     
  0.40080160320641278        1.9012420924782560     
  0.42084168336673344        1.8679326739983999     
  0.44088176352705410        1.8353693748388209     
  0.46092184368737471        1.8035182895941377     
  0.48096192384769537        1.7723492629555082     
  0.50100200400801598        1.7418352512142175     
  0.52104208416833664        1.7119518084263543     
  0.54108216432865730        1.6826766717331296     
  0.56112224448897796        1.6539894256625984     
  0.58116232464929862        1.6258712294364608     
  0.60120240480961917        1.5983045946164864     
  0.62124248496993983        1.5712732030398653     
  0.64128256513026050        1.5447617570599954     
  0.66132264529058116        1.5187558557451015     
  0.68136272545090182        1.4932418919826522     
  0.70140280561122237        1.4682069664643684     
  0.72144288577154303        1.4436388153410273     
  0.74148296593186369        1.4195257489825890     
  0.76152304609218435        1.3958565997925079     
  0.78156312625250501        1.3726206774330256     
  0.80160320641282556        1.3498077301427156     
  0.82164328657314623        1.3274079110858019     
  0.84168336673346689        1.3054117488785211     
  0.86172344689378755        1.2838101216018754     
  0.88176352705410821        1.2625942337411167     
  0.90180360721442887        1.2417555955970030     
  0.92184368737474942        1.2212860047976697     
  0.94188376753507008        1.2011775296071792     
  0.96192384769539074        1.1814224937807429     
  0.98196392785571140        1.1620134627600802     
   1.0020040080160320        1.1429432310373921     
   1.0220440881763526        1.1242048105447764     
   1.0420841683366733        1.1057914199488839     
   1.0621242484969939        1.0876964747493290     
   1.0821643286573146        1.0699135780946285     
   1.1022044088176353        1.0524365122419592     
   1.1222444889779559        1.0352592305973494     
   1.1422845691382766        1.0183758502814224     
   1.1623246492985972        1.0017806451729119     
   1.1823647294589177       0.98546803938808558     
   1.2024048096192383       0.96943260115918795     
   1.2224448897795590       0.95366903707922090     
   1.2424849699398797       0.93817218668395519     
   1.2625250501002003       0.92293701734512823     
   1.2825651302605210       0.90795861945140532     
   1.3026052104208417       0.89323220185597252     
   1.3226452905811623       0.87875308757160919     
   1.3426853707414830       0.86451670969582328     
   1.3627254509018036       0.85051860755017106     
   1.3827655310621243       0.83675442301923519     
   1.4028056112224447       0.82321989707594412     
   1.4228456913827654       0.80991086648099508     
   1.4428857715430861       0.79682326064511233     
   1.4629258517034067       0.78395309864374407     
   1.4829659318637274       0.77129648637459891     
   1.5030060120240480       0.75884961384912997     
   1.5230460921843687       0.74660875260973969     
   1.5430861723446894       0.73457025326506609     
   1.5631262525050100       0.72273054313625928     
   1.5831663326653307       0.71108612400766358     
   1.6032064128256511       0.69963356997576598     
   1.6232464929859718       0.68836952539071450     
   1.6432865731462925       0.67729070288507864     
   1.6633266533066131       0.66639388148490142     
   1.6833667334669338       0.65567590479841242     
   1.7034068136272544       0.64513367927808773     
   1.7234468937875751       0.63476417255201778     
   1.7434869739478958       0.62456441182081757     
   1.7635270541082164       0.61453148231654986     
   1.7835671342685371       0.60466252582036395     
   1.8036072144288577       0.59495473923575948     
   1.8236472945891782       0.58540537321458508     
   1.8436873747494988       0.57601173083305779     
   1.8637274549098195       0.56677116631526037     
   1.8837675350701402       0.55768108380173764     
   1.9038076152304608       0.54873893616094560     
   1.9238476953907815       0.53994222384145674     
   1.9438877755511021       0.53128849376294629     
   1.9639278557114228       0.52277533824410205     
   1.9839679358717435       0.51440039396571224     
   2.0040080160320639       0.50616134096729182     
   2.0240480961923848       0.49805590167569647     
   2.0440881763527052       0.49008183996427235     
   2.0641282565130261       0.48223696024116780     
   2.0841683366733466       0.47451910656551144     
   2.1042084168336674       0.46692616179023994     
   2.1242484969939879       0.45945604673041934     
   2.1442885771543083       0.45210671935597690     
   2.1643286573146292       0.44487617400781015     
   2.1843687374749496       0.43776244063630754     
   2.2044088176352705       0.43076358406135778     
   2.2244488977955910       0.42387770325297952     
   2.2444889779559118       0.41710293063174908     
   2.2645290581162323       0.41043743138824496     
   2.2845691382765532       0.40387940282077117     
   2.3046092184368736       0.39742707369065711     
   2.3246492985971945       0.39107870359447050     
   2.3446893787575149       0.38483258235251011     
   2.3647294589178354       0.37868702941297905     
   2.3847695390781563       0.37264039327126991     
   2.4048096192384767       0.36669105090381682     
   2.4248496993987976       0.36083740721600205     
   2.4448897795591180       0.35507789450362248     
   2.4649298597194389       0.34941097192745102     
   2.4849699398797593       0.34383512500044711     
   2.5050100200400802       0.33834886508718887     
   2.5250501002004007       0.33295072891512456     
   2.5450901803607215       0.32763927809725418     
   2.5651302605210420       0.32241309866587298     
   2.5851703406813624       0.31727080061702245     
   2.6052104208416833       0.31221101746531310     
   2.6252505010020037       0.30723240580879319     
   2.6452905811623246       0.30233364490355752     
   2.6653306613226451       0.29751343624779780     
   2.6853707414829660       0.29277050317501274     
   2.7054108216432864       0.28810359045610517     
   2.7254509018036073       0.28351146391010579     
   2.7454909819639277       0.27899291002327420     
   2.7655310621242486       0.27454673557633585     
   2.7855711422845690       0.27017176727962622     
   2.8056112224448895       0.26586685141591848     
   2.8256513026052104       0.26163085349072446     
   2.8456913827655308       0.25746265788986161     
   2.8657314629258517       0.25336116754409088     
   2.8857715430861721       0.24932530360063418     
   2.9058116232464930       0.24535400510139102     
   2.9258517034068134       0.24144622866767562     
   2.9458917835671343       0.23760094819130750     
   2.9659318637274548       0.23381715453188978     
   2.9859719438877756       0.23009385522011938     
   3.0060120240480961       0.22643007416697530     
   3.0260521042084165       0.22282485137863844     
   3.0460921843687374       0.21927724267700155     
   3.0661322645290578       0.21578631942563101     
   3.0861723446893787       0.21235116826104886     
   3.1062124248496992       0.20897089082920586     
   3.1262525050100201       0.20564460352702160     
   3.1462925851703405       0.20237143724887291     
   3.1663326653306614       0.19915053713791220     
   3.1863727454909818       0.19598106234210433     
   3.2064128256513023       0.19286218577487307     
   3.2264529058116231       0.18979309388025084     
   3.2464929859719436       0.18677298640242967     
   3.2665330661322645       0.18380107615961314     
   3.2865731462925849       0.18087658882207461     
   3.3066132264529058       0.17799876269432613     
   3.3266533066132262       0.17516684850130865     
   3.3466933867735471       0.17238010917851437     
   3.3667334669338675       0.16963781966595665     
   3.3867735470941884       0.16693926670590303     
   3.4068136272545089       0.16428374864429146     
   3.4268537074148293       0.16167057523575040     
   3.4468937875751502       0.15909906745214675     
   3.4669338677354706       0.15656855729458738     
   3.4869739478957915       0.15407838760880091     
   3.5070140280561120       0.15162791190383107     
   3.5270541082164328       0.14921649417397109     
   3.5470941883767533       0.14684350872387397     
   3.5671342685370742       0.14450833999677273     
   3.5871743486973946       0.14221038240574790     
   3.6072144288577155       0.13994904016797985     
   3.6272545090180359       0.13772372714192668     
   3.6472945891783564       0.13553386666736844     
   3.6673346693386772       0.13337889140826059     
   3.6873747494989977       0.13125824319834165     
   3.7074148296593186       0.12917137288943939     
   3.7274549098196390       0.12711774020242397     
   3.7474949899799599       0.12509681358075550     
   3.7675350701402803       0.12310807004657504     
   3.7875751503006012       0.12115099505929126     
   3.8076152304609217       0.11922508237661299     
   3.8276553106212425       0.11732983391798167     
   3.8476953907815630       0.11546475963035743     
   3.8677354709418834       0.11362937735631404     
   3.8877755511022043       0.11182321270439877     
   3.9078156312625247       0.11004579892171461     
   3.9278557114228456       0.10829667676868270     
   3.9478957915831661       0.10657539439594443     
   3.9679358717434869       0.10488150722336259     
   3.9879759519038074       0.10321457782108337     
   4.0080160320641278       0.10157417579262012     
   4.0280561122244487        9.9959877659921786E-002
   4.0480961923847696        9.8371266750389819E-002
   4.0681362725450896        9.6807933085806888E-002
   4.0881763527054105        9.5269473273143265E-002
   4.1082164328657313        9.3755490397206015E-002
   4.1282565130260522        9.2265593915097713E-002
   4.1482965931863722        9.0799399552451657E-002
   4.1683366733466931        8.9356529201411572E-002
   4.1883767535070140        8.7936610820324349E-002
   4.2084168336673349        8.6539278335114794E-002
   4.2284569138276549        8.5164171542312400E-002
   4.2484969939879758        8.3810936013700543E-002
   4.2685370741482966        8.2479223002558777E-002
   4.2885771543086166        8.1168689351470716E-002
   4.3086172344689375        7.9878997401668608E-002
   4.3286573146292584        7.8609814903888034E-002
   4.3486973947895793        7.7360814930706262E-002
   4.3687374749498993        7.6131675790337167E-002
   4.3887775551102202        7.4922080941858052E-002
   4.4088176352705410        7.3731718911842714E-002
   4.4288577154308619        7.2560283212376148E-002
   4.4488977955911819        7.1407472260426763E-002
   4.4689378757515028        7.0272989298552732E-002
   4.4889779559118237        6.9156542316918701E-002
   4.5090180360721437        6.8057843976600543E-002
   4.5290581162324646        6.6976611534155475E-002
   4.5490981963927855        6.5912566767435996E-002
   4.5691382765531063        6.4865435902625820E-002
   4.5891783567134263        6.3834949542476913E-002
   4.6092184368737472        6.2820842595726858E-002
   4.6292585170340681        6.1822854207676421E-002
   4.6492985971943890        6.0840727691907105E-002
   4.6693386773547090        5.9874210463119540E-002
   4.6893787575150299        5.8923053971073260E-002
   4.7094188376753507        5.7987013635609153E-002
   4.7294589178356707        5.7065848782736142E-002
   4.7494989979959916        5.6159322581763940E-002
   4.7695390781563125        5.5267201983464118E-002
   4.7895791583166334        5.4389257659242109E-002
   4.8096192384769534        5.3525263941302768E-002
   4.8296593186372743        5.2674998763792981E-002
   4.8496993987975952        5.1838243604904542E-002
   4.8697394789579160        5.1014783429921357E-002
   4.8897795591182360        5.0204406635194695E-002
   4.9098196392785569        4.9406904993031180E-002
   4.9298597194388778        4.8622073597478110E-002
   4.9498997995991978        4.7849710810990743E-002
   4.9699398797595187        4.7089618211967256E-002
   4.9899799599198396        4.6341600543136345E-002
   5.0100200400801604        4.5605465660783488E-002
   5.0300601202404804        4.4881024484801732E-002
   5.0501002004008013        4.4168090949553332E-002
   5.0701402805611222        4.3466481955528470E-002
   5.0901803607214431        4.2776017321788082E-002
   5.1102204408817631        4.2096519739177531E-002
   5.1302605210420840        4.1427814724298344E-002
   5.1503006012024048        4.0769730574225407E-002
   5.1703406813627248        4.0122098321957289E-002
   5.1903807615230457        3.9484751692587410E-002
   5.2104208416833666        3.8857527060184312E-002
   5.2304609218436875        3.8240263405369054E-002
   5.2505010020040075        3.7632802273578320E-002
   5.2705410821643284        3.7034987734001969E-002
   5.2905811623246493        3.6446666339183593E-002
   5.3106212424849701        3.5867687085273658E-002
   5.3306613226452901        3.5297901372923816E-002
   5.3507014028056110        3.4737162968812366E-002
   5.3707414829659319        3.4185327967790211E-002
   5.3907815631262519        3.3642254755637070E-002
   5.4108216432865728        3.3107803972418054E-002
   5.4308617234468937        3.2581838476430626E-002
   5.4509018036072145        3.2064223308732299E-002
   5.4709418837675345        3.1554825658239520E-002
   5.4909819639278554        3.1053514827388370E-002
   5.5110220440881763        3.0560162198347857E-002
   5.5310621242484972        3.0074641199776816E-002
   5.5511022044088172        2.9596827274115434E-002
   5.5711422845691381        2.9126597845402641E-002
   5.5911823647294590        2.8663832287610932E-002
   5.6112224448897789        2.8208411893489837E-002
   5.6312625250500998        2.7760219843910177E-002
   5.6513026052104207        2.7319141177700450E-002
   5.6713426853707416        2.6885062761967712E-002
   5.6913827655310616        2.6457873262894813E-002
   5.7114228456913825        2.6037463117006287E-002
   5.7314629258517034        2.5623724502895309E-002
   5.7515030060120242        2.5216551313404122E-002
   5.7715430861723442        2.4815839128250632E-002
   5.7915831663326651        2.4421485187093854E-002
   5.8116232464929860        2.4033388363031087E-002
   5.8316633266533060        2.3651449136519825E-002
   5.8517034068136269        2.3275569569717439E-002
   5.8717434869739478        2.2905653281231914E-002
   5.8917835671342687        2.2541605421276922E-002
   5.9118236472945886        2.2183332647224670E-002
   5.9318637274549095        2.1830743099550087E-002
   5.9519038076152304        2.1483746378159970E-002
   5.9719438877755513        2.1142253519100890E-002
   5.9919839679358713        2.0806176971639691E-002
   6.0120240480961922        2.0475430575710499E-002
   6.0320641282565131        2.0149929539722437E-002
   6.0521042084168331        1.9829590418722037E-002
   6.0721442885771539        1.9514331092904728E-002
   6.0921843687374748        1.9204070746469699E-002
   6.1122244488977957        1.8898729846812599E-002
   6.1322645290581157        1.8598230124050551E-002
   6.1523046092184366        1.8302494550874238E-002
   6.1723446893787575        1.8011447322721596E-002
   6.1923847695390783        1.7725013838268102E-002
   6.2124248496993983        1.7443120680228345E-002
   6.2324649298597192        1.7165695596463998E-002
   6.2525050100200401        1.6892667481393241E-002
   6.2725450901803601        1.6623966357696605E-002
   6.2925851703406810        1.6359523358314660E-002
   6.3126252505010019        1.6099270708732689E-002
   6.3326653306613228        1.5843141709547769E-002
   6.3527054108216428        1.5591070719313711E-002
   6.3727454909819636        1.5342993137659336E-002
   6.3927855711422845        1.5098845388675688E-002
   6.4128256513026045        1.4858564904567911E-002
   6.4328657314629254        1.4622090109567403E-002
   6.4529058116232463        1.4389360404100110E-002
   6.4729458917835672        1.4160316149206880E-002
   6.4929859719438872        1.3934898651211705E-002
   6.5130260521042080        1.3713050146633926E-002
   6.5330661322645289        1.3494713787340452E-002
   6.5531062124248498        1.3279833625934103E-002
   6.5731462925851698        1.3068354601374295E-002
   6.5931863727454907        1.2860222524826310E-002
   6.6132264529058116        1.2655384065735435E-002
   6.6332665330661316        1.2453786738122410E-002
   6.6533066132264524        1.2255378887096558E-002
   6.6733466933867733        1.2060109675583106E-002
   6.6933867735470942        1.1867929071261232E-002
   6.7134268537074142        1.1678787833709472E-002
   6.7334669338677351        1.1492637501755106E-002
   6.7535070140280560        1.1309430381024225E-002
   6.7735470941883769        1.1129119531689304E-002
   6.7935871743486969        1.0951658756411003E-002
   6.8136272545090177        1.0777002588471148E-002
   6.8336673346693386        1.0605106280093712E-002
   6.8537074148296586        1.0435925790950883E-002
   6.8737474949899795        1.0269417776851093E-002
   6.8937875751503004        1.0105539578606177E-002
   6.9138276553106213        9.9442492110746981E-003
   6.9338677354709413        9.7855053523786192E-003
   6.9539078156312621        9.6292673332905501E-003
   6.9739478957915830        9.4754951267887137E-003
   6.9939879759519039        9.3241493377770150E-003
   7.0140280561122239        9.1751911929675127E-003
   7.0340681362725448        9.0285825309226065E-003
   7.0541082164328657        8.8842857922544431E-003
   7.0741482965931857        8.7422640099789097E-003
   7.0941883767535066        8.6024808000217477E-003
   7.1142284569138274        8.4649003518743118E-003
   7.1342685370741483        8.3294874193965349E-003
   7.1543086172344683        8.1962073117647014E-003
   7.1743486973947892        8.0650258845616826E-003
   7.1943887775551101        7.9359095310073020E-003
   7.2144288577154310        7.8088251733265572E-003
   7.2344689378757510        7.6837402542534166E-003
   7.2545090180360718        7.5606227286680368E-003
   7.2745490981963927        7.4394410553651367E-003
   7.2945891783567127        7.3201641889514427E-003
   7.3146292585170336        7.2027615718700663E-003
   7.3346693386773545        7.0872031265497067E-003
   7.3547094188376754        6.9734592476766687E-003
   7.3747494989979954        6.8615007945876192E-003
   7.3947895791583163        6.7512990837811353E-003
   7.4148296593186371        6.6428258815460365E-003
   7.4348697394789580        6.5360533967045980E-003
   7.4549098196392780        6.4309542734687286E-003
   7.4749498997995989        6.3275015844071816E-003
   7.4949899799599198        6.2256688235220424E-003
   7.5150300601202398        6.1254298994325579E-003
   7.5350701402805607        6.0267591286645768E-003
   7.5551102204408815        5.9296312290437869E-003
   7.5751503006012024        5.8340213131909983E-003
   7.5951903807615224        5.7399048821177422E-003
   7.6152304609218433        5.6472578189204784E-003
   7.6352705410821642        5.5560563825717314E-003
   7.6553106212424851        5.4662772018064564E-003
   7.6753507014028051        5.3778972691020145E-003
   7.6953907815631259        5.2908939347501537E-003
   7.7154308617234468        5.2052449010193255E-003
   7.7354709418837668        5.1209282164058042E-003
   7.7555110220440877        5.0379222699720172E-003
   7.7755511022044086        4.9562057857705320E-003
   7.7955911823647295        4.8757578173521587E-003
   7.8156312625250495        4.7965577423566552E-003
   7.8356713426853704        4.7185852571845210E-003
   7.8557114228456912        4.6418203717483800E-003
   7.8757515030060121        4.5662434043024780E-003
   7.8957915831663321        4.4918349763488265E-003
   7.9158316633266530        4.4185760076185148E-003
   7.9358717434869739        4.3464477111267632E-003
   7.9559118236472939        4.2754315883002597E-003
   7.9759519038076148        4.2055094241753533E-003
   7.9959919839679356        4.1366632826656657E-003
   8.0160320641282556        4.0688755018977113E-003
   8.0360721442885765        4.0021286896131034E-003
   8.0561122244488974        3.9364057186359099E-003
   8.0761523046092183        3.8716897224037698E-003
   8.0961923847695392        3.8079640905613376E-003
   8.1162324649298601        3.7452124646146275E-003
   8.1362725450901792        3.6834187336448566E-003
   8.1563126252505000        3.6225670300803333E-003
   8.1763527054108209        3.5626417255249622E-003
   8.1963927855711418        3.5036274266419276E-003
   8.2164328657314627        3.4455089710910655E-003
   8.2364729458917836        3.3882714235184855E-003
   8.2565130260521045        3.3319000715969172E-003
   8.2765531062124253        3.2763804221152847E-003
   8.2965931863727445        3.2216981971159710E-003
   8.3166332665330653        3.1678393300782100E-003
   8.3366733466933862        3.1147899621459993E-003
   8.3567134268537071        3.0625364383989385E-003
   8.3767535070140280        3.0110653041642917E-003
   8.3967935871743489        2.9603633013686034E-003
   8.4168336673346698        2.9104173649270948E-003
   8.4368737474949889        2.8612146191690489E-003
   8.4569138276553097        2.8127423742973154E-003
   8.4769539078156306        2.7649881228800264E-003
   8.4969939879759515        2.7179395363725158E-003
   8.5170340681362724        2.6715844616673878E-003
   8.5370741482965933        2.6259109176705732E-003
   8.5571142284569142        2.5809070919011268E-003
   8.5771543086172333        2.5365613371124292E-003
   8.5971943887775542        2.4928621679323141E-003
   8.6172344689378750        2.4497982575195521E-003
   8.6372745490981959        2.4073584342339470E-003
   8.6573146292585168        2.3655316783171921E-003
   8.6773547094188377        2.3243071185814071E-003
   8.6973947895791586        2.2836740291021520E-003
   8.7174348697394795        2.2436218259124434E-003
   8.7374749498997986        2.2041400636941080E-003
   8.7575150300601194        2.1652184324625159E-003
   8.7775551102204403        2.1268467542404578E-003
   8.7975951903807612        2.0890149797165728E-003
   8.8176352705410821        2.0517131848833709E-003
   8.8376753507014030        2.0149315676494398E-003
   8.8577154308617239        1.9786604444199333E-003
   8.8777555110220430        1.9428902466388509E-003
   8.8977955911823639        1.9076115172859498E-003
   8.9178356713426847        1.8728149073203391E-003
   8.9378757515030056        1.8384911720618841E-003
   8.9579158316633265        1.8046311675004498E-003
   8.9779559118236474        1.7712258465217303E-003
   8.9979959919839683        1.7382662550368441E-003
   9.0180360721442874        1.7057435280010325E-003
   9.0380761523046083        1.6736488853045428E-003
   9.0581162324649291        1.6419736275160685E-003
   9.0781563126252500        1.6107091314558112E-003
   9.0981963927855709        1.5798468455711812E-003
   9.1182364729458918        1.5493782850832093E-003
   9.1382765531062127        1.5192950268656264E-003
   9.1583166332665336        1.4895887040110626E-003
   9.1783567134268527        1.4602510000294893E-003
   9.1983967935871735        1.4312736426124789E-003
   9.2184368737474944        1.4026483968825063E-003
   9.2384769539078153        1.3743670580286230E-003
   9.2585170340681362        1.3464214432075316E-003
   9.2785571142284571        1.3188033825612231E-003
   9.2985971943887780        1.2915047091674680E-003
   9.3186372745490971        1.2645172476958048E-003
   9.3386773547094180        1.2378328014869201E-003
   9.3587174348697388        1.2114431377046591E-003
   9.3787575150300597        1.1853399701236503E-003
   9.3987975951903806        1.1595149390071704E-003
   9.4188376753507015        1.1339595873935985E-003
   9.4388777555110224        1.1086653329383579E-003
   9.4589178356713415        1.0836234342424043E-003
   9.4789579158316624        1.0588249503264229E-003
   9.4989979959919832        1.0342606915672682E-003
   9.5190380761523041        1.0099211599810761E-003
   9.5390781563126250        9.8579647619228715E-004
   9.5591182364729459        9.6187628973941309E-004
   9.5791583166332668        9.3814966849846393E-004
   9.5991983967935877        9.1460496190458697E-004
   9.6192384769539068        8.9122963125900167E-004
   9.6392785571142277        8.6801003864089377E-004
   9.6593186372745485        8.4493118369795219E-004
   9.6793587174348694        8.2197637472757512E-004
   9.6993987975951903        7.9912681680210939E-004
   9.7194388777555112        7.7636109499115832E-004
   9.7394789579158321        7.5365452465537186E-004
   9.7595190380761512        7.3097833284786425E-004
   9.7795591182364721        7.0829862434710906E-004
   9.7995991983967929        6.8557507162353307E-004
   9.8196392785571138        6.6275924818922998E-004
   9.8396793587174347        6.3979249567020684E-004
   9.8597194388777556        6.1660316976273704E-004
   9.8797595190380765        5.9310302987731480E-004
   9.8997995991983956        5.6918241354708232E-004
   9.9198396793587165        5.4470334574271409E-004
   9.9398797595190373        5.1949061527765115E-004
   9.9599198396793582        4.9330619445899068E-004
   9.9799599198396791        4.6589688623760537E-004
   10.000000000000000        4.3629032023311388E-004
