   0.0000000000000000        2.9197482643422470     
   2.0040080160320640E-002   2.9018676430195245     
   4.0080160320641281E-002   2.8639792196686717     
   6.0120240480961921E-002   2.8223947111971395     
   8.0160320641282562E-002   2.7780447804341786     
  0.10020040080160320        2.7323803230274728     
  0.12024048096192384        2.6861428050347853     
  0.14028056112224449        2.6398150622507304     
  0.16032064128256512        2.5937124380902734     
  0.18036072144288576        2.5480472006371566     
  0.20040080160320639        2.5029631991516026     
  0.22044088176352705        2.4585573502745355     
  0.24048096192384769        2.4148935278225010     
  0.26052104208416832        2.3720119629238430     
  0.28056112224448898        2.3299358052567212     
  0.30060120240480959        2.2886758079996947     
  0.32064128256513025        2.2482337276397169     
  0.34068136272545091        2.2086048196999730     
  0.36072144288577151        2.1697796854198703     
  0.38076152304609218        2.1317456452378418     
  0.40080160320641278        2.0944877632091217     
  0.42084168336673344        2.0579896116255565     
  0.44088176352705410        2.0222338409854905     
  0.46092184368737471        1.9872026034194885     
  0.48096192384769537        1.9528778654247885     
  0.50100200400801598        1.9192416368253638     
  0.52104208416833664        1.8862761362810327     
  0.54108216432865730        1.8539639087577124     
  0.56112224448897796        1.8222879066842295     
  0.58116232464929862        1.7912315437366122     
  0.60120240480961917        1.7607787280772560     
  0.62124248496993983        1.7309138802659094     
  0.64128256513026050        1.7016219398285770     
  0.66132264529058116        1.6728883635276177     
  0.68136272545090182        1.6446991176529011     
  0.70140280561122237        1.6170406660982766     
  0.72144288577154303        1.5898999555606126     
  0.74148296593186369        1.5632643988704860     
  0.76152304609218435        1.5371218572115048     
  0.78156312625250501        1.5114606217917308     
  0.80160320641282556        1.4862693953823336     
  0.82164328657314623        1.4615372740251793     
  0.84168336673346689        1.4372537291244523     
  0.86172344689378755        1.4134085900716333     
  0.88176352705410821        1.3899920275033077     
  0.90180360721442887        1.3669945372538204     
  0.92184368737474942        1.3444069250367423     
  0.94188376753507008        1.3222202918684178     
  0.96192384769539074        1.3004260202316917     
  0.98196392785571140        1.2790157609670401     
   1.0020040080160320        1.2579814208706956     
   1.0220440881763526        1.2373151509741820     
   1.0420841683366733        1.2170093354763662     
   1.0621242484969939        1.1970565812972143     
   1.0821643286573146        1.1774497082215514     
   1.1022044088176353        1.1581817396009919     
   1.1222444889779559        1.1392458935826348     
   1.1422845691382766        1.1206355748339119     
   1.1623246492985972        1.1023443667340544     
   1.1823647294589177        1.0843660240038910     
   1.2024048096192383        1.0666944657470152     
   1.2224448897795590        1.0493237688767936     
   1.2424849699398797        1.0322481619050630     
   1.2625250501002003        1.0154620190697952     
   1.2825651302605210       0.99895985478035909     
   1.3026052104208417       0.98273631836033659     
   1.3226452905811623       0.96678618906912406     
   1.3426853707414830       0.95110437138474679     
   1.3627254509018036       0.93568589053146967     
   1.3827655310621243       0.92052588823686510     
   1.4028056112224447       0.90561961870401053     
   1.4228456913827654       0.89096244478545750     
   1.4428857715430861       0.87654983434649125     
   1.4629258517034067       0.86237735680604932     
   1.4829659318637274       0.84844067984444793     
   1.5030060120240480       0.83473556626778445     
   1.5230460921843687       0.82125787101957681     
   1.5430861723446894       0.80800353833082694     
   1.5631262525050100       0.79496859900028283     
   1.5831663326653307       0.78214916779723220     
   1.6032064128256511       0.76954144097965849     
   1.6232464929859718       0.75714169392107611     
   1.6432865731462925       0.74494627883979991     
   1.6633266533066131       0.73295162262481239     
   1.6833667334669338       0.72115422475277680     
   1.7034068136272544       0.70955065529110339     
   1.7234468937875751       0.69813755298229963     
   1.7434869739478958       0.68691162340514778     
   1.7635270541082164       0.67586963720854354     
   1.7835671342685371       0.66500842841408370     
   1.8036072144288577       0.65432489278375316     
   1.8236472945891782       0.64381598624928371     
   1.8436873747494988       0.63347872339997269     
   1.8637274549098195       0.62331017602595651     
   1.8837675350701402       0.61330747171411049     
   1.9038076152304608       0.60346779249393101     
   1.9238476953907815       0.59378837353090830     
   1.9438877755511021       0.58426650186505857     
   1.9639278557114228       0.57489951519241611     
   1.9839679358717435       0.56568480068742621     
   2.0040080160320639       0.55661979386429461     
   2.0240480961923848       0.54770197747547034     
   2.0440881763527052       0.53892888044554066     
   2.0641282565130261       0.53029807683891983     
   2.0841683366733466       0.52180718485980648     
   2.1042084168336674       0.51345386588296893     
   2.1242484969939879       0.50523582351400453     
   2.1442885771543083       0.49715080267778827     
   2.1643286573146292       0.48919658873390626     
   2.1843687374749496       0.48137100661792642     
   2.2044088176352705       0.47367192000743119     
   2.2244488977955910       0.46609723051178759     
   2.2444889779559118       0.45864487688468963     
   2.2645290581162323       0.45131283425855889     
   2.2845691382765532       0.44409911339993496     
   2.3046092184368736       0.43700175998503654     
   2.3246492985971945       0.43001885389471217     
   2.3446893787575149       0.42314850852804448     
   2.3647294589178354       0.41638887013390374     
   2.3847695390781563       0.40973811715978720     
   2.4048096192384767       0.40319445961730971     
   2.4248496993987976       0.39675613846374358     
   2.4448897795591180       0.39042142499903715     
   2.4649298597194389       0.38418862027776535     
   2.4849699398797593       0.37805605453549362     
   2.5050100200400802       0.37202208662906155     
   2.5250501002004007       0.36608510349031415     
   2.5450901803607215       0.36024351959283185     
   2.5651302605210420       0.35449577643122970     
   2.5851703406813624       0.34884034201261555     
   2.6052104208416833       0.34327571035981763     
   2.6252505010020037       0.33780040102600628     
   2.6452905811623246       0.33241295862035064     
   2.6653306613226451       0.32711195234437157     
   2.6853707414829660       0.32189597553865945     
   2.7054108216432864       0.31676364523964595     
   2.7254509018036073       0.31171360174612661     
   2.7454909819639277       0.30674450819524746     
   2.7655310621242486       0.30185505014767916     
   2.7855711422845690       0.29704393518171113     
   2.8056112224448895       0.29230989249601436     
   2.8256513026052104       0.28765167252082446     
   2.8456913827655308       0.28306804653731227     
   2.8657314629258517       0.27855780630491461     
   2.8857715430861721       0.27411976369640734     
   2.9058116232464930       0.26975275034051244     
   2.9258517034068134       0.26545561727183686     
   2.9458917835671343       0.26122723458794772     
   2.9659318637274548       0.25706649111339941     
   2.9859719438877756       0.25297229407052935     
   3.0060120240480961       0.24894356875685025     
   3.0260521042084165       0.24497925822887001     
   3.0460921843687374       0.24107832299217771     
   3.0661322645290578       0.23723974069763892     
   3.0861723446893787       0.23346250584354886     
   3.1062124248496992       0.22974562948359786     
   3.1262525050100201       0.22608813894050772     
   3.1462925851703405       0.22248907752520170     
   3.1663326653306614       0.21894750426137663     
   3.1863727454909818       0.21546249361534942     
   3.2064128256513023       0.21203313523105285     
   3.2264529058116231       0.20865853367006232     
   3.2464929859719436       0.20533780815653571     
   3.2665330661322645       0.20207009232695505     
   3.2865731462925849       0.19885453398455954     
   3.3066132264529058       0.19569029485836537     
   3.3266533066132262       0.19257655036666771     
   3.3466933867735471       0.18951248938492718     
   3.3667334669338675       0.18649731401794212     
   3.3867735470941884       0.18353023937621432     
   3.4068136272545089       0.18061049335641510     
   3.4268537074148293       0.17773731642586443     
   3.4468937875751502       0.17490996141093657     
   3.4669338677354706       0.17212769328930735     
   3.4869739478957915       0.16938978898596294     
   3.5070140280561120       0.16669553717289015     
   3.5270541082164328       0.16404423807237076     
   3.5470941883767533       0.16143520326380559     
   3.5671342685370742       0.15886775549399423     
   3.5871743486973946       0.15634122849080054     
   3.6072144288577155       0.15385496678013297     
   3.6272545090180359       0.15140832550617364     
   3.6472945891783564       0.14900067025478955     
   3.6673346693386772       0.14663137688006214     
   3.6873747494989977       0.14429983133387225     
   3.7074148296593186       0.14200542949848036     
   3.7274549098196390       0.13974757702204163     
   3.7474949899799599       0.13752568915699864     
   3.7675350701402803       0.13533919060129479     
   3.7875751503006012       0.13318751534235326     
   3.8076152304609217       0.13107010650376782     
   3.8276553106212425       0.12898641619465256     
   3.8476953907815630       0.12693590536159982     
   3.8677354709418834       0.12491804364319523     
   3.8877755511022043       0.12293230922704190     
   3.9078156312625247       0.12097818870924529     
   3.9278557114228456       0.11905517695631214     
   3.9478957915831661       0.11716277696941799     
   3.9679358717434869       0.11530049975099853     
   3.9879759519038074       0.11346786417362088     
   4.0080160320641278       0.11166439685109272     
   4.0280561122244487       0.10988963201176699     
   4.0480961923847696       0.10814311137400189     
   4.0681362725450896       0.10642438402373561     
   4.0881763527054105       0.10473300629413765     
   4.1082164328657313       0.10306854164729766     
   4.1282565130260522       0.10143056055791512     
   4.1482965931863722        9.9818640398952926E-002
   4.1683366733466931        9.8232365329219043E-002
   4.1883767535070140        9.6671326182841716E-002
   4.2084168336673349        9.5135120360603273E-002
   4.2284569138276549        9.3623351723099421E-002
   4.2484969939879758        9.2135630485690984E-002
   4.2685370741482966        9.0671573115215842E-002
   4.2885771543086166        8.9230802228429690E-002
   4.3086172344689375        8.7812946492144578E-002
   4.3286573146292584        8.6417640525035158E-002
   4.3486973947895793        8.5044524801082641E-002
   4.3687374749498993        8.3693245554628065E-002
   4.3887775551102202        8.2363454687005483E-002
   4.4088176352705410        8.1054809674728140E-002
   4.4288577154308619        7.9766973479199588E-002
   4.4488977955911819        7.8499614457923361E-002
   4.4689378757515028        7.7252406277184660E-002
   4.4889779559118237        7.6025027826178412E-002
   4.5090180360721437        7.4817163132558664E-002
   4.5290581162324646        7.3628501279384126E-002
   4.5490981963927855        7.2458736323435760E-002
   4.5691382765531063        7.1307567214882919E-002
   4.5891783567134263        7.0174697718274046E-002
   4.6092184368737472        6.9059836334829691E-002
   4.6292585170340681        6.7962696226014807E-002
   4.6492985971943890        6.6882995138368734E-002
   4.6693386773547090        6.5820455329571037E-002
   4.6893787575150299        6.4774803495721650E-002
   4.7094188376753507        6.3745770699815490E-002
   4.7294589178356707        6.2733092301389806E-002
   4.7494989979959916        6.1736507887325244E-002
   4.7695390781563125        6.0755761203780539E-002
   4.7895791583166334        5.9790600089241405E-002
   4.8096192384769534        5.8840776408665134E-002
   4.8296593186372743        5.7906045988701624E-002
   4.8496993987975952        5.6986168553973246E-002
   4.8697394789579160        5.6080907664395101E-002
   4.8897795591182360        5.5190030653518497E-002
   4.9098196392785569        5.4313308567879942E-002
   4.9298597194388778        5.3450516107339051E-002
   4.9498997995991978        5.2601431566388496E-002
   4.9699398797595187        5.1765836776419653E-002
   4.9899799599198396        5.0943517048928036E-002
   5.0100200400801604        5.0134261119642559E-002
   5.0300601202404804        4.9337861093563203E-002
   5.0501002004008013        4.8554112390891885E-002
   5.0701402805611222        4.7782813693841637E-002
   5.0901803607214431        4.7023766894309267E-002
   5.1102204408817631        4.6276777042397250E-002
   5.1302605210420840        4.5541652295770535E-002
   5.1503006012024048        4.4818203869834490E-002
   5.1703406813627248        4.4106245988720226E-002
   5.1903807615230457        4.3405595837063951E-002
   5.2104208416833666        4.2716073512567024E-002
   5.2304609218436875        4.2037501979323925E-002
   5.2505010020040075        4.1369707021905303E-002
   5.2705410821643284        4.0712517200183519E-002
   5.2905811623246493        4.0065763804888681E-002
   5.3106212424849701        3.9429280813882681E-002
   5.3306613226452901        3.8802904849139647E-002
   5.3507014028056110        3.8186475134421173E-002
   5.3707414829659319        3.7579833453634574E-002
   5.3907815631262519        3.6982824109863234E-002
   5.4108216432865728        3.6395293885057731E-002
   5.4308617234468937        3.5817092000377034E-002
   5.4509018036072145        3.5248070077168958E-002
   5.4709418837675345        3.4688082098579383E-002
   5.4909819639278554        3.4136984371779915E-002
   5.5110220440881763        3.3594635490803992E-002
   5.5310621242484972        3.3060896299981081E-002
   5.5511022044088172        3.2535629857959519E-002
   5.5711422845691381        3.2018701402308190E-002
   5.5911823647294590        3.1509978314687617E-002
   5.6112224448897789        3.1009330086580966E-002
   5.6312625250500998        3.0516628285576167E-002
   5.6513026052104207        3.0031746522189658E-002
   5.6713426853707416        2.9554560417223433E-002
   5.6913827655310616        2.9084947569646184E-002
   5.7114228456913825        2.8622787524990360E-002
   5.7314629258517034        2.8167961744256478E-002
   5.7515030060120242        2.7720353573316574E-002
   5.7715430861723442        2.7279848212808523E-002
   5.7915831663326651        2.6846332688513393E-002
   5.8116232464929860        2.6419695822207798E-002
   5.8316633266533060        2.5999828202983580E-002
   5.8517034068136269        2.5586622159027305E-002
   5.8717434869739478        2.5179971729851952E-002
   5.8917835671342687        2.4779772638973508E-002
   5.9118236472945886        2.4385922267025281E-002
   5.9318637274549095        2.3998319625302744E-002
   5.9519038076152304        2.3616865329731961E-002
   5.9719438877755513        2.3241461575254699E-002
   5.9919839679358713        2.2872012110623476E-002
   6.0120240480961922        2.2508422213599919E-002
   6.0320641282565131        2.2150598666549847E-002
   6.0521042084168331        2.1798449732428629E-002
   6.0721442885771539        2.1451885131150598E-002
   6.0921843687374748        2.1110816016336204E-002
   6.1122244488977957        2.0775154952430774E-002
   6.1322645290581157        2.0444815892188949E-002
   6.1523046092184366        2.0119714154518822E-002
   6.1723446893787575        1.9799766402679952E-002
   6.1923847695390783        1.9484890622829553E-002
   6.2124248496993983        1.9175006102911184E-002
   6.2324649298597192        1.8870033411880489E-002
   6.2525050100200401        1.8569894379262420E-002
   6.2725450901803601        1.8274512075034683E-002
   6.2925851703406810        1.7983810789832043E-002
   6.3126252505010019        1.7697716015466460E-002
   6.3326653306613228        1.7416154425757710E-002
   6.3527054108216428        1.7139053857669718E-002
   6.3727454909819636        1.6866343292747540E-002
   6.3927855711422845        1.6597952838850120E-002
   6.4128256513026045        1.6333813712174124E-002
   6.4328657314629254        1.6073858219564110E-002
   6.4529058116232463        1.5818019741104410E-002
   6.4729458917835672        1.5566232712988175E-002
   6.4929859719438872        1.5318432610659119E-002
   6.5130260521042080        1.5074555932221576E-002
   6.5330661322645289        1.4834540182114494E-002
   6.5531062124248498        1.4598323855045168E-002
   6.5731462925851698        1.4365846420178453E-002
   6.5931863727454907        1.4137048305577386E-002
   6.6132264529058116        1.3911870882891154E-002
   6.6332665330661316        1.3690256452286369E-002
   6.6533066132264524        1.3472148227617817E-002
   6.6733466933867733        1.3257490321834681E-002
   6.6933867735470942        1.3046227732618603E-002
   6.7134268537074142        1.2838306328249680E-002
   6.7334669338677351        1.2633672833696820E-002
   6.7535070140280560        1.2432274816928832E-002
   6.7735470941883769        1.2234060675442608E-002
   6.7935871743486969        1.2038979623004971E-002
   6.8136272545090177        1.1846981676604709E-002
   6.8336673346693386        1.1658017643611395E-002
   6.8537074148296586        1.1472039109137633E-002
   6.8737474949899795        1.1288998423601523E-002
   6.8937875751503004        1.1108848690485977E-002
   6.9138276553106213        1.0931543754291817E-002
   6.9338677354709413        1.0757038188681472E-002
   6.9539078156312621        1.0585287284810174E-002
   6.9739478957915830        1.0416247039841668E-002
   6.9939879759519039        1.0249874145645379E-002
   7.0140280561122239        1.0086125977672156E-002
   7.0340681362725448        9.9249605840056650E-003
   7.0541082164328657        9.7663366745865902E-003
   7.0741482965931857        9.6102136106068197E-003
   7.0941883767535066        9.4565513940708980E-003
   7.1142284569138274        9.3053106575219872E-003
   7.1342685370741483        9.1564526539296455E-003
   7.1543086172344683        9.0099392467368478E-003
   7.1743486973947892        8.8657329000636168E-003
   7.1943887775551101        8.7237966690646793E-003
   7.2144288577154310        8.5840941904387000E-003
   7.2344689378757510        8.4465896730865561E-003
   7.2545090180360718        8.3112478889162487E-003
   7.2745490981963927        8.1780341637920258E-003
   7.2945891783567127        8.0469143686253738E-003
   7.3146292585170336        7.9178549106055044E-003
   7.3346693386773545        7.7908227245671053E-003
   7.3547094188376754        7.6657852644930087E-003
   7.3747494989979954        7.5427104951496411E-003
   7.3947895791583163        7.4215668838529631E-003
   7.4148296593186371        7.3023233923628205E-003
   7.4348697394789580        7.1849494689035023E-003
   7.4549098196392780        7.0694150403084518E-003
   7.4749498997995989        6.9556905042870293E-003
   7.4949899799599198        6.8437467218112865E-003
   7.5150300601202398        6.7335550096207526E-003
   7.5350701402805607        6.6250871328432156E-003
   7.5551102204408815        6.5183152977295617E-003
   7.5751503006012024        6.4132121445007236E-003
   7.5951903807615224        6.3097507403048212E-003
   7.6152304609218433        6.2079045722826295E-003
   7.6352705410821642        6.1076475407394982E-003
   7.6553106212424851        6.0089539524218775E-003
   7.6753507014028051        5.9117985138966381E-003
   7.6953907815631259        5.8161563250314083E-003
   7.7154308617234468        5.7220028725741183E-003
   7.7354709418837668        5.6293140238300307E-003
   7.7555110220440877        5.5380660204344999E-003
   7.7755511022044086        5.4482354722197365E-003
   7.7955911823647295        5.3597993511739139E-003
   7.8156312625250495        5.2727349854908775E-003
   7.8356713426853704        5.1870200537088365E-003
   7.8557114228456912        5.1026325789363417E-003
   7.8757515030060121        5.0195509231639387E-003
   7.8957915831663321        4.9377537816598475E-003
   7.9158316633266530        4.8572201774480551E-003
   7.9358717434869739        4.7779294558672010E-003
   7.9559118236472939        4.6998612792086749E-003
   7.9759519038076148        4.6229956214323045E-003
   7.9959919839679356        4.5473127629580643E-003
   8.0160320641282556        4.4727932855322056E-003
   8.0360721442885765        4.3994180671662487E-003
   8.0561122244488974        4.3271682771472081E-003
   8.0761523046092183        4.2560253711175292E-003
   8.0961923847695392        4.1859710862231000E-003
   8.1162324649298601        4.1169874363277707E-003
   8.1362725450901792        4.0490567072927943E-003
   8.1563126252505000        3.9821614523195409E-003
   8.1763527054108209        3.9162844873539332E-003
   8.1963927855711418        3.8514088865509071E-003
   8.2164328657314627        3.7875179777972974E-003
   8.2364729458917836        3.7245953382914628E-003
   8.2565130260521045        3.6626247901779597E-003
   8.2765531062124253        3.6015903962355643E-003
   8.2965931863727445        3.5414764556168875E-003
   8.3166332665330653        3.4822674996378158E-003
   8.3366733466933862        3.4239482876149614E-003
   8.3567134268537071        3.3665038027492706E-003
   8.3767535070140280        3.3099192480538987E-003
   8.3967935871743489        3.2541800423243773E-003
   8.4168336673346698        3.1992718161491080E-003
   8.4368737474949889        3.1451804079580753E-003
   8.4569138276553097        3.0918918601076750E-003
   8.4769539078156306        3.0393924149994208E-003
   8.4969939879759515        2.9876685112302567E-003
   8.5170340681362724        2.9367067797720831E-003
   8.5370741482965933        2.8864940401780062E-003
   8.5571142284569142        2.8370172968127392E-003
   8.5771543086172333        2.7882637351044166E-003
   8.5971943887775542        2.7402207178150091E-003
   8.6172344689378750        2.6928757813263343E-003
   8.6372745490981959        2.6462166319385348E-003
   8.6573146292585168        2.6002311421776999E-003
   8.6773547094188377        2.5549073471091508E-003
   8.6973947895791586        2.5102334406526595E-003
   8.7174348697394795        2.4661977718956935E-003
   8.7374749498997986        2.4227888414004796E-003
   8.7575150300601194        2.3799952975004581E-003
   8.7775551102204403        2.3378059325813412E-003
   8.7975951903807612        2.2962096793417079E-003
   8.8176352705410821        2.2551956070276480E-003
   8.8376753507014030        2.2147529176355864E-003
   8.8577154308617239        2.1748709420769488E-003
   8.8777555110220430        2.1355391362978112E-003
   8.8977955911823639        2.0967470773460917E-003
   8.9178356713426847        2.0584844593782054E-003
   8.9378757515030056        2.0207410895963459E-003
   8.9579158316633265        1.9835068841067209E-003
   8.9779559118236474        1.9467718636881196E-003
   8.9979959919839683        1.9105261494590444E-003
   9.0180360721442874        1.8747599584304209E-003
   9.0380761523046083        1.8394635989293607E-003
   9.0581162324649291        1.8046274658777557E-003
   9.0781563126252500        1.7702420359074482E-003
   9.0981963927855709        1.7362978622913296E-003
   9.1182364729458918        1.7027855696668856E-003
   9.1382765531062127        1.6696958485253543E-003
   9.1583166332665336        1.6370194494356345E-003
   9.1783567134268527        1.6047471769672467E-003
   9.1983967935871735        1.5728698832708598E-003
   9.2184368737474944        1.5413784612678502E-003
   9.2384769539078153        1.5102638373918451E-003
   9.2585170340681362        1.4795169638148532E-003
   9.2785571142284571        1.4491288100779236E-003
   9.2985971943887780        1.4190903540308600E-003
   9.3186372745490971        1.3893925719665934E-003
   9.3386773547094180        1.3600264278126378E-003
   9.3587174348697388        1.3309828612135847E-003
   9.3787575150300597        1.3022527743036130E-003
   9.3987975951903806        1.2738270169249616E-003
   9.4188376753507015        1.2456963699954261E-003
   9.4388777555110224        1.2178515266628822E-003
   9.4589178356713415        1.1902830708049349E-003
   9.4789579158316624        1.1629814523337362E-003
   9.4989979959919832        1.1359369586459265E-003
   9.5190380761523041        1.1091396814110592E-003
   9.5390781563126250        1.0825794777135375E-003
   9.5591182364729459        1.0562459243474960E-003
   9.5791583166332668        1.0301282638053744E-003
   9.5991983967935877        1.0042153401941122E-003
   9.6192384769539068        9.7849552295485392E-004
   9.6392785571142277        9.5295661585468011E-004
   9.6593186372745485        9.2758574827376790E-004
   9.6793587174348694        9.0236924535893519E-004
   9.6993987975951903        8.7729247322073799E-004
   9.7194388777555112        8.5233965514703886E-004
   9.7394789579158321        8.2749365504687633E-004
   9.7595190380761512        8.0273572551116845E-004
   9.7795591182364721        7.7804522093205487E-004
   9.7995991983967929        7.5339928293837409E-004
   9.8196392785571138        7.2877251982018942E-004
   9.8396793587174347        7.0413673197296819E-004
   9.8597194388777556        6.7946079883867685E-004
   9.8797595190380765        6.5471099084069039E-004
   9.8997995991983956        6.2985222703717029E-004
   9.9198396793587165        6.0485205571074777E-004
   9.9398797595190373        5.7968669601607631E-004
   9.9599198396793582        5.5438836358482387E-004
   9.9799599198396791        5.2888968409347528E-004
   10.000000000000000        5.0490697414036078E-004
