   0.0000000000000000        2.9062578515400745     
   2.0040080160320640E-002   2.5839847430516754     
   4.0080160320641281E-002   2.3796253603318500     
   6.0120240480961921E-002   2.2159913722792974     
   8.0160320641282562E-002   2.0853681992252313     
  0.10020040080160320        1.9783303825931484     
  0.12024048096192384        1.8891499616968008     
  0.14028056112224449        1.8136899336864183     
  0.16032064128256512        1.7489171952775140     
  0.18036072144288576        1.6925476863568722     
  0.20040080160320639        1.6428365110303274     
  0.22044088176352705        1.5984372180449751     
  0.24048096192384769        1.5583036077088259     
  0.26052104208416832        1.5216186249793264     
  0.28056112224448898        1.4877416350032864     
  0.30060120240480959        1.4561686788316024     
  0.32064128256513025        1.4265021679031566     
  0.34068136272545091        1.3984275850479853     
  0.36072144288577151        1.3716954640726100     
  0.38076152304609218        1.3461073891966542     
  0.40080160320641278        1.3215050802856594     
  0.42084168336673344        1.2977618611169304     
  0.44088176352705410        1.2747759763988105     
  0.46092184368737471        1.2524653481180863     
  0.48096192384769537        1.2307634555476665     
  0.50100200400801598        1.2096160943807770     
  0.52104208416833664        1.1889788248623188     
  0.54108216432865730        1.1688149606593816     
  0.56112224448897796        1.1490939825977056     
  0.58116232464929862        1.1297902865360063     
  0.60120240480961917        1.1108821942341778     
  0.62124248496993983        1.0923511713617338     
  0.64128256513026050        1.0741812087542504     
  0.66132264529058116        1.0563583323975536     
  0.68136272545090182        1.0388702149719062     
  0.70140280561122237        1.0217058675626443     
  0.72144288577154303        1.0048553946822707     
  0.74148296593186369       0.98830979931889873     
  0.76152304609218435       0.97206082753551670     
  0.78156312625250501       0.95610084435691001     
  0.80160320641282556       0.94042273442386093     
  0.82164328657314623       0.92501982226767032     
  0.84168336673346689       0.90988580814072662     
  0.86172344689378755       0.89501471619260187     
  0.88176352705410821       0.88040085245454491     
  0.90180360721442887       0.86603877062655021     
  0.92184368737474942       0.85192324408045228     
  0.94188376753507008       0.83804924282346349     
  0.96192384769539074       0.82441191442789719     
  0.98196392785571140       0.81100656813920091     
   1.0020040080160320       0.79782866153748244     
   1.0220440881763526       0.78487378925655960     
   1.0420841683366733       0.77213767336643646     
   1.0621242484969939       0.75961615510567382     
   1.0821643286573146       0.74730518771386023     
   1.1022044088176353       0.73520083016486093     
   1.1222444889779559       0.72329924164149295     
   1.1422845691382766       0.71159667662395421     
   1.1623246492985972       0.70008948048948338     
   1.1823647294589177       0.68877408554066988     
   1.2024048096192383       0.67764700739570627     
   1.2224448897795590       0.66670484168650168     
   1.2424849699398797       0.65594426102063175     
   1.2625250501002003       0.64536201217112743     
   1.2825651302605210       0.63495491346454402     
   1.3026052104208417       0.62471985234288063     
   1.3226452905811623       0.61465378307906482     
   1.3426853707414830       0.60475372462905352     
   1.3627254509018036       0.59501675860627501     
   1.3827655310621243       0.58544002736634515     
   1.4028056112224447       0.57602073219174388     
   1.4228456913827654       0.56675613156760718     
   1.4428857715430861       0.55764353954097545     
   1.4629258517034067       0.54868032415682844     
   1.4829659318637274       0.53986390596505163     
   1.5030060120240480       0.53119175659316653     
   1.5230460921843687       0.52266139738022854     
   1.5430861723446894       0.51427039806778374     
   1.5631262525050100       0.50601637554418910     
   1.5831663326653307       0.49789699263895709     
   1.6032064128256511       0.48990995696408873     
   1.6232464929859718       0.48205301979963000     
   1.6432865731462925       0.47432397502091495     
   1.6633266533066131       0.46672065806516827     
   1.6833667334669338       0.45924094493531931     
   1.7034068136272544       0.45188275123904031     
   1.7234468937875751       0.44464403126117269     
   1.7434869739478958       0.43752277706782727     
   1.7635270541082164       0.43051701764056938     
   1.7835671342685371       0.42362481803920460     
   1.8036072144288577       0.41684427859177803     
   1.8236472945891782       0.41017353411048962     
   1.8436873747494988       0.40361075313231237     
   1.8637274549098195       0.39715413718317211     
   1.8837675350701402       0.39080192006461945     
   1.9038076152304608       0.38455236716198971     
   1.9238476953907815       0.37840377477310216     
   1.9438877755511021       0.37235446945660972     
   1.9639278557114228       0.36640280739915948     
   1.9839679358717435       0.36054717380057039     
   2.0040080160320639       0.35478598227628322     
   2.0240480961923848       0.34911767427637441     
   2.0440881763527052       0.34354071852046758     
   2.0641282565130261       0.33805361044791160     
   2.0841683366733466       0.33265487168262659     
   2.1042084168336674       0.32734304951205262     
   2.1242484969939879       0.32211671637966416     
   2.1442885771543083       0.31697446939054247     
   2.1643286573146292       0.31191492982952168     
   2.1843687374749496       0.30693674269145105     
   2.2044088176352705       0.30203857622313757     
   2.2244488977955910       0.29721912147655555     
   2.2444889779559118       0.29247709187292742     
   2.2645290581162323       0.28781122277730314     
   2.2845691382765532       0.28322027108327941     
   2.3046092184368736       0.27870301480751880     
   2.3246492985971945       0.27425825269374576     
   2.3446893787575149       0.26988480382590724     
   2.3647294589178354       0.26558150725020518     
   2.3847695390781563       0.26134722160571772     
   2.4048096192384767       0.25718082476333853     
   2.4248496993987976       0.25308121347277779     
   2.4448897795591180       0.24904730301737832     
   2.4649298597194389       0.24507802687650804     
   2.4849699398797593       0.24117233639530763     
   2.5050100200400802       0.23732920046157108     
   2.5250501002004007       0.23354760518955586     
   2.5450901803607215       0.22982655361052104     
   2.5651302605210420       0.22616506536980266     
   2.5851703406813624       0.22256217643024342     
   2.6052104208416833       0.21901693878179926     
   2.6252505010020037       0.21552842015715384     
   2.6452905811623246       0.21209570375317804     
   2.6653306613226451       0.20871788795807666     
   2.6853707414829660       0.20539408608407281     
   2.7054108216432864       0.20212342610548298     
   2.7254509018036073       0.19890505040204362     
   2.7454909819639277       0.19573811550735426     
   2.7655310621242486       0.19262179186230619     
   2.7855711422845690       0.18955526357337132     
   2.8056112224448895       0.18653772817563080     
   2.8256513026052104       0.18356839640042436     
   2.8456913827655308       0.18064649194750959     
   2.8657314629258517       0.17777125126161955     
   2.8857715430861721       0.17494192331331493     
   2.9058116232464930       0.17215776938402674     
   2.9258517034068134       0.16941806285519215     
   2.9458917835671343       0.16672208900138677     
   2.9659318637274548       0.16406914478736084     
   2.9859719438877756       0.16145853866888957     
   3.0060120240480961       0.15888959039735046     
   3.0260521042084165       0.15636163082794380     
   3.0460921843687374       0.15387400173147295     
   3.0661322645290578       0.15142605560960734     
   3.0861723446893787       0.14901715551354913     
   3.1062124248496992       0.14664667486602964     
   3.1262525050100201       0.14431399728656305     
   3.1462925851703405       0.14201851641988672     
   3.1663326653306614       0.13975963576751899     
   3.1863727454909818       0.13753676852236910     
   3.2064128256513023       0.13534933740633373     
   3.2264529058116231       0.13319677451081660     
   3.2464929859719436       0.13107852114011140     
   3.2665330661322645       0.12899402765758741     
   3.2865731462925849       0.12694275333461968     
   3.3066132264529058       0.12492416620220848     
   3.3266533066132262       0.12293774290523138     
   3.3466933867735471       0.12098296855927601     
   3.3667334669338675       0.11905933661000016     
   3.3867735470941884       0.11716634869496918     
   3.4068136272545089       0.11530351450792066     
   3.4268537074148293       0.11347035166540818     
   3.4468937875751502       0.11166638557577731     
   3.4669338677354706       0.10989114931042736     
   3.4869739478957915       0.10814418347731485     
   3.5070140280561120       0.10642503609665394     
   3.5270541082164328       0.10473326247877214     
   3.5470941883767533       0.10306842510407921     
   3.5671342685370742       0.10143009350510826     
   3.5871743486973946        9.9817844150589960E-002
   3.6072144288577155        9.8231260331520492E-002
   3.6272545090180359        9.6669932049185864E-002
   3.6472945891783564        9.5133455905105024E-002
   3.6673346693386772        9.3621434992856037E-002
   3.6873747494989977        9.2133478791749782E-002
   3.7074148296593186        9.0669203062316378E-002
   3.7274549098196390        8.9228229743571058E-002
   3.7474949899799599        8.7810186852025976E-002
   3.7675350701402803        8.6414708382415703E-002
   3.7875751503006012        8.5041434210105182E-002
   3.8076152304609217        8.3690009995148459E-002
   3.8276553106212425        8.2360087087968881E-002
   3.8476953907815630        8.1051322436630227E-002
   3.8677354709418834        7.9763378495670445E-002
   3.8877755511022043        7.8495923136469373E-002
   3.9078156312625247        7.7248629559122567E-002
   3.9278557114228456        7.6021176205794475E-002
   3.9478957915831661        7.4813246675523692E-002
   3.9679358717434869        7.3624529640454739E-002
   3.9879759519038074        7.2454718763470857E-002
   4.0080160320641278        7.1303512617202303E-002
   4.0280561122244487        7.0170614604386186E-002
   4.0480961923847696        6.9055732879553605E-002
   4.0681362725450896        6.7958580272020702E-002
   4.0881763527054105        6.6878874210160102E-002
   4.1082164328657313        6.5816336646931081E-002
   4.1282565130260522        6.4770693986645464E-002
   4.1482965931863722        6.3741677012947862E-002
   4.1683366733466931        6.2729020817989145E-002
   4.1883767535070140        6.1732464732772226E-002
   4.2084168336673349        6.0751752258649309E-002
   4.2284569138276549        5.9786630999951323E-002
   4.2484969939879758        5.8836852597729118E-002
   4.2685370741482966        5.7902172664587616E-002
   4.2885771543086166        5.6982350720593884E-002
   4.3086172344689375        5.6077150130240658E-002
   4.3286573146292584        5.5186338040446738E-002
   4.3486973947895793        5.4309685319577049E-002
   4.3687374749498993        5.3446966497464395E-002
   4.3887775551102202        5.2597959706415752E-002
   4.4088176352705410        5.1762446623186478E-002
   4.4288577154308619        5.0940212411905737E-002
   4.4488977955911819        5.0131045667936892E-002
   4.4689378757515028        4.9334738362656977E-002
   4.4889779559118237        4.8551085789139650E-002
   4.5090180360721437        4.7779886508726173E-002
   4.5290581162324646        4.7020942298469523E-002
   4.5490981963927855        4.6274058099436639E-002
   4.5691382765531063        4.5539041965854489E-002
   4.5891783567134263        4.4815705015085444E-002
   4.6092184368737472        4.4103861378418402E-002
   4.6292585170340681        4.3403328152661284E-002
   4.6492985971943890        4.2713925352522185E-002
   4.6693386773547090        4.2035475863765118E-002
   4.6893787575150299        4.1367805397128081E-002
   4.7094188376753507        4.0710742442990118E-002
   4.7294589178356707        4.0064118226775136E-002
   4.7494989979959916        3.9427766665079966E-002
   4.7695390781563125        3.8801524322514894E-002
   4.7895791583166334        3.8185230369244219E-002
   4.8096192384769534        3.7578726539215672E-002
   4.8296593186372743        3.6981857089066997E-002
   4.8496993987975952        3.6394468757698459E-002
   4.8697394789579160        3.5816410726500131E-002
   4.8897795591182360        3.5247534580223283E-002
   4.9098196392785569        3.4687694268484941E-002
   4.9298597194388778        3.4136746067895282E-002
   4.9498997995991978        3.3594548544797501E-002
   4.9699398797595187        3.3060962518610085E-002
   4.9899799599198396        3.2535851025761259E-002
   5.0100200400801604        3.2019079284206241E-002
   5.0300601202404804        3.1510514658517362E-002
   5.0501002004008013        3.1010026625537680E-002
   5.0701402805611222        3.0517486740588941E-002
   5.0901803607214431        3.0032768604224477E-002
   5.1102204408817631        2.9555747829518354E-002
   5.1302605210420840        2.9086302009881791E-002
   5.1503006012024048        2.8624310687398211E-002
   5.1703406813627248        2.8169655321668478E-002
   5.1903807615230457        2.7722219259157781E-002
   5.2104208416833666        2.7281887703036169E-002
   5.2304609218436875        2.6848547683504403E-002
   5.2505010020040075        2.6422088028597416E-002
   5.2705410821643284        2.6002399335457286E-002
   5.2905811623246493        2.5589373942068346E-002
   5.3106212424849701        2.5182905899446623E-002
   5.3306613226452901        2.4782890944276301E-002
   5.3507014028056110        2.4389226471985943E-002
   5.3707414829659319        2.4001811510257109E-002
   5.3907815631262519        2.3620546692958579E-002
   5.4108216432865728        2.3245334234499013E-002
   5.4308617234468937        2.2876077904591376E-002
   5.4509018036072145        2.2512683003422310E-002
   5.4709418837675345        2.2155056337219967E-002
   5.4909819639278554        2.1803106194213710E-002
   5.5110220440881763        2.1456742320979424E-002
   5.5310621242484972        2.1115875899164031E-002
   5.5511022044088172        2.0780419522583197E-002
   5.5711422845691381        2.0450287174686013E-002
   5.5911823647294590        2.0125394206380876E-002
   5.6112224448897789        1.9805657314216435E-002
   5.6312625250500998        1.9490994518912206E-002
   5.6513026052104207        1.9181325144232812E-002
   5.6713426853707416        1.8876569796200553E-002
   5.6913827655310616        1.8576650342640697E-002
   5.7114228456913825        1.8281489893054073E-002
   5.7314629258517034        1.7991012778811797E-002
   5.7515030060120242        1.7705144533666776E-002
   5.7715430861723442        1.7423811874576967E-002
   5.7915831663326651        1.7146942682835228E-002
   5.8116232464929860        1.6874465985500964E-002
   5.8316633266533060        1.6606311937128561E-002
   5.8517034068136269        1.6342411801787828E-002
   5.8717434869739478        1.6082697935371808E-002
   5.8917835671342687        1.5827103768187176E-002
   5.9118236472945886        1.5575563787822856E-002
   5.9318637274549095        1.5328013522292114E-002
   5.9519038076152304        1.5084389523443993E-002
   5.9719438877755513        1.4844629350639481E-002
   5.9919839679358713        1.4608671554688325E-002
   6.0120240480961922        1.4376455662042214E-002
   6.0320641282565131        1.4147922159240192E-002
   6.0521042084168331        1.3923012477602255E-002
   6.0721442885771539        1.3701668978167107E-002
   6.0921843687374748        1.3483834936870193E-002
   6.1122244488977957        1.3269454529958074E-002
   6.1322645290581157        1.3058472819635358E-002
   6.1523046092184366        1.2850835739940470E-002
   6.1723446893787575        1.2646490082846533E-002
   6.1923847695390783        1.2445383484583768E-002
   6.2124248496993983        1.2247464412179818E-002
   6.2324649298597192        1.2052682150214532E-002
   6.2525050100200401        1.1860986787785700E-002
   6.2725450901803601        1.1672329205682386E-002
   6.2925851703406810        1.1486661063762508E-002
   6.3126252505010019        1.1303934788531377E-002
   6.3326653306613228        1.1124103560917963E-002
   6.3527054108216428        1.0947121304245697E-002
   6.3727454909819636        1.0772942672394713E-002
   6.3927855711422845        1.0601523038152398E-002
   6.4128256513026045        1.0432818481749290E-002
   6.4328657314629254        1.0266785779577282E-002
   6.4529058116232463        1.0103382393087206E-002
   6.4729458917835672        9.9425664578629957E-003
   6.4929859719438872        9.7842967728694590E-003
   6.5130260521042080        9.6285327898709781E-003
   6.5330661322645289        9.4752346030183131E-003
   6.5531062124248498        9.3243629386008994E-003
   6.5731462925851698        9.1758791449618286E-003
   6.5931863727454907        9.0297451825730752E-003
   6.6132264529058116        8.8859236142682738E-003
   6.6332665330661316        8.7443775956305252E-003
   6.6533066132264524        8.6050708655327907E-003
   6.6733466933867733        8.4679677368283759E-003
   6.6933867735470942        8.3330330871891137E-003
   6.7134268537074142        8.2002323500888590E-003
   6.7334669338677351        8.0695315059299555E-003
   6.7535070140280560        7.9408970733103983E-003
   6.7735470941883769        7.8142961004293889E-003
   6.7935871743486969        7.6896961566291049E-003
   6.8136272545090177        7.5670653240704541E-003
   6.8336673346693386        7.4463721895406702E-003
   6.8537074148296586        7.3275858363906331E-003
   6.8737474949899795        7.2106758365998056E-003
   6.8937875751503004        7.0956122429667789E-003
   6.9138276553106213        6.9823655814233287E-003
   6.9338677354709413        6.8709068434700685E-003
   6.9539078156312621        6.7612074787316810E-003
   6.9739478957915830        6.6532393876298449E-003
   6.9939879759519039        6.5469749141719236E-003
   7.0140280561122239        6.4423868388535747E-003
   7.0340681362725448        6.3394483716734239E-003
   7.0541082164328657        6.2381331452580060E-003
   7.0741482965931857        6.1384152080951821E-003
   7.0941883767535066        6.0402690178742871E-003
   7.1142284569138274        5.9436694349312832E-003
   7.1342685370741483        5.8485917157972056E-003
   7.1543086172344683        5.7550115068482578E-003
   7.1743486973947892        5.6629048380558780E-003
   7.1943887775551101        5.5722481168351719E-003
   7.2144288577154310        5.4830181219901230E-003
   7.2344689378757510        5.3951919977540024E-003
   7.2545090180360718        5.3087472479234066E-003
   7.2745490981963927        5.2236617300844669E-003
   7.2945891783567127        5.1399136499296512E-003
   7.3146292585170336        5.0574815556637450E-003
   7.3346693386773545        4.9763443324975128E-003
   7.3547094188376754        4.8964811972276442E-003
   7.3747494989979954        4.8178716929015543E-003
   7.3947895791583163        4.7404956835656467E-003
   7.4148296593186371        4.6643333490956783E-003
   7.4348697394789580        4.5893651801078910E-003
   7.4549098196392780        4.5155719729495563E-003
   7.4749498997995989        4.4429348247676421E-003
   7.4949899799599198        4.3714351286543111E-003
   7.5150300601202398        4.3010545688679722E-003
   7.5350701402805607        4.2317751161286606E-003
   7.5551102204408815        4.1635790229864623E-003
   7.5751503006012024        4.0964488192618215E-003
   7.5951903807615224        4.0303673075565019E-003
   7.6152304609218433        3.9653175588340280E-003
   7.6352705410821642        3.9012829080684341E-003
   7.6553106212424851        3.8382469499601913E-003
   7.6753507014028051        3.7761935347181462E-003
   7.6953907815631259        3.7151067639063940E-003
   7.7154308617234468        3.6549709863549474E-003
   7.7354709418837668        3.5957707941331194E-003
   7.7555110220440877        3.5374910185845712E-003
   7.7755511022044086        3.4801167264229198E-003
   7.7955911823647295        3.4236332158868957E-003
   7.8156312625250495        3.3680260129539891E-003
   7.8356713426853704        3.3132808676115755E-003
   7.8557114228456912        3.2593837501844929E-003
   7.8757515030060121        3.2063208477180957E-003
   7.8957915831663321        3.1540785604157614E-003
   7.9158316633266530        3.1026434981298945E-003
   7.9358717434869739        3.0520024769054512E-003
   7.9559118236472939        3.0021425155750182E-003
   7.9759519038076148        2.9530508324045013E-003
   7.9959919839679356        2.9047148417884715E-003
   8.0160320641282556        2.8571221509942277E-003
   8.0360721442885765        2.8102605569536674E-003
   8.0561122244488974        2.7641180431020136E-003
   8.0761523046092183        2.7186827762624923E-003
   8.0961923847695392        2.6739431035760512E-003
   8.1162324649298601        2.6298875494751950E-003
   8.1362725450901792        2.5865048127010457E-003
   8.1563126252505000        2.5437837633627072E-003
   8.1763527054108209        2.5017134400380503E-003
   8.1963927855711418        2.4602830469149890E-003
   8.2164328657314627        2.4194819509723705E-003
   8.2364729458917836        2.3792996791995565E-003
   8.2565130260521045        2.3397259158537895E-003
   8.2765531062124253        2.3007504997544430E-003
   8.2965931863727445        2.2623634216132208E-003
   8.3166332665330653        2.2245548213993909E-003
   8.3366733466933862        2.1873149857391163E-003
   8.3567134268537071        2.1506343453479406E-003
   8.3767535070140280        2.1145034724954705E-003
   8.3967935871743489        2.0789130785012805E-003
   8.4168336673346698        2.0438540112610571E-003
   8.4368737474949889        2.0093172528019682E-003
   8.4569138276553097        1.9752939168662365E-003
   8.4769539078156306        1.9417752465218433E-003
   8.4969939879759515        1.9087526117992925E-003
   8.5170340681362724        1.8762175073533040E-003
   8.5370741482965933        1.8441615501482728E-003
   8.5571142284569142        1.8125764771662904E-003
   8.5771543086172333        1.7814541431364675E-003
   8.5971943887775542        1.7507865182842309E-003
   8.6172344689378750        1.7205656860992031E-003
   8.6372745490981959        1.6907838411201843E-003
   8.6573146292585168        1.6614332867356664E-003
   8.6773547094188377        1.6325064329981759E-003
   8.6973947895791586        1.6039957944506279E-003
   8.7174348697394795        1.5758939879626935E-003
   8.7374749498997986        1.5481937305749914E-003
   8.7575150300601194        1.5208878373486898E-003
   8.7775551102204403        1.4939692192178070E-003
   8.7975951903807612        1.4674308808411665E-003
   8.8176352705410821        1.4412659184505402E-003
   8.8376753507014030        1.4154675176910024E-003
   8.8577154308617239        1.3900289514488877E-003
   8.8777555110220430        1.3649435776619694E-003
   8.8977955911823639        1.3402048371055225E-003
   8.9178356713426847        1.3158062511467402E-003
   8.9378757515030056        1.2917414194585004E-003
   8.9579158316633265        1.2680040176816360E-003
   8.9779559118236474        1.2445877950225624E-003
   8.9979959919839683        1.2214865717702431E-003
   9.0180360721442874        1.1986942367128665E-003
   9.0380761523046083        1.1762047444300887E-003
   9.0581162324649291        1.1540121124310073E-003
   9.0781563126252500        1.1321104181008987E-003
   9.0981963927855709        1.1104937954107363E-003
   9.1182364729458918        1.0891564313321811E-003
   9.1382765531062127        1.0680925618864415E-003
   9.1583166332665336        1.0472964677373468E-003
   9.1783567134268527        1.0267624692162167E-003
   9.1983967935871735        1.0064849206373350E-003
   9.2184368737474944        9.8645820372647553E-004
   9.2384769539078153        9.6667671993895662E-004
   9.2585170340681362        9.4713488138556672E-004
   9.2785571142284571        9.2782710001112123E-004
   9.2985971943887780        9.0874777457729304E-004
   9.3186372745490971        8.8989127488343965E-004
   9.3386773547094180        8.7125192250976798E-004
   9.3587174348697388        8.5282396717788168E-004
   9.3787575150300597        8.3460155758376174E-004
   9.3987975951903806        8.1657870525379708E-004
   9.4188376753507015        7.9874923958811580E-004
   9.4388777555110224        7.8110675176478622E-004
   9.4589178356713415        7.6364452455481143E-004
   9.4789579158316624        7.4635544430448251E-004
   9.4989979959919832        7.2923189033129415E-004
   9.5190380761523041        7.1226559569112773E-004
   9.5390781563126250        6.9544747162853513E-004
   9.5591182364729459        6.7876738591516521E-004
   9.5791583166332668        6.6221388257773229E-004
   9.5991983967935877        6.4577382703601127E-004
   9.6192384769539068        6.2943195617144493E-004
   9.6392785571142277        6.1317030699953431E-004
   9.6593186372745485        5.9696748997050460E-004
   9.6793587174348694        5.8079776283349491E-004
   9.6993987975951903        5.6462984754622339E-004
   9.7194388777555112        5.4842541452351649E-004
   9.7394789579158321        5.3213713348085811E-004
   9.7595190380761512        5.1570615485795133E-004
   9.7795591182364721        4.9905883459227119E-004
   9.7995991983967929        4.8210243767901037E-004
   9.8196392785571138        4.6471943329635121E-004
   9.8396793587174347        4.4675978676192278E-004
   9.8597194388777556        4.2803028253491764E-004
   9.8797595190380765        4.0827914698718794E-004
   9.8997995991983956        3.8717297307681913E-004
   9.9198396793587165        3.6425721583861330E-004
   9.9398797595190373        3.3890237306237600E-004
   9.9599198396793582        3.1005968708149164E-004
   9.9799599198396791        2.7691849266999526E-004
   10.000000000000000        2.3044035851137344E-004
