0.04330431144261119, 1.0
0.08660862288522238, 1.0
0.12991293432783357, 1.0
0.17321724577044476, 1.0
0.21652155721305594, 1.0
0.25982586865566715, 1.0
0.3031301800982783, 1.0
0.3464344915408895, 1.0
0.38973880298350067, 1.0
0.4330431144261119, 1.0
0.9627508024264533, 1.0
0.970539083192234, 1.0
0.9783273639580148, 1.0
0.9861156447237955, 1.0
0.9939039254895763, 1.0
1.001692206255357, 1.0
1.0094804870211378, 1.0
1.0172687677869185, 1.0
1.0250570485526993, 1.0
1.03284532931848, 1.0
4.447878851066033, 1.0
4.693030041221617, 1.0
4.9381812313772, 1.0
5.183332421532784, 1.0
5.4284836116883675, 1.0
5.673634801843951, 1.0
5.918785991999535, 1.0
6.163937182155118, 1.0
6.409088372310702, 1.0
6.654239562466286, 1.0
6.759108451162075, 1.0
6.785415667953776, 1.0
6.8117228847454765, 1.0
6.838030101537178, 1.0
6.864337318328879, 1.0
6.89064453512058, 1.0
6.916951751912281, 1.0
6.943258968703981, 1.0
6.969566185495682, 1.0
6.995873402287383, 1.0
7.236118024961559, 1.0
7.304976863534912, 1.0
7.373835702108264, 1.0
7.442694540681616, 1.0
7.511553379254968, 1.0
7.580412217828321, 1.0
7.649271056401672, 1.0
7.718129894975025, 1.0
7.786988733548377, 1.0
7.855847572121729, 1.0
9.927972364135679, 1.0
9.93597543478727, 1.0
9.943978505438862, 1.0
9.951981576090454, 1.0
9.959984646742043, 1.0
9.967987717393635, 1.0
9.975990788045227, 1.0
9.983993858696818, 1.0
9.991996929348408, 1.0
10.0, 1.0
