   0.0000000000000000        3.0312831991249358     
   5.0251256281407038E-002   3.0162323721905531     
  0.10050251256281408        3.0014805199504941     
  0.15075376884422112        2.9870154751613440     
  0.20100502512562815        2.9728256299241331     
  0.25125628140703521        2.9588999093766426     
  0.30150753768844224        2.9452277466305761     
  0.35175879396984927        2.9317990588945819     
  0.40201005025125630        2.9186042247268982     
  0.45226130653266333        2.9056340623640846     
  0.50251256281407042        2.8928798090748185     
  0.55276381909547745        2.8803331014901734     
  0.60301507537688448        2.8679859568640893     
  0.65326633165829151        2.8558307552199484     
  0.70351758793969854        2.6187936468291437     
  0.75376884422110557        2.0620560488700428     
  0.80402010050251260        1.9935041825816713     
  0.85427135678391963        1.9877035186471752     
  0.90452261306532666        1.9819440316463286     
  0.95477386934673369        1.9762189535271930     
   1.0050251256281408        1.9704715136680941     
   1.0552763819095479        1.9647846594273739     
   1.1055276381909549        1.9591149829588197     
   1.1557788944723619        1.9534329038918183     
   1.2060301507537690        1.9478105938629158     
   1.2562814070351760        1.9421919187037771     
   1.3065326633165830        1.9365805008280215     
   1.3567839195979901        1.9310181602650704     
   1.4070351758793971        1.9254495122892508     
   1.4572864321608041        1.9199073727663762     
   1.5075376884422111        1.9129618134489894     
   1.5577889447236182        1.9057710498349456     
   1.6080402010050252        1.9003010521323498     
   1.6582914572864322        1.8948440355438576     
   1.7085427135678393        1.8894141358405847     
   1.7587939698492463        1.8840031077352242     
   1.8090452261306533        1.8786108386798497     
   1.8592964824120604        1.8732372176501793     
   1.9095477386934674        1.8678726069457057     
   1.9597989949748744        1.8625357101742759     
   2.0100502512562817        1.7650306670231413     
   2.0603015075376887        1.3966283388806606     
   2.1105527638190957        1.0918981787323898     
   2.1608040201005028       0.85607538247500514     
   2.2110552763819098       0.67214915306808087     
   2.2613065326633168       0.57037870488673059     
   2.3115577889447239       0.56650679813692617     
   2.3618090452261309       0.56499191987565067     
   2.4120603015075379       0.56348111259672529     
   2.4623115577889449       0.56197436497073538     
   2.5125628140703520       0.56047166570234663     
   2.5628140703517590       0.55897300353017920     
   2.6130653266331660       0.55747836722668109     
   2.6633165829145731       0.55598774559800346     
   2.7135678391959801       0.55450112748387548     
   2.7638190954773871       0.55301381200208144     
   2.8140703517587942       0.55153327693881382     
   2.8643216080402012       0.55005863891521434     
   2.9145728643216082       0.54858795994415566     
   2.9648241206030153       0.54712122903204152     
   3.0150753768844223       0.54565843521811719     
   3.0653266331658293       0.54419956757434940     
   3.1155778894472363       0.54274461520530703     
   3.1658291457286434       0.54129356724804212     
   3.2160804020100504       0.53984406480851377     
   3.2663316582914574       0.52946778403585382     
   3.3165829145728645       0.45803738419179452     
   3.3668341708542715       0.45001169533645718     
   3.4170854271356785       0.44880840615025269     
   3.4673366834170856       0.44760832971662518     
   3.5175879396984926       0.44641145721513836     
   3.5678391959798996       0.44521777985067040     
   3.6180904522613067       0.44402728885333009     
   3.6683417085427137       0.44283991489085683     
   3.7185929648241207       0.44165440621372615     
   3.7688442211055277       0.44047342949059137     
   3.8190954773869348       0.43929560427488734     
   3.8693467336683418       0.43812092192174629     
   3.9195979899497488       0.43694937381103482     
   3.9698492462311559       0.43578095134727257     
   4.0201005025125633       0.42290520919701441     
   4.0703517587939704       0.36971429514989868     
   4.1206030150753774       0.36688628805363532     
   4.1708542713567844       0.36590401504993741     
   4.2211055276381915       0.36172327185754433     
   4.2713567839195985       0.30325578330196723     
   4.3216080402010055       0.23808021246470820     
   4.3718592964824126       0.20778170594365386     
   4.4221105527638196       0.16908673734274646     
   4.4723618090452266       0.14249041439015117     
   4.5226130653266337       0.14140674004266668     
   4.5728643216080407       0.14101560305100960     
   4.6231155778894477       0.14062545980907115     
   4.6733668341708547       0.14023630755085725     
   4.7236180904522618       0.13984814351740310     
   4.7738693467336688       0.13946096495675223     
   4.8241206030150758       0.13907476912393621     
   4.8743718592964829       0.13868871524833648     
   4.9246231155778899       0.13830358159731271     
   4.9748743718592969       0.13792032614712893     
   5.0251256281407040       0.13753804247917042     
   5.0753768844221110       0.13715672788321781     
   5.1256281407035180       0.13677637965591685     
   5.1758793969849251       0.13639699510075817     
   5.2261306532663321       0.13601857152805713     
   5.2763819095477391       0.13564102787678950     
   5.3266331658291461       0.13526289655722018     
   5.3768844221105532       0.13488734827541299     
   5.4271356783919602       0.13335927311689505     
   5.4773869346733672       0.11101616427383161     
   5.5276381909547743        8.5533671072616252E-002
   5.5778894472361813        7.0758143461945103E-002
   5.6281407035175883        7.0122368002550048E-002
   5.6783919597989954        6.9923105872079769E-002
   5.7286432160804024        6.9686419614335512E-002
   5.7788944723618094        6.9481237478323382E-002
   5.8291457286432165        6.9265476605807036E-002
   5.8793969849246235        6.9041373535718709E-002
   5.9296482412060305        6.8844320536366299E-002
   5.9798994974874375        6.8605522930454702E-002
   6.0301507537688446        6.8407349185071742E-002
   6.0804020100502516        6.8189263316682250E-002
   6.1306532663316586        6.7972349623936737E-002
   6.1809045226130657        6.7774783139483041E-002
   6.2311557788944727        6.7539308662375730E-002
   6.2814070351758797        6.7345315546286907E-002
   6.3316582914572868        6.7124968798493348E-002
   6.3819095477386938        6.6915100692173768E-002
   6.4321608040201008        6.6715065603690338E-002
   6.4824120603015079        6.6486812169530590E-002
   6.5326633165829149        6.6294941979385152E-002
   6.5829145728643219        6.6072396255776628E-002
   6.6331658291457289        6.5869432831063002E-002
   6.6834170854271360        6.5666993973652790E-002
   6.7336683417085430        6.5445818013351462E-002
   6.7839195979899500        6.5256035531792170E-002
   6.8341708542713571        6.5031350538600055E-002
   6.8844221105527641        6.4835153736308784E-002
   6.9346733668341711        6.4630373722828968E-002
   6.9849246231155782        6.4416134527471552E-002
   7.0351758793969852        6.4228404819448040E-002
   7.0854271356783922        6.4001638079389619E-002
   7.1356783919597992        6.3812072646536475E-002
   7.1859296482412063        6.3605011881971207E-002
   7.2361809045226133        6.3397571562565383E-002
   7.2864321608040203        6.3210037955140866E-002
   7.3366834170854274        6.2984888836546279E-002
   7.3869346733668344        6.2800000279423521E-002
   7.4371859296482414        6.2590716973500396E-002
   7.4874371859296485        6.2389940421727699E-002
   7.5376884422110555        6.2199990959158312E-002
   7.5879396984924625        6.1981667752016342E-002
   7.6381909547738696        6.1798748765936100E-002
   7.6884422110552766        6.1587298943899159E-002
   7.7386934673366836        6.1393053793881706E-002
   7.7889447236180906        6.1200747315541509E-002
   7.8391959798994977        6.0989115059151222E-002
   7.8894472361809047        6.0808131582479212E-002
   7.9396984924623117        6.0594569093921705E-002
   7.9899497487437188        6.0406725685016593E-002
   8.0402010050251267        6.0212118832704817E-002
   8.0904522613065328        6.0007045281675921E-002
   8.1407035175879408        5.9827963480748703E-002
   8.1909547738693469        5.9612340006398042E-002
   8.2412060301507548        5.9430771347034596E-002
   8.2914572864321610        5.9233918572315754E-002
   8.3417085427135689        5.9035274159412190E-002
   8.3919597989949750        5.8857026328664561E-002
   8.4422110552763829        5.8641459557775007E-002
   8.4924623115577891        5.8465007203964678E-002
   8.5427135678391970        5.8265960773343020E-002
   8.5929648241206031        5.8073618573340119E-002
   8.6432160804020111        5.7892997641811925E-002
   8.6934673366834172        5.7683882233437858E-002
   8.7437185929648251        5.7509250775273496E-002
   8.7939698492462313        5.7308060773067569E-002
   8.8442211055276392        5.7121896467638197E-002
   8.8944723618090453        5.6938955232625647E-002
   8.9447236180904532        5.6736164318986308E-002
   8.9949748743718594        5.6563320595973195E-002
   9.0452261306532673        5.6360034924740392E-002
   9.0954773869346734        5.6179926768387525E-002
   9.1457286432160814        5.1244593364251266E-002
   9.1959798994974875        4.6936152130059534E-002
   9.2462311557788954        4.6766382009994424E-002
   9.2964824120603016        4.6597150817886020E-002
   9.3467336683417095        4.6428226631318160E-002
   9.3969849246231156        4.6259453694508908E-002
   9.4472361809045236        4.6090952134136290E-002
   9.4974874371859297        4.5922941606435369E-002
   9.5477386934673376        4.5755232368700181E-002
   9.5979899497487438        4.4596942683245419E-002
   9.6482412060301517        3.3340707649848846E-002
   9.6984924623115578        2.0299515630223790E-002
   9.7487437185929657        1.5623265138534528E-002
   9.7989949748743719        1.5437669939162773E-002
   9.8492462311557798        1.5249832147443968E-002
   9.8994974874371859        1.5059643069724753E-002
   9.9497487437185939        1.4866988784277842E-002
   10.000000000000000        1.4671749882996230E-002
