   0.0000000000000000        2.4016161691971512     
   5.0251256281407038E-002   2.3864662260539591     
  0.10050251256281408        2.3699196130253353     
  0.15075376884422112        2.3529463665199648     
  0.20100502512562815        2.3348588065715861     
  0.25125628140703521        2.3186127388418312     
  0.30150753768844224        2.3016806545468724     
  0.35175879396984927        2.2851768811701056     
  0.40201005025125630        2.2685728279376880     
  0.45226130653266333        2.2521525713155732     
  0.50251256281407042        2.2341517390567991     
  0.55276381909547745        2.2180914890671790     
  0.60301507537688448        2.2007191668383959     
  0.65326633165829151        2.1845171534068242     
  0.70351758793969854        2.1692467096321550     
  0.75376884422110557        2.1502718424424585     
  0.80402010050251260        2.1323351086273643     
  0.85427135678391963        2.1154501059122146     
  0.90452261306532666        2.0977084105707737     
  0.95477386934673369        2.0805695175075218     
   1.0050251256281408        2.0645972366415197     
   1.0552763819095479        2.0468969570025988     
   1.1055276381909549        2.0290301287349455     
   1.1557788944723619        2.0127883000549636     
   1.2060301507537690        1.9961604667494985     
   1.2562814070351760        1.9792345257895940     
   1.3065326633165830        1.9623807604371584     
   1.3567839195979901        1.9461900783834125     
   1.4070351758793971        1.9312166042824102     
   1.4572864321608041        1.9128565768469268     
   1.5075376884422111        1.8965523375466051     
   1.5577889447236182        1.8814346067096266     
   1.6080402010050252        1.8648268623130695     
   1.6582914572864322        1.8481930251500258     
   1.7085427135678393        1.8312482457192407     
   1.7587939698492463        1.8157826375848551     
   1.8090452261306533        1.7984392316954021     
   1.8592964824120604        1.7840226284869496     
   1.9095477386934674        1.7680725534329838     
   1.9597989949748744        1.7533050455518060     
   2.0100502512562817        1.7365697860660587     
   2.0603015075376887        1.7218459396626362     
   2.1105527638190957        1.7067221401136816     
   2.1608040201005028        1.6931256307240112     
   2.2110552763819098        1.6791987622876234     
   2.2613065326633168        1.6621064083583645     
   2.3115577889447239        1.6480561462748935     
   2.3618090452261309        1.6352308359639576     
   2.4120603015075379        1.6200858539109344     
   2.4623115577889449        1.6046691439897851     
   2.5125628140703520        1.5903261654822758     
   2.5628140703517590        1.5762814292907290     
   2.6130653266331660        1.5626081466282054     
   2.6633165829145731        1.5478714860776004     
   2.7135678391959801        1.5329689427746764     
   2.7638190954773871        1.5188866421825606     
   2.8140703517587942        1.5063764448427275     
   2.8643216080402012        1.4927760765405549     
   2.9145728643216082        1.4789976456582414     
   2.9648241206030153        1.4664047240018607     
   3.0150753768844223        1.4529297819273621     
   3.0653266331658293        1.4385548683800897     
   3.1155778894472363        1.4262366592121432     
   3.1658291457286434        1.4133948298645578     
   3.2160804020100504        1.4008402798075394     
   3.2663316582914574        1.3884161968926432     
   3.3165829145728645        1.3763696233862259     
   3.3668341708542715        1.3633489006456663     
   3.4170854271356785        1.3520753333113176     
   3.4673366834170856        1.3397443363469508     
   3.5175879396984926        1.3275399723018797     
   3.5678391959798996        1.3142212112948919     
   3.6180904522613067        1.3019825636412321     
   3.6683417085427137        1.2901588077821746     
   3.7185929648241207        1.2795313967135251     
   3.7688442211055277        1.2687546765117930     
   3.8190954773869348        1.2570878761924673     
   3.8693467336683418        1.2448938144709896     
   3.9195979899497488        1.2333551957212547     
   3.9698492462311559        1.2232804403282620     
   4.0201005025125633        1.2126681319063886     
   4.0703517587939704        1.2006342111262069     
   4.1206030150753774        1.1911663461684896     
   4.1708542713567844        1.1791867973847017     
   4.2211055276381915        1.1692810686952928     
   4.2713567839195985        1.1596820005738022     
   4.3216080402010055        1.1502232788566722     
   4.3718592964824126        1.1402151257171553     
   4.4221105527638196        1.1281860271763462     
   4.4723618090452266        1.1166434883661394     
   4.5226130653266337        1.1061949368467097     
   4.5728643216080407        1.0970701673889578     
   4.6231155778894477        1.0879051795974748     
   4.6733668341708547        1.0778714750535223     
   4.7236180904522618        1.0682212515614544     
   4.7738693467336688        1.0580791379346690     
   4.8241206030150758        1.0475526051645545     
   4.8743718592964829        1.0391503316178941     
   4.9246231155778899        1.0292321697877183     
   4.9748743718592969        1.0203718821957450     
   5.0251256281407040        1.0101911283630358     
   5.0753768844221110        1.0010622438376648     
   5.1256281407035180       0.99191067742417749     
   5.1758793969849251       0.98158241591840445     
   5.2261306532663321       0.97289915894154744     
   5.2763819095477391       0.96343332737399168     
   5.3266331658291461       0.95454913408991382     
   5.3768844221105532       0.94760279236989464     
   5.4271356783919602       0.93880356987569602     
   5.4773869346733672       0.92972419052953581     
   5.5276381909547743       0.92134902787538753     
   5.5778894472361813       0.91366203434796567     
   5.6281407035175883       0.90458512150138193     
   5.6783919597989954       0.89722611748333381     
   5.7286432160804024       0.88842160144951876     
   5.7788944723618094       0.88063894276534971     
   5.8291457286432165       0.87244971612403543     
   5.8793969849246235       0.86464938515170098     
   5.9296482412060305       0.85668047082802301     
   5.9798994974874375       0.84890426513515860     
   6.0301507537688446       0.84060959121043755     
   6.0804020100502516       0.83290343654842180     
   6.1306532663316586       0.82485720244454008     
   6.1809045226130657       0.81679380737435248     
   6.2311557788944727       0.80911240268172602     
   6.2814070351758797       0.80076519838216353     
   6.3316582914572868       0.79300916194021032     
   6.3819095477386938       0.78595234557024141     
   6.4321608040201008       0.77855574825076124     
   6.4824120603015079       0.77146930921849988     
   6.5326633165829149       0.76326382227179912     
   6.5829145728643219       0.75681050955437090     
   6.6331658291457289       0.74966675478409495     
   6.6834170854271360       0.74264925993768238     
   6.7336683417085430       0.73544865591316511     
   6.7839195979899500       0.72812659636808608     
   6.8341708542713571       0.72190791448030756     
   6.8844221105527641       0.71489795654829691     
   6.9346733668341711       0.70808822698547758     
   6.9849246231155782       0.70121422686043533     
   7.0351758793969852       0.69354120236794337     
   7.0854271356783922       0.68643142064554385     
   7.1356783919597992       0.68052546724395080     
   7.1859296482412063       0.67341845710480275     
   7.2361809045226133       0.66664040586818651     
   7.2864321608040203       0.66040887724077879     
   7.3366834170854274       0.65353606685412369     
   7.3869346733668344       0.64637550144170319     
   7.4371859296482414       0.64089748548915026     
   7.4874371859296485       0.63519249194264871     
   7.5376884422110555       0.62875566215607370     
   7.5879396984924625       0.62163051107294343     
   7.6381909547738696       0.61610527358600586     
   7.6884422110552766       0.60953992556148573     
   7.7386934673366836       0.60333805687934805     
   7.7889447236180906       0.59658840012432457     
   7.8391959798994977       0.59075153746252018     
   7.8894472361809047       0.58440325187574427     
   7.9396984924623117       0.57806981858607365     
   7.9899497487437188       0.57262886612246267     
   8.0402010050251267       0.56749652727238475     
   8.0904522613065328       0.56220947332810534     
   8.1407035175879408       0.55652546771504807     
   8.1909547738693469       0.55097808385127722     
   8.2412060301507548       0.54600929536016807     
   8.2914572864321610       0.53969453865743489     
   8.3417085427135689       0.53525162180264174     
   8.3919597989949750       0.52887545543278081     
   8.4422110552763829       0.52269400799589205     
   8.4924623115577891       0.51690213885773650     
   8.5427135678391970       0.51220711372028305     
   8.5929648241206031       0.50650969561203918     
   8.6432160804020111       0.50107867410198270     
   8.6934673366834172       0.49630643529531049     
   8.7437185929648251       0.49004505551623956     
   8.7939698492462313       0.48516361602373248     
   8.8442211055276392       0.48005164476715811     
   8.8944723618090453       0.47574453514648885     
   8.9447236180904532       0.47060742251981719     
   8.9949748743718594       0.46502112853725869     
   9.0452261306532673       0.45962645181945549     
   9.0954773869346734       0.45483149389871930     
   9.1457286432160814       0.44962233132931645     
   9.1959798994974875       0.44528822330418355     
   9.2462311557788954       0.44000122853290524     
   9.2964824120603016       0.43451456867476462     
   9.3467336683417095       0.42941284247534750     
   9.3969849246231156       0.42475873196826619     
   9.4472361809045236       0.42055350735791969     
   9.4974874371859297       0.41494258856794219     
   9.5477386934673376       0.41053076829963803     
   9.5979899497487438       0.40497177775673010     
   9.6482412060301517       0.40052508250247754     
   9.6984924623115578       0.39621182881955153     
   9.7487437185929657       0.39144400627546294     
   9.7989949748743719       0.38645363855772186     
   9.8492462311557798       0.38228723053351515     
   9.8994974874371859       0.37816498425984157     
   9.9497487437185939       0.37348959806252441     
   10.000000000000000       0.36807725360518218     
