   0.0000000000000000        2.6519896941580923     
   5.0251256281407038E-002   2.5428959010180172     
  0.10050251256281408        2.4537600739442134     
  0.15075376884422112        2.3738863595411370     
  0.20100502512562815        2.3021055076103876     
  0.25125628140703521        2.2384566997115902     
  0.30150753768844224        2.1782917984756498     
  0.35175879396984927        2.1228752536595996     
  0.40201005025125630        2.0707695073127033     
  0.45226130653266333        2.0210901859600496     
  0.50251256281407042        1.9741609358033838     
  0.55276381909547745        1.9314490407571734     
  0.60301507537688448        1.8893463502568135     
  0.65326633165829151        1.8514919168292225     
  0.70351758793969854        1.8146452735659950     
  0.75376884422110557        1.7792566200997959     
  0.80402010050251260        1.7457399867635277     
  0.85427135678391963        1.7137949763288018     
  0.90452261306532666        1.6835778088641931     
  0.95477386934673369        1.6544151144479260     
   1.0050251256281408        1.6266045539359166     
   1.0552763819095479        1.5996486403870707     
   1.1055276381909549        1.5726289332804639     
   1.1557788944723619        1.5482917363964837     
   1.2060301507537690        1.5246074021834055     
   1.2562814070351760        1.5018323160289615     
   1.3065326633165830        1.4800454425520535     
   1.3567839195979901        1.4592369912519882     
   1.4070351758793971        1.4397220833833129     
   1.4572864321608041        1.4184581064461801     
   1.5075376884422111        1.3991099003447542     
   1.5577889447236182        1.3809924950444330     
   1.6080402010050252        1.3628365131704312     
   1.6582914572864322        1.3448428486625688     
   1.7085427135678393        1.3276655806800939     
   1.7587939698492463        1.3116405393539519     
   1.8090452261306533        1.2949428620854682     
   1.8592964824120604        1.2800423491951105     
   1.9095477386934674        1.2650401356333836     
   1.9597989949748744        1.2500596082850812     
   2.0100502512562817        1.2354498517162129     
   2.0603015075376887        1.2217937202668601     
   2.1105527638190957        1.2078626725239332     
   2.1608040201005028        1.1949276951345249     
   2.2110552763819098        1.1824095873459930     
   2.2613065326633168        1.1686776700624122     
   2.3115577889447239        1.1560546508646783     
   2.3618090452261309        1.1450285578852510     
   2.4120603015075379        1.1330281780738627     
   2.4623115577889449        1.1204614905678993     
   2.5125628140703520        1.1085562156832112     
   2.5628140703517590        1.0965535170641685     
   2.6130653266331660        1.0857251577150242     
   2.6633165829145731        1.0743773424328058     
   2.7135678391959801        1.0635037665603069     
   2.7638190954773871        1.0526832086773665     
   2.8140703517587942        1.0426294645625500     
   2.8643216080402012        1.0324340139641985     
   2.9145728643216082        1.0216763546787049     
   2.9648241206030153        1.0121667344121961     
   3.0150753768844223        1.0020217877019504     
   3.0653266331658293       0.99100539809956445     
   3.1155778894472363       0.98167260675049717     
   3.1658291457286434       0.97247335241867416     
   3.2160804020100504       0.96376367641001304     
   3.2663316582914574       0.95487195363463218     
   3.3165829145728645       0.94591193864089718     
   3.3668341708542715       0.93628908061166927     
   3.4170854271356785       0.92772625325020219     
   3.4673366834170856       0.91907186760445281     
   3.5175879396984926       0.90996036158041971     
   3.5678391959798996       0.90077404634774516     
   3.6180904522613067       0.89241873715593356     
   3.6683417085427137       0.88437149395371517     
   3.7185929648241207       0.87649357033083419     
   3.7688442211055277       0.86876650258166044     
   3.8190954773869348       0.86031282319843005     
   3.8693467336683418       0.85189180314932134     
   3.9195979899497488       0.84387459827103894     
   3.9698492462311559       0.83664465164057311     
   4.0201005025125633       0.82927975172448887     
   4.0703517587939704       0.82121386942982078     
   4.1206030150753774       0.81423730729047572     
   4.1708542713567844       0.80627273733400506     
   4.2211055276381915       0.79962912431767830     
   4.2713567839195985       0.79259593521739691     
   4.3216080402010055       0.78565358271318875     
   4.3718592964824126       0.77855193298318426     
   4.4221105527638196       0.77121199944214758     
   4.4723618090452266       0.76349028242431483     
   4.5226130653266337       0.75646879535894496     
   4.5728643216080407       0.75002401609250269     
   4.6231155778894477       0.74359980530731151     
   4.6733668341708547       0.73667298783037105     
   4.7236180904522618       0.72980617383414403     
   4.7738693467336688       0.72258386719591949     
   4.8241206030150758       0.71565797774049678     
   4.8743718592964829       0.70929446096360615     
   4.9246231155778899       0.70245264352699177     
   4.9748743718592969       0.69654236231741051     
   5.0251256281407040       0.68964921241531241     
   5.0753768844221110       0.68373096611182649     
   5.1256281407035180       0.67760414200988262     
   5.1758793969849251       0.67054438649149317     
   5.2261306532663321       0.66427957857943098     
   5.2763819095477391       0.65761005797345762     
   5.3266331658291461       0.65210269626067274     
   5.3768844221105532       0.64739461205218718     
   5.4271356783919602       0.64147626256375800     
   5.4773869346733672       0.63512106885857400     
   5.5276381909547743       0.62932811437661773     
   5.5778894472361813       0.62369916594678920     
   5.6281407035175883       0.61800271199540080     
   5.6783919597989954       0.61319199234092014     
   5.7286432160804024       0.60695357866956456     
   5.7788944723618094       0.60179476994918013     
   5.8291457286432165       0.59591895802489481     
   5.8793969849246235       0.59048784314448577     
   5.9296482412060305       0.58513661638938430     
   5.9798994974874375       0.57982842562926473     
   6.0301507537688446       0.57399776327252394     
   6.0804020100502516       0.56891933804627826     
   6.1306532663316586       0.56371908581110297     
   6.1809045226130657       0.55836863728474018     
   6.2311557788944727       0.55264862482553012     
   6.2814070351758797       0.54680056486449302     
   6.3316582914572868       0.54201291988697409     
   6.3819095477386938       0.53713667282358468     
   6.4321608040201008       0.53222773509923638     
   6.4824120603015079       0.52716601754351067     
   6.5326633165829149       0.52158888105445633     
   6.5829145728643219       0.51671818036266726     
   6.6331658291457289       0.51202343854638355     
   6.6834170854271360       0.50704325394403482     
   6.7336683417085430       0.50227102138810709     
   6.7839195979899500       0.49711185178047135     
   6.8341708542713571       0.49255070538535051     
   6.8844221105527641       0.48791660857953734     
   6.9346733668341711       0.48332044567524723     
   6.9849246231155782       0.47868673390749178     
   7.0351758793969852       0.47387038997841835     
   7.0854271356783922       0.46903877468355787     
   7.1356783919597992       0.46483915130109316     
   7.1859296482412063       0.46008733493458959     
   7.2361809045226133       0.45528861204346660     
   7.2864321608040203       0.45105041261735851     
   7.3366834170854274       0.44644237952952825     
   7.3869346733668344       0.44174091656367687     
   7.4371859296482414       0.43794260047835942     
   7.4874371859296485       0.43383829950629665     
   7.5376884422110555       0.42957269600849601     
   7.5879396984924625       0.42457167902897219     
   7.6381909547738696       0.42028533453160583     
   7.6884422110552766       0.41597090128160585     
   7.7386934673366836       0.41175206784292545     
   7.7889447236180906       0.40729840437181175     
   7.8391959798994977       0.40326417840706918     
   7.8894472361809047       0.39915007721866397     
   7.9396984924623117       0.39455587940801817     
   7.9899497487437188       0.39082156669709772     
   8.0402010050251267       0.38691989538392674     
   8.0904522613065328       0.38329699447755111     
   8.1407035175879408       0.37944403391638437     
   8.1909547738693469       0.37506516878504342     
   8.2412060301507548       0.37169244489448316     
   8.2914572864321610       0.36720125624668681     
   8.3417085427135689       0.36384665227689666     
   8.3919597989949750       0.35939759080253736     
   8.4422110552763829       0.35512929681031513     
   8.4924623115577891       0.35132828024911728     
   8.5427135678391970       0.34767458981466270     
   8.5929648241206031       0.34347110699462996     
   8.6432160804020111       0.33973917660511882     
   8.6934673366834172       0.33590415954210340     
   8.7437185929648251       0.33129222011364673     
   8.7939698492462313       0.32734522924851500     
   8.8442211055276392       0.32333701396912401     
   8.8944723618090453       0.31992398866321198     
   8.9447236180904532       0.31602715058859443     
   8.9949748743718594       0.31181835122173518     
   9.0452261306532673       0.30739649291674020     
   9.0954773869346734       0.30337694719285768     
   9.1457286432160814       0.29924278157301221     
   9.1959798994974875       0.29546894013667352     
   9.2462311557788954       0.29106864644513114     
   9.2964824120603016       0.28655767183728881     
   9.3467336683417095       0.28222078487045427     
   9.3969849246231156       0.27795848465588163     
   9.4472361809045236       0.27406287989894074     
   9.4974874371859297       0.26925002083768179     
   9.5477386934673376       0.26497843367727159     
   9.5979899497487438       0.25989470373372958     
   9.6482412060301517       0.25516791363165481     
   9.6984924623115578       0.25049155841548082     
   9.7487437185929657       0.24562595809520377     
   9.7989949748743719       0.24040660419638021     
   9.8492462311557798       0.23522092139401118     
   9.8994974874371859       0.22997568584817182     
   9.9497487437185939       0.22396609585394017     
   10.000000000000000       0.21663641291239971     
