   0.0000000000000000        2.9023632191190338     
   5.0251256281407038E-002   2.6993255759820749     
  0.10050251256281408        2.5376005348630919     
  0.15075376884422112        2.3948263525623092     
  0.20100502512562815        2.2693522086491886     
  0.25125628140703521        2.1583006605813493     
  0.30150753768844224        2.0549029424044276     
  0.35175879396984927        1.9605736261490940     
  0.40201005025125630        1.8729661866877181     
  0.45226130653266333        1.7900278006045263     
  0.50251256281407042        1.7141701325499685     
  0.55276381909547745        1.6448065924471680     
  0.60301507537688448        1.5779735336752310     
  0.65326633165829151        1.5184666802516207     
  0.70351758793969854        1.4600438374998350     
  0.75376884422110557        1.4082413977571333     
  0.80402010050251260        1.3591448648996909     
  0.85427135678391963        1.3121398467453889     
  0.90452261306532666        1.2694472071576122     
  0.95477386934673369        1.2282607113883299     
   1.0050251256281408        1.1886118712303135     
   1.0552763819095479        1.1524003237715423     
   1.1055276381909549        1.1162277378259826     
   1.1557788944723619        1.0837951727380035     
   1.2060301507537690        1.0530543376173125     
   1.2562814070351760        1.0244301062683290     
   1.3065326633165830       0.99771012466694875     
   1.3567839195979901       0.97228390412056409     
   1.4070351758793971       0.94822756248421558     
   1.4572864321608041       0.92405963604543351     
   1.5075376884422111       0.90166746314290325     
   1.5577889447236182       0.88055038337923941     
   1.6080402010050252       0.86084616402779301     
   1.6582914572864322       0.84149267217511181     
   1.7085427135678393       0.82408291564094704     
   1.7587939698492463       0.80749844112304869     
   1.8090452261306533       0.79144649247553400     
   1.8592964824120604       0.77606206990327153     
   1.9095477386934674       0.76200771783378318     
   1.9597989949748744       0.74681417101835657     
   2.0100502512562817       0.73432991736636721     
   2.0603015075376887       0.72174150087108391     
   2.1105527638190957       0.70900320493418489     
   2.1608040201005028       0.69672975954503846     
   2.2110552763819098       0.68562041240436233     
   2.2613065326633168       0.67524893176645973     
   2.3115577889447239       0.66405315545446308     
   2.3618090452261309       0.65482627980654462     
   2.4120603015075379       0.64597050223679076     
   2.4623115577889449       0.63625383714601369     
   2.5125628140703520       0.62678626588414643     
   2.5628140703517590       0.61682560483760818     
   2.6130653266331660       0.60884216880184305     
   2.6633165829145731       0.60088319878801111     
   2.7135678391959801       0.59403859034593731     
   2.7638190954773871       0.58647977517217220     
   2.8140703517587942       0.57888248428237232     
   2.8643216080402012       0.57209195138784230     
   2.9145728643216082       0.56435506369916855     
   2.9648241206030153       0.55792874482253152     
   3.0150753768844223       0.55111379347653866     
   3.0653266331658293       0.54345592781903918     
   3.1155778894472363       0.53710855428885118     
   3.1658291457286434       0.53155187497279066     
   3.2160804020100504       0.52668707301248663     
   3.2663316582914574       0.52132771037662107     
   3.3165829145728645       0.51545425389556854     
   3.3668341708542715       0.50922926057767215     
   3.4170854271356785       0.50337717318908670     
   3.4673366834170856       0.49839939886195483     
   3.5175879396984926       0.49238075085895971     
   3.5678391959798996       0.48732688140059832     
   3.6180904522613067       0.48285491067063513     
   3.6683417085427137       0.47858418012525572     
   3.7185929648241207       0.47345574394814322     
   3.7688442211055277       0.46877832865152796     
   3.8190954773869348       0.46353777020439291     
   3.8693467336683418       0.45888979182765305     
   3.9195979899497488       0.45439400082082310     
   3.9698492462311559       0.45000886295288423     
   4.0201005025125633       0.44589137154258912     
   4.0703517587939704       0.44179352773343461     
   4.1206030150753774       0.43730826841246179     
   4.1708542713567844       0.43335867728330835     
   4.2211055276381915       0.42997717994006368     
   4.2713567839195985       0.42550986986099160     
   4.3216080402010055       0.42108388656970530     
   4.3718592964824126       0.41688874024921324     
   4.4221105527638196       0.41423797170794902     
   4.4723618090452266       0.41033707648249024     
   4.5226130653266337       0.40674265387118030     
   4.5728643216080407       0.40297786479604747     
   4.6231155778894477       0.39929443101714823     
   4.6733668341708547       0.39547450060721989     
   4.7236180904522618       0.39139109610683359     
   4.7738693467336688       0.38708859645717003     
   4.8241206030150758       0.38376335031643910     
   4.8743718592964829       0.37943859030931831     
   4.9246231155778899       0.37567311726626523     
   4.9748743718592969       0.37271284243907593     
   5.0251256281407040       0.36910729646758889     
   5.0753768844221110       0.36639968838598808     
   5.1256281407035180       0.36329760659558769     
   5.1758793969849251       0.35950635706458184     
   5.2261306532663321       0.35565999821731459     
   5.2763819095477391       0.35178678857292356     
   5.3266331658291461       0.34965625843143167     
   5.3768844221105532       0.34718643173447977     
   5.4271356783919602       0.34414895525182010     
   5.4773869346733672       0.34051794718761214     
   5.5276381909547743       0.33730720087784788     
   5.5778894472361813       0.33373629754561285     
   5.6281407035175883       0.33142030248941978     
   5.6783919597989954       0.32915786719850637     
   5.7286432160804024       0.32548555588961026     
   5.7788944723618094       0.32295059713301055     
   5.8291457286432165       0.31938819992575418     
   5.8793969849246235       0.31632630113727050     
   5.9296482412060305       0.31359276195074559     
   5.9798994974874375       0.31075258612337098     
   6.0301507537688446       0.30738593533461039     
   6.0804020100502516       0.30493523954413465     
   6.1306532663316586       0.30258096917766597     
   6.1809045226130657       0.29994346719512788     
   6.2311557788944727       0.29618484696933428     
   6.2814070351758797       0.29283593134682256     
   6.3316582914572868       0.29101667783373786     
   6.3819095477386938       0.28832100007692801     
   6.4321608040201008       0.28589972194771152     
   6.4824120603015079       0.28286272586852135     
   6.5326633165829149       0.27991393983711349     
   6.5829145728643219       0.27662585117096367     
   6.6331658291457289       0.27438012230867204     
   6.6834170854271360       0.27143724795038732     
   6.7336683417085430       0.26909338686304912     
   6.7839195979899500       0.26609710719285667     
   6.8341708542713571       0.26319349629039346     
   6.8844221105527641       0.26093526061077776     
   6.9346733668341711       0.25855266436501689     
   6.9849246231155782       0.25615924095454823     
   7.0351758793969852       0.25419957758889339     
   7.0854271356783922       0.25164612872157188     
   7.1356783919597992       0.24915283535823551     
   7.1859296482412063       0.24675621276437643     
   7.2361809045226133       0.24393681821874674     
   7.2864321608040203       0.24169194799393823     
   7.3366834170854274       0.23934869220493288     
   7.3869346733668344       0.23710633168565048     
   7.4371859296482414       0.23498771546756853     
   7.4874371859296485       0.23248410706994460     
   7.5376884422110555       0.23038972986091838     
   7.5879396984924625       0.22751284698500096     
   7.6381909547738696       0.22446539547720576     
   7.6884422110552766       0.22240187700172595     
   7.7386934673366836       0.22016607880650288     
   7.7889447236180906       0.21800840861929899     
   7.8391959798994977       0.21577681935161816     
   7.8894472361809047       0.21389690256158367     
   7.9396984924623117       0.21104194022996275     
   7.9899497487437188       0.20901426727173278     
   8.0402010050251267       0.20634326349546869     
   8.0904522613065328       0.20438451562699686     
   8.1407035175879408       0.20236260011772070     
   8.1909547738693469       0.19915225371880965     
   8.2412060301507548       0.19737559442879829     
   8.2914572864321610       0.19470797383593871     
   8.3417085427135689       0.19244168275115159     
   8.3919597989949750       0.18991972617229394     
   8.4422110552763829       0.18756458562473821     
   8.4924623115577891       0.18575442164049802     
   8.5427135678391970       0.18314206590904242     
   8.5929648241206031       0.18043251837722077     
   8.6432160804020111       0.17839967910825491     
   8.6934673366834172       0.17550188378889636     
   8.7437185929648251       0.17253938471105387     
   8.7939698492462313       0.16952684247329752     
   8.8442211055276392       0.16662238317108993     
   8.8944723618090453       0.16410344217993514     
   8.9447236180904532       0.16144687865737162     
   8.9949748743718594       0.15861557390621164     
   9.0452261306532673       0.15516653401402489     
   9.0954773869346734       0.15192240048699604     
   9.1457286432160814       0.14886323181670794     
   9.1959798994974875       0.14564965696916352     
   9.2462311557788954       0.14213606435735701     
   9.2964824120603016       0.13860077499981296     
   9.3467336683417095       0.13502872726556100     
   9.3969849246231156       0.13115823734349705     
   9.4472361809045236       0.12757225243996179     
   9.4974874371859297       0.12355745310742133     
   9.5477386934673376       0.11942609905490512     
   9.5979899497487438       0.11481762971072902     
   9.6482412060301517       0.10981074476083202     
   9.6984924623115578       0.10477128801141013     
   9.7487437185929657        9.9807909914944606E-002
   9.7989949748743719        9.4359569835038598E-002
   9.8492462311557798        8.8154612254507214E-002
   9.8994974874371859        8.1786387436502073E-002
   9.9497487437185939        7.4442593645355909E-002
   10.000000000000000        6.5195572219617234E-002
