   0.0000000000000000        2.8613322008510100     
   5.0251256281407038E-002   2.6911355330658582     
  0.10050251256281408        2.4909070995717024     
  0.15075376884422112        2.3623541292508432     
  0.20100502512562815        2.2083168315922079     
  0.25125628140703521        2.1016372509399384     
  0.30150753768844224        1.9786545866063769     
  0.35175879396984927        1.8913419592519733     
  0.40201005025125630        1.7857501127702118     
  0.45226130653266333        1.7123179159133990     
  0.50251256281407042        1.6190554907839905     
  0.55276381909547745        1.5521116321125705     
  0.60301507537688448        1.4744520889147206     
  0.65326633165829151        1.4155928121636769     
  0.70351758793969854        1.3447363639214223     
  0.75376884422110557        1.3007820281466989     
  0.80402010050251260        1.2427818783748923     
  0.85427135678391963        1.1994787381426135     
  0.90452261306532666        1.1428147036253005     
  0.95477386934673369        1.1010191112450356     
   1.0050251256281408        1.0467523198805817     
   1.0552763819095479        1.0136617300053823     
   1.1055276381909549       0.96950719661365237     
   1.1557788944723619       0.93499135702195635     
   1.2060301507537690       0.89654655618283774     
   1.2562814070351760       0.87172292054158007     
   1.3065326633165830       0.83530191831812084     
   1.3567839195979901       0.81097479526839200     
   1.4070351758793971       0.78105784827254210     
   1.4572864321608041       0.75979000777726946     
   1.5075376884422111       0.72650595164334186     
   1.5577889447236182       0.70796296808783254     
   1.6080402010050252       0.68038916230326096     
   1.6582914572864322       0.66633339404583891     
   1.7085427135678393       0.64477772644981968     
   1.7587939698492463       0.63779171541321433     
   1.8090452261306533       0.61404037654033150     
   1.8592964824120604       0.59528479675013524     
   1.9095477386934674       0.57832845255646892     
   1.9597989949748744       0.56504344267149720     
   2.0100502512562817       0.54379900705701167     
   2.0603015075376887       0.53045259692335389     
   2.1105527638190957       0.51916910355686363     
   2.1608040201005028       0.51364022893328742     
   2.2110552763819098       0.50317377396960528     
   2.2613065326633168       0.49492187974570973     
   2.3115577889447239       0.48057431892933389     
   2.3618090452261309       0.47542483153975934     
   2.4120603015075379       0.47122204801129808     
   2.4623115577889449       0.45969458289317927     
   2.5125628140703520       0.45150931427291424     
   2.5628140703517590       0.44720858843060257     
   2.6130653266331660       0.43752533138502475     
   2.6633165829145731       0.43421983396676517     
   2.7135678391959801       0.43112468914237650     
   2.7638190954773871       0.42242603636913584     
   2.8140703517587942       0.41762574737684938     
   2.8643216080402012       0.41219910187876019     
   2.9145728643216082       0.40261259431254226     
   2.9648241206030153       0.40103537777579323     
   3.0150753768844223       0.39205792523724442     
   3.0653266331658293       0.38802506830774902     
   3.1155778894472363       0.38138931468763604     
   3.1658291457286434       0.37558066075542779     
   3.2160804020100504       0.36949524984551330     
   3.2663316582914574       0.36679373283967626     
   3.3165829145728645       0.36166079156994863     
   3.3668341708542715       0.36205143702686921     
   3.4170854271356785       0.35349479937546613     
   3.4673366834170856       0.35193309384806176     
   3.5175879396984926       0.34676412924369399     
   3.5678391959798996       0.33779894551337114     
   3.6180904522613067       0.33096460732365546     
   3.6683417085427137       0.32358331097671350     
   3.7185929648241207       0.31823075303534176     
   3.7688442211055277       0.31304015063064267     
   3.8190954773869348       0.30805010104245789     
   3.8693467336683418       0.30584808047717554     
   3.9195979899497488       0.30169389904176969     
   3.9698492462311559       0.30424795375434549     
   4.0201005025125633       0.30375005849238107     
   4.0703517587939704       0.30233737974490998     
   4.1206030150753774       0.29708965349575561     
   4.1708542713567844       0.29377443128278935     
   4.2211055276381915       0.28684506560489259     
   4.2713567839195985       0.28185038674331647     
   4.3216080402010055       0.27793943492792483     
   4.3718592964824126       0.27562405103447202     
   4.4221105527638196       0.27735711185159923     
   4.4723618090452266       0.27631958370398835     
   4.5226130653266337       0.27318381090125538     
   4.5728643216080407       0.27141165901531816     
   4.6231155778894477       0.27179093491677003     
   4.6733668341708547       0.26731771667306109     
   4.7236180904522618       0.26073857065379152     
   4.7738693467336688       0.25856830334481157     
   4.8241206030150758       0.25477897715857228     
   4.8743718592964829       0.25200096896823959     
   4.9246231155778899       0.24460675609287685     
   4.9748743718592969       0.24438934455380149     
   5.0251256281407040       0.24266667247900217     
   5.0753768844221110       0.24188099464263324     
   5.1256281407035180       0.23910567251082415     
   5.1758793969849251       0.23767848785782358     
   5.2261306532663321       0.23561941629593849     
   5.2763819095477391       0.23204572380915928     
   5.3266331658291461       0.23138608241391745     
   5.3768844221105532       0.23028205302365945     
   5.4271356783919602       0.22796073091955249     
   5.4773869346733672       0.22278950774496362     
   5.5276381909547743       0.22089472438518459     
   5.5778894472361813       0.21947395297370761     
   5.6281407035175883       0.21685192685954779     
   5.6783919597989954       0.21390125814984295     
   5.7286432160804024       0.21299575614008773     
   5.7788944723618094       0.21040412840606409     
   5.8291457286432165       0.21007411175385440     
   5.8793969849246235       0.21141403213480275     
   5.9296482412060305       0.21003688068502729     
   5.9798994974874375       0.20672707876016333     
   6.0301507537688446       0.20476432989484067     
   6.0804020100502516       0.20287459906293620     
   6.1306532663316586       0.20085900482061692     
   6.1809045226130657       0.19924742598734727     
   6.2311557788944727       0.19906343465696744     
   6.2814070351758797       0.19508242919581101     
   6.3316582914572868       0.19385394810335771     
   6.3819095477386938       0.19242188205259664     
   6.4321608040201008       0.19312530448746393     
   6.4824120603015079       0.19137802215388422     
   6.5326633165829149       0.19010751568911374     
   6.5829145728643219       0.18599906239855163     
   6.6331658291457289       0.18677457186421587     
   6.6834170854271360       0.18675735777554536     
   6.7336683417085430       0.18309786503017628     
   6.7839195979899500       0.17939004475443815     
   6.8341708542713571       0.17847408978598872     
   6.8844221105527641       0.17567900501552805     
   6.9346733668341711       0.17097486634209111     
   6.9849246231155782       0.16964409048171736     
   7.0351758793969852       0.16674692972163349     
   7.0854271356783922       0.16839551589121182     
   7.1356783919597992       0.16714237737868956     
   7.1859296482412063       0.16724284171956535     
   7.2361809045226133       0.16576013759124913     
   7.2864321608040203       0.16418509048636468     
   7.3366834170854274       0.16511053485336905     
   7.3869346733668344       0.16625855555822269     
   7.4371859296482414       0.16622684432565527     
   7.4874371859296485       0.16217468305405475     
   7.5376884422110555       0.16063136206148879     
   7.5879396984924625       0.15811323241410311     
   7.6381909547738696       0.15696438943573982     
   7.6884422110552766       0.15482154209686882     
   7.7386934673366836       0.15458375743742395     
   7.7889447236180906       0.15342379831625327     
   7.8391959798994977       0.15061240430446513     
   7.8894472361809047       0.14989039116642447     
   7.9396984924623117       0.14718636700105067     
   7.9899497487437188       0.14492531024534783     
   8.0402010050251267       0.14211700204868113     
   8.0904522613065328       0.14236750123376926     
   8.1407035175879408       0.14132079406220344     
   8.1909547738693469       0.13920719238918638     
   8.2412060301507548       0.13623108990977550     
   8.2914572864321610       0.13630511028668141     
   8.3417085427135689       0.13651585638948896     
   8.3919597989949750       0.13710266791686712     
   8.4422110552763829       0.13596627976082706     
   8.4924623115577891       0.13257886811907313     
   8.5427135678391970       0.12830985048370677     
   8.5929648241206031       0.12405035499174985     
   8.6432160804020111       0.12129399065793056     
   8.6934673366834172       0.11863850028714419     
   8.7437185929648251       0.11713144133954866     
   8.7939698492462313       0.11734659754106486     
   8.8442211055276392       0.11788190066571601     
   8.8944723618090453       0.11867311022913134     
   8.9447236180904532       0.11618885289698196     
   8.9949748743718594       0.11360361076595775     
   9.0452261306532673       0.11209819995799480     
   9.0954773869346734       0.11182828100221498     
   9.1457286432160814       0.10954397912158267     
   9.1959798994974875       0.10882727748939924     
   9.2462311557788954       0.10603285659398343     
   9.2964824120603016       0.10220570957165465     
   9.3467336683417095        9.9415993037129141E-002
   9.3969849246231156        9.6604234283476240E-002
   9.4472361809045236        9.3679096033273568E-002
   9.4974874371859297        9.0832368957283902E-002
   9.5477386934673376        9.0166786874641414E-002
   9.5979899497487438        8.7991397277821085E-002
   9.6482412060301517        8.6361518918323929E-002
   9.6984924623115578        8.2898526258396818E-002
   9.7487437185929657        7.8622594841334673E-002
   9.7989949748743719        7.6166030892161563E-002
   9.8492462311557798        7.0908117147754426E-002
   9.8994974874371859        6.5566237645957884E-002
   9.9497487437185939        6.0431794626401913E-002
   10.000000000000000        5.4259876205593888E-002
