   0.0000000000000000        2.9510569665717008     
   5.0251256281407038E-002   2.8335469843215328     
  0.10050251256281408        2.7376827684166551     
  0.15075376884422112        2.6363683720445050     
  0.20100502512562815        2.5444386745695380     
  0.25125628140703521        2.4610275141503037     
  0.30150753768844224        2.3819935413141731     
  0.35175879396984927        2.3055502752181587     
  0.40201005025125630        2.2490616874081280     
  0.45226130653266333        2.1808794745936551     
  0.50251256281407042        2.1173138108444163     
  0.55276381909547745        2.0651091207688963     
  0.60301507537688448        2.0008280451628870     
  0.65326633165829151        1.9424587409154825     
  0.70351758793969854        1.8892364613328316     
  0.75376884422110557        1.8400317377915079     
  0.80402010050251260        1.7817057374041845     
  0.85427135678391963        1.7283227691408332     
  0.90452261306532666        1.6780669405196489     
  0.95477386934673369        1.6348380422045437     
   1.0050251256281408        1.5968491678516428     
   1.0552763819095479        1.5542273198763321     
   1.1055276381909549        1.5110915683701855     
   1.1557788944723619        1.4705425129077265     
   1.2060301507537690        1.4311819080851766     
   1.2562814070351760        1.3917949523859785     
   1.3065326633165830        1.3590243200074474     
   1.3567839195979901        1.3178834293967310     
   1.4070351758793971        1.2794562568332781     
   1.4572864321608041        1.2502753931130868     
   1.5075376884422111        1.2183736929856392     
   1.5577889447236182        1.1860685759294802     
   1.6080402010050252        1.1522554546585120     
   1.6582914572864322        1.1195716150750661     
   1.7085427135678393        1.0903571735149002     
   1.7587939698492463        1.0672390949973840     
   1.8090452261306533        1.0360001370560286     
   1.8592964824120604        1.0031069881183845     
   1.9095477386934674       0.97605178518503877     
   1.9597989949748744       0.95580233444522189     
   2.0100502512562817       0.92862488156502965     
   2.0603015075376887       0.90713630604638895     
   2.1105527638190957       0.88489935258669195     
   2.1608040201005028       0.86097610550382209     
   2.2110552763819098       0.83386040093127611     
   2.2613065326633168       0.81191398211669352     
   2.3115577889447239       0.78977823790543111     
   2.3618090452261309       0.77053044705519069     
   2.4120603015075379       0.74702282752707660     
   2.4623115577889449       0.72898453855871159     
   2.5125628140703520       0.70926224257103199     
   2.5628140703517590       0.69071763305271383     
   2.6130653266331660       0.67186200176702715     
   2.6633165829145731       0.65373940260292818     
   2.7135678391959801       0.63483812346022439     
   2.7638190954773871       0.61593520918031130     
   2.8140703517587942       0.60315497252155814     
   2.8643216080402012       0.59206368921406105     
   2.9145728643216082       0.57247537743005728     
   2.9648241206030153       0.55970974328660272     
   3.0150753768844223       0.54226457185144650     
   3.0653266331658293       0.53057288797987601     
   3.1155778894472363       0.51951782390141299     
   3.1658291457286434       0.51139343807935644     
   3.2160804020100504       0.49151863108952332     
   3.2663316582914574       0.47802581941490602     
   3.3165829145728645       0.46742936280870201     
   3.3668341708542715       0.45439234444983617     
   3.4170854271356785       0.44676375638020249     
   3.4673366834170856       0.43199536004290939     
   3.5175879396984926       0.41629248470972852     
   3.5678391959798996       0.40153579200512196     
   3.6180904522613067       0.39445066650781641     
   3.6683417085427137       0.38261623109973086     
   3.7185929648241207       0.37553700674992446     
   3.7688442211055277       0.36880522302114166     
   3.8190954773869348       0.36004375390108462     
   3.8693467336683418       0.35089599685770118     
   3.9195979899497488       0.34402466543898147     
   3.9698492462311559       0.33361085198356316     
   4.0201005025125633       0.32547302747552542     
   4.0703517587939704       0.31512880968370238     
   4.1206030150753774       0.30888115745269534     
   4.1708542713567844       0.30178031623699836     
   4.2211055276381915       0.29523488946979681     
   4.2713567839195985       0.28544343414590700     
   4.3216080402010055       0.27663725521105959     
   4.3718592964824126       0.26906497207958024     
   4.4221105527638196       0.26401674771004485     
   4.4723618090452266       0.25806385662806797     
   4.5226130653266337       0.25030999519799735     
   4.5728643216080407       0.24090702651411036     
   4.6231155778894477       0.23538534344481032     
   4.6733668341708547       0.22676806572445246     
   4.7236180904522618       0.22237117755623800     
   4.7738693467336688       0.21911586447592576     
   4.8241206030150758       0.21075705192451041     
   4.8743718592964829       0.20348117743483871     
   4.9246231155778899       0.19666685774759771     
   4.9748743718592969       0.19437364446271244     
   5.0251256281407040       0.19122546960130782     
   5.0753768844221110       0.18463732613185152     
   5.1256281407035180       0.17915605312964675     
   5.1758793969849251       0.17722097202514342     
   5.2261306532663321       0.16984771218503436     
   5.2763819095477391       0.16447816434779736     
   5.3266331658291461       0.16296009707580511     
   5.3768844221105532       0.15935509770302667     
   5.4271356783919602       0.15333556722239247     
   5.4773869346733672       0.14776625161068330     
   5.5276381909547743       0.14418053271238007     
   5.5778894472361813       0.14454323988963705     
   5.6281407035175883       0.14061113608019057     
   5.6783919597989954       0.13732019608886098     
   5.7286432160804024       0.13088905154978830     
   5.7788944723618094       0.12643092037664477     
   5.8291457286432165       0.12343432888271352     
   5.8793969849246235       0.11997421821441920     
   5.9296482412060305       0.11770416127470326     
   5.9798994974874375       0.11587863690239958     
   6.0301507537688446       0.11322029224395559     
   6.0804020100502516       0.10909895528835400     
   6.1306532663316586       0.10787873886761183     
   6.1809045226130657       0.10483440693487711     
   6.2311557788944727       0.10074593988340630     
   6.2814070351758797        9.9741019183950466E-002
   6.3316582914572868        9.4444691241777595E-002
   6.3819095477386938        9.1853854095588813E-002
   6.4321608040201008        9.0593072551732531E-002
   6.4824120603015079        8.6823115022466466E-002
   6.5326633165829149        8.4926812856800718E-002
   6.5829145728643219        8.4158344284593789E-002
   6.6331658291457289        8.2659845766290999E-002
   6.6834170854271360        7.8584541036463590E-002
   6.7336683417085430        7.7118754837262882E-002
   6.7839195979899500        7.3553195192022400E-002
   6.8341708542713571        7.2806616453167147E-002
   6.8844221105527641        6.9820313309227472E-002
   6.9346733668341711        6.6096368238338879E-002
   6.9849246231155782        6.5967669870972162E-002
   7.0351758793969852        6.4389309762463723E-002
   7.0854271356783922        6.2953366119813170E-002
   7.1356783919597992        5.9761977612982076E-002
   7.1859296482412063        5.9244505864674626E-002
   7.2361809045226133        5.8754679759553445E-002
   7.2864321608040203        5.6278991690327893E-002
   7.3366834170854274        5.6890261624062043E-002
   7.3869346733668344        5.5609766239976668E-002
   7.4371859296482414        5.3745796135978983E-002
   7.4874371859296485        5.0930604185138360E-002
   7.5376884422110555        5.0252352155562646E-002
   7.5879396984924625        4.8489465219392805E-002
   7.6381909547738696        4.8087796720893375E-002
   7.6884422110552766        4.6964982155044320E-002
   7.7386934673366836        4.5295048886725114E-002
   7.7889447236180906        4.2169756842222871E-002
   7.8391959798994977        4.0659337551500273E-002
   7.8894472361809047        3.8793790292109817E-002
   7.9396984924623117        3.9946621966957765E-002
   7.9899497487437188        3.8694324495498707E-002
   8.0402010050251267        3.8391457469744775E-002
   8.0904522613065328        3.7528959848618877E-002
   8.1407035175879408        3.5455258024312618E-002
   8.1909547738693469        3.5124145699268271E-002
   8.2412060301507548        3.3534909063407642E-002
   8.2914572864321610        3.2229845356643895E-002
   8.3417085427135689        3.0529051089065347E-002
   8.3919597989949750        2.9332299027565869E-002
   8.4422110552763829        2.8885185726759646E-002
   8.4924623115577891        2.8068427874338109E-002
   8.5427135678391970        2.7644038180862231E-002
   8.5929648241206031        2.7749834672172079E-002
   8.6432160804020111        2.7439444265179781E-002
   8.6934673366834172        2.6271639571513794E-002
   8.7437185929648251        2.4832246465197327E-002
   8.7939698492462313        2.4107318569989857E-002
   8.8442211055276392        2.3868365695301444E-002
   8.8944723618090453        2.3987216464831096E-002
   8.9447236180904532        2.2349599722580660E-002
   8.9949748743718594        2.1210329145778275E-002
   9.0452261306532673        2.0461322009113356E-002
   9.0954773869346734        1.9384034195463768E-002
   9.1457286432160814        1.7748474018611227E-002
   9.1959798994974875        1.6899550437227295E-002
   9.2462311557788954        1.6006053151022225E-002
   9.2964824120603016        1.5679247920328127E-002
   9.3467336683417095        1.4178837498494211E-002
   9.3969849246231156        1.4059624982058943E-002
   9.4472361809045236        1.3853712708106191E-002
   9.4974874371859297        1.3376670766492937E-002
   9.5477386934673376        1.3160805071774412E-002
   9.5979899497487438        1.2807215052548638E-002
   9.6482412060301517        1.1243461433093469E-002
   9.6984924623115578        1.0345304791069598E-002
   9.7487437185929657        1.0505347773581109E-002
   9.7989949748743719        9.2441212998150262E-003
   9.8492462311557798        8.9065339109920816E-003
   9.8994974874371859        8.4475916452030168E-003
   9.9497487437185939        7.3707099344581233E-003
   10.000000000000000        6.3129784688124024E-003
