   0.0000000000000000        2.3753963826201683     
   5.0251256281407038E-002   2.3256097281291019     
  0.10050251256281408        2.2519755224984332     
  0.15075376884422112        2.2119608454737003     
  0.20100502512562815        2.1523483025867289     
  0.25125628140703521        2.1181185266174172     
  0.30150753768844224        2.0662497574387948     
  0.35175879396984927        2.0359467190889853     
  0.40201005025125630        1.9892047410954710     
  0.45226130653266333        1.9616588542118663     
  0.50251256281407042        1.9188702471509351     
  0.55276381909547745        1.8934780273976566     
  0.60301507537688448        1.8537552722894737     
  0.65326633165829151        1.8302281944226557     
  0.70351758793969854        1.7931728211445599     
  0.75376884422110557        1.7711685315776782     
  0.80402010050251260        1.7363943156920720     
  0.85427135678391963        1.7156374322015762     
  0.90452261306532666        1.6826968569270555     
  0.95477386934673369        1.6629475047685232     
   1.0050251256281408        1.6316478070567262     
   1.0552763819095479        1.6128533727326908     
   1.1055276381909549        1.5830459388078646     
   1.1557788944723619        1.5651978566970686     
   1.2060301507537690        1.5367134024742659     
   1.2562814070351760        1.5195794451829190     
   1.3065326633165830        1.4923427343914337     
   1.3567839195979901        1.4759754939731153     
   1.4070351758793971        1.4499470687792981     
   1.4572864321608041        1.4343381973320042     
   1.5075376884422111        1.4093922773456136     
   1.5577889447236182        1.3943093963006405     
   1.6080402010050252        1.3703095196699551     
   1.6582914572864322        1.3559200886725367     
   1.7085427135678393        1.3328690003480417     
   1.7587939698492463        1.3190284522141980     
   1.8090452261306533        1.2967655894584005     
   1.8592964824120604        1.2833581884967571     
   1.9095477386934674        1.2619174913310629     
   1.9597989949748744        1.2489889908186811     
   2.0100502512562817        1.2282737987206771     
   2.0603015075376887        1.2158016523393882     
   2.1105527638190957        1.1957539303439795     
   2.1608040201005028        1.1837529739346402     
   2.2110552763819098        1.1643937926687131     
   2.2613065326633168        1.1527872250647433     
   2.3115577889447239        1.1340597758652240     
   2.3618090452261309        1.1228396748236165     
   2.4120603015075379        1.1047086030150228     
   2.4623115577889449        1.0937785041943529     
   2.5125628140703520        1.0761480818786564     
   2.5628140703517590        1.0655749474766485     
   2.6130653266331660        1.0485090783718110     
   2.6633165829145731        1.0382332514897290     
   2.7135678391959801        1.0216256074199563     
   2.7638190954773871        1.0116659060412014     
   2.8140703517587942       0.99558347442016137     
   2.8643216080402012       0.98590333100819150     
   2.9145728643216082       0.97027618967740881     
   2.9648241206030153       0.96091411142558814     
   3.0150753768844223       0.94572421668582285     
   3.0653266331658293       0.93665723059319805     
   3.1155778894472363       0.92200061186050630     
   3.1658291457286434       0.91321750544184488     
   3.2160804020100504       0.89898925305859723     
   3.2663316582914574       0.89057054865127783     
   3.3165829145728645       0.87671646456785346     
   3.3668341708542715       0.86848337677768273     
   3.4170854271356785       0.85499049215917111     
   3.4673366834170856       0.84700941137736230     
   3.5175879396984926       0.83389970248230383     
   3.5678391959798996       0.82612973432328918     
   3.6180904522613067       0.81337170649459445     
   3.6683417085427137       0.80583707031674201     
   3.7185929648241207       0.79337854208434788     
   3.7688442211055277       0.78602201819552986     
   3.8190954773869348       0.77390054721160784     
   3.8693467336683418       0.76671712681853965     
   3.9195979899497488       0.75495048820274491     
   3.9698492462311559       0.74795222948341333     
   4.0201005025125633       0.73643883390127074     
   4.0703517587939704       0.72963583831565382     
   4.1206030150753774       0.71836759663230809     
   4.1708542713567844       0.71171411060367629     
   4.2211055276381915       0.70083352811257837     
   4.2713567839195985       0.69444613852096548     
   4.3216080402010055       0.68381658444887106     
   4.3718592964824126       0.67756290905305838     
   4.4221105527638196       0.66719886778996362     
   4.4723618090452266       0.66112140982416912     
   4.5226130653266337       0.65103751432421619     
   4.5728643216080407       0.64512248511458326     
   4.6231155778894477       0.63529100656313597     
   4.6733668341708547       0.62951310745245692     
   4.7236180904522618       0.61988841468701483     
   4.7738693467336688       0.61427389717944758     
   4.8241206030150758       0.60488516941495896     
   4.8743718592964829       0.59942590264912898     
   4.9246231155778899       0.59023773713854477     
   4.9748743718592969       0.58490507349059795     
   5.0251256281407040       0.57596638515115062     
   5.0753768844221110       0.57076735920596311     
   5.1256281407035180       0.56210532705469562     
   5.1758793969849251       0.55707400533599793     
   5.2261306532663321       0.54858354813389010     
   5.2763819095477391       0.54365406999225074     
   5.3266331658291461       0.53537521081041517     
   5.3768844221105532       0.53056158489444361     
   5.4271356783919602       0.52248521137642179     
   5.4773869346733672       0.51782212576281450     
   5.5276381909547743       0.50989808184593610     
   5.5778894472361813       0.50533652665011441     
   5.6281407035175883       0.49759857216807829     
   5.6783919597989954       0.49315960211191406     
   5.7286432160804024       0.48557716063721301     
   5.7788944723618094       0.48124165925470402     
   5.8291457286432165       0.47386733967658545     
   5.8793969849246235       0.46965070322292307     
   5.9296482412060305       0.46247129897653505     
   5.9798994974874375       0.45834236980174148     
   6.0301507537688446       0.45131259524500772     
   6.0804020100502516       0.44727464906299608     
   6.1306532663316586       0.44043327048065661     
   6.1809045226130657       0.43652882003233473     
   6.2311557788944727       0.42981661049108355     
   6.2814070351758797       0.42602336873792990     
   6.3316582914572868       0.41946593025923096     
   6.3819095477386938       0.41572113127506388     
   6.4321608040201008       0.40929249556708391     
   6.4824120603015079       0.40562346278583439     
   6.5326633165829149       0.39932487853014614     
   6.5829145728643219       0.39576842399003159     
   6.6331658291457289       0.38960648629432876     
   6.6834170854271360       0.38611235024503349     
   6.7336683417085430       0.38006502534501296     
   6.7839195979899500       0.37665232567373769     
   6.8341708542713571       0.37073980811708884     
   6.8844221105527641       0.36739703838413706     
   6.9346733668341711       0.36161003224856214     
   6.9849246231155782       0.35836597797793285     
   7.0351758793969852       0.35268830754408753     
   7.0854271356783922       0.34950826192113915     
   7.1356783919597992       0.34395437280626612     
   7.1859296482412063       0.34083253838979188     
   7.2361809045226133       0.33538674875390606     
   7.2864321608040203       0.33233341919658244     
   7.3366834170854274       0.32699718164876840     
   7.3869346733668344       0.32400176103597250     
   7.4371859296482414       0.31878945521995805     
   7.4874371859296485       0.31585532486278400     
   7.5376884422110555       0.31077154230809512     
   7.5879396984924625       0.30790216351867361     
   7.6381909547738696       0.30286142652700077     
   7.6884422110552766       0.30006791998386123     
   7.7386934673366836       0.29518928383552612     
   7.7889447236180906       0.29245536459681909     
   7.8391959798994977       0.28762881054061568     
   7.8894472361809047       0.28493446178391690     
   7.9396984924623117       0.28016245869420386     
   7.9899497487437188       0.27750549114125195     
   8.0402010050251267       0.27285371594138796     
   8.0904522613065328       0.27027994677121381     
   8.1407035175879408       0.26568972002934838     
   8.1909547738693469       0.26311329518323651     
   8.2412060301507548       0.25862108773018938     
   8.2914572864321610       0.25609799454260579     
   8.3417085427135689       0.25165508220873073     
   8.3919597989949750       0.24917905227380016     
   8.4422110552763829       0.24481651931239537     
   8.4924623115577891       0.24234842037877119     
   8.5427135678391970       0.23804346139709484     
   8.5929648241206031       0.23562640865636664     
   8.6432160804020111       0.23136706186548689     
   8.6934673366834172       0.22894063203530926     
   8.7437185929648251       0.22475362580870528     
   8.7939698492462313       0.22235275637151303     
   8.8442211055276392       0.21818604698767965     
   8.8944723618090453       0.21582964763543225     
   8.9447236180904532       0.21173984066141319     
   8.9949748743718594       0.20935822595501413     
   9.0452261306532673       0.20529246264254777     
   9.0954773869346734       0.20290607425162838     
   9.1457286432160814       0.19887515022229169     
   9.1959798994974875       0.19650324758334645     
   9.2462311557788954       0.19245035593514936     
   9.2964824120603016       0.19003077338434868     
   9.3467336683417095       0.18599629980486690     
   9.3969849246231156       0.18353197712472588     
   9.4472361809045236       0.17947605424962063     
   9.4974874371859297       0.17699847755839182     
   9.5477386934673376       0.17288005741422685     
   9.5979899497487438       0.17028376459602834     
   9.6482412060301517       0.16607492220887934     
   9.6984924623115578       0.16334258013900324     
   9.7487437185929657       0.15899770639841457     
   9.7989949748743719       0.15606648515376190     
   9.8492462311557798       0.15145919872723201     
   9.8994974874371859       0.14816054156384179     
   9.9497487437185939       0.14310177598602949     
   10.000000000000000       0.13902609122750606     
