   0.0000000000000000        2.9144477648551699     
   5.0251256281407038E-002   2.9114627418165568     
  0.10050251256281408        2.9018743859415195     
  0.15075376884422112        2.8940893001199712     
  0.20100502512562815        2.8828678236062348     
  0.25125628140703521        2.8759129782700485     
  0.30150753768844224        2.8571371862455317     
  0.35175879396984927        2.8451387015991862     
  0.40201005025125630        2.8256633439266277     
  0.45226130653266333        2.8095889817679471     
  0.50251256281407042        2.7921459050795923     
  0.55276381909547745        2.7791034454076589     
  0.60301507537688448        2.7568786183842593     
  0.65326633165829151        2.7422916546990295     
  0.70351758793969854        2.7228264834564189     
  0.75376884422110557        2.6992558272818474     
  0.80402010050251260        2.6739970046893817     
  0.85427135678391963        2.6559112495021791     
  0.90452261306532666        2.6350214458771979     
  0.95477386934673369        2.6201644563381961     
   1.0050251256281408        2.6034107171038214     
   1.0552763819095479        2.5848209735484837     
   1.1055276381909549        2.5634721588255225     
   1.1557788944723619        2.5496668350418688     
   1.2060301507537690        2.5286149622419734     
   1.2562814070351760        2.5068578580335985     
   1.3065326633165830        2.4877208943581199     
   1.3567839195979901        2.4692517494134405     
   1.4070351758793971        2.4474024840854516     
   1.4572864321608041        2.4283683155576599     
   1.5075376884422111        2.4121644275598348     
   1.5577889447236182        2.3927475763073143     
   1.6080402010050252        2.3752414508291513     
   1.6582914572864322        2.3532674062123831     
   1.7085427135678393        2.3324594005944626     
   1.7587939698492463        2.3046034512457676     
   1.8090452261306533        2.2876538527584152     
   1.8592964824120604        2.2726216448767773     
   1.9095477386934674        2.2511428503127116     
   1.9597989949748744        2.2327369324920108     
   2.0100502512562817        2.2173726405724286     
   2.0603015075376887        2.2012492252706273     
   2.1105527638190957        2.1785954586934508     
   2.1608040201005028        2.1559325792927897     
   2.2110552763819098        2.1322094508619225     
   2.2613065326633168        2.1137403472315155     
   2.3115577889447239        2.0963770213691015     
   2.3618090452261309        2.0749828312354945     
   2.4120603015075379        2.0476559674830792     
   2.4623115577889449        2.0330045787555395     
   2.5125628140703520        2.0108749062448679     
   2.5628140703517590        1.9891252247999582     
   2.6130653266331660        1.9700558474646004     
   2.6633165829145731        1.9483287625496908     
   2.7135678391959801        1.9236854739274947     
   2.7638190954773871        1.9077187448594444     
   2.8140703517587942        1.8857723005680687     
   2.8643216080402012        1.8676972015888980     
   2.9145728643216082        1.8509310297698263     
   2.9648241206030153        1.8299851260792521     
   3.0150753768844223        1.8125576820400990     
   3.0653266331658293        1.7938733989826277     
   3.1155778894472363        1.7753247834134562     
   3.1658291457286434        1.7581613826676425     
   3.2160804020100504        1.7402884579015427     
   3.2663316582914574        1.7213699422846327     
   3.3165829145728645        1.7026941570062208     
   3.3668341708542715        1.6809088378169665     
   3.4170854271356785        1.6659452722091501     
   3.4673366834170856        1.6467975027082495     
   3.5175879396984926        1.6293009045935314     
   3.5678391959798996        1.6186955585679130     
   3.6180904522613067        1.6039080616929322     
   3.6683417085427137        1.5918106055088868     
   3.7185929648241207        1.5762126624062625     
   3.7688442211055277        1.5629379415311473     
   3.8190954773869348        1.5481024697964312     
   3.8693467336683418        1.5319321877611825     
   3.9195979899497488        1.5161715617731171     
   3.9698492462311559        1.4953921295285257     
   4.0201005025125633        1.4759842013417594     
   4.0703517587939704        1.4595454287609451     
   4.1206030150753774        1.4442409483738066     
   4.1708542713567844        1.4295621794527931     
   4.2211055276381915        1.4183655007265046     
   4.2713567839195985        1.4068561470104111     
   4.3216080402010055        1.3924099747608478     
   4.3718592964824126        1.3780134287130423     
   4.4221105527638196        1.3584266314656337     
   4.4723618090452266        1.3431158255480944     
   4.5226130653266337        1.3286530329049437     
   4.5728643216080407        1.3143885854306547     
   4.6231155778894477        1.2964098542925553     
   4.6733668341708547        1.2850051201302217     
   4.7236180904522618        1.2745794990453301     
   4.7738693467336688        1.2616974230623377     
   4.8241206030150758        1.2489553332556853     
   4.8743718592964829        1.2363008608698678     
   4.9246231155778899        1.2276721259788255     
   4.9748743718592969        1.2130703540782775     
   5.0251256281407040        1.1991637351462736     
   5.0753768844221110        1.1854142160772110     
   5.1256281407035180        1.1728038684645630     
   5.1758793969849251        1.1597624982928845     
   5.2261306532663321        1.1466055038735523     
   5.2763819095477391        1.1366078031981712     
   5.3266331658291461        1.1219686590607654     
   5.3768844221105532        1.1093242835491304     
   5.4271356783919602        1.0965463773285693     
   5.4773869346733672        1.0882193258791870     
   5.5276381909547743        1.0757441781350281     
   5.5778894472361813        1.0640326984135822     
   5.6281407035175883        1.0522818002308427     
   5.6783919597989954        1.0421153088397797     
   5.7286432160804024        1.0287415632267125     
   5.7788944723618094        1.0181003892095426     
   5.8291457286432165        1.0048600769971838     
   5.8793969849246235       0.99119016133606530     
   5.9296482412060305       0.97834483165833186     
   5.9798994974874375       0.96903128189838683     
   6.0301507537688446       0.95775053398227206     
   6.0804020100502516       0.94692881871139323     
   6.1306532663316586       0.93548520453009276     
   6.1809045226130657       0.92562180975035169     
   6.2311557788944727       0.91261172000800872     
   6.2814070351758797       0.90472843135810654     
   6.3316582914572868       0.89292207827727765     
   6.3819095477386938       0.88236838017230079     
   6.4321608040201008       0.86859311542724116     
   6.4824120603015079       0.85901366000987511     
   6.5326633165829149       0.84756945424571406     
   6.5829145728643219       0.84014219116857258     
   6.6331658291457289       0.82681464351789313     
   6.6834170854271360       0.81547508153149284     
   6.7336683417085430       0.80708111378795300     
   6.7839195979899500       0.79980637709520996     
   6.8341708542713571       0.78818627931516694     
   6.8844221105527641       0.77985425496173877     
   6.9346733668341711       0.77297642991942095     
   6.9849246231155782       0.76389315430768223     
   7.0351758793969852       0.75536088427840964     
   7.0854271356783922       0.74343332693662201     
   7.1356783919597992       0.73367928533158833     
   7.1859296482412063       0.72324993772092472     
   7.2361809045226133       0.71373426551433372     
   7.2864321608040203       0.70514380030602808     
   7.3366834170854274       0.69257493572134399     
   7.3869346733668344       0.68107413338689282     
   7.4371859296482414       0.66942440883548282     
   7.4874371859296485       0.66329930913960933     
   7.5376884422110555       0.65375927880679019     
   7.5879396984924625       0.64691742511506578     
   7.6381909547738696       0.63796261299728174     
   7.6884422110552766       0.63077894331040985     
   7.7386934673366836       0.62032876442413831     
   7.7889447236180906       0.61182183491897035     
   7.8391959798994977       0.60380001798495098     
   7.8894472361809047       0.59500818348814932     
   7.9396984924623117       0.58783766607720234     
   7.9899497487437188       0.58130417175979188     
   8.0402010050251267       0.57415886583486209     
   8.0904522613065328       0.56546463411600156     
   8.1407035175879408       0.55654388314318504     
   8.1909547738693469       0.55027764608987451     
   8.2412060301507548       0.54365078709863290     
   8.2914572864321610       0.53500181714076944     
   8.3417085427135689       0.52517562678281227     
   8.3919597989949750       0.51587564871394587     
   8.4422110552763829       0.50671364798261997     
   8.4924623115577891       0.50167833930340588     
   8.5427135678391970       0.49635222815274110     
   8.5929648241206031       0.49240784494610623     
   8.6432160804020111       0.48625738447496641     
   8.6934673366834172       0.48121480625961965     
   8.7437185929648251       0.47419798361747179     
   8.7939698492462313       0.46655397523263537     
   8.8442211055276392       0.45747720287779003     
   8.8944723618090453       0.44895637349679635     
   8.9447236180904532       0.44232186946199437     
   8.9949748743718594       0.43722462285227537     
   9.0452261306532673       0.42978608459831469     
   9.0954773869346734       0.42218828837901273     
   9.1457286432160814       0.41556323243125870     
   9.1959798994974875       0.40864519645616709     
   9.2462311557788954       0.40264602963846685     
   9.2964824120603016       0.39900597951557221     
   9.3467336683417095       0.39278741155528862     
   9.3969849246231156       0.38849219523362055     
   9.4472361809045236       0.38324755852004044     
   9.4974874371859297       0.37898140435826855     
   9.5477386934673376       0.37052105671941843     
   9.5979899497487438       0.36507588173638567     
   9.6482412060301517       0.35738772976823835     
   9.6984924623115578       0.35328538351275485     
   9.7487437185929657       0.34774451819286883     
   9.7989949748743719       0.34205236154495755     
   9.8492462311557798       0.33730353602582336     
   9.8994974874371859       0.33419646594627517     
   9.9497487437185939       0.32858175635735304     
   10.000000000000000       0.32426901530975766     
