   0.0000000000000000        3.0313569106401594     
   5.0251256281407038E-002   3.0163071205854504     
  0.10050251256281408        3.0015562884626767     
  0.15075376884422112        2.5572525144053802     
  0.20100502512562815        1.9540349352903801     
  0.25125628140703521        1.8259605747381245     
  0.30150753768844224        1.8207666842275920     
  0.35175879396984927        1.8155903275972354     
  0.40201005025125630        1.6718370642864899     
  0.45226130653266333        1.5364887669983058     
  0.50251256281407042        1.5322184216439962     
  0.55276381909547745        1.5279677599849584     
  0.60301507537688448        1.5237311361696080     
  0.65326633165829151        1.5195075131692801     
  0.70351758793969854        1.5152968371743267     
  0.75376884422110557        1.5110990547641738     
  0.80402010050251260        1.5069141129025119     
  0.85427135678391963        1.5027419589325748     
  0.90452261306532666        1.4985825405725037     
  0.95477386934673369        1.4944358059107965     
   1.0050251256281408        1.4903017034018355     
   1.0552763819095479        1.4861801818614970     
   1.1055276381909549        1.4820711904628374     
   1.1557788944723619        1.4779746787318535     
   1.2060301507537690        1.4738854203369167     
   1.2562814070351760        1.4520402496140949     
   1.3065326633165830        1.2035695053362243     
   1.3567839195979901       0.94302304661647873     
   1.4070351758793971       0.74021909597695723     
   1.4572864321608041       0.59186784213931354     
   1.5075376884422111       0.56436651648136837     
   1.5577889447236182       0.56286080082446210     
   1.6080402010050252       0.56135914481602278     
   1.6582914572864322       0.55986153717773368     
   1.7085427135678393       0.55836796666530097     
   1.7587939698492463       0.55687842206832738     
   1.8090452261306533       0.55539289221018695     
   1.8592964824120604       0.55391136594790003     
   1.9095477386934674       0.55243383217200970     
   1.9597989949748744       0.55096027980645823     
   2.0100502512562817       0.54949069780846405     
   2.0603015075376887       0.54802277058618476     
   2.1105527638190957       0.54656016199965385     
   2.1608040201005028       0.54510244248921991     
   2.2110552763819098       0.54364864943422220     
   2.2613065326633168       0.54219877195672528     
   2.3115577889447239       0.54075279921134645     
   2.3618090452261309       0.53931072038513672     
   2.4120603015075379       0.53787252469746372     
   2.4623115577889449       0.53643820139989451     
   2.5125628140703520       0.53500773977607918     
   2.5628140703517590       0.53358112914163480     
   2.6130653266331660       0.53215835884403073     
   2.6633165829145731       0.53073941826247317     
   2.7135678391959801       0.50641487724327505     
   2.7638190954773871       0.40577993784373878     
   2.8140703517587942       0.31929376257939107     
   2.8643216080402012       0.25129256567339514     
   2.9145728643216082       0.21809074436198345     
   2.9648241206030153       0.21736368700151187     
   3.0150753768844223       0.21679842165099236     
   3.0653266331658293       0.21620592607248892     
   3.1155778894472363       0.21562478636907229     
   3.1658291457286434       0.21506408715223863     
   3.2160804020100504       0.21450480547116374     
   3.2663316582914574       0.21391626645995945     
   3.3165829145728645       0.21334360173101258     
   3.3668341708542715       0.21278883751455829     
   3.4170854271356785       0.21223547573527890     
   3.4673366834170856       0.21165087558242662     
   3.5175879396984926       0.21108657097309994     
   3.5678391959798996       0.21053767851466162     
   3.6180904522613067       0.20999017355763736     
   3.6683417085427137       0.20940949448831686     
   3.7185929648241207       0.20885343664084793     
   3.7688442211055277       0.20831035338028983     
   3.8190954773869348       0.20776864284638724     
   3.8693467336683418       0.20719186702317871     
   3.9195979899497488       0.20664394405759465     
   3.9698492462311559       0.20610660810937853     
   4.0201005025125633       0.20557063027226297     
   4.0703517587939704       0.20499773979836020     
   4.1206030150753774       0.20445784129343569     
   4.1708542713567844       0.20392619143908347     
   4.2211055276381915       0.20339588523770355     
   4.2713567839195985       0.20282686216006746     
   4.3216080402010055       0.20229487913453520     
   4.3718592964824126       0.20176885481518314     
   4.4221105527638196       0.20124415984634653     
   4.4723618090452266       0.20067898615879995     
   4.5226130653266337       0.20015481105280938     
   4.5728643216080407       0.19963435236185251     
   4.6231155778894477       0.19911520887289147     
   4.6733668341708547       0.19855386651915616     
   4.7236180904522618       0.19803739317597710     
   4.7738693467336688       0.19752244085180243     
   4.8241206030150758       0.19700687099943806     
   4.8743718592964829       0.19645317934389470     
   4.9246231155778899       0.19594238425797217     
   4.9748743718592969       0.19543287967677966     
   5.0251256281407040       0.19492065361549216     
   5.0753768844221110       0.19437493725504643     
   5.1256281407035180       0.19386954564971220     
   5.1758793969849251       0.19336543081842197     
   5.2261306532663321       0.19285653524179380     
   5.2763819095477391       0.19231868691191367     
   5.3266331658291461       0.19181864127021872     
   5.3768844221105532       0.19131985881946345     
   5.4271356783919602       0.19081428032925010     
   5.4773869346733672       0.19028419415466283     
   5.5276381909547743       0.18978943757808395     
   5.5778894472361813       0.18929593075528503     
   5.6281407035175883       0.18879365586477462     
   5.6783919597989954       0.18827122734169954     
   5.7286432160804024       0.18778170354327864     
   5.7788944723618094       0.17916630974295775     
   5.8291457286432165       0.16973643035728220     
   5.8793969849246235       0.16928553520105369     
   5.9296482412060305       0.16883535886905962     
   5.9798994974874375       0.16838737383657804     
   6.0301507537688446       0.16794057568233869     
   6.0804020100502516       0.16749359432684316     
   6.1306532663316586       0.16704903304238083     
   6.1809045226130657       0.16660578428858225     
   6.2311557788944727       0.16616299694247411     
   6.2814070351758797       0.16572132236231937     
   6.3316582914572868       0.16042936343091460     
   6.3819095477386938       0.13048035192414772     
   6.4321608040201008       0.11929675706784483     
   6.4824120603015079       0.11898031053962184     
   6.5326633165829149       0.11866487347751831     
   6.5829145728643219       0.11834813430946652     
   6.6331658291457289       0.11803415821258852     
   6.6834170854271360       0.11772122118521508     
   6.7336683417085430       0.11740702956804330     
   6.7839195979899500       0.11709550449125204     
   6.8341708542713571       0.11678504755500423     
   6.8844221105527641       0.11647338287311222     
   6.9346733668341711       0.11616428955778312     
   6.9849246231155782       0.11585629292830613     
   7.0351758793969852       0.11554713473304858     
   7.0854271356783922       0.11524045407196817     
   7.1356783919597992       0.11459999797399613     
   7.1859296482412063        9.8321914691925291E-002
   7.2361809045226133        7.7350416046423690E-002
   7.2864321608040203        6.5699437310632325E-002
   7.3366834170854274        6.5260578586406215E-002
   7.3869346733668344        6.5086776514432954E-002
   7.4371859296482414        6.4913429729987066E-002
   7.4874371859296485        6.4740103502219079E-002
   7.5376884422110555        6.4566292861074848E-002
   7.5879396984924625        6.4394314685851869E-002
   7.6381909547738696        6.4222786945788368E-002
   7.6884422110552766        6.4051654697626484E-002
   7.7386934673366836        6.3879291499486887E-002
   7.7889447236180906        6.3709117784546243E-002
   7.8391959798994977        6.3539389703468702E-002
   7.8894472361809047        6.3370106074233754E-002
   7.9396984924623117        6.3199815010376262E-002
   7.9899497487437188        6.3031108396470789E-002
   8.0402010050251267        6.2863160792953066E-002
   8.0904522613065328        6.2695652902942864E-002
   8.1407035175879408        6.2527514439840184E-002
   8.1909547738693469        6.2360209921929428E-002
   8.2412060301507548        6.2194023816323898E-002
   8.2914572864321610        6.2028272735736745E-002
   8.3417085427135689        5.7214807791022941E-002
   8.3919597989949750        4.5118520721519853E-002
   8.4422110552763829        3.5375132125066634E-002
   8.4924623115577891        2.7655023371949899E-002
   8.5427135678391970        2.1509218504998037E-002
   8.5929648241206031        1.6605975425209498E-002
   8.6432160804020111        1.2648039710965800E-002
   8.6934673366834172        9.3980799262603533E-003
   8.7437185929648251        7.2722759268668462E-003
   8.7939698492462313        7.1217703642953616E-003
   8.8442211055276392        7.0928375707829620E-003
   8.8944723618090453        7.0639583412054289E-003
   8.9447236180904532        7.0352563413141351E-003
   8.9949748743718594        7.0065961008931839E-003
   9.0452261306532673        6.9779718696229382E-003
   9.0954773869346734        6.9491212765887501E-003
   9.1457286432160814        6.9205853468081741E-003
   9.1959798994974875        6.8920899618987140E-003
   9.2462311557788954        6.8636348165299205E-003
   9.2964824120603016        6.8350755480728921E-003
   9.3467336683417095        6.8065677559584420E-003
   9.3969849246231156        6.7782322770546313E-003
   9.4472361809045236        6.7499357880665169E-003
   9.4974874371859297        6.7216721788369484E-003
   9.5477386934673376        6.6931835593799678E-003
   9.5979899497487438        6.6650029162417818E-003
   9.6482412060301517        6.6368599806772002E-003
   9.6984924623115578        6.6087544290653394E-003
   9.7487437185929657        6.5805432154734771E-003
   9.7989949748743719        5.8365240400326890E-003
   9.8492462311557798        3.5190841387689009E-003
   9.8994974874371859        2.7991095958816293E-003
   9.9497487437185939        2.7632948612762221E-003
   10.000000000000000        2.7270123551423353E-003
