   0.0000000000000000        2.0604501110803755     
   5.0251256281407036E-003   2.0604501110803755     
   1.0050251256281407E-002   2.0604501110803755     
   1.5075376884422110E-002   2.0604501110803755     
   2.0100502512562814E-002   2.0604501110803755     
   2.5125628140703519E-002   2.0604501110803755     
   3.0150753768844220E-002   2.0604501110803755     
   3.5175879396984924E-002   2.0604501110803755     
   4.0201005025125629E-002   2.0604501110803755     
   4.5226130653266333E-002   2.0604501110803755     
   5.0251256281407038E-002   2.0604501110803755     
   5.5276381909547742E-002   2.0604501110803755     
   6.0301507537688440E-002   2.0604501110803755     
   6.5326633165829151E-002   2.0604501110803755     
   7.0351758793969849E-002   2.0604501110803755     
   7.5376884422110560E-002   2.0604501110803755     
   8.0402010050251257E-002   2.0604501110803755     
   8.5427135678391955E-002   2.0604501110803755     
   9.0452261306532666E-002   2.0604501110803755     
   9.5477386934673364E-002   2.0604501110803768     
  0.10050251256281408        2.0470076414065010     
  0.10552763819095477        2.0470076414065010     
  0.11055276381909548        2.0470076414065010     
  0.11557788944723618        2.0470076414065010     
  0.12060301507537688        2.0470076414065010     
  0.12562814070351758        2.0470076414065010     
  0.13065326633165830        2.0470076414065010     
  0.13567839195979900        2.0470076414065010     
  0.14070351758793970        2.0470076414065010     
  0.14572864321608039        2.0470076414065010     
  0.15075376884422112        2.0470076414065010     
  0.15577889447236182        2.0470076414065010     
  0.16080402010050251        2.0470076414065010     
  0.16582914572864321        2.0470076414065010     
  0.17085427135678391        2.0470076414065010     
  0.17587939698492464        2.0470076414065010     
  0.18090452261306533        2.0470076414065010     
  0.18592964824120603        2.0470076414065010     
  0.19095477386934673        2.0470076414065010     
  0.19597989949748745        2.0470076414065028     
  0.20100502512562815        2.0335720066541421     
  0.20603015075376885        2.0335720066541421     
  0.21105527638190955        2.0335720066541421     
  0.21608040201005024        2.0335720066541421     
  0.22110552763819097        2.0335720066541421     
  0.22613065326633167        2.0335720066541421     
  0.23115577889447236        2.0335720066541421     
  0.23618090452261306        2.0335720066541421     
  0.24120603015075376        2.0335720066541421     
  0.24623115577889448        2.0335720066541421     
  0.25125628140703515        2.0335720066541421     
  0.25628140703517588        2.0335720066541421     
  0.26130653266331660        2.0335720066541421     
  0.26633165829145727        2.0335720066541421     
  0.27135678391959800        2.0335720066541421     
  0.27638190954773872        2.0335720066541421     
  0.28140703517587939        2.0335720066541421     
  0.28643216080402012        2.0335720066541421     
  0.29145728643216079        2.0335720066541421     
  0.29648241206030151        2.0335720066541434     
  0.30150753768844224        2.0201412523030586     
  0.30653266331658291        2.0201412523030586     
  0.31155778894472363        2.0201412523030586     
  0.31658291457286430        2.0201412523030586     
  0.32160804020100503        2.0201412523030586     
  0.32663316582914576        2.0201412523030586     
  0.33165829145728642        2.0201412523030586     
  0.33668341708542715        2.0201412523030586     
  0.34170854271356782        2.0201412523030586     
  0.34673366834170855        2.0201412523030586     
  0.35175879396984927        2.0201412523030586     
  0.35678391959798994        2.0201412523030586     
  0.36180904522613067        2.0201412523030586     
  0.36683417085427134        2.0201412523030586     
  0.37185929648241206        2.0201412523030586     
  0.37688442211055279        2.0201412523030586     
  0.38190954773869346        2.0201412523030586     
  0.38693467336683418        2.0201412523030586     
  0.39195979899497491        2.0201412523030586     
  0.39698492462311558        2.0201412523030600     
  0.40201005025125630        2.0067134255186532     
  0.40703517587939697        2.0067134255186532     
  0.41206030150753770        2.0067134255186532     
  0.41708542713567842        2.0067134255186532     
  0.42211055276381909        2.0067134255186532     
  0.42713567839195982        2.0067134255186532     
  0.43216080402010049        2.0067134255186532     
  0.43718592964824121        2.0067134255186532     
  0.44221105527638194        2.0067134255186532     
  0.44723618090452261        2.0067134255186532     
  0.45226130653266333        2.0067134255186532     
  0.45728643216080400        2.0067134255186532     
  0.46231155778894473        2.0067134255186532     
  0.46733668341708545        2.0067134255186532     
  0.47236180904522612        2.0067134255186532     
  0.47738693467336685        2.0067134255186532     
  0.48241206030150752        2.0067134255186532     
  0.48743718592964824        2.0067134255186532     
  0.49246231155778897        2.0067134255186532     
  0.49748743718592964        2.0067134255186541     
  0.50251256281407031        1.9932865744774739     
  0.50753768844221103        1.9932865744774739     
  0.51256281407035176        1.9932865744774739     
  0.51758793969849248        1.9932865744774739     
  0.52261306532663321        1.9932865744774739     
  0.52763819095477382        1.9932865744774739     
  0.53266331658291455        1.9932865744774739     
  0.53768844221105527        1.9932865744774739     
  0.54271356783919600        1.9932865744774739     
  0.54773869346733672        1.9932865744774739     
  0.55276381909547745        1.9932865744774739     
  0.55778894472361806        1.9932865744774739     
  0.56281407035175879        1.9932865744774739     
  0.56783919597989951        1.9932865744774739     
  0.57286432160804024        1.9932865744774739     
  0.57788944723618096        1.9932865744774739     
  0.58291457286432158        1.9932865744774739     
  0.58793969849246230        1.9932865744774739     
  0.59296482412060303        1.9932865744774739     
  0.59798994974874375        1.9932865744774746     
  0.60301507537688448        1.9798587476930785     
  0.60804020100502509        1.9798587476930785     
  0.61306532663316582        1.9798587476930785     
  0.61809045226130654        1.9798587476930785     
  0.62311557788944727        1.9798587476930785     
  0.62814070351758799        1.9798587476930785     
  0.63316582914572861        1.9798587476930785     
  0.63819095477386933        1.9798587476930785     
  0.64321608040201006        1.9798587476930785     
  0.64824120603015079        1.9798587476930785     
  0.65326633165829151        1.9798587476930785     
  0.65829145728643212        1.9798587476930785     
  0.66331658291457285        1.9798587476930785     
  0.66834170854271358        1.9798587476930785     
  0.67336683417085430        1.9798587476930785     
  0.67839195979899503        1.9798587476930785     
  0.68341708542713564        1.9798587476930785     
  0.68844221105527637        1.9798587476930785     
  0.69346733668341709        1.9798587476930785     
  0.69849246231155782        1.9798587476930785     
  0.70351758793969854        1.9664279933420150     
  0.70854271356783916        1.9664279933420150     
  0.71356783919597988        1.9664279933420150     
  0.71859296482412061        1.9664279933420150     
  0.72361809045226133        1.9664279933420150     
  0.72864321608040206        1.9664279933420150     
  0.73366834170854267        1.9664279933420150     
  0.73869346733668340        1.9664279933420150     
  0.74371859296482412        1.9664279933420150     
  0.74874371859296485        1.9664279933420150     
  0.75376884422110557        1.9664279933420150     
  0.75879396984924630        1.9664279933420150     
  0.76381909547738691        1.9664279933420150     
  0.76884422110552764        1.9664279933420150     
  0.77386934673366836        1.9664279933420150     
  0.77889447236180909        1.9664279933420150     
  0.78391959798994981        1.9664279933420150     
  0.78894472361809043        1.9664279933420150     
  0.79396984924623115        1.9664279933420150     
  0.79899497487437188        1.9664279933420150     
  0.80402010050251260        1.9529923585896862     
  0.80904522613065333        1.9529923585896862     
  0.81407035175879394        1.9529923585896862     
  0.81909547738693467        1.9529923585896862     
  0.82412060301507539        1.9529923585896862     
  0.82914572864321612        1.9529923585896862     
  0.83417085427135684        1.9529923585896862     
  0.83919597989949746        1.9529923585896862     
  0.84422110552763818        1.9529923585896862     
  0.84924623115577891        1.9529923585896862     
  0.85427135678391963        1.9529923585896862     
  0.85929648241206036        1.9529923585896862     
  0.86432160804020097        1.9529923585896862     
  0.86934673366834170        1.9529923585896862     
  0.87437185929648242        1.9529923585896862     
  0.87939698492462315        1.9529923585896862     
  0.88442211055276387        1.9529923585896862     
  0.88944723618090449        1.9529923585896862     
  0.89447236180904521        1.9529923585896862     
  0.89949748743718594        1.9529923585896860     
  0.90452261306532666        1.9395498889158522     
  0.90954773869346739        1.9395498889158522     
  0.91457286432160800        1.9395498889158522     
  0.91959798994974873        1.9395498889158522     
  0.92462311557788945        1.9395498889158522     
  0.92964824120603018        1.9395498889158522     
  0.93467336683417090        1.9395498889158522     
  0.93969849246231152        1.9395498889158522     
  0.94472361809045224        1.9395498889158522     
  0.94974874371859297        1.9395498889158522     
  0.95477386934673369        1.9395498889158522     
  0.95979899497487442        1.9395498889158522     
  0.96482412060301503        1.9395498889158522     
  0.96984924623115576        1.9395498889158522     
  0.97487437185929648        1.9395498889158522     
  0.97989949748743721        1.9395498889158522     
  0.98492462311557794        1.9395498889158522     
  0.98994974874371866        1.9395498889158522     
  0.99497487437185927        1.9395498889158522     
   1.0000000000000000        1.9395498889155094     
