   0.0000000000000000        3.0361130305520154     
   5.0251256281407038E-002   3.0332303678160897     
  0.10050251256281408        3.0301206412511372     
  0.15075376884422112        3.0272607651193040     
  0.20100502512562815        3.0241762073375971     
  0.25125628140703521        3.0213387466628991     
  0.30150753768844224        3.0182789484290620     
  0.35175879396984927        3.0154635388306308     
  0.40201005025125630        3.0124280984351408     
  0.45226130653266333        3.0096343821722495     
  0.50251256281407042        3.0066229052898188     
  0.55276381909547745        3.0038505311382990     
  0.60301507537688448        3.0008626306889519     
  0.65326633165829151        2.9981112538199151     
  0.70351758793969854        2.9951465498326502     
  0.75376884422110557        2.9924158316934961     
  0.80402010050251260        2.9894739511725814     
  0.85427135678391963        2.9867635593702113     
  0.90452261306532666        2.9838441361639814     
  0.95477386934673369        2.9811537443502076     
   1.0050251256281408        2.9782564190223564     
   1.0552763819095479        2.9755857067814766     
   1.1055276381909549        2.9727101264847544     
   1.1557788944723619        2.9700587792231770     
   1.2060301507537690        2.9672045975755421     
   1.2562814070351760        2.9645723064135296     
   1.3065326633165830        2.9617391833765829     
   1.3567839195979901        2.9591256450419987     
   1.4070351758793971        2.9563132468017441     
   1.4572864321608041        2.9537181635257856     
   1.5075376884422111        2.9509261623756475     
   1.5577889447236182        2.9483492417905381     
   1.6080402010050252        2.9455773160165890     
   1.6582914572864322        2.9430182710551764     
   1.7085427135678393        2.9402661048235355     
   1.7587939698492463        2.9377246536207755     
   1.8090452261306533        2.9349919368671427     
   1.8592964824120604        2.9324678026634201     
   1.9095477386934674        2.9297542309846958     
   1.9597989949748744        2.9269012228286226     
   2.0100502512562817        2.8069375949376822     
   2.0603015075376887        2.6067788195485257     
   2.1105527638190957        2.4409395169898773     
   2.1608040201005028        2.2948736924629958     
   2.2110552763819098        2.1624036049595099     
   2.2613065326633168        2.0404474688797736     
   2.3115577889447239        1.9272440125534895     
   2.3618090452261309        1.8216398537249279     
   2.4120603015075379        1.7227933046123116     
   2.4623115577889449        1.6300436650348651     
   2.5125628140703520        1.5428481373754277     
   2.5628140703517590        1.4607477656896888     
   2.6130653266331660        1.3833468271829170     
   2.6633165829145731        1.3102991302430340     
   2.7135678391959801        1.2405354530926855     
   2.7638190954773871        1.1749524056008278     
   2.8140703517587942        1.1133767726025907     
   2.8643216080402012        1.0550913041662429     
   2.9145728643216082       0.99989280393364666     
   2.9648241206030153       0.94759458515236017     
   3.0150753768844223       0.89802435377783463     
   3.0653266331658293       0.85102247797421704     
   3.1155778894472363       0.80644055840232598     
   3.1658291457286434       0.76414023451295532     
   3.2160804020100504       0.72399217748146250     
   3.2663316582914574       0.68587523192489297     
   3.3165829145728645       0.64967567717921293     
   3.3668341708542715       0.61528658542768844     
   3.4170854271356785       0.58237614079952105     
   3.4673366834170856       0.55099828496997016     
   3.5175879396984926       0.52151443772213169     
   3.5678391959798996       0.49346607841301915     
   3.6180904522613067       0.46677329775323112     
   3.6683417085427137       0.44136035163234000     
   3.7185929648241207       0.41715536054359997     
   3.7688442211055277       0.39409003039699719     
   3.8190954773869348       0.37209939086948535     
   3.8693467336683418       0.35112154770744008     
   3.9195979899497488       0.33109744548726289     
   3.9698492462311559       0.31197063724887536     
   4.0201005025125633       0.29368705712052595     
   4.0703517587939704       0.27619479150738036     
   4.1206030150753774       0.25939279859960102     
   4.1708542713567844       0.24309750022981469     
   4.2211055276381915       0.22770884475417924     
   4.2713567839195985       0.21291764499440902     
   4.3216080402010055       0.19867881168999688     
   4.3718592964824126       0.18494748593303181     
   4.4221105527638196       0.17167843468191893     
   4.4723618090452266       0.15882517186188275     
   4.5226130653266337       0.14633851899277664     
   4.5728643216080407       0.13472415364228094     
   4.6231155778894477       0.13023868149869902     
   4.6733668341708547       0.13012478841605704     
   4.7236180904522618       0.13000502995416577     
   4.7738693467336688       0.12987655782253077     
   4.8241206030150758       0.12976273020339937     
   4.8743718592964829       0.12964892225275612     
   4.9246231155778899       0.12952006358956739     
   4.9748743718592969       0.12940087737001171     
   5.0251256281407040       0.12928713397158456     
   5.0753768844221110       0.12916964535776540     
   5.1256281407035180       0.12903922771251200     
   5.1758793969849251       0.12892554815937807     
   5.2261306532663321       0.12881188778177516     
   5.2763819095477391       0.12868530709580916     
   5.3266331658291461       0.12856416258365519     
   5.3768844221105532       0.12845056511878525     
   5.4271356783919602       0.12833533699968980     
   5.4773869346733672       0.12820297498928318     
   5.5276381909547743       0.12808943971345252     
   5.5778894472361813       0.12797592310849518     
   5.6281407035175883       0.12785161076322440     
   5.6783919597989954       0.12772850927986606     
   5.7286432160804024       0.12761505390889410     
   5.7788944723618094       0.12750161691867795     
   5.8291457286432165       0.12736823164268404     
   5.8793969849246235       0.12725437662973105     
   5.9296482412060305       0.12714099990514638     
   5.9798994974874375       0.12701894637839004     
   6.0301507537688446       0.12689388892856884     
   6.0804020100502516       0.12678057171768031     
   6.1306532663316586       0.12666727236321296     
   6.1809045226130657       0.12653615309221480     
   6.2311557788944727       0.12642032998021166     
   6.2814070351758797       0.12630708914651098     
   6.3316582914572868       0.12618728503171353     
   6.3819095477386938       0.12606027229048250     
   6.4321608040201008       0.12594708920622416     
   6.4824120603015079       0.12583392344052596     
   6.5326633165829149       0.12570506045903374     
   6.5829145728643219       0.12558727010449480     
   6.6331658291457289       0.12547416106929421     
   6.6834170854271360       0.12535659707695371     
   6.7336683417085430       0.12522762937573823     
   6.7839195979899500       0.12511457627918318     
   6.8341708542713571       0.12500153994900592     
   6.8844221105527641       0.12487492364949453     
   6.9346733668341711       0.12475516656691286     
   6.9849246231155782       0.12464218512888883     
   7.0351758793969852       0.12452685208815020     
   7.0854271356783922       0.12439592939984018     
   7.1356783919597992       0.12428300204037730     
   7.1859296482412063       0.12417009087994253     
   7.2361809045226133       0.12404571176395512     
   7.2864321608040203       0.12392398811090231     
   7.3366834170854274       0.12381112995335758     
   7.3869346733668344       0.12369801881378867     
   7.4371859296482414       0.12356514073678980     
   7.4874371859296485       0.12345233474551251     
   7.5376884422110555       0.12333954436984543     
   7.5879396984924625       0.12321739304925136     
   7.6381909547738696       0.12309370261043233     
   7.6884422110552766       0.12298096329444588     
   7.7386934673366836       0.12286823925748717     
   7.7889447236180906       0.12273705673970900     
   7.8391959798994977       0.12262254175184910     
   7.8894472361809047       0.12250986764968076     
   7.9396984924623117       0.12238993484810454     
   7.9899497487437188       0.12226427701829042     
   8.0402010050251267       0.12215165197542319     
   8.0904522613065328       0.12203904160108776     
   8.1407035175879408       0.12191008271267868     
   8.1909547738693469       0.12179358946461039     
   8.2412060301507548       0.12168102699081899     
   8.2914572864321610       0.12156330354525868     
   8.3417085427135689       0.12143567731101473     
   8.3919597989949750       0.12132316183554116     
   8.4422110552763829       0.12121066039944460     
   8.4924623115577891       0.12094697100008875     
   8.5427135678391970       0.11334188857572308     
   8.5929648241206031       0.10160374156643437     
   8.6432160804020111        8.9713563682827721E-002
   8.6934673366834172        7.7214492371893248E-002
   8.7437185929648251        6.5859522494487038E-002
   8.7939698492462313        6.4520650622079845E-002
   8.8442211055276392        6.4368668398112436E-002
   8.8944723618090453        6.4216329867553795E-002
   8.9447236180904532        6.4063201271139708E-002
   8.9949748743718594        6.3909632085744864E-002
   9.0452261306532673        6.3756199963777571E-002
   9.0954773869346734        6.3602398013968844E-002
   9.1457286432160814        6.3448222793853107E-002
   9.1959798994974875        6.3293670829191032E-002
   9.2462311557788954        6.3138738613668588E-002
   9.2964824120603016        6.2983422608593340E-002
   9.3467336683417095        6.2827719242587704E-002
   9.3969849246231156        6.2671624911279436E-002
   9.4472361809045236        6.2515135976988948E-002
   9.4974874371859297        6.2357547097574226E-002
   9.5477386934673376        6.2199994182116407E-002
   9.5979899497487438        6.2042294125270896E-002
   9.6482412060301517        6.1884184501671997E-002
   9.6984924623115578        6.1725661501378697E-002
   9.7487437185929657        6.1566721279192750E-002
   9.7989949748743719        6.1407359954324496E-002
   9.8492462311557798        6.1247573610055686E-002
   9.8994974874371859        6.1087358293398897E-002
   9.9497487437185939        6.0926710014753957E-002
   10.000000000000000        6.0765624747560421E-002
