   0.0000000000000000        2.9060653991983489     
   5.0251256281407038E-002   2.7121594267659028     
  0.10050251256281408        2.5449465212647135     
  0.15075376884422112        2.4066634139267884     
  0.20100502512562815        2.2791182991818193     
  0.25125628140703521        2.1685879925792877     
  0.30150753768844224        2.0635945391284358     
  0.35175879396984927        1.9708041032431096     
  0.40201005025125630        1.8810007333179510     
  0.45226130653266333        1.8007543430072317     
  0.50251256281407042        1.7221228802164563     
  0.55276381909547745        1.6513956920787827     
  0.60301507537688448        1.5815433115097028     
  0.65326633165829151        1.5184835699340260     
  0.70351758793969854        1.4557472175044588     
  0.75376884422110557        1.3989596187033997     
  0.80402010050251260        1.3421945640553303     
  0.85427135678391963        1.2907603133433991     
  0.90452261306532666        1.2391598451994272     
  0.95477386934673369        1.1923687417266573     
   1.0050251256281408        1.1452583352299046     
   1.0552763819095479        1.1024846695348347     
   1.1055276381909549        1.0592886492393192     
   1.1557788944723619        1.0200933774832242     
   1.2060301507537690       0.98040888587102526     
   1.2562814070351760       0.94434906342150904     
   1.3065326633165830       0.90772295021103011     
   1.3567839195979901       0.87452190164861732     
   1.4070351758793971       0.84076043484832341     
   1.4572864321608041       0.81017719810488709     
   1.5075376884422111       0.77902915500185599     
   1.5577889447236182       0.75083911790149416     
   1.6080402010050252       0.72206941064010799     
   1.6582914572864322       0.69604528274051780     
   1.7085427135678393       0.66944177651336079     
   1.7587939698492463       0.64537997839379024     
   1.8090452261306533       0.62072635899945816     
   1.8592964824120604       0.59847893772004712     
   1.9095477386934674       0.57565785015673032     
   1.9597989949748744       0.55508911769383062     
   2.0100502512562817       0.53395637695357934     
   2.0603015075376887       0.51490630108127733     
   2.1105527638190957       0.49530865992816320     
   2.1608040201005028       0.47768401232306873     
   2.2110552763819098       0.45952489412994890     
   2.2613065326633168       0.44321433711523694     
   2.3115577889447239       0.42637530197008883     
   2.3618090452261309       0.41126101515349284     
   2.4120603015075379       0.39562292802189403     
   2.4623115577889449       0.38161251608994395     
   2.5125628140703520       0.36709535117057218     
   2.5628140703517590       0.35411009536116972     
   2.6130653266331660       0.34063851285359553     
   2.6633165829145731       0.32859634684207778     
   2.7135678391959801       0.31608898528953000     
   2.7638190954773871       0.30494117573780144     
   2.8140703517587942       0.29334101607473295     
   2.8643216080402012       0.28302106637952451     
   2.9145728643216082       0.27225113842102450     
   2.9648241206030153       0.26267575610817656     
   3.0150753768844223       0.25267613559130891     
   3.0653266331658293       0.24380348349407607     
   3.1155778894472363       0.23451694762328137     
   3.1658291457286434       0.22629424061035577     
   3.2160804020100504       0.21766426201718247     
   3.2663316582914574       0.21002888773862341     
   3.3165829145728645       0.20201493284201463     
   3.3668341708542715       0.19494234060238555     
   3.4170854271356785       0.18750004038239673     
   3.4673366834170856       0.18094654097111582     
   3.5175879396984926       0.17403591298989349     
   3.5678391959798996       0.16796266434054119     
   3.6180904522613067       0.16154055812539608     
   3.6683417085427137       0.15590947616146758     
   3.7185929648241207       0.14994039553019126     
   3.7688442211055277       0.14471582635785299     
   3.8190954773869348       0.13917329165382653     
   3.8693467336683418       0.13433101524425142     
   3.9195979899497488       0.12918244333543921     
   3.9698492462311559       0.12469804179977378     
   4.0201005025125633       0.11991724095136781     
   4.0703517587939704       0.11576802030960841     
   4.1206030150753774       0.11133086998012734     
   4.1708542713567844       0.10748376470424678     
   4.2211055276381915       0.10335580664073703     
   4.2713567839195985        9.9783021771375255E-002
   4.3216080402010055        9.5948248901488120E-002
   4.3718592964824126        9.2637053782456458E-002
   4.4221105527638196        8.9075659999736101E-002
   4.4723618090452266        8.6004683651660613E-002
   4.5226130653266337        8.2691168458921979E-002
   4.5728643216080407        7.9840989289147124E-002
   4.6231155778894477        7.6757838605825843E-002
   4.6733668341708547        7.4110992339058421E-002
   4.7236180904522618        7.1243023546722031E-002
   4.7738693467336688        6.8787328811821605E-002
   4.8241206030150758        6.6118327285003373E-002
   4.8743718592964829        6.3843066278890179E-002
   4.9246231155778899        6.1366582085946836E-002
   4.9748743718592969        5.9259705080369783E-002
   5.0251256281407040        5.6956786418834469E-002
   5.0753768844221110        5.5003339339078042E-002
   5.1256281407035180        5.2862749272455309E-002
   5.1758793969849251        5.1052189062244471E-002
   5.2261306532663321        4.9061946114360197E-002
   5.2763819095477391        4.7382773550471061E-002
   5.3266331658291461        4.5535562424567737E-002
   5.3768844221105532        4.3981094680444220E-002
   5.4271356783919602        4.2263534199573481E-002
   5.4773869346733672        4.0822980067658797E-002
   5.5276381909547743        3.9225088611427379E-002
   5.5778894472361813        3.7889446819934884E-002
   5.6281407035175883        3.6405647738987454E-002
   5.6783919597989954        3.5169368300879640E-002
   5.7286432160804024        3.3789900996862542E-002
   5.7788944723618094        3.2643061838346546E-002
   5.8291457286432165        3.1359879212384263E-002
   5.8793969849246235        3.0297014189713842E-002
   5.9296482412060305        2.9103387484586348E-002
   5.9798994974874375        2.8119326525094326E-002
   6.0301507537688446        2.7010516985852294E-002
   6.0804020100502516        2.6098926634346511E-002
   6.1306532663316586        2.5066468101840114E-002
   6.1809045226130657        2.4221259151236928E-002
   6.2311557788944727        2.3261592935131678E-002
   6.2814070351758797        2.2477759981391589E-002
   6.3316582914572868        2.1584208759037882E-002
   6.3819095477386938        2.0858338053817219E-002
   6.4321608040201008        2.0027915563609708E-002
   6.4824120603015079        1.9354959162142624E-002
   6.5326633165829149        1.8582857299621152E-002
   6.5829145728643219        1.7961158395037136E-002
   6.6331658291457289        1.7244342097582483E-002
   6.6834170854271360        1.6668344175780097E-002
   6.7336683417085430        1.6000943893714634E-002
   6.7839195979899500        1.5468157678222823E-002
   6.8341708542713571        1.4848159551794832E-002
   6.8844221105527641        1.4353879665746729E-002
   6.9346733668341711        1.3776112491158288E-002
   6.9849246231155782        1.3317653449149626E-002
   7.0351758793969852        1.2779490433769070E-002
   7.0854271356783922        1.2354327101626685E-002
   7.1356783919597992        1.1853003664731944E-002
   7.1859296482412063        1.1459388309529051E-002
   7.2361809045226133        1.0992460712954023E-002
   7.2864321608040203        1.0626712661255892E-002
   7.3366834170854274        1.0190444306201592E-002
   7.3869346733668344        9.8510053506861983E-003
   7.4371859296482414        9.4443513972170042E-003
   7.4874371859296485        9.1291827995167371E-003
   7.5376884422110555        8.7510203345064642E-003
   7.5879396984924625        8.4593324214638291E-003
   7.6381909547738696        8.1062700870042480E-003
   7.6884422110552766        7.8359115064418321E-003
   7.7386934673366836        7.5069847565549267E-003
   7.7889447236180906        7.2559733130564373E-003
   7.8391959798994977        6.9486085824894094E-003
   7.8894472361809047        6.7154655455937051E-003
   7.9396984924623117        6.4279893222384038E-003
   7.9899497487437188        6.2115521994541567E-003
   8.0402010050251267        5.9426426074132774E-003
   8.0904522613065328        5.7410117027659677E-003
   8.1407035175879408        5.4895675261096540E-003
   8.1909547738693469        5.3019096140138090E-003
   8.2412060301507548        5.0669930634232915E-003
   8.2914572864321610        4.8926002330774787E-003
   8.3417085427135689        4.6731564487974778E-003
   8.3919597989949750        4.5113834581583983E-003
   8.4422110552763829        4.3062844178748637E-003
   8.4924623115577891        4.1566908096422788E-003
   8.5427135678391970        3.9649874693131019E-003
   8.5929648241206031        3.8259516731026298E-003
   8.6432160804020111        3.6460958579124141E-003
   8.6934673366834172        3.5167034522777048E-003
   8.7437185929648251        3.3477690775340955E-003
   8.7939698492462313        3.2269648000601294E-003
   8.8442211055276392        3.0677432807431886E-003
   8.8944723618090453        2.9548278268429003E-003
   8.9447236180904532        2.8047311738674443E-003
   8.9949748743718594        2.6995590518923418E-003
   9.0452261306532673        2.5582354588313504E-003
   9.0954773869346734        2.4599253886257370E-003
   9.1457286432160814        2.3263130177028058E-003
   9.1959798994974875        2.2339780695506957E-003
   9.2462311557788954        2.1073039449822930E-003
   9.2964824120603016        2.0207189298480596E-003
   9.3467336683417095        1.9004607354376184E-003
   9.3969849246231156        1.8190062558985222E-003
   9.4472361809045236        1.7042662518662629E-003
   9.4974874371859297        1.6271963142816955E-003
   9.5477386934673376        1.5169977039017036E-003
   9.5979899497487438        1.4435084322865122E-003
   9.6482412060301517        1.3366955674087254E-003
   9.6984924623115578        1.2660505864960996E-003
   9.7487437185929657        1.1610777978306960E-003
   9.7989949748743719        1.0919028123015948E-003
   9.8492462311557798        9.8511868094090273E-004
   9.8994974874371859        9.1467585038304251E-004
   9.9497487437185939        7.9803815814891003E-004
   10.000000000000000        7.2343004484036585E-004
