   0.0000000000000000        2.6372492287656519     
   5.0251256281407040E-004   2.6370996186310256     
   1.0050251256281408E-003   2.6370935605685002     
   1.5075376884422112E-003   2.6364973040629578     
   2.0100502512562816E-003   2.6363208510887448     
   2.5125628140703522E-003   2.6357762025032185     
   3.0150753768844224E-003   2.6348094345634441     
   3.5175879396984926E-003   2.6346623082016603     
   4.0201005025125632E-003   2.6341669735823041     
   4.5226130653266338E-003   2.6335590999373508     
   5.0251256281407045E-003   2.6327148783461651     
   5.5276381909547742E-003   2.6317051818015051     
   6.0301507537688448E-003   2.6308510127460125     
   6.5326633165829154E-003   2.6301429147302566     
   7.0351758793969852E-003   2.6285015380979391     
   7.5376884422110558E-003   2.6278111281377909     
   8.0402010050251264E-003   2.6291243431714491     
   8.5427135678391962E-003   2.6279916223349526     
   9.0452261306532677E-003   2.6269594669610674     
   9.5477386934673374E-003   2.6237083777790398     
   1.0050251256281409E-002   2.3803259730933952     
   1.0552763819095479E-002   2.3800254913595849     
   1.1055276381909548E-002   2.3795684333313112     
   1.1557788944723620E-002   2.3790859502221067     
   1.2060301507537690E-002   2.3786291266475597     
   1.2562814070351759E-002   2.3772763203747016     
   1.3065326633165831E-002   2.3775759405786481     
   1.3567839195979901E-002   2.3769007126000679     
   1.4070351758793970E-002   2.3764374301385978     
   1.4572864321608042E-002   2.3759990569867329     
   1.5075376884422112E-002   2.3754554885420367     
   1.5577889447236183E-002   2.3750184101280283     
   1.6080402010050253E-002   2.3746130519378608     
   1.6582914572864323E-002   2.3739821386182101     
   1.7085427135678392E-002   2.3732678914506034     
   1.7587939698492466E-002   2.3728433208775899     
   1.8090452261306535E-002   2.3719129666904402     
   1.8592964824120605E-002   2.3714960157987153     
   1.9095477386934675E-002   2.3708801134438517     
   1.9597989949748745E-002   2.3701322629270201     
   2.0100502512562818E-002   2.1675655058498280     
   2.0603015075376888E-002   2.1676035014583936     
   2.1105527638190957E-002   2.1670019285553690     
   2.1608040201005027E-002   2.1670841888645143     
   2.2110552763819097E-002   2.1667687306564645     
   2.2613065326633167E-002   2.1663663406994109     
   2.3115577889447240E-002   2.1659147928278024     
   2.3618090452261310E-002   2.1663249916174419     
   2.4120603015075379E-002   2.1659904805555632     
   2.4623115577889449E-002   2.1632261692289023     
   2.5125628140703519E-002   2.1651948033215547     
   2.5628140703517592E-002   2.1646611345274751     
   2.6130653266331662E-002   2.1641619438765605     
   2.6633165829145732E-002   2.1635852837200944     
   2.7135678391959801E-002   2.1633529298815470     
   2.7638190954773871E-002   2.1629420964579880     
   2.8140703517587941E-002   2.1624888154997866     
   2.8643216080402014E-002   2.1613505203390742     
   2.9145728643216084E-002   2.1617166888130472     
   2.9648241206030154E-002   2.1612776908383768     
   3.0150753768844223E-002   1.9821521533170081     
   3.0653266331658293E-002   1.9812797713364898     
   3.1155778894472366E-002   1.9805623630344049     
   3.1658291457286436E-002   1.9805000715590566     
   3.2160804020100506E-002   1.9801603543767530     
   3.2663316582914576E-002   1.9794200533963566     
   3.3165829145728645E-002   1.9793512424688786     
   3.3668341708542715E-002   1.9784381568634168     
   3.4170854271356785E-002   1.9786898414183103     
   3.4673366834170855E-002   1.9784955865392371     
   3.5175879396984931E-002   1.9780307340759631     
   3.5678391959799001E-002   1.9774184150795333     
   3.6180904522613071E-002   1.9772485951191880     
   3.6683417085427140E-002   1.9768945227049348     
   3.7185929648241210E-002   1.9763477391239199     
   3.7688442211055280E-002   1.9756447053454311     
   3.8190954773869350E-002   1.9756475747352977     
   3.8693467336683419E-002   1.9748899097828800     
   3.9195979899497489E-002   1.9745637838886489     
   3.9698492462311559E-002   1.9745591371653215     
   4.0201005025125636E-002   1.8077674491920144     
   4.0703517587939705E-002   1.8073841477760564     
   4.1206030150753775E-002   1.8069861210937963     
   4.1708542713567845E-002   1.8072446420595809     
   4.2211055276381915E-002   1.8072946873870162     
   4.2713567839195984E-002   1.8070138720654918     
   4.3216080402010054E-002   1.8064793555344050     
   4.3718592964824124E-002   1.8060464513587196     
   4.4221105527638194E-002   1.8057008752715289     
   4.4723618090452263E-002   1.8050268998469488     
   4.5226130653266333E-002   1.8050848325420137     
   4.5728643216080410E-002   1.8047530402939325     
   4.6231155778894480E-002   1.8041235811224510     
   4.6733668341708549E-002   1.8038601828532850     
   4.7236180904522619E-002   1.8034758042591974     
   4.7738693467336689E-002   1.8029030112225457     
   4.8241206030150759E-002   1.8028207731467214     
   4.8743718592964828E-002   1.8025077856272298     
   4.9246231155778898E-002   1.8021675940054807     
   4.9748743718592968E-002   1.8017055239622755     
   5.0251256281407038E-002   1.6431168493066381     
   5.0753768844221107E-002   1.6429082478562067     
   5.1256281407035184E-002   1.6425913708602267     
   5.1758793969849254E-002   1.6423851761167678     
   5.2261306532663324E-002   1.6416702449962868     
   5.2763819095477393E-002   1.6416602052764104     
   5.3266331658291463E-002   1.6413339900199975     
   5.3768844221105533E-002   1.6409896394101211     
   5.4271356783919603E-002   1.6406397216530009     
   5.4773869346733672E-002   1.6403401564586533     
   5.5276381909547742E-002   1.6399470888684045     
   5.5778894472361812E-002   1.6394054502924966     
   5.6281407035175882E-002   1.6391650966730751     
   5.6783919597989958E-002   1.6389015705634642     
   5.7286432160804028E-002   1.6386638277340446     
   5.7788944723618098E-002   1.6384055980535861     
   5.8291457286432168E-002   1.6381017448774020     
   5.8793969849246237E-002   1.6377837240454431     
   5.9296482412060307E-002   1.6376158657435977     
   5.9798994974874377E-002   1.6374056210316168     
   6.0301507537688447E-002   1.4834577151345687     
   6.0804020100502516E-002   1.4829616553088958     
   6.1306532663316586E-002   1.4823772436474483     
   6.1809045226130663E-002   1.4818991274565763     
   6.2311557788944733E-002   1.4825865646681733     
   6.2814070351758802E-002   1.4822771149916543     
   6.3316582914572872E-002   1.4821214921911097     
   6.3819095477386942E-002   1.4820197695785065     
   6.4321608040201012E-002   1.4818295680202944     
   6.4824120603015081E-002   1.4813317953907852     
   6.5326633165829151E-002   1.4812367950228527     
   6.5829145728643221E-002   1.4807726068920801     
   6.6331658291457291E-002   1.4806376745503751     
   6.6834170854271360E-002   1.4802907728210033     
   6.7336683417085430E-002   1.4800807899166686     
   6.7839195979899500E-002   1.4796516731537395     
   6.8341708542713570E-002   1.4794295441952254     
   6.8844221105527639E-002   1.4790975138268034     
   6.9346733668341709E-002   1.4786726312473122     
   6.9849246231155793E-002   1.4781455319490688     
   7.0351758793969862E-002   1.3254689875425170     
   7.0854271356783932E-002   1.3251937292552194     
   7.1356783919598002E-002   1.3248446055091196     
   7.1859296482412072E-002   1.3244801312251258     
   7.2361809045226141E-002   1.3242272402726181     
   7.2864321608040211E-002   1.3241168754405210     
   7.3366834170854281E-002   1.3239782879629629     
   7.3869346733668351E-002   1.3236708509197410     
   7.4371859296482420E-002   1.3232667431065366     
   7.4874371859296490E-002   1.3230224326778335     
   7.5376884422110560E-002   1.3222303442487409     
   7.5879396984924630E-002   1.3224768802253044     
   7.6381909547738699E-002   1.3221946626820293     
   7.6884422110552769E-002   1.3216679300226188     
   7.7386934673366839E-002   1.3213771568391948     
   7.7889447236180909E-002   1.3209255759230185     
   7.8391959798994978E-002   1.3196075071380753     
   7.8894472361809048E-002   1.3211632977745593     
   7.9396984924623118E-002   1.3207666693938671     
   7.9899497487437188E-002   1.3206808867663005     
   8.0402010050251271E-002   1.1641314419876658     
   8.0904522613065341E-002   1.1636201573498139     
   8.1407035175879411E-002   1.1633528170742320     
   8.1909547738693481E-002   1.1629808394617049     
   8.2412060301507550E-002   1.1625338267937824     
   8.2914572864321620E-002   1.1620096448761712     
   8.3417085427135690E-002   1.1615697370443114     
   8.3919597989949760E-002   1.1610663672404260     
   8.4422110552763829E-002   1.1605512721255709     
   8.4924623115577899E-002   1.1604267126831391     
   8.5427135678391969E-002   1.1598027663833423     
   8.5929648241206039E-002   1.1589490395282396     
   8.6432160804020108E-002   1.1592791907807993     
   8.6934673366834178E-002   1.1589034371048443     
   8.7437185929648248E-002   1.1585741912888303     
   8.7939698492462318E-002   1.1581523827700431     
   8.8442211055276387E-002   1.1579390508955159     
   8.8944723618090457E-002   1.1575346881791990     
   8.9447236180904527E-002   1.1571933396043819     
   8.9949748743718597E-002   1.1572468530930720     
   9.0452261306532666E-002  0.98555315476079819     
   9.0954773869346736E-002  0.98481055375936410     
   9.1457286432160820E-002  0.98405511802741097     
   9.1959798994974890E-002  0.98335282551159142     
   9.2462311557788959E-002  0.98220323247077401     
   9.2964824120603029E-002  0.98171838047595728     
   9.3467336683417099E-002  0.98102343806927328     
   9.3969849246231169E-002  0.98036360407473855     
   9.4472361809045238E-002  0.97996655486538919     
   9.4974874371859308E-002  0.97938548975566919     
   9.5477386934673378E-002  0.97907160938424309     
   9.5979899497487448E-002  0.97855304590502334     
   9.6482412060301517E-002  0.97820784022877649     
   9.6984924623115587E-002  0.97781682522431934     
   9.7487437185929657E-002  0.97775671175276846     
   9.7989949748743727E-002  0.97747854390213362     
   9.8492462311557796E-002  0.97740835025873773     
   9.8994974874371866E-002  0.97733669615994390     
   9.9497487437185936E-002  0.97748106946133739     
  0.10000000000000001       0.97776249855838759     
