   0.0000000000000000        1.8733207749552621     
   2.0040080160320640E-002   1.6484028359012419     
   4.0080160320641281E-002   1.4718641899880487     
   6.0120240480961921E-002   1.3295150339061683     
   8.0160320641282562E-002   1.2118308234821007     
  0.10020040080160320        1.1123606806292843     
  0.12024048096192384        1.0266854609530081     
  0.14028056112224449       0.95173484826999422     
  0.16032064128256512       0.88533905953424330     
  0.18036072144288576       0.82593394702064260     
  0.20040080160320639       0.77236647432408922     
  0.22044088176352705       0.72376593769082831     
  0.24048096192384769       0.67945830897114390     
  0.26052104208416832       0.63890891206494804     
  0.28056112224448898       0.60168376003444768     
  0.30060120240480959       0.56742322032551751     
  0.32064128256513025       0.53582385745048844     
  0.34068136272545091       0.50662572837664377     
  0.36072144288577151       0.47960333824447254     
  0.38076152304609218       0.45455907419386343     
  0.40080160320641278       0.43131833477879467     
  0.42084168336673344       0.40972583464879669     
  0.44088176352705410       0.38964273648329167     
  0.46092184368737471       0.37094437566875621     
  0.48096192384769537       0.35351841820872126     
  0.50100200400801598       0.33726334211444697     
  0.52104208416833664       0.32208716570707485     
  0.54108216432865730       0.30790636853852521     
  0.56112224448897796       0.29464496571842147     
  0.58116232464929862       0.28223370674883275     
  0.60120240480961917       0.27060937711278110     
  0.62124248496993983       0.25971418588489648     
  0.64128256513026050       0.24949522622442719     
  0.66132264529058116       0.23990399822895342     
  0.68136272545090182       0.23089598557494806     
  0.70140280561122237       0.22243027885127070     
  0.72144288577154303       0.21446923963982589     
  0.74148296593186369       0.20697820030618613     
  0.76152304609218435       0.19992519519512955     
  0.78156312625250501       0.19328071952557843     
  0.80160320641282556       0.18701751277718937     
  0.82164328657314623       0.18111036377891965     
  0.84168336673346689       0.17553593506439502     
  0.86172344689378755       0.17027260436182806     
  0.88176352705410821       0.16530032134670106     
  0.90180360721442887       0.16060047801050084     
  0.92184368737474942       0.15615579119406728     
  0.94188376753507008       0.15195019600408399     
  0.96192384769539074       0.14796874897957338     
  0.98196392785571140       0.14419754000499607     
   1.0020040080160320       0.14062361208024052     
   1.0220440881763526       0.13723488815757065     
   1.0420841683366733       0.13402010434330433     
   1.0621242484969939       0.13096874883918463     
   1.0821643286573146       0.12807100606642641     
   1.1022044088176353       0.12531770547542759     
   1.1222444889779559       0.12270027459713531     
   1.1422845691382766       0.12021069593891752     
   1.1623246492985972       0.11784146736927018     
   1.1823647294589177       0.11558556567244488     
   1.2024048096192383       0.11343641298668584     
   1.2224448897795590       0.11138784586871989     
   1.2424849699398797       0.10943408675288276     
   1.2625250501002003       0.10756971759617678     
   1.2825651302605210       0.10578965552096667     
   1.3026052104208417       0.10408913028523109     
   1.3226452905811623       0.10246366342654965     
   1.3426853707414830       0.10090904894054555     
   1.3627254509018036        9.9421335367519556E-002
   1.3827655310621243        9.7996809172676849E-002
   1.4028056112224447        9.6631979315813910E-002
   1.4228456913827654        9.5323562915735544E-002
   1.4428857715430861        9.4068471923128158E-002
   1.4629258517034067        9.2863800723230944E-002
   1.4829659318637274        9.1706814596509909E-002
   1.5030060120240480        9.0594938971737704E-002
   1.5230460921843687        8.9525749411479436E-002
   1.5430861723446894        8.8496962275051300E-002
   1.5631262525050100        8.7506426008606017E-002
   1.5831663326653307        8.6552113016159671E-002
   1.6032064128256511        8.5632112069150390E-002
   1.6232464929859718        8.4744621215552332E-002
   1.6432865731462925        8.3887941152689549E-002
   1.6633266533066131        8.3060469030739242E-002
   1.6833667334669338        8.2260692656505652E-002
   1.7034068136272544        8.1487185069412646E-002
   1.7234468937875751        8.0738599463824584E-002
   1.7434869739478958        8.0013664433781828E-002
   1.7635270541082164        7.9311179518046893E-002
   1.7835671342685371        7.8630011025015323E-002
   1.8036072144288577        7.7969088118565663E-002
   1.8236472945891782        7.7327399147318912E-002
   1.8436873747494988        7.6703988201059198E-002
   1.8637274549098195        7.6097951879247658E-002
   1.8837675350701402        7.5508436257644959E-002
   1.9038076152304608        7.4934634040058318E-002
   1.9238476953907815        7.4375781883148750E-002
   1.9438877755511021        7.3831157883084406E-002
   1.9639278557114228        7.3300079213609551E-002
   1.9839679358717435        7.2781899905823372E-002
   2.0040080160320639        7.2276008760631477E-002
   2.0240480961923848        7.1781827385453245E-002
   2.0440881763527052        7.1298808347340176E-002
   2.0641282565130261        7.0826433435192432E-002
   2.0841683366733466        7.0364212024251110E-002
   2.1042084168336674        6.9911679536501389E-002
   2.1242484969939879        6.9468395991043819E-002
   2.1442885771543083        6.9033944638884195E-002
   2.1643286573146292        6.8607930676957182E-002
   2.1843687374749496        6.8189980036538048E-002
   2.2044088176352705        6.7779738241511553E-002
   2.2244488977955910        6.7376869332261044E-002
   2.2444889779559118        6.6981054851212557E-002
   2.2645290581162323        6.6591992886323656E-002
   2.2845691382765532        6.6209397169042936E-002
   2.3046092184368736        6.5832996223486512E-002
   2.3246492985971945        6.5462532563783468E-002
   2.3446893787575149        6.5097761936734055E-002
   2.3647294589178354        6.4738452607102870E-002
   2.3847695390781563        6.4384384683036755E-002
   2.4048096192384767        6.4035349479252143E-002
   2.4248496993987976        6.3691148915783244E-002
   2.4448897795591180        6.3351594950217388E-002
   2.4649298597194389        6.3016509041471866E-002
   2.4849699398797593        6.2685721643284675E-002
   2.5050100200400802        6.2359071725703541E-002
   2.5250501002004007        6.2036406322960973E-002
   2.5450901803607215        6.1717580106220832E-002
   2.5651302605210420        6.1402454979772814E-002
   2.5851703406813624        6.1090899699336773E-002
   2.6052104208416833        6.0782789511218641E-002
   2.6252505010020037        6.0478005811134612E-002
   2.6452905811623246        6.0176435821590581E-002
   2.6653306613226451        5.9877972286769582E-002
   2.6853707414829660        5.9582513183941636E-002
   2.7054108216432864        5.9289961450468345E-002
   2.7254509018036073        5.9000224725529252E-002
   2.7454909819639277        5.8713215105747139E-002
   2.7655310621242486        5.8428848913938361E-002
   2.7855711422845690        5.8147046480258369E-002
   2.8056112224448895        5.7867731935055296E-002
   2.8256513026052104        5.7590833012783803E-002
   2.8456913827655308        5.7316280866369064E-002
   2.8657314629258517        5.7044009891445174E-002
   2.8857715430861721        5.6773957559925876E-002
   2.9058116232464930        5.6506064262395732E-002
   2.9258517034068134        5.6240273158839574E-002
   2.9458917835671343        5.5976530037255105E-002
   2.9659318637274548        5.5714783179719195E-002
   2.9859719438877756        5.5454983235503130E-002
   3.0060120240480961        5.5197083100854138E-002
   3.0260521042084165        5.4941037805082714E-002
   3.0460921843687374        5.4686804402615037E-002
   3.0661322645290578        5.4434341870688803E-002
   3.0861723446893787        5.4183611012389096E-002
   3.1062124248496992        5.3934574364737253E-002
   3.1262525050100201        5.3687196111562072E-002
   3.1462925851703405        5.3441442000897593E-002
   3.1663326653306614        5.3197279266665336E-002
   3.1863727454909818        5.2954676554413244E-002
   3.2064128256513023        5.2713603850894852E-002
   3.2264529058116231        5.2474032417285051E-002
   3.2464929859719436        5.2235934725839622E-002
   3.2665330661322645        5.1999284399816000E-002
   3.2865731462925849        5.1764056156483419E-002
   3.3066132264529058        5.1530225753058698E-002
   3.3266533066132262        5.1297769935414357E-002
   3.3466933867735471        5.1066666389412770E-002
   3.3667334669338675        5.0836893694728692E-002
   3.3867735470941884        5.0608431281029556E-002
   3.4068136272545089        5.0381259386390424E-002
   3.4268537074148293        5.0155359017826459E-002
   3.4468937875751502        4.9930711913832644E-002
   3.4669338677354706        4.9707300508826165E-002
   3.4869739478957915        4.9485107899392325E-002
   3.5070140280561120        4.9264117812240493E-002
   3.5270541082164328        4.9044314573781077E-002
   3.5470941883767533        4.8825683081239940E-002
   3.5671342685370742        4.8608208775230387E-002
   3.5871743486973946        4.8391877613707536E-002
   3.6072144288577155        4.8176676047233809E-002
   3.6272545090180359        4.7962590995487962E-002
   3.6472945891783564        4.7749609824953528E-002
   3.6673346693386772        4.7537720327726379E-002
   3.6873747494989977        4.7326910701383548E-002
   3.7074148296593186        4.7117169529859303E-002
   3.7274549098196390        4.6908485765276765E-002
   3.7474949899799599        4.6700848710686027E-002
   3.7675350701402803        4.6494248003662857E-002
   3.7875751503006012        4.6288673600723737E-002
   3.8076152304609217        4.6084115762515900E-002
   3.8276553106212425        4.5880565039742784E-002
   3.8476953907815630        4.5678012259787605E-002
   3.8677354709418834        4.5476448513999519E-002
   3.8877755511022043        4.5275865145608968E-002
   3.9078156312625247        4.5076253738240049E-002
   3.9278557114228456        4.4877606104990024E-002
   3.9478957915831661        4.4679914278047052E-002
   3.9679358717434869        4.4483170498819113E-002
   3.9879759519038074        4.4287367208548284E-002
   4.0080160320641278        4.4092497039385982E-002
   4.0280561122244487        4.3898552805905926E-002
   4.0480961923847696        4.3705527497032833E-002
   4.0681362725450896        4.3513414268365934E-002
   4.0881763527054105        4.3322206434877664E-002
   4.1082164328657313        4.3131897463968463E-002
   4.1282565130260522        4.2942480968860067E-002
   4.1482965931863722        4.2753950702310389E-002
   4.1683366733466931        4.2566300550633714E-002
   4.1883767535070140        4.2379524528011130E-002
   4.2084168336673349        4.2193616771076761E-002
   4.2284569138276549        4.2008571533765901E-002
   4.2484969939879758        4.1824383182412175E-002
   4.2685370741482966        4.1641046191081270E-002
   4.2885771543086166        4.1458555137129496E-002
   4.3086172344689375        4.1276904696975973E-002
   4.3286573146292584        4.1096089642078060E-002
   4.3486973947895793        4.0916104835099616E-002
   4.3687374749498993        4.0736945226262901E-002
   4.3887775551102202        4.0558605849874772E-002
   4.4088176352705410        4.0381081821018766E-002
   4.4288577154308619        4.0204368332404754E-002
   4.4488977955911819        4.0028460651368433E-002
   4.4689378757515028        3.9853354117013282E-002
   4.4889779559118237        3.9679044137488031E-002
   4.5090180360721437        3.9505526187392871E-002
   4.5290581162324646        3.9332795805308123E-002
   4.5490981963927855        3.9160848591439451E-002
   4.5691382765531063        3.8989680205373717E-002
   4.5891783567134263        3.8819286363940261E-002
   4.6092184368737472        3.8649662839172309E-002
   4.6292585170340681        3.8480805456363593E-002
   4.6492985971943890        3.8312710092215770E-002
   4.6693386773547090        3.8145372673071817E-002
   4.6893787575150299        3.7978789173231595E-002
   4.7094188376753507        3.7812955613345293E-002
   4.7294589178356707        3.7647868058881193E-002
   4.7494989979959916        3.7483522618663875E-002
   4.7695390781563125        3.7319915443479748E-002
   4.7895791583166334        3.7157042724746375E-002
   4.8096192384769534        3.6994900693242655E-002
   4.8296593186372743        3.6833485617896816E-002
   4.8496993987975952        3.6672793804629525E-002
   4.8697394789579160        3.6512821595249358E-002
   4.8897795591182360        3.6353565366398125E-002
   4.9098196392785569        3.6195021528543675E-002
   4.9298597194388778        3.6037186525017868E-002
   4.9498997995991978        3.5880056831097490E-002
   4.9699398797595187        3.5723628953126196E-002
   4.9899799599198396        3.5567899427675263E-002
   5.0100200400801604        3.5412864820741546E-002
   5.0300601202404804        3.5258521726980706E-002
   5.0501002004008013        3.5104866768973966E-002
   5.0701402805611222        3.4951896596527060E-002
   5.0901803607214431        3.4799607885999395E-002
   5.1102204408817631        3.4647997339662437E-002
   5.1302605210420840        3.4497061685085650E-002
   5.1503006012024048        3.4346797674548721E-002
   5.1703406813627248        3.4197202084478871E-002
   5.1903807615230457        3.4048271714912051E-002
   5.2104208416833666        3.3900003388976793E-002
   5.2304609218436875        3.3752393952399817E-002
   5.2505010020040075        3.3605440273032174E-002
   5.2705410821643284        3.3459139240395105E-002
   5.2905811623246493        3.3313487765244544E-002
   5.3106212424849701        3.3168482779153526E-002
   5.3306613226452901        3.3024121234111560E-002
   5.3507014028056110        3.2880400102140175E-002
   5.3707414829659319        3.2737316374923928E-002
   5.3907815631262519        3.2594867063456073E-002
   5.4108216432865728        3.2453049197698335E-002
   5.4308617234468937        3.2311859826253918E-002
   5.4509018036072145        3.2171296016053320E-002
   5.4709418837675345        3.2031354852052309E-002
   5.4909819639278554        3.1892033436941400E-002
   5.5110220440881763        3.1753328890866413E-002
   5.5310621242484972        3.1615238351159529E-002
   5.5511022044088172        3.1477758972080411E-002
   5.5711422845691381        3.1340887924566831E-002
   5.5911823647294590        3.1204622395994475E-002
   5.6112224448897789        3.1068959589945440E-002
   5.6312625250500998        3.0933896725984983E-002
   5.6513026052104207        3.0799431039446303E-002
   5.6713426853707416        3.0665559781222724E-002
   5.6913827655310616        3.0532280217567230E-002
   5.7114228456913825        3.0399589629898780E-002
   5.7314629258517034        3.0267485314615247E-002
   5.7515030060120242        3.0135964582912626E-002
   5.7715430861723442        3.0005024760610139E-002
   5.7915831663326651        2.9874663187981199E-002
   5.8116232464929860        2.9744877219589669E-002
   5.8316633266533060        2.9615664224131463E-002
   5.8517034068136269        2.9487021584281032E-002
   5.8717434869739478        2.9358946696542623E-002
   5.8917835671342687        2.9231436971106112E-002
   5.9118236472945886        2.9104489831707121E-002
   5.9318637274549095        2.8978102715491300E-002
   5.9519038076152304        2.8852273072882569E-002
   5.9719438877755513        2.8726998367455171E-002
   5.9919839679358713        2.8602276075809278E-002
   6.0120240480961922        2.8478103687450105E-002
   6.0320641282565131        2.8354478704670324E-002
   6.0521042084168331        2.8231398642435641E-002
   6.0721442885771539        2.8108861028273393E-002
   6.0921843687374748        2.7986863402164039E-002
   6.1122244488977957        2.7865403316435434E-002
   6.1322645290581157        2.7744478335659715E-002
   6.1523046092184366        2.7624086036552826E-002
   6.1723446893787575        2.7504224007876339E-002
   6.1923847695390783        2.7384889850341685E-002
   6.2124248496993983        2.7266081176516615E-002
   6.2324649298597192        2.7147795610733792E-002
   6.2525050100200401        2.7030030789001371E-002
   6.2725450901803601        2.6912784358915639E-002
   6.2925851703406810        2.6796053979575456E-002
   6.3126252505010019        2.6679837321498558E-002
   6.3326653306613228        2.6564132066539542E-002
   6.3527054108216428        2.6448935907809550E-002
   6.3727454909819636        2.6334246549597509E-002
   6.3927855711422845        2.6220061707292956E-002
   6.4128256513026045        2.6106379107310278E-002
   6.4328657314629254        2.5993196487014373E-002
   6.4529058116232463        2.5880511594647698E-002
   6.4729458917835672        2.5768322189258598E-002
   6.4929859719438872        2.5656626040630862E-002
   6.5130260521042080        2.5545420929214548E-002
   6.5330661322645289        2.5434704646057904E-002
   6.5531062124248498        2.5324474992740431E-002
   6.5731462925851698        2.5214729781307031E-002
   6.5931863727454907        2.5105466834203158E-002
   6.6132264529058116        2.4996683984210961E-002
   6.6332665330661316        2.4888379074386478E-002
   6.6533066132264524        2.4780549957997604E-002
   6.6733466933867733        2.4673194498463058E-002
   6.6933867735470942        2.4566310569292198E-002
   6.7134268537074142        2.4459896054025616E-002
   6.7334669338677351        2.4353948846176591E-002
   6.7535070140280560        2.4248466849173280E-002
   6.7735470941883769        2.4143447976301666E-002
   6.7935871743486969        2.4038890150649247E-002
   6.8136272545090177        2.3934791305049372E-002
   6.8336673346693386        2.3831149382026313E-002
   6.8537074148296586        2.3727962333740985E-002
   6.8737474949899795        2.3625228121937208E-002
   6.8937875751503004        2.3522944717888735E-002
   6.9138276553106213        2.3421110102346730E-002
   6.9338677354709413        2.3319722265487924E-002
   6.9539078156312621        2.3218779206863261E-002
   6.9739478957915830        2.3118278935347129E-002
   6.9939879759519039        2.3018219469087092E-002
   7.0140280561122239        2.2918598835454142E-002
   7.0340681362725448        2.2819415070993457E-002
   7.0541082164328657        2.2720666221375623E-002
   7.0741482965931857        2.2622350341348317E-002
   7.0941883767535066        2.2524465494688506E-002
   7.1142284569138274        2.2427009754154993E-002
   7.1342685370741483        2.2329981201441466E-002
   7.1543086172344683        2.2233377927129983E-002
   7.1743486973947892        2.2137198030644768E-002
   7.1943887775551101        2.2041439620206542E-002
   7.2144288577154310        2.1946100812787094E-002
   7.2344689378757510        2.1851179734064422E-002
   7.2545090180360718        2.1756674518378014E-002
   7.2745490981963927        2.1662583308684712E-002
   7.2945891783567127        2.1568904256514785E-002
   7.3146292585170336        2.1475635521928403E-002
   7.3346693386773545        2.1382775273472460E-002
   7.3547094188376754        2.1290321688137694E-002
   7.3747494989979954        2.1198272951316165E-002
   7.3947895791583163        2.1106627256759034E-002
   7.4148296593186371        2.1015382806534647E-002
   7.4348697394789580        2.0924537810986955E-002
   7.4549098196392780        2.0834090488694185E-002
   7.4749498997995989        2.0744039066427852E-002
   7.4949899799599198        2.0654381779112042E-002
   7.5150300601202398        2.0565116869782952E-002
   7.5350701402805607        2.0476242589548756E-002
   7.5551102204408815        2.0387757197549705E-002
   7.5751503006012024        2.0299658960918506E-002
   7.5951903807615224        2.0211946154740989E-002
   7.6152304609218433        2.0124617062016979E-002
   7.6352705410821642        2.0037669973621483E-002
   7.6553106212424851        1.9951103188266095E-002
   7.6753507014028051        1.9864915012460616E-002
   7.6953907815631259        1.9779103760475036E-002
   7.7154308617234468        1.9693667754301598E-002
   7.7354709418837668        1.9608605323617197E-002
   7.7555110220440877        1.9523914805746015E-002
   7.7755511022044086        1.9439594545622323E-002
   7.7955911823647295        1.9355642895753557E-002
   7.8156312625250495        1.9272058216183646E-002
   7.8356713426853704        1.9188838874456448E-002
   7.8557114228456912        1.9105983245579522E-002
   7.8757515030060121        1.9023489711988077E-002
   7.8957915831663321        1.8941356663509098E-002
   7.9158316633266530        1.8859582497325715E-002
   7.9358717434869739        1.8778165617941777E-002
   7.9559118236472939        1.8697104437146624E-002
   7.9759519038076148        1.8616397373980062E-002
   7.9959919839679356        1.8536042854697544E-002
   8.0160320641282556        1.8456039312735525E-002
   8.0360721442885765        1.8376385188677062E-002
   8.0561122244488974        1.8297078930217529E-002
   8.0761523046092183        1.8218118992130623E-002
   8.0961923847695392        1.8139503836234472E-002
   8.1162324649298601        1.8061231931357977E-002
   8.1362725450901792        1.7983301753307319E-002
   8.1563126252505000        1.7905711784832683E-002
   8.1763527054108209        1.7828460515595102E-002
   8.1963927855711418        1.7751546442133549E-002
   8.2164328657314627        1.7674968067832166E-002
   8.2364729458917836        1.7598723902887685E-002
   8.2565130260521045        1.7522812464277022E-002
   8.2765531062124253        1.7447232275725037E-002
   8.2965931863727445        1.7371981867672481E-002
   8.3166332665330653        1.7297059777244099E-002
   8.3366733466933862        1.7222464548216916E-002
   8.3567134268537071        1.7148194730988699E-002
   8.3767535070140280        1.7074248882546529E-002
   8.3967935871743489        1.7000625566435626E-002
   8.4168336673346698        1.6927323352728261E-002
   8.4368737474949889        1.6854340817992891E-002
   8.4569138276553097        1.6781676545263406E-002
   8.4769539078156306        1.6709329124008548E-002
   8.4969939879759515        1.6637297150101527E-002
   8.5170340681362724        1.6565579225789755E-002
   8.5370741482965933        1.6494173959664727E-002
   8.5571142284569142        1.6423079966632104E-002
   8.5771543086172333        1.6352295867881915E-002
   8.5971943887775542        1.6281820290858919E-002
   8.6172344689378750        1.6211651869233120E-002
   8.6372745490981959        1.6141789242870432E-002
   8.6573146292585168        1.6072231057803522E-002
   8.6773547094188377        1.6002975966202732E-002
   8.6973947895791586        1.5934022626347234E-002
   8.7174348697394795        1.5865369702596267E-002
   8.7374749498997986        1.5797015865360552E-002
   8.7575150300601194        1.5728959791073853E-002
   8.7775551102204403        1.5661200162164657E-002
   8.7975951903807612        1.5593735667028022E-002
   8.8176352705410821        1.5526564999997560E-002
   8.8376753507014030        1.5459686861317559E-002
   8.8577154308617239        1.5393099957115242E-002
   8.8777555110220430        1.5326802999373180E-002
   8.8977955911823639        1.5260794705901817E-002
   8.9178356713426847        1.5195073800312169E-002
   8.9378757515030056        1.5129639011988619E-002
   8.9579158316633265        1.5064489076061888E-002
   8.9779559118236474        1.4999622733382120E-002
   8.9979959919839683        1.4935038730492076E-002
   9.0180360721442874        1.4870735819600535E-002
   9.0380761523046083        1.4806712758555742E-002
   9.0581162324649291        1.4742968310819055E-002
   9.0781563126252500        1.4679501245438681E-002
   9.0981963927855709        1.4616310337023562E-002
   9.1182364729458918        1.4553394365717386E-002
   9.1382765531062127        1.4490752117172729E-002
   9.1583166332665336        1.4428382382525319E-002
   9.1783567134268527        1.4366283958368442E-002
   9.1983967935871735        1.4304455646727447E-002
   9.2184368737474944        1.4242896255034410E-002
   9.2384769539078153        1.4181604596102902E-002
   9.2585170340681362        1.4120579488102889E-002
   9.2785571142284571        1.4059819754535748E-002
   9.2985971943887780        1.3999324224209415E-002
   9.3186372745490971        1.3939091731213653E-002
   9.3386773547094180        1.3879121114895449E-002
   9.3587174348697388        1.3819411219834501E-002
   9.3787575150300597        1.3759960895818884E-002
   9.3987975951903806        1.3700768997820762E-002
   9.4188376753507015        1.3641834385972280E-002
   9.4388777555110224        1.3583155925541551E-002
   9.4589178356713415        1.3524732486908752E-002
   9.4789579158316624        1.3466562945542349E-002
   9.4989979959919832        1.3408646181975445E-002
   9.5190380761523041        1.3350981081782216E-002
   9.5390781563126250        1.3293566535554502E-002
   9.5591182364729459        1.3236401438878472E-002
   9.5791583166332668        1.3179484692311439E-002
   9.5991983967935877        1.3122815201358756E-002
   9.6192384769539068        1.3066391876450848E-002
   9.6392785571142277        1.3010213632920348E-002
   9.6593186372745485        1.2954279390979345E-002
   9.6793587174348694        1.2898588075696736E-002
   9.6993987975951903        1.2843138616975707E-002
   9.7194388777555112        1.2787929949531296E-002
   9.7394789579158321        1.2732961012868095E-002
   9.7595190380761512        1.2678230751258028E-002
   9.7795591182364721        1.2623738113718282E-002
   9.7995991983967929        1.2569482053989289E-002
   9.8196392785571138        1.2515461530512865E-002
   9.8396793587174347        1.2461675506410414E-002
   9.8597194388777556        1.2408122949461293E-002
   9.8797595190380765        1.2354802832081201E-002
   9.8997995991983956        1.2301714131300757E-002
   9.9198396793587165        1.2248855828744118E-002
   9.9398797595190373        1.2196226910607746E-002
   9.9599198396793582        1.2143826367639240E-002
   9.9799599198396791        1.2091653195116304E-002
   10.000000000000000        1.2039706392825790E-002
