   0.0000000000000000        2.6942041371573042     
   2.0040080160320640E-002   2.6410438463999588     
   4.0080160320641281E-002   2.5942477785144673     
   6.0120240480961921E-002   2.5521534755766964     
   8.0160320641282562E-002   2.5136094056599374     
  0.10020040080160320        2.4778123778528993     
  0.12024048096192384        2.4441972066574444     
  0.14028056112224449        2.4123617790284722     
  0.16032064128256512        2.3820161156620516     
  0.18036072144288576        2.3529477001392598     
  0.20040080160320639        2.3249978425069111     
  0.22044088176352705        2.2980455318776203     
  0.24048096192384769        2.2719963756557990     
  0.26052104208416832        2.2467749970547932     
  0.28056112224448898        2.2223197868204458     
  0.30060120240480959        2.1985792601866039     
  0.32064128256513025        2.1755095106713722     
  0.34068136272545091        2.1530724153531868     
  0.36072144288577151        2.1312343567755949     
  0.38076152304609218        2.1099653015676880     
  0.40080160320641278        2.0892381267088234     
  0.42084168336673344        2.0690281188822586     
  0.44088176352705410        2.0493125958144027     
  0.46092184368737471        2.0300706144481908     
  0.48096192384769537        2.0112827416643371     
  0.50100200400801598        1.9929308706779330     
  0.52104208416833664        1.9749980713079927     
  0.54108216432865730        1.9574684657949353     
  0.56112224448897796        1.9403271242346811     
  0.58116232464929862        1.9235599753533523     
  0.60120240480961917        1.9071537294977834     
  0.62124248496993983        1.8910958115233654     
  0.64128256513026050        1.8753743018302977     
  0.66132264529058116        1.8599778842057728     
  0.68136272545090182        1.8448957994231567     
  0.70140280561122237        1.8301178037641166     
  0.72144288577154303        1.8156341317893827     
  0.74148296593186369        1.8014354628045228     
  0.76152304609218435        1.7875128905598900     
  0.78156312625250501        1.7738578957964719     
  0.80160320641282556        1.7604623213071067     
  0.82164328657314623        1.7473183492292197     
  0.84168336673346689        1.7344184803235430     
  0.86172344689378755        1.7217555150251505     
  0.88176352705410821        1.7093225360799309     
  0.90180360721442887        1.6971128926024024     
  0.92184368737474942        1.6851201854102744     
  0.94188376753507008        1.6733382535079970     
  0.96192384769539074        1.6617611616061247     
  0.98196392785571140        1.6503831885760532     
   1.0020040080160320        1.6391988167508091     
   1.0220440881763526        1.6282027219923436     
   1.0420841683366733        1.6173897644543733     
   1.0621242484969939        1.6067549799773844     
   1.0821643286573146        1.5962935720591065     
   1.1022044088176353        1.5860009043496952     
   1.1222444889779559        1.5758724936260924     
   1.1422845691382766        1.5659040032046911     
   1.1623246492985972        1.5560912367555688     
   1.1823647294589177        1.5464301324852181     
   1.2024048096192383        1.5369167576579763     
   1.2224448897795590        1.5275473034292646     
   1.2424849699398797        1.5183180799663509     
   1.2625250501002003        1.5092255118346483     
   1.2825651302605210        1.5002661336296588     
   1.3026052104208417        1.4914365858364944     
   1.3226452905811623        1.4827336109005860     
   1.3426853707414830        1.4741540494946577     
   1.3627254509018036        1.4656948369683933     
   1.3827655310621243        1.4573529999683941     
   1.4028056112224447        1.4491256532171242     
   1.4228456913827654        1.4410099964404912     
   1.4428857715430861        1.4330033114345802     
   1.4629258517034067        1.4251029592628570     
   1.4829659318637274        1.4173063775758494     
   1.5030060120240480        1.4096110780459579     
   1.5230460921843687        1.4020146439106422     
   1.5430861723446894        1.3945147276177345     
   1.5631262525050100        1.3871090485671087     
   1.5831663326653307        1.3797953909433902     
   1.6032064128256511        1.3725716016347445     
   1.6232464929859718        1.3654355882331815     
   1.6432865731462925        1.3583853171121016     
   1.6633266533066131        1.3514188115771384     
   1.6833667334669338        1.3445341500865995     
   1.7034068136272544        1.3377294645380711     
   1.7234468937875751        1.3310029386179745     
   1.7434869739478958        1.3243528062110710     
   1.7635270541082164        1.3177773498671042     
   1.7835671342685371        1.3112748993219430     
   1.8036072144288577        1.3048438300707585     
   1.8236472945891782        1.2984825619909046     
   1.8436873747494988        1.2921895580123237     
   1.8637274549098195        1.2859633228334162     
   1.8837675350701402        1.2798024016804395     
   1.9038076152304608        1.2737053791086008     
   1.9238476953907815        1.2676708778431209     
   1.9438877755511021        1.2616975576586327     
   1.9639278557114228        1.2557841142953681     
   1.9839679358717435        1.2499292784106693     
   2.0040080160320639        1.2441318145644313     
   2.0240480961923848        1.2383905202371690     
   2.0440881763527052        1.2327042248794415     
   2.0641282565130261        1.2270717889914540     
   2.0841683366733466        1.2214921032317039     
   2.1042084168336674        1.2159640875535909     
   2.1242484969939879        1.2104866903689635     
   2.1442885771543083        1.2050588877376269     
   2.1643286573146292        1.1996796825818714     
   2.1843687374749496        1.1943481039251373     
   2.2044088176352705        1.1890632061539561     
   2.2244488977955910        1.1838240683023578     
   2.2444889779559118        1.1786297933579637     
   2.2645290581162323        1.1734795075890161     
   2.2845691382765532        1.1683723598916371     
   2.3046092184368736        1.1633075211566200     
   2.3246492985971945        1.1582841836551072     
   2.3446893787575149        1.1533015604425221     
   2.3647294589178354        1.1483588847801474     
   2.3847695390781563        1.1434554095737670     
   2.4048096192384767        1.1385904068288271     
   2.4248496993987976        1.1337631671215609     
   2.4448897795591180        1.1289729990855790     
   2.4649298597194389        1.1242192289134192     
   2.4849699398797593        1.1195011998725823     
   2.5050100200400802        1.1148182718355930     
   2.5250501002004007        1.1101698208236483     
   2.5450901803607215        1.1055552385634195     
   2.5651302605210420        1.1009739320566039     
   2.5851703406813624        1.0964253231618271     
   2.6052104208416833        1.0919088481885151     
   2.6252505010020037        1.0874239575023661     
   2.6452905811623246        1.0829701151420708     
   2.6653306613226451        1.0785467984469332     
   2.6853707414829660        1.0741534976950644     
   2.7054108216432864        1.0697897157518275     
   2.7254509018036073        1.0654549677282243     
   2.7454909819639277        1.0611487806489295     
   2.7655310621242486        1.0568706931296770     
   2.7855711422845690        1.0526202550637247     
   2.8056112224448895        1.0483970273171266     
   2.8256513026052104        1.0442005814325497     
   2.8456913827655308        1.0400304993413871     
   2.8657314629258517        1.0358863730839174     
   2.8857715430861721        1.0317678045372809     
   2.9058116232464930        1.0276744051510389     
   2.9258517034068134        1.0236057956900964     
   2.9458917835671343        1.0195616059847736     
   2.9659318637274548        1.0155414746878193     
   2.9859719438877756        1.0115450490381654     
   3.0060120240480961        1.0075719846312248     
   3.0260521042084165        1.0036219451955479     
   3.0460921843687374       0.99969460237565244     
   3.0661322645290578       0.99578963552085031     
   3.0861723446893787       0.99190673147989838     
   3.1062124248496992       0.98804558440130996     
   3.1262525050100201       0.98420589553915916     
   3.1462925851703405       0.98038737306423107     
   3.1663326653306614       0.97658973188035469     
   3.1863727454909818       0.97281269344578225     
   3.2064128256513023       0.96905598559946293     
   3.2264529058116231       0.96531934239207950     
   3.2464929859719436       0.96160250392170799     
   3.2665330661322645       0.95790521617397328     
   3.2865731462925849       0.95422723086657557     
   3.3066132264529058       0.95056830529805658     
   3.3266533066132262       0.94692820220069795     
   3.3466933867735471       0.94330668959742714     
   3.3667334669338675       0.93970354066262318     
   3.3867735470941884       0.93611853358670982     
   3.4068136272545089       0.93255145144443286     
   3.4268537074148293       0.92900208206671997     
   3.4468937875751502       0.92547021791601769     
   3.4669338677354706       0.92195565596501594     
   3.4869739478957915       0.91845819757865810     
   3.5070140280561120       0.91497764839935303     
   3.5270541082164328       0.91151381823529565     
   3.5470941883767533       0.90806652095180818     
   3.5671342685370742       0.90463557436562403     
   3.5871743486973946       0.90122080014202810     
   3.6072144288577155       0.89782202369477604     
   3.6272545090180359       0.89443907408871581     
   3.6472945891783564       0.89107178394503617     
   3.6673346693386772       0.88771998934907148     
   3.6873747494989977       0.88438352976058843     
   3.7074148296593186       0.88106224792649201     
   3.7274549098196390       0.87775598979587677     
   3.7474949899799599       0.87446460443736751     
   3.7675350701402803       0.87118794395867616     
   3.7875751503006012       0.86792586342832589     
   3.8076152304609217       0.86467822079946977     
   3.8276553106212425       0.86144487683575877     
   3.8476953907815630       0.85822569503919321     
   3.8677354709418834       0.85502054157990937     
   3.8877755511022043       0.85182928522784529     
   3.9078156312625247       0.84865179728623508     
   3.9278557114228456       0.84548795152688005     
   3.9478957915831661       0.84233762412715196     
   3.9679358717434869       0.83920069360867700     
   3.9879759519038074       0.83607704077765455     
   4.0080160320641278       0.83296654866676956     
   4.0280561122244487       0.82986910247865131     
   4.0480961923847696       0.82678458953083744     
   4.0681362725450896       0.82371289920220336     
   4.0881763527054105       0.82065392288081329     
   4.1082164328657313       0.81760755391316053     
   4.1282565130260522       0.81457368755475024     
   4.1482965931863722       0.81155222092199686     
   4.1683366733466931       0.80854305294539397     
   4.1883767535070140       0.80554608432392405     
   4.2084168336673349       0.80256121748067499     
   4.2284569138276549       0.79958835651962912     
   4.2484969939879758       0.79662740718359293     
   4.2685370741482966       0.79367827681323744     
   4.2885771543086166       0.79074087430721651     
   4.3086172344689375       0.78781511008333582     
   4.3286573146292584       0.78490089604074287     
   4.3486973947895793       0.78199814552311098     
   4.3687374749498993       0.77910677328278810     
   4.3887775551102202       0.77622669544588507     
   4.4088176352705410       0.77335782947827969     
   4.4288577154308619       0.77050009415250709     
   4.4488977955911819       0.76765340951551675     
   4.4689378757515028       0.76481769685726897     
   4.4889779559118237       0.76199287868014987     
   4.5090180360721437       0.75917887866918043     
   4.5290581162324646       0.75637562166300187     
   4.5490981963927855       0.75358303362560941     
   4.5691382765531063       0.75080104161882055     
   4.5891783567134263       0.74802957377545354     
   4.6092184368737472       0.74526855927319724     
   4.6292585170340681       0.74251792830915597     
   4.6492985971943890       0.73977761207504478     
   4.6693386773547090       0.73704754273302531     
   4.6893787575150299       0.73432765339215589     
   4.7094188376753507       0.73161787808544709     
   4.7294589178356707       0.72891815174749830     
   4.7494989979959916       0.72622841019270656     
   4.7695390781563125       0.72354859009402417     
   4.7895791583166334       0.72087862896225730     
   4.8096192384769534       0.71821846512588483     
   4.8296593186372743       0.71556803771138533     
   4.8496993987975952       0.71292728662405835     
   4.8697394789579160       0.71029615252932421     
   4.8897795591182360       0.70767457683449186     
   4.9098196392785569       0.70506250167097750     
   4.9298597194388778       0.70245986987696563     
   4.9498997995991978       0.69986662498049745     
   4.9699398797595187       0.69728271118297369     
   4.9899799599198396       0.69470807334306317     
   5.0100200400801604       0.69214265696100297     
   5.0300601202404804       0.68958640816327932     
   5.0501002004008013       0.68703927368767892     
   5.0701402805611222       0.68450120086870114     
   5.0901803607214431       0.68197213762331654     
   5.1102204408817631       0.67945203243706642     
   5.1302605210420840       0.67694083435049168     
   5.1503006012024048       0.67443849294587943     
   5.1703406813627248       0.67194495833432089     
   5.1903807615230457       0.66946018114306960     
   5.2104208416833666       0.66698411250319123     
   5.2304609218436875       0.66451670403749818     
   5.2505010020040075       0.66205790784875540     
   5.2705410821643284       0.65960767650815566     
   5.2905811623246493       0.65716596304405228     
   5.3106212424849701       0.65473272093093993     
   5.3306613226452901       0.65230790407868089     
   5.3507014028056110       0.64989146682196386     
   5.3707414829659319       0.64748336390999073     
   5.3907815631262519       0.64508355049638444     
   5.4108216432865728       0.64269198212930945     
   5.4308617234468937       0.64030861474179790     
   5.4509018036072145       0.63793340464227533     
   5.4709418837675345       0.63556630850528073     
   5.4909819639278554       0.63320728336236975     
   5.5110220440881763       0.63085628659320192     
   5.5310621242484972       0.62851327591679884     
   5.5511022044088172       0.62617820938297075     
   5.5711422845691381       0.62385104536390545     
   5.5911823647294590       0.62153174254591259     
   5.6112224448897789       0.61922025992131835     
   5.6312625250500998       0.61691655678050539     
   5.6513026052104207       0.61462059270409031     
   5.6713426853707416       0.61233232755523703     
   5.6913827655310616       0.61005172147209563     
   5.7114228456913825       0.60777873486036815     
   5.7314629258517034       0.60551332838598870     
   5.7515030060120242       0.60325546296791932     
   5.7715430861723442       0.60100509977105243     
   5.7915831663326651       0.59876220019921689     
   5.8116232464929860       0.59652672588828237     
   5.8316633266533060       0.59429863869935839     
   5.8517034068136269       0.59207790071208000     
   5.8717434869739478       0.58986447421798005     
   5.8917835671342687       0.58765832171394061     
   5.9118236472945886       0.58545940589571965     
   5.9318637274549095       0.58326768965154774     
   5.9519038076152304       0.58108313605579365     
   5.9719438877755513       0.57890570836268962     
   5.9919839679358713       0.57673537000011577     
   6.0120240480961922       0.57457208456343822     
   6.0320641282565131       0.57241581580939693     
   6.0521042084168331       0.57026652765003671     
   6.0721442885771539       0.56812418414668309     
   6.0921843687374748       0.56598874950395106     
   6.1122244488977957       0.56386018806379012     
   6.1322645290581157       0.56173846429955576     
   6.1523046092184366       0.55962354281010718     
   6.1723446893787575       0.55751538831392433     
   6.1923847695390783       0.55541396564324330     
   6.2124248496993983       0.55331923973820263     
   6.2324649298597192       0.55123117564099988     
   6.2525050100200401       0.54914973849005055     
   6.2725450901803601       0.54707489351415051     
   6.2925851703406810       0.54500660602663153     
   6.3126252505010019       0.54294484141951305     
   6.3326653306613228       0.54088956515763875     
   6.3527054108216428       0.53884074277279981     
   6.3727454909819636       0.53679833985783854     
   6.3927855711422845       0.53476232206072638     
   6.4128256513026045       0.53273265507861534     
   6.4328657314629254       0.53070930465185762     
   6.4529058116232463       0.52869223655798814     
   6.4729458917835672       0.52668141660566659     
   6.4929859719438872       0.52467681062857552     
   6.5130260521042080       0.52267838447926840     
   6.5330661322645289       0.52068610402296556     
   6.5531062124248498       0.51869993513129042     
   6.5731462925851698       0.51671984367594603     
   6.5931863727454907       0.51474579552232247     
   6.6132264529058116       0.51277775652303426     
   6.6332665330661316       0.51081569251138215     
   6.6533066132264524       0.50885956929473342     
   6.6733466933867733       0.50690935264781667     
   6.6933867735470942       0.50496500830592805     
   6.7134268537074142       0.50302650195804000     
   6.7334669338677351       0.50109379923981212     
   6.7535070140280560       0.49916686572649466     
   6.7735470941883769       0.49724566692572381     
   6.7935871743486969       0.49533016827019910     
   6.8136272545090177       0.49342033511024103     
   6.8336673346693386       0.49151613270622202     
   6.8537074148296586       0.48961752622086385     
   6.8737474949899795       0.48772448071139907     
   6.8937875751503004       0.48583696112158653     
   6.9138276553106213       0.48395493227357889     
   6.9338677354709413       0.48207835885963207     
   6.9539078156312621       0.48020720543365447     
   6.9739478957915830       0.47834143640258570     
   6.9939879759519039       0.47648101601760162     
   7.0140280561122239       0.47462590836513557     
   7.0340681362725448       0.47277607735771210     
   7.0541082164328657       0.47093148672458363     
   7.0741482965931857       0.46909210000216384     
   7.0941883767535066       0.46725788052425132     
   7.1142284569138274       0.46542879141203203     
   7.1342685370741483       0.46360479556385886     
   7.1543086172344683       0.46178585564479291     
   7.1743486973947892       0.45997193407590492     
   7.1943887775551101       0.45816299302332314     
   7.2144288577154310       0.45635899438702160     
   7.2344689378757510       0.45455989978933919     
   7.2545090180360718       0.45276567056321942     
   7.2745490981963927       0.45097626774016164     
   7.2945891783567127       0.44919165203787392     
   7.3146292585170336       0.44741178384761837     
   7.3346693386773545       0.44563662322123460     
   7.3547094188376754       0.44386612985783541     
   7.3747494989979954       0.44210026309016015     
   7.3947895791583163       0.44033898187057480     
   7.4148296593186371       0.43858224475670660     
   7.4348697394789580       0.43683000989670234     
   7.4549098196392780       0.43508223501409499     
   7.4749498997995989       0.43333887739226673     
   7.4949899799599198       0.43159989385849584     
   7.5150300601202398       0.42986524076757021     
   7.5350701402805607       0.42813487398495548     
   7.5551102204408815       0.42640874886950136     
   7.5751503006012024       0.42468682025567028     
   7.5951903807615224       0.42296904243527200     
   7.6152304609218433       0.42125536913868783     
   7.6352705410821642       0.41954575351556594     
   7.6553106212424851       0.41784014811496972     
   7.6753507014028051       0.41613850486496057     
   7.6953907815631259       0.41444077505159493     
   7.7154308617234468       0.41274690929731411     
   7.7354709418837668       0.41105685753870813     
   7.7555110220440877       0.40937056900362817     
   7.7755511022044086       0.40768799218762619     
   7.7955911823647295       0.40600907482969839     
   7.8156312625250495       0.40433376388730419     
   7.8356713426853704       0.40266200551063780     
   7.8557114228456912       0.40099374501612389     
   7.8757515030060121       0.39932892685910681     
   7.8957915831663321       0.39766749460570672     
   7.9158316633266530       0.39600939090380860     
   7.9358717434869739       0.39435455745315301     
   7.9559118236472939       0.39270293497449327     
   7.9759519038076148       0.39105446317778403     
   7.9959919839679356       0.38940908072936264     
   8.0160320641282556       0.38776672521808453     
   8.0360721442885765       0.38612733312037095     
   8.0561122244488974       0.38449083976412474     
   8.0761523046092183       0.38285717929146879     
   8.0961923847695392       0.38122628462025987     
   8.1162324649298601       0.37959808740432360     
   8.1362725450901792       0.37797251799236170     
   8.1563126252505000       0.37634950538547007     
   8.1763527054108209       0.37472897719321058     
   8.1963927855711418       0.37311085958817347     
   8.2164328657314627       0.37149507725896025     
   8.2364729458917836       0.36988155336152051     
   8.2565130260521045       0.36827020946876260     
   8.2765531062124253       0.36666096551836208     
   8.2965931863727445       0.36505373975867939     
   8.3166332665330653       0.36344844869269888     
   8.3366733466933862       0.36184500701989114     
   8.3567134268537071       0.36024332757589561     
   8.3767535070140280       0.35864332126991394     
   8.3967935871743489       0.35704489701969566     
   8.4168336673346698       0.35544796168399173     
   8.4368737474949889       0.35385241999233874     
   8.4569138276553097       0.35225817447202917     
   8.4769539078156306       0.35066512537211442     
   8.4969939879759515       0.34907317058426834     
   8.5170340681362724       0.34748220556033360     
   8.5370741482965933       0.34589212322635488     
   8.5571142284569142       0.34430281389288758     
   8.5771543086172333       0.34271416516135322     
   8.5971943887775542       0.34112606182619470     
   8.6172344689378750       0.33953838577256362     
   8.6372745490981959       0.33795101586924509     
   8.6573146292585168       0.33636382785650454     
   8.6773547094188377       0.33477669422851014     
   8.6973947895791586       0.33318948410995064     
   8.7174348697394795       0.33160206312643847     
   8.7374749498997986       0.33001429326824344     
   8.7575150300601194       0.32842603274686194     
   8.7775551102204403       0.32683713584387963     
   8.7975951903807612       0.32524745275152556     
   8.8176352705410821       0.32365682940426410     
   8.8376753507014030       0.32206510730069687     
   8.8577154308617239       0.32047212331497460     
   8.8777555110220430       0.31887770949683597     
   8.8977955911823639       0.31728169285929397     
   8.9178356713426847       0.31568389515288625     
   8.9378757515030056       0.31408413262528878     
   8.9579158316633265       0.31248221576495588     
   8.9779559118236474       0.31087794902730431     
   8.9979959919839683       0.30927113054178912     
   9.0180360721442874       0.30766155179802834     
   9.0380761523046083       0.30604899730892277     
   9.0581162324649291       0.30443324424847534     
   9.0781563126252500       0.30281406206173894     
   9.0981963927855709       0.30119121204401927     
   9.1182364729458918       0.29956444688610040     
   9.1382765531062127       0.29793351018187159     
   9.1583166332665336       0.29629813589427184     
   9.1783567134268527       0.29465804777495530     
   9.1983967935871735       0.29301295873248129     
   9.2184368737474944       0.29136257014314532     
   9.2384769539078153       0.28970657109777226     
   9.2585170340681362       0.28804463757685772     
   9.2785571142284571       0.28637643154534848     
   9.2985971943887780       0.28470159995704547     
   9.3186372745490971       0.28301977365704239     
   9.3386773547094180       0.28133056616869168     
   9.3587174348697388       0.27963357234921882     
   9.3787575150300597       0.27792836689511274     
   9.3987975951903806       0.27621450267459585     
   9.4188376753507015       0.27449150885949075     
   9.4388777555110224       0.27275888882219490     
   9.4589178356713415       0.27101611775457612     
   9.4789579158316624       0.26926263995343347     
   9.4989979959919832       0.26749786570030382     
   9.5190380761523041       0.26572116763973930     
   9.5390781563126250       0.26393187652667677     
   9.5591182364729459       0.26212927616564807     
   9.5791583166332668       0.26031259729571865     
   9.5991983967935877       0.25848101007542956     
   9.6192384769539068       0.25663361467725393     
   9.6392785571142277       0.25476942928997465     
   9.6593186372745485       0.25288737451863069     
   9.6793587174348694       0.25098625271912750     
   9.6993987975951903       0.24906472014010322     
   9.7194388777555112       0.24712124876762348     
   9.7394789579158321       0.24515407333023290     
   9.7595190380761512       0.24316111680355504     
   9.7795591182364721       0.24113988463118996     
   9.7995991983967929       0.23908731327389923     
   9.8196392785571138       0.23699955190571098     
   9.8396793587174347       0.23487164605044827     
   9.8597194388777556       0.23269707715449925     
   9.8797595190380765       0.23046709024554346     
   9.8997995991983956       0.22816970957076352     
   9.9198396793587165       0.22578829447622453     
   9.9398797595190373       0.22329941744673465     
   9.9599198396793582       0.22066974233792433     
   9.9799599198396791       0.21785142739490254     
   10.000000000000000       0.21477535102316317     
