   0.0000000000000000        3.5595067436182100     
   2.0040080160320640E-002   3.5461419040803732     
   4.0080160320641281E-002   3.5309488506539859     
   6.0120240480961921E-002   3.5157017137974780     
   8.0160320641282562E-002   3.5006087065110481     
  0.10020040080160320        3.4857394235147638     
  0.12024048096192384        3.4710964445080021     
  0.14028056112224449        3.4566711946611983     
  0.16032064128256512        3.4424521439510172     
  0.18036072144288576        3.4284277710840128     
  0.20040080160320639        3.4145871607938245     
  0.22044088176352705        3.4009201347537319     
  0.24048096192384769        3.3874172394826938     
  0.26052104208416832        3.3740697028532449     
  0.28056112224448898        3.3608693848688378     
  0.30060120240480959        3.3478087299275634     
  0.32064128256513025        3.3348807221952175     
  0.34068136272545091        3.3220788443217213     
  0.36072144288577151        3.3093970393625920     
  0.38076152304609218        3.2968296756846223     
  0.40080160320641278        3.2843715146270256     
  0.42084168336673344        3.2720176807007562     
  0.44088176352705410        3.2597636341242961     
  0.46092184368737471        3.2476051455099002     
  0.48096192384769537        3.2355382725290998     
  0.50100200400801598        3.2235593383999621     
  0.52104208416833664        3.2116649120512557     
  0.54108216432865730        3.1998517898302752     
  0.56112224448897796        3.1881169786317844     
  0.58116232464929862        3.1764576803353441     
  0.60120240480961917        3.1648712774473426     
  0.62124248496993983        3.1533553198523414     
  0.64128256513026050        3.1419075125859948     
  0.66132264529058116        3.1305257045488153     
  0.68136272545090182        3.1192078780865264     
  0.70140280561122237        3.1079521393686691     
  0.72144288577154303        3.0967567095025941     
  0.74148296593186369        3.0856199163249967     
  0.76152304609218435        3.0745401868177553     
  0.78156312625250501        3.0635160400990968     
  0.80160320641282556        3.0525460809449974     
  0.82164328657314623        3.0416289937993390     
  0.84168336673346689        3.0307635372346238     
  0.86172344689378755        3.0199485388280998     
  0.88176352705410821        3.0091828904209423     
  0.90180360721442887        2.9984655437306973     
  0.92184368737474942        2.9877955062895634     
  0.94188376753507008        2.9771718376832670     
  0.96192384769539074        2.9665936460672695     
  0.98196392785571140        2.9560600849389047     
   1.0020040080160320        2.9455703501457196     
   1.0220440881763526        2.9351236771118607     
   1.0420841683366733        2.9247193382657759     
   1.0621242484969939        2.9143566406538159     
   1.0821643286573146        2.9040349237255425     
   1.1022044088176353        2.8937535572776589     
   1.1222444889779559        2.8835119395445026     
   1.1422845691382766        2.8733094954239933     
   1.1623246492985972        2.8631456748287971     
   1.1823647294589177        2.8530199511532617     
   1.2024048096192383        2.8429318198474238     
   1.2224448897795590        2.8328807970900582     
   1.2424849699398797        2.8228664185533758     
   1.2625250501002003        2.8128882382525386     
   1.2825651302605210        2.8029458274736969     
   1.3026052104208417        2.7930387737747431     
   1.3226452905811623        2.7831666800534158     
   1.3426853707414830        2.7733291636778170     
   1.3627254509018036        2.7635258556747648     
   1.3827655310621243        2.7537563999717789     
   1.4028056112224447        2.7440204526887957     
   1.4228456913827654        2.7343176814760253     
   1.4428857715430861        2.7246477648946308     
   1.4629258517034067        2.7150103918371555     
   1.4829659318637274        2.7054052609848704     
   1.5030060120240480        2.6958320802994198     
   1.5230460921843687        2.6862905665463397     
   1.5430861723446894        2.6767804448482146     
   1.5631262525050100        2.6673014482653956     
   1.5831663326653307        2.6578533174023691     
   1.6032064128256511        2.6484358000379968     
   1.6232464929859718        2.6390486507779900     
   1.6432865731462925        2.6296916307280944     
   1.6633266533066131        2.6203645071865820     
   1.6833667334669338        2.6110670533547431     
   1.7034068136272544        2.6017990480641719     
   1.7234468937875751        2.5925602755197246     
   1.7434869739478958        2.5833505250571114     
   1.7635270541082164        2.5741695909141602     
   1.7835671342685371        2.5650172720148601     
   1.8036072144288577        2.5558933717653503     
   1.8236472945891782        2.5467976978610891     
   1.8436873747494988        2.5377300621044863     
   1.8637274549098195        2.5286902802323330     
   1.8837675350701402        2.5196781717524166     
   1.9038076152304608        2.5106935597887370     
   1.9238476953907815        2.5017362709348023     
   1.9438877755511021        2.4928061351144959     
   1.9639278557114228        2.4839029854500603     
   1.9839679358717435        2.4750266581367621     
   2.0040080160320639        2.4661769923238386     
   2.0240480961923848        2.4573538300013538     
   2.0440881763527052        2.4485570158926104     
   2.0641282565130261        2.4397863973517957     
   2.0841683366733466        2.4310418242665590     
   2.1042084168336674        2.4223231489652330     
   2.1242484969939879        2.4136302261284373     
   2.1442885771543083        2.4049629127048142     
   2.1643286573146292        2.3963210678306690     
   2.1843687374749496        2.3877045527532945     
   2.2044088176352705        2.3791132307577771     
   2.2244488977955910        2.3705469670971002     
   2.2444889779559118        2.3620056289253579     
   2.2645290581162323        2.3534890852339223     
   2.2845691382765532        2.3449972067903988     
   2.3046092184368736        2.3365298660802316     
   2.3246492985971945        2.3280869372508151     
   2.3446893787575149        2.3196682960579835     
   2.3647294589178354        2.3112738198147595     
   2.3847695390781563        2.3029033873422464     
   2.4048096192384767        2.2945568789225543     
   2.4248496993987976        2.2862341762536618     
   2.4448897795591180        2.2779351624061182     
   2.4649298597194389        2.2696597217814927     
   2.4849699398797593        2.2614077400724919     
   2.5050100200400802        2.2531791042246594     
   2.5250501002004007        2.2449737023995873     
   2.5450901803607215        2.2367914239395663     
   2.5651302605210420        2.2286321593336078     
   2.5851703406813624        2.2204958001847728     
   2.6052104208416833        2.2123822391787504     
   2.6252505010020037        2.2042913700536282     
   2.6452905811623246        2.1962230875707980     
   2.6653306613226451        2.1881772874869521     
   2.6853707414829660        2.1801538665271152     
   2.7054108216432864        2.1721527223586699     
   2.7254509018036073        2.1641737535663332     
   2.7454909819639277        2.1562168596280387     
   2.7655310621242486        2.1482819408916916     
   2.7855711422845690        2.1403688985527536     
   2.8056112224448895        2.1324776346326249     
   2.8256513026052104        2.1246080519577921     
   2.8456913827655308        2.1167600541397040     
   2.8657314629258517        2.1089335455553533     
   2.8857715430861721        2.1011284313285268     
   2.9058116232464930        2.0933446173117036     
   2.9258517034068134        2.0855820100685709     
   2.9458917835671343        2.0778405168571332     
   2.9659318637274548        2.0701200456133946     
   2.9859719438877756        2.0624205049355839     
   3.0060120240480961        2.0547418040689114     
   3.0260521042084165        2.0470838528908248     
   3.0460921843687374        2.0394465618967561     
   3.0661322645290578        2.0318298421863314     
   3.0861723446893787        2.0242336054500316     
   3.1062124248496992        2.0166577639562830     
   3.1262525050100201        2.0091022305389652     
   3.1462925851703405        2.0015669185853140     
   3.1663326653306614        1.9940517420242139     
   3.1863727454909818        1.9865566153148575     
   3.2064128256513023        1.9790814534357595     
   3.2264529058116231        1.9716261718741168     
   3.2464929859719436        1.9641906866154972     
   3.2665330661322645        1.9567749141338451     
   3.2865731462925849        1.9493787713817949     
   3.3066132264529058        1.9420021757812798     
   3.3266533066132262        1.9346450452144242     
   3.3466933867735471        1.9273072980147101     
   3.3667334669338675        1.9199888529584102     
   3.3867735470941884        1.9126896292562723     
   3.4068136272545089        1.9054095465454532     
   3.4268537074148293        1.8981485248816881     
   3.4468937875751502        1.8909064847316870     
   3.4669338677354706        1.8836833469657568     
   3.4869739478957915        1.8764790328506307     
   3.5070140280561120        1.8692934640425078     
   3.5270541082164328        1.8621265625802885     
   3.5470941883767533        1.8549782508790018     
   3.5671342685370742        1.8478484517234195     
   3.5871743486973946        1.8407370882618463     
   3.6072144288577155        1.8336440840000849     
   3.6272545090180359        1.8265693627955659     
   3.6472945891783564        1.8195128488516397     
   3.6673346693386772        1.8124744667120236     
   3.6873747494989977        1.8054541412553999     
   3.7074148296593186        1.7984517976901577     
   3.7274549098196390        1.7914673615492762     
   3.7474949899799599        1.7845007586853439     
   3.7675350701402803        1.7775519152657087     
   3.7875751503006012        1.7706207577677526     
   3.8076152304609217        1.7637072129742939     
   3.8276553106212425        1.7568112079691030     
   3.8476953907815630        1.7499326701325348     
   3.8677354709418834        1.7430715271372736     
   3.8877755511022043        1.7362277069441816     
   3.9078156312625247        1.7294011377982541     
   3.9278557114228456        1.7225917482246744     
   3.9478957915831661        1.7157994670249648     
   3.9679358717434869        1.7090242232732318     
   3.9879759519038074        1.7022659463125034     
   4.0080160320641278        1.6955245657511531     
   4.0280561122244487        1.6888000114594091     
   4.0480961923847696        1.6820922135659460     
   4.0681362725450896        1.6754011024545565     
   4.0881763527054105        1.6687266087608998     
   4.1082164328657313        1.6620686633693256     
   4.1282565130260522        1.6554271974097683     
   4.1482965931863722        1.6488021422547137     
   4.1683366733466931        1.6421934295162315     
   4.1883767535070140        1.6356009910430749     
   4.2084168336673349        1.6290247589178415     
   4.2284569138276549        1.6224646654541988     
   4.2484969939879758        1.6159206431941660     
   4.2685370741482966        1.6093926249054558     
   4.2885771543086166        1.6028805435788698     
   4.3086172344689375        1.5963843324257507     
   4.3286573146292584        1.5899039248754836     
   4.3486973947895793        1.5834392545730509     
   4.3687374749498993        1.5769902553766335     
   4.3887775551102202        1.5705568613552612     
   4.4088176352705410        1.5641390067865086     
   4.4288577154308619        1.5577366261542356     
   4.4488977955911819        1.5513496541463700     
   4.4689378757515028        1.5449780256527328     
   4.4889779559118237        1.5386216757629032     
   4.5090180360721437        1.5322805397641235     
   4.5290581162324646        1.5259545531392398     
   4.5490981963927855        1.5196436515646814     
   4.5691382765531063        1.5133477709084746     
   4.5891783567134263        1.5070668472282900     
   4.6092184368737472        1.5008008167695237     
   4.6292585170340681        1.4945496159634106     
   4.6492985971943890        1.4883131814251678     
   4.6693386773547090        1.4820914499521680     
   4.6893787575150299        1.4758843585221428     
   4.7094188376753507        1.4696918442914122     
   4.7294589178356707        1.4635138445931426     
   4.7494989979959916        1.4573502969356289     
   4.7695390781563125        1.4512011390006045     
   4.7895791583166334        1.4450663086415720     
   4.8096192384769534        1.4389457438821609     
   4.8296593186372743        1.4328393829145036     
   4.8496993987975952        1.4267471640976381     
   4.8697394789579160        1.4206690259559265     
   4.8897795591182360        1.4146049071774973     
   4.9098196392785569        1.4085547466127055     
   4.9298597194388778        1.4025184832726110     
   4.9498997995991978        1.3964960563274762     
   4.9699398797595187        1.3904874051052782     
   4.9899799599198396        1.3844924690902409     
   5.0100200400801604        1.3785111879213794     
   5.0300601202404804        1.3725435013910623     
   5.0501002004008013        1.3665893494435859     
   5.0701402805611222        1.3606486721737641     
   5.0901803607214431        1.3547214098255300     
   5.1102204408817631        1.3488075027905513     
   5.1302605210420840        1.3429068916068556     
   5.1503006012024048        1.3370195169574697     
   5.1703406813627248        1.3311453196690659     
   5.1903807615230457        1.3252842407106220     
   5.2104208416833666        1.3194362211920878     
   5.2304609218436875        1.3136012023630628     
   5.2505010020040075        1.3077791256114792     
   5.2705410821643284        1.3019699324622960     
   5.2905811623246493        1.2961735645761980     
   5.3106212424849701        1.2903899637483014     
   5.3306613226452901        1.2846190719068662     
   5.3507014028056110        1.2788608311120140     
   5.3707414829659319        1.2731151835544499     
   5.3907815631262519        1.2673820715541886     
   5.4108216432865728        1.2616614375592865     
   5.4308617234468937        1.2559532241445730     
   5.4509018036072145        1.2502573740103891     
   5.4709418837675345        1.2445738299813234     
   5.4909819639278554        1.2389025350049538     
   5.5110220440881763        1.2332434321505881     
   5.5310621242484972        1.2275964646080040     
   5.5511022044088172        1.2219615756861912     
   5.5711422845691381        1.2163387088120929     
   5.5911823647294590        1.2107278075293428     
   5.6112224448897789        1.2051288154970043     
   5.6312625250500998        1.1995416764883051     
   5.6513026052104207        1.1939663343893683     
   5.6713426853707416        1.1884027331979423     
   5.6913827655310616        1.1828508170221239     
   5.7114228456913825        1.1773105300790787     
   5.7314629258517034        1.1717818166937550     
   5.7515030060120242        1.1662646212975911     
   5.7715430861723442        1.1607588884272186     
   5.7915831663326651        1.1552645627231548     
   5.8116232464929860        1.1497815889284906     
   5.8316633266533060        1.1443099118875675     
   5.8517034068136269        1.1388494765446464     
   5.8717434869739478        1.1334002279425661     
   5.8917835671342687        1.1279621112213916     
   5.9118236472945886        1.1225350716170506     
   5.9318637274549095        1.1171190544599578     
   5.9519038076152304        1.1117140051736276     
   5.9719438877755513        1.1063198692732712     
   5.9919839679358713        1.1009365923643808     
   6.0120240480961922        1.0955641201412984     
   6.0320641282565131        1.0902023983857687     
   6.0521042084168331        1.0848513729654741     
   6.0721442885771539        1.0795109898325530     
   6.0921843687374748        1.0741811950221001     
   6.1122244488977957        1.0688619346506452     
   6.1322645290581157        1.0635531549146129     
   6.1523046092184366        1.0582548020887614     
   6.1723446893787575        1.0529668225245976     
   6.1923847695390783        1.0476891626487685     
   6.2124248496993983        1.0424217689614301     
   6.2324649298597192        1.0371645880345883     
   6.2525050100200401        1.0319175665104152     
   6.2725450901803601        1.0266806510995352     
   6.2925851703406810        1.0214537885792840     
   6.3126252505010019        1.0162369257919364     
   6.3326653306613228        1.0110300096429021     
   6.3527054108216428        1.0058329870988894     
   6.3727454909819636        1.0006458051860336     
   6.3927855711422845       0.99546841098799088     
   6.4128256513026045       0.99030075164399312     
   6.4328657314629254       0.98514277434686626     
   6.4529058116232463       0.97999442634100642     
   6.4729458917835672       0.97485565492031490     
   6.4929859719438872       0.96972640742608951     
   6.5130260521042080       0.96460663124487078     
   6.5330661322645289       0.95949627380623981     
   6.5531062124248498       0.95439528258056860     
   6.5731462925851698       0.94930360507671852     
   6.5931863727454907       0.94422118883968487     
   6.6132264529058116       0.93914798144818812     
   6.6332665330661316       0.93408393051220651     
   6.6533066132264524       0.92902898367044850     
   6.6733466933867733       0.92398308858776523     
   6.6933867735470942       0.91894619295249591     
   6.7134268537074142       0.91391824447374836     
   6.7334669338677351       0.90889919087860827     
   6.7535070140280560       0.90388897990927708     
   6.7735470941883769       0.89888755932013398     
   6.7935871743486969       0.89389487687471925     
   6.8136272545090177       0.88891088034263677     
   6.8336673346693386       0.88393551749637156     
   6.8537074148296586       0.87896873610801851     
   6.8737474949899795       0.87401048394592051     
   6.8937875751503004       0.86906070877121033     
   6.9138276553106213       0.86411935833425324     
   6.9338677354709413       0.85918638037098716     
   6.9539078156312621       0.85426172259915401     
   6.9739478957915830       0.84934533271442059     
   6.9939879759519039       0.84443715838638167     
   7.0140280561122239       0.83953714725444273     
   7.0340681362725448       0.83464524692357556     
   7.0541082164328657       0.82976140495994311     
   7.0741482965931857       0.82488556888638687     
   7.0941883767535066       0.82001768617777127     
   7.1142284569138274       0.81515770425617939     
   7.1342685370741483       0.81030557048595342     
   7.1543086172344683       0.80546123216857402     
   7.1743486973947892       0.80062463653736926     
   7.1943887775551101       0.79579573075204957     
   7.2144288577154310       0.79097446189305765     
   7.2344689378757510       0.78616077695572695     
   7.2545090180360718       0.78135462284424062     
   7.2745490981963927       0.77655594636538072     
   7.2945891783567127       0.77176469422205962     
   7.3146292585170336       0.76698081300662291     
   7.3346693386773545       0.76220424919391438     
   7.3547094188376754       0.75743494913409148     
   7.3747494989979954       0.75267285904517978     
   7.3947895791583163       0.74791792500535559     
   7.4148296593186371       0.74317009294494196     
   7.4348697394789580       0.73842930863810685     
   7.4549098196392780       0.73369551769424746     
   7.4749498997995989       0.72896866554904738     
   7.4949899799599198       0.72424869745518983     
   7.5150300601202398       0.71953555847270978     
   7.5350701402805607       0.71482919345896923     
   7.5551102204408815       0.71012954705823528     
   7.5751503006012024       0.70543656369084140     
   7.5951903807615224       0.70075018754191210     
   7.6152304609218433       0.69607036254962751     
   7.6352705410821642       0.69139703239300565     
   7.6553106212424851       0.68673014047917558     
   7.6753507014028051       0.68206962993011788     
   7.6953907815631259       0.67741544356884076     
   7.7154308617234468       0.67276752390496575     
   7.7354709418837668       0.66812581311968777     
   7.7555110220440877       0.66349025305007792     
   7.7755511022044086       0.65886078517269331     
   7.7955911823647295       0.65423735058645394     
   7.8156312625250495       0.64961988999474718     
   7.8356713426853704       0.64500834368671645     
   7.8557114228456912       0.64040265151768783     
   7.8757515030060121       0.63580275288868360     
   7.8957915831663321       0.63120858672497338     
   7.9158316633266530       0.62662009145360287     
   7.9358717434869739       0.62203720497984250     
   7.9559118236472939       0.61745986466249114     
   7.9759519038076148       0.61288800728796566     
   7.9959919839679356       0.60832156904310308     
   8.0160320641282556       0.60376048548659655     
   8.0360721442885765       0.59920469151898170     
   8.0561122244488974       0.59465412135108053     
   8.0761523046092183       0.59010870847080965     
   8.0961923847695392       0.58556838560824531     
   8.1162324649298601       0.58103308469883663     
   8.1362725450901792       0.57650273684464548     
   8.1563126252505000       0.57197727227348583     
   8.1763527054108209       0.56745662029582433     
   8.1963927855711418       0.56294070925929307     
   8.2164328657314627       0.55842946650065584     
   8.2364729458917836       0.55392281829505696     
   8.2565130260521045       0.54942068980236691     
   8.2765531062124253       0.54492300501042679     
   8.2965931863727445       0.54042968667497870     
   8.3166332665330653       0.53594065625605047     
   8.3366733466933862       0.53145583385054773     
   8.3567134268537071       0.52697513812078489     
   8.3767535070140280       0.52249848621866790     
   8.3967935871743489       0.51802579370521773     
   8.4168336673346698       0.51355697446509796     
   8.4368737474949889       0.50909194061578633     
   8.4569138276553097       0.50463060241099833     
   8.4769539078156306       0.50017286813794137     
   8.4969939879759515       0.49571864400794424     
   8.5170340681362724       0.49126783403996843     
   8.5370741482965933       0.48682033993647156     
   8.5571142284569142       0.48237606095104546     
   8.5771543086172333       0.47793489374720910     
   8.5971943887775542       0.47349673224768357     
   8.6172344689378750       0.46906146747342131     
   8.6372745490981959       0.46462898737160446     
   8.6573146292585168       0.46019917663175919     
   8.6773547094188377       0.45577191648906606     
   8.6973947895791586       0.45134708451386835     
   8.7174348697394795       0.44692455438629769     
   8.7374749498997986       0.44250419565484889     
   8.7575150300601194       0.43808587347763517     
   8.7775551102204403       0.43366944834495225     
   8.7975951903807612       0.42925477578166371     
   8.8176352705410821       0.42484170602779570     
   8.8376753507014030       0.42043008369559409     
   8.8577154308617239       0.41601974740115005     
   8.8777555110220430       0.41161052936854042     
   8.8977955911823639       0.40720225500425644     
   8.9178356713426847       0.40279474243950603     
   8.9378757515030056       0.39838780203777013     
   8.9579158316633265       0.39398123586477152     
   8.9779559118236474       0.38957483711777352     
   8.9979959919839683       0.38516838951086430     
   9.0180360721442874       0.38076166661259536     
   9.0380761523046083       0.37635443113203665     
   9.0581162324649291       0.37194643414897099     
   9.0781563126252500       0.36753741428358716     
   9.0981963927855709       0.36312709680063221     
   9.1182364729458918       0.35871519264255242     
   9.1382765531062127       0.35430139738568273     
   9.1583166332665336       0.34988539011303366     
   9.1783567134268527       0.34546683219667046     
   9.1983967935871735       0.34104536598207635     
   9.2184368737474944       0.33662061336623550     
   9.2384769539078153       0.33219217426045922     
   9.2585170340681362       0.32775962492820349     
   9.2785571142284571       0.32332251618728419     
   9.2985971943887780       0.31888037146497900     
   9.3186372745490971       0.31443268469351110     
   9.3386773547094180       0.30997891803232375     
   9.3587174348697388       0.30551849940238046     
   9.3787575150300597       0.30105081981644222     
   9.3987975951903806       0.29657523048788198     
   9.4188376753507015       0.29209103969908157     
   9.4388777555110224       0.28759750940881029     
   9.4589178356713415       0.28309385157619144     
   9.4789579158316624       0.27857922417691705     
   9.4989979959919832       0.27405272688525117     
   9.5190380761523041       0.26951339639305882     
   9.5390781563126250       0.26496020133459142     
   9.5591182364729459       0.26039203678303297     
   9.5791583166332668       0.25580771828184840     
   9.5991983967935877       0.25120597537074962     
   9.6192384769539068       0.24658544456258893     
   9.6392785571142277       0.24194466172367812     
   9.6593186372745485       0.23728205380589426     
   9.6793587174348694       0.23259592987446834     
   9.6993987975951903       0.22788447137062021     
   9.7194388777555112       0.22314572154351975     
   9.7394789579158321       0.21837757398265217     
   9.7595190380761512       0.21357776018427893     
   9.7795591182364721       0.20874383611138819     
   9.7995991983967929       0.20387316782191134     
   9.8196392785571138       0.19896291666989357     
   9.8396793587174347       0.19401002631534803     
   9.8597194388777556       0.18901121948635399     
   9.8797595190380765       0.18396303903207212     
   9.8997995991983956       0.17886203328884370     
   9.9198396793587165       0.17370567391248526     
   9.9398797595190373       0.16849489236804197     
   9.9599198396793582       0.16325137194334341     
   9.9799599198396791       0.15803965792092589     
   10.000000000000000       0.15340915085029902     
