   0.0000000000000000        2.9373392661743090     
   2.0040080160320640E-002   2.9254227440911400     
   4.0080160320641281E-002   2.8939933913954219     
   6.0120240480961921E-002   2.8588918185686762     
   8.0160320641282562E-002   2.8208197678214968     
  0.10020040080160320        2.7810601518831297     
  0.12024048096192384        2.7402784847966828     
  0.14028056112224449        2.6989243006118673     
  0.16032064128256512        2.6573093651090605     
  0.18036072144288576        2.6156608694795929     
  0.20040080160320639        2.5741489123320052     
  0.22044088176352705        2.5329029623514154     
  0.24048096192384769        2.4920223080583526     
  0.26052104208416832        2.4515831386533877     
  0.28056112224448898        2.4116435908704377     
  0.30060120240480959        2.3722474931017485     
  0.32064128256513025        2.3334272289240321     
  0.34068136272545091        2.2952059775051854     
  0.36072144288577151        2.2575994959426469     
  0.38076152304609218        2.2206175542630642     
  0.40080160320641278        2.1842651004813320     
  0.42084168336673344        2.1485432118249017     
  0.44088176352705410        2.1134498740983991     
  0.46092184368737471        2.0789806214374082     
  0.48096192384769537        2.0451290617713718     
  0.50100200400801598        2.0118873082202633     
  0.52104208416833664        1.9792463327950469     
  0.54108216432865730        1.9471962557840328     
  0.56112224448897796        1.9157265818439204     
  0.58116232464929862        1.8848263919146211     
  0.60120240480961917        1.8544844985307589     
  0.62124248496993983        1.8246895708323221     
  0.64128256513026050        1.7954302345259856     
  0.66132264529058116        1.7666951511749909     
  0.68136272545090182        1.7384730804668380     
  0.70140280561122237        1.7107529284991361     
  0.72144288577154303        1.6835237846144604     
  0.74148296593186369        1.6567749488885746     
  0.76152304609218435        1.6304959520193369     
  0.78156312625250501        1.6046765690648794     
  0.80160320641282556        1.5793068282298370     
  0.82164328657314623        1.5543770156897063     
  0.84168336673346689        1.5298776772692346     
  0.86172344689378755        1.5057996176456019     
  0.88176352705410821        1.4821338976262681     
  0.90180360721442887        1.4588718299509635     
  0.92184368737474942        1.4360049739839056     
  0.94188376753507008        1.4135251295932749     
  0.96192384769539074        1.3914243304578577     
  0.98196392785571140        1.3696948369936037     
   1.0020040080160320        1.3483291290540140     
   1.0220440881763526        1.3273198985263444     
   1.0420841683366733        1.3066600419194245     
   1.0621242484969939        1.2863426530175122     
   1.0821643286573146        1.2663610156571370     
   1.1022044088176353        1.2467085966697364     
   1.1222444889779559        1.2273790390214010     
   1.1422845691382766        1.2083661551718361     
   1.1623246492985972        1.1896639206672324     
   1.1823647294589177        1.1712664679758555     
   1.2024048096192383        1.1531680805705147     
   1.2224448897795590        1.1353631872584287     
   1.2424849699398797        1.1178463567561858     
   1.2625250501002003        1.1006122925053587     
   1.2825651302605210        1.0836558277227197     
   1.3026052104208417        1.0669719206778379     
   1.3226452905811623        1.0505556501900328     
   1.3426853707414830        1.0344022113361171     
   1.3627254509018036        1.0185069113600425     
   1.3827655310621243        1.0028651657754417     
   1.4028056112224447       0.98747249465204756     
   1.4228456913827654       0.97232451907707629     
   1.4428857715430861       0.95741695778284264     
   1.4629258517034067       0.94274562393212746     
   1.4829659318637274       0.92830642205308955     
   1.5030060120240480       0.91409534511583579     
   1.5230460921843687       0.90010847174309228     
   1.5430861723446894       0.88634196354776273     
   1.5631262525050100       0.87279206259050857     
   1.5831663326653307       0.85945508895082234     
   1.6032064128256511       0.84632743840541524     
   1.6232464929859718       0.83340558020806499     
   1.6432865731462925       0.82068605496539326     
   1.6633266533066131       0.80816547260334981     
   1.6833667334669338       0.79584051041948112     
   1.7034068136272544       0.78370791121634142     
   1.7234468937875751       0.77176448151167343     
   1.7434869739478958       0.76000708982124709     
   1.7635270541082164       0.74843266501048178     
   1.7835671342685371       0.73703819471121157     
   1.8036072144288577       0.72582072380016538     
   1.8236472945891782       0.71477735293594158     
   1.8436873747494988       0.70390523715144704     
   1.8637274549098195       0.69320158449895153     
   1.8837675350701402       0.68266365474507840     
   1.9038076152304608       0.67228875811320898     
   1.9238476953907815       0.66207425407093523     
   1.9438877755511021       0.65201755016032437     
   1.9639278557114228       0.64211610086890225     
   1.9839679358717435       0.63236740653937529     
   2.0040080160320639       0.62276901231623483     
   2.0240480961923848       0.61331850712748881     
   2.0440881763527052       0.60401352269987296     
   2.0641282565130261       0.59485173260598534     
   2.0841683366733466       0.58583085134187607     
   2.1042084168336674       0.57694863343371328     
   2.1242484969939879       0.56820287257221602     
   2.1442885771543083       0.55959140077362657     
   2.1643286573146292       0.55111208756605534     
   2.1843687374749496       0.54276283920010393     
   2.2044088176352705       0.53454159788272426     
   2.2244488977955910       0.52644634103333521     
   2.2444889779559118       0.51847508056126546     
   2.2645290581162323       0.51062586216364725     
   2.2845691382765532       0.50289676464292499     
   2.3046092184368736       0.49528589924319316     
   2.3246492985971945       0.48779140900461754     
   2.3446893787575149       0.48041146813522767     
   2.3647294589178354       0.47314428139941311     
   2.3847695390781563       0.46598808352248278     
   2.4048096192384767       0.45894113861068359     
   2.4248496993987976       0.45200173958610285     
   2.4448897795591180       0.44516820763590725     
   2.4649298597194389       0.43843889167539868     
   2.4849699398797593       0.43181216782439247     
   2.5050100200400802       0.42528643889644779     
   2.5250501002004007       0.41886013390049914     
   2.5450901803607215       0.41253170755446600     
   2.5651302605210420       0.40629963981042777     
   2.5851703406813624       0.40016243539098056     
   2.6052104208416833       0.39411862333640163     
   2.6252505010020037       0.38816675656226773     
   2.6452905811623246       0.38230541142719143     
   2.6653306613226451       0.37653318731034896     
   2.6853707414829660       0.37084870619849253     
   2.7054108216432864       0.36525061228215117     
   2.7254509018036073       0.35973757156073549     
   2.7454909819639277       0.35430827145627830     
   2.7655310621242486       0.34896142043554751     
   2.7855711422845690       0.34369574764028626     
   2.8056112224448895       0.33851000252533886     
   2.8256513026052104       0.33340295450443402     
   2.8456913827655308       0.32837339260340737     
   2.8657314629258517       0.32342012512064927     
   2.8857715430861721       0.31854197929457762     
   2.9058116232464930       0.31373780097793885     
   2.9258517034068134       0.30900645431875146     
   2.9458917835671343       0.30434682144770997     
   2.9659318637274548       0.29975780217187648     
   2.9859719438877756       0.29523831367449344     
   3.0060120240480961       0.29078729022075539     
   3.0260521042084165       0.28640368286938550     
   3.0460921843687374       0.28208645918986597     
   3.0661322645290578       0.27783460298518037     
   3.0861723446893787       0.27364711401992670     
   3.1062124248496992       0.26952300775366661     
   3.1262525050100201       0.26546131507938392     
   3.1462925851703405       0.26146108206692287     
   3.1663326653306614       0.25752136971128897     
   3.1863727454909818       0.25364125368569213     
   3.2064128256513023       0.24981982409922202     
   3.2264529058116231       0.24605618525904266     
   3.2464929859719436       0.24234945543700323     
   3.2665330661322645       0.23869876664056064     
   3.2865731462925849       0.23510326438791518     
   3.3066132264529058       0.23156210748726255     
   3.3266533066132262       0.22807446782006993     
   3.3466933867735471       0.22463953012828364     
   3.3667334669338675       0.22125649180538329     
   3.3867735470941884       0.21792456269119465     
   3.4068136272545089       0.21464296487038070     
   3.4268537074148293       0.21141093247452961     
   3.4468937875751502       0.20822771148776181     
   3.4669338677354706       0.20509255955578151     
   3.4869739478957915       0.20200474579829780     
   3.5070140280561120       0.19896355062474494     
   3.5270541082164328       0.19596826555323235     
   3.5470941883767533       0.19301819303265655     
   3.5671342685370742       0.19011264626790927     
   3.5871743486973946       0.18725094904811870     
   3.6072144288577155       0.18443243557786065     
   3.6272545090180359       0.18165645031128003     
   3.6472945891783564       0.17892234778906352     
   3.6673346693386772       0.17622949247820571     
   3.6873747494989977       0.17357725861451345     
   3.7074148296593186       0.17096503004779362     
   3.7274549098196390       0.16839220008967140     
   3.7474949899799599       0.16585817136398739     
   3.7675350701402803       0.16336235565972304     
   3.7875751503006012       0.16090417378640531     
   3.8076152304609217       0.15848305543194283     
   3.8276553106212425       0.15609843902284667     
   3.8476953907815630       0.15374977158678926     
   3.8677354709418834       0.15143650861745914     
   3.8877755511022043       0.14915811394166489     
   3.9078156312625247       0.14691405958864892     
   3.9278557114228456       0.14470382566156753     
   3.9478957915831661       0.14252690021109757     
   3.9679358717434869       0.14038277911113009     
   3.9879759519038074       0.13827096593651228     
   4.0080160320641278       0.13619097184280002     
   4.0280561122244487       0.13414231544798391     
   4.0480961923847696       0.13212452271615260     
   4.0681362725450896       0.13013712684305889     
   4.0881763527054105       0.12817966814355308     
   4.1082164328657313       0.12625169394085059     
   4.1282565130260522       0.12435275845760015     
   4.1482965931863722       0.12248242270872110     
   4.1683366733466931       0.12064025439597756     
   4.1883767535070140       0.11882582780425859     
   4.2084168336673349       0.11703872369953440     
   4.2284569138276549       0.11527852922845885     
   4.2484969939879758       0.11354483781958892     
   4.2685370741482966       0.11183724908619327     
   4.2885771543086166       0.11015536873062161     
   4.3086172344689375       0.10849880845020794     
   4.3286573146292584       0.10686718584468093     
   4.3486973947895793       0.10526012432505497     
   4.3687374749498993       0.10367725302397701     
   4.3887775551102202       0.10211820670750323     
   4.4088176352705410       0.10058262568828141     
   4.4288577154308619        9.9070155740115198E-002
   4.4488977955911819        9.7580448013885754E-002
   4.4689378757515028        9.6113158954808708E-002
   4.4889779559118237        9.4667950221002620E-002
   4.5090180360721437        9.3244488603347803E-002
   4.5290581162324646        9.1842445946612616E-002
   4.5490981963927855        9.0461499071826643E-002
   4.5691382765531063        8.9101329699879273E-002
   4.5891783567134263        8.7761624376323372E-002
   4.6092184368737472        8.6442074397363483E-002
   4.6292585170340681        8.5142375737009390E-002
   4.6492985971943890        8.3862228975374722E-002
   4.6693386773547090        8.2601339228102311E-002
   4.6893787575150299        8.1359416076897159E-002
   4.7094188376753507        8.0136173501148739E-002
   4.7294589178356707        7.8931329810624534E-002
   4.7494989979959916        7.7744607579217279E-002
   4.7695390781563125        7.6575733579728411E-002
   4.7895791583166334        7.5424438719670722E-002
   4.8096192384769534        7.4290457978073404E-002
   4.8296593186372743        7.3173530343272994E-002
   4.8496993987975952        7.2073398751674553E-002
   4.8697394789579160        7.0989810027466349E-002
   4.8897795591182360        6.9922514823273468E-002
   4.9098196392785569        6.8871267561734201E-002
   4.9298597194388778        6.7835826377984951E-002
   4.9498997995991978        6.6815953063038225E-002
   4.9699398797595187        6.5811413008039832E-002
   4.9899799599198396        6.4821975149390657E-002
   5.0100200400801604        6.3847411914719154E-002
   5.0300601202404804        6.2887499169690983E-002
   5.0501002004008013        6.1942016165641996E-002
   5.0701402805611222        6.1010745488021698E-002
   5.0901803607214431        6.0093473005633787E-002
   5.1102204408817631        5.9189987820661198E-002
   5.1302605210420840        5.8300082219463173E-002
   5.1503006012024048        5.7423551624131611E-002
   5.1703406813627248        5.6560194544795078E-002
   5.1903807615230457        5.5709812532658040E-002
   5.2104208416833666        5.4872210133763984E-002
   5.2304609218436875        5.4047194843470626E-002
   5.2505010020040075        5.3234577061626147E-002
   5.2705410821643284        5.2434170048434869E-002
   5.2905811623246493        5.1645789881002095E-002
   5.3106212424849701        5.0869255410546523E-002
   5.3306613226452901        5.0104388220270510E-002
   5.3507014028056110        4.9351012583877030E-002
   5.3707414829659319        4.8608955424723641E-002
   5.3907815631262519        4.7878046275602985E-002
   5.4108216432865728        4.7158117239140360E-002
   5.4308617234468937        4.6449002948798217E-002
   5.4509018036072145        4.5750540530478306E-002
   5.4709418837675345        4.5062569564711934E-002
   5.4909819639278554        4.4384932049429143E-002
   5.5110220440881763        4.3717472363297677E-002
   5.5310621242484972        4.3060037229622844E-002
   5.5511022044088172        4.2412475680799380E-002
   5.5711422845691381        4.1774639023306762E-002
   5.5911823647294590        4.1146380803239437E-002
   5.6112224448897789        4.0527556772363513E-002
   5.6312625250500998        3.9918024854691869E-002
   5.6513026052104207        3.9317645113569236E-002
   5.6713426853707416        3.8726279719259807E-002
   5.6913827655310616        3.8143792917029004E-002
   5.7114228456913825        3.7570050995711958E-002
   5.7314629258517034        3.7004922256761226E-002
   5.7515030060120242        3.6448276983765952E-002
   5.7715430861723442        3.5899987412435490E-002
   5.7915831663326651        3.5359927701039955E-002
   5.8116232464929860        3.4827973901300859E-002
   5.8316633266533060        3.4304003929724637E-002
   5.8517034068136269        3.3787897539372266E-002
   5.8717434869739478        3.3279536292058327E-002
   5.8917835671342687        3.2778803530972560E-002
   5.9118236472945886        3.2285584353717624E-002
   5.9318637274549095        3.1799765585756590E-002
   5.9519038076152304        3.1321235754263578E-002
   5.9719438877755513        3.0849885062371608E-002
   5.9919839679358713        3.0385605363811335E-002
   6.0120240480961922        2.9928290137934684E-002
   6.0320641282565131        2.9477834465117349E-002
   6.0521042084168331        2.9034135002534454E-002
   6.0721442885771539        2.8597089960303485E-002
   6.0921843687374748        2.8166599077988814E-002
   6.1122244488977957        2.7742563601462406E-002
   6.1322645290581157        2.7324886260114898E-002
   6.1523046092184366        2.6913471244412023E-002
   6.1723446893787575        2.6508224183790733E-002
   6.1923847695390783        2.6109052124889922E-002
   6.2124248496993983        2.5715863510110671E-002
   6.2324649298597192        2.5328568156500749E-002
   6.2525050100200401        2.4947077234958499E-002
   6.2725450901803601        2.4571303249751212E-002
   6.2925851703406810        2.4201160018343028E-002
   6.3126252505010019        2.3836562651527740E-002
   6.3326653306613228        2.3477427533861686E-002
   6.3527054108216428        2.3123672304392190E-002
   6.3727454909819636        2.2775215837676988E-002
   6.3927855711422845        2.2431978225090129E-002
   6.4128256513026045        2.2093880756409986E-002
   6.4328657314629254        2.1760845901685043E-002
   6.4529058116232463        2.1432797293373131E-002
   6.4729458917835672        2.1109659708749961E-002
   6.4929859719438872        2.0791359052582819E-002
   6.5130260521042080        2.0477822340065305E-002
   6.5330661322645289        2.0168977680009113E-002
   6.5531062124248498        1.9864754258288937E-002
   6.5731462925851698        1.9565082321536587E-002
   6.5931863727454907        1.9269893161080479E-002
   6.6132264529058116        1.8979119097126695E-002
   6.6332665330661316        1.8692693463178006E-002
   6.6533066132264524        1.8410550590687115E-002
   6.6733466933867733        1.8132625793940458E-002
   6.6933867735470942        1.7858855355169182E-002
   6.7134268537074142        1.7589176509883692E-002
   6.7334669338677351        1.7323527432428317E-002
   6.7535070140280560        1.7061847221752795E-002
   6.7735470941883769        1.6804075887397137E-002
   6.7935871743486969        1.6550154335686681E-002
   6.8136272545090177        1.6300024356134021E-002
   6.8336673346693386        1.6053628608044671E-002
   6.8537074148296586        1.5810910607323283E-002
   6.8737474949899795        1.5571814713477416E-002
   6.8937875751503004        1.5336286116815655E-002
   6.9138276553106213        1.5104270825837245E-002
   6.9338677354709413        1.4875715654810169E-002
   6.9539078156312621        1.4650568211534810E-002
   6.9739478957915830        1.4428776885290298E-002
   6.9939879759519039        1.4210290834960776E-002
   7.0140280561122239        1.3995059977338664E-002
   7.0340681362725448        1.3783034975602376E-002
   7.0541082164328657        1.3574167227965598E-002
   7.0741482965931857        1.3368408856495559E-002
   7.0941883767535066        1.3165712696097676E-002
   7.1142284569138274        1.2966032283663914E-002
   7.1342685370741483        1.2769321847382390E-002
   7.1543086172344683        1.2575536296205638E-002
   7.1743486973947892        1.2384631209475128E-002
   7.1943887775551101        1.2196562826699503E-002
   7.2144288577154310        1.2011288037484212E-002
   7.2344689378757510        1.1828764371610118E-002
   7.2545090180360718        1.1648949989258741E-002
   7.2745490981963927        1.1471803671381836E-002
   7.2945891783567127        1.1297284810213002E-002
   7.3146292585170336        1.1125353399919140E-002
   7.3346693386773545        1.0955970027389439E-002
   7.3547094188376754        1.0789095863159799E-002
   7.3747494989979954        1.0624692652470465E-002
   7.3947895791583163        1.0462722706454777E-002
   7.4148296593186371        1.0303148893456938E-002
   7.4348697394789580        1.0145934630476654E-002
   7.4549098196392780        9.9910438747387014E-003
   7.4749498997995989        9.8384411153853071E-003
   7.4949899799599198        9.6880913652893762E-003
   7.5150300601202398        9.5399601529865923E-003
   7.5350701402805607        9.3940135147244155E-003
   7.5551102204408815        9.2502179866260741E-003
   7.5751503006012024        9.1085405969675969E-003
   7.5951903807615224        8.9689488585660438E-003
   7.6152304609218433        8.8314107612770081E-003
   7.6352705410821642        8.6958947645995981E-003
   7.6553106212424851        8.5623697903870165E-003
   7.6753507014028051        8.4308052156609296E-003
   7.6953907815631259        8.3011708655278439E-003
   7.7154308617234468        8.1734370061956729E-003
   7.7354709418837668        8.0475743380887636E-003
   7.7555110220440877        7.9235539890595737E-003
   7.7755511022044086        7.8013475076952809E-003
   7.7955911823647295        7.6809268567175921E-003
   7.8156312625250495        7.5622644064740055E-003
   7.8356713426853704        7.4453329285188155E-003
   7.8557114228456912        7.3301055892821638E-003
   7.8757515030060121        7.2165559438253967E-003
   7.8957915831663321        7.1046579296810512E-003
   7.9158316633266530        6.9943858607757784E-003
   7.9358717434869739        6.8857144214344692E-003
   7.9559118236472939        6.7786186604639363E-003
   7.9759519038076148        6.6730739853143976E-003
   7.9959919839679356        6.5690561563170923E-003
   8.0160320641282556        6.4665412809963010E-003
   8.0360721442885765        6.3655058084540689E-003
   8.0561122244488974        6.2659265238258757E-003
   8.0761523046092183        6.1677805428055274E-003
   8.0961923847695392        6.0710453062375134E-003
   8.1162324649298601        5.9756985747750398E-003
   8.1362725450901792        5.8817184236019532E-003
   8.1563126252505000        5.7890832372167189E-003
   8.1763527054108209        5.6977717042766317E-003
   8.1963927855711418        5.6077628125003566E-003
   8.2164328657314627        5.5190358436268874E-003
   8.2364729458917836        5.4315703684289923E-003
   8.2565130260521045        5.3453462417791201E-003
   8.2765531062124253        5.2603435977657672E-003
   8.2965931863727445        5.1765428448581671E-003
   8.3166332665330653        5.0939246611171858E-003
   8.3366733466933862        5.0124699894502096E-003
   8.3567134268537071        4.9321600329077214E-003
   8.3767535070140280        4.8529762500192329E-003
   8.3967935871743489        4.7749003501661325E-003
   8.4168336673346698        4.6979142889889119E-003
   8.4368737474949889        4.6220002638261799E-003
   8.4569138276553097        4.5471407091826959E-003
   8.4769539078156306        4.4733182922236346E-003
   8.4969939879759515        4.4005159082920794E-003
   8.5170340681362724        4.3287166764466702E-003
   8.5370741482965933        4.2579039350161820E-003
   8.5571142284569142        4.1880612371676283E-003
   8.5771543086172333        4.1191723464843238E-003
   8.5971943887775542        4.0512212325502063E-003
   8.6172344689378750        3.9841920665364431E-003
   8.6372745490981959        3.9180692167862232E-003
   8.6573146292585168        3.8528372443933467E-003
   8.6773547094188377        3.7884808987700227E-003
   8.6973947895791586        3.7249851131989976E-003
   8.7174348697394795        3.6623350003648892E-003
   8.7374749498997986        3.6005158478592623E-003
   8.7575150300601194        3.5395131136536973E-003
   8.7775551102204403        3.4793124215347043E-003
   8.7975951903807612        3.4198995564940237E-003
   8.8176352705410821        3.3612604600673662E-003
   8.8376753507014030        3.3033812256142736E-003
   8.8577154308617239        3.2462480935312394E-003
   8.8777555110220430        3.1898474463897429E-003
   8.8977955911823639        3.1341658039902289E-003
   8.9178356713426847        3.0791898183224467E-003
   8.9378757515030056        3.0249062684218242E-003
   8.9579158316633265        2.9713020551107422E-003
   8.9779559118236474        2.9183641956126612E-003
   8.9979959919839683        2.8660798180259678E-003
   9.0180360721442874        2.8144361556432019E-003
   9.0380761523046083        2.7634205410998485E-003
   9.0581162324649291        2.7130204003351886E-003
   9.0781563126252500        2.6632232463456016E-003
   9.0981963927855709        2.6140166727082114E-003
   9.1182364729458918        2.5653883468497035E-003
   9.1382765531062127        2.5173260030312860E-003
   9.1583166332665336        2.4698174350160614E-003
   9.1783567134268527        2.4228504883790566E-003
   9.1983967935871735        2.3764130524126831E-003
   9.2184368737474944        2.3304930515707961E-003
   9.2384769539078153        2.2850784363824244E-003
   9.2585170340681362        2.2401571737507130E-003
   9.2785571142284571        2.1957172365328105E-003
   9.2985971943887780        2.1517465922710919E-003
   9.3186372745490971        2.1082331909135612E-003
   9.3386773547094180        2.0651649513195999E-003
   9.3587174348697388        2.0225297462937693E-003
   9.3787575150300597        1.9803153858217993E-003
   9.3987975951903806        1.9385095980950053E-003
   9.4188376753507015        1.8971000077968160E-003
   9.4388777555110224        1.8560741109809882E-003
   9.4589178356713415        1.8154192456868816E-003
   9.4789579158316624        1.7751225572019218E-003
   9.4989979959919832        1.7351709565814495E-003
   9.5190380761523041        1.6955510706544046E-003
   9.5390781563126250        1.6562491812583612E-003
   9.5591182364729459        1.6172511508329591E-003
   9.5791583166332668        1.5785423307244841E-003
   9.5991983967935877        1.5401074475770813E-003
   9.6192384769539068        1.5019304619616491E-003
   9.6392785571142277        1.4639943918684393E-003
   9.6593186372745485        1.4262810918054987E-003
   9.6793587174348694        1.3887709759441533E-003
   9.6993987975951903        1.3514426709895036E-003
   9.7194388777555112        1.3142725812141922E-003
   9.7394789579158321        1.2772343444937175E-003
   9.7595190380761512        1.2402981543603881E-003
   9.7795591182364721        1.2034299201815900E-003
   9.7995991983967929        1.1665902361845777E-003
   9.8196392785571138        1.1297331357744611E-003
   9.8396793587174347        1.0928046257451603E-003
   9.8597194388777556        1.0557410473471978E-003
   9.8797595190380765        1.0184674450982140E-003
   9.8997995991983956        9.8089638328458873E-004
   9.9198396793587165        9.4292884896269680E-004
   9.9398797595190373        9.0445672975488617E-004
   9.9599198396793582        8.6540550544598961E-004
   9.9799599198396791        8.2556274597536628E-004
   10.000000000000000        7.8662978770828007E-004
