   0.0000000000000000        2.9249959161406416     
   2.0040080160320640E-002   2.8311172833090215     
   4.0080160320641281E-002   2.7517650851698141     
   6.0120240480961921E-002   2.6798722660657996     
   8.0160320641282562E-002   2.6142386256513106     
  0.10020040080160320        2.5536198163702601     
  0.12024048096192384        2.4971450278502534     
  0.14028056112224449        2.4441401025474323     
  0.16032064128256512        2.3940759500969309     
  0.18036072144288576        2.3465303974819682     
  0.20040080160320639        2.3011631487703763     
  0.22044088176352705        2.2576977576129584     
  0.24048096192384769        2.2159082021492194     
  0.26052104208416832        2.1756086186911578     
  0.28056112224448898        2.1366453204866453     
  0.30060120240480959        2.0988905239794424     
  0.32064128256513025        2.0622373796055311     
  0.34068136272545091        2.0265960141823087     
  0.36072144288577151        1.9918903658155935     
  0.38076152304609218        1.9580556442332788     
  0.40080160320641278        1.9250362873314339     
  0.42084168336673344        1.8927843130163529     
  0.44088176352705410        1.8612579869534576     
  0.46092184368737471        1.8304207434289601     
  0.48096192384769537        1.8002403094490764     
  0.50100200400801598        1.7706879923333105     
  0.52104208416833664        1.7417380990492382     
  0.54108216432865730        1.7133674618663606     
  0.56112224448897796        1.6855550499384058     
  0.58116232464929862        1.6582816504342914     
  0.60120240480961917        1.6315296060420446     
  0.62124248496993983        1.6052825982343493     
  0.64128256513026050        1.5795254677398782     
  0.66132264529058116        1.5542440653143756     
  0.68136272545090182        1.5294251272311414     
  0.70140280561122237        1.5050561709769434     
  0.72144288577154303        1.4811254074979388     
  0.74148296593186369        1.4576216670320945     
  0.76152304609218435        1.4345343361225926     
  0.78156312625250501        1.4118533038571812     
  0.80160320641282556        1.3895689157423203     
  0.82164328657314623        1.3676719339152057     
  0.84168336673346689        1.3461535026348823     
  0.86172344689378755        1.3250051181865170     
  0.88176352705410821        1.3042186024892812     
  0.90180360721442887        1.2837860798252068     
  0.92184368737474942        1.2636999562094977     
  0.94188376753507008        1.2439529010066595     
  0.96192384769539074        1.2245378304651329     
  0.98196392785571140        1.2054478928988539     
   1.0020040080160320        1.1866764552896656     
   1.0220440881763526        1.1682170911217939     
   1.0420841683366733        1.1500635692901098     
   1.0621242484969939        1.1322098439489954     
   1.0821643286573146        1.1146500451892918     
   1.1022044088176353        1.0973784704478355     
   1.1222444889779559        1.0803895765681986     
   1.1422845691382766        1.0636779724429346     
   1.1623246492985972        1.0472384121773881     
   1.1823647294589177        1.0310657887232222     
   1.2024048096192383        1.0151551279366542     
   1.2224448897795590       0.99950158302210479     
   1.2424849699398797       0.98410042932679587     
   1.2625250501002003       0.96894705945593440     
   1.2825651302605210       0.95403697868161219     
   1.3026052104208417       0.93936580062151720     
   1.3226452905811623       0.92492924316613512     
   1.3426853707414830       0.91072312463531324     
   1.3627254509018036       0.89674336014697753     
   1.3827655310621243       0.88298595818247461     
   1.4028056112224447       0.86944701733445073     
   1.4228456913827654       0.85612272322447946     
   1.4428857715430861       0.84300934557877183     
   1.4629258517034067       0.83010323545131504     
   1.4829659318637274       0.81740082258467239     
   1.5030060120240480       0.80489861289948139     
   1.5230460921843687       0.79259318610440166     
   1.5430861723446894       0.78048119341890920     
   1.5631262525050100       0.76855935540191789     
   1.5831663326653307       0.75682445987973568     
   1.6032064128256511       0.74527335996734290     
   1.6232464929859718       0.73390297217741751     
   1.6432865731462925       0.72271027461193071     
   1.6633266533066131       0.71169230523150173     
   1.6833667334669338       0.70084616019803292     
   1.7034068136272544       0.69016899228646034     
   1.7234468937875751       0.67965800936172871     
   1.7434869739478958       0.66931047291736812     
   1.7635270541082164       0.65912369667228710     
   1.7835671342685371       0.64909504522261918     
   1.8036072144288577       0.63922193274566463     
   1.8236472945891782       0.62950182175316527     
   1.8436873747494988       0.61993222189131869     
   1.8637274549098195       0.61051068878510717     
   1.8837675350701402       0.60123482292466868     
   1.9038076152304608       0.59210226859157578     
   1.9238476953907815       0.58311071282302496     
   1.9438877755511021       0.57425788441205194     
   1.9639278557114228       0.56554155294201758     
   1.9839679358717435       0.55695952785369596     
   2.0040080160320639       0.54850965754341297     
   2.0240480961923848       0.54018982849076524     
   2.0440881763527052       0.53199796441453839     
   2.0641282565130261       0.52393202545552475     
   2.0841683366733466       0.51599000738501499     
   2.1042084168336674       0.50816994083780909     
   2.1242484969939879       0.50046989056865665     
   2.1442885771543083       0.49288795473109637     
   2.1643286573146292       0.48542226417772927     
   2.1843687374749496       0.47807098178100232     
   2.2044088176352705       0.47083230177364055     
   2.2244488977955910       0.46370444910790581     
   2.2444889779559118       0.45668567883290773     
   2.2645290581162323       0.44977427548923354     
   2.2845691382765532       0.44296855252019962     
   2.3046092184368736       0.43626685169906998     
   2.3246492985971945       0.42966754257161383     
   2.3446893787575149       0.42316902191341282     
   2.3647294589178354       0.41676971320135403     
   2.3847695390781563       0.41046806609877801     
   2.4048096192384767       0.40426255595377114     
   2.4248496993987976       0.39815168331012557     
   2.4448897795591180       0.39213397343050449     
   2.4649298597194389       0.38620797583137917     
   2.4849699398797593       0.38037226382932349     
   2.5050100200400802       0.37462543409826921     
   2.5250501002004007       0.36896610623734638     
   2.5450901803607215       0.36339292234895143     
   2.5651302605210420       0.35790454662669813     
   2.5851703406813624       0.35249966495292623     
   2.6052104208416833       0.34717698450545675     
   2.6252505010020037       0.34193523337329423     
   2.6452905811623246       0.33677316018099185     
   2.6653306613226451       0.33168953372140769     
   2.6853707414829660       0.32668314259659081     
   2.7054108216432864       0.32175279486654851     
   2.7254509018036073       0.31689731770565532     
   2.7454909819639277       0.31211555706647554     
   2.7655310621242486       0.30740637735077903     
   2.7855711422845690       0.30276866108754164     
   2.8056112224448895       0.29820130861772609     
   2.8256513026052104       0.29370323778565183     
   2.8456913827655308       0.28927338363676702     
   2.8657314629258517       0.28491069812164199     
   2.8857715430861721       0.28061414980601634     
   2.9058116232464930       0.27638272358673049     
   2.9258517034068134       0.27221542041338448     
   2.9458917835671343       0.26811125701557126     
   2.9659318637274548       0.26406926563553623     
   2.9859719438877756       0.26008849376612125     
   3.0060120240480961       0.25616800389385619     
   3.0260521042084165       0.25230687324706719     
   3.0460921843687374       0.24850419354887202     
   3.0661322645290578       0.24475907077494216     
   3.0861723446893787       0.24107062491591136     
   3.1062124248496992       0.23743798974431737     
   3.1262525050100201       0.23386031258596440     
   3.1462925851703405       0.23033675409560211     
   3.1663326653306614       0.22686648803681495     
   3.1863727454909818       0.22344870106602371     
   3.2064128256513023       0.22008259252050183     
   3.2264529058116231       0.21676737421031264     
   3.2464929859719436       0.21350227021407733     
   3.2665330661322645       0.21028651667848577     
   3.2865731462925849       0.20711936162146430     
   3.3066132264529058       0.20400006473891913     
   3.3266533066132262       0.20092789721497450     
   3.3466933867735471       0.19790214153562868     
   3.3667334669338675       0.19492209130575178     
   3.3867735470941884       0.19198705106935285     
   3.4068136272545089       0.18909633613304558     
   3.4268537074148293       0.18624927239264330     
   3.4468937875751502       0.18344519616281593     
   3.4669338677354706       0.18068345400974536     
   3.4869739478957915       0.17796340258671445     
   3.5070140280561120       0.17528440847256929     
   3.5270541082164328       0.17264584801299460     
   3.5470941883767533       0.17004710716454408     
   3.5671342685370742       0.16748758134136957     
   3.5871743486973946       0.16496667526459344     
   3.6072144288577155       0.16248380281427091     
   3.6272545090180359       0.16003838688389066     
   3.6472945891783564       0.15762985923736189     
   3.6673346693386772       0.15525766036843883     
   3.6873747494989977       0.15292123936253510     
   3.7074148296593186       0.15062005376087984     
   3.7274549098196390       0.14835356942697028     
   3.7474949899799599       0.14612126041527632     
   3.7675350701402803       0.14392260884215285     
   3.7875751503006012       0.14175710475891823     
   3.8076152304609217       0.13962424602705642     
   3.8276553106212425       0.13752353819550320     
   3.8476953907815630       0.13545449437997609     
   3.8677354709418834       0.13341663514431021     
   3.8877755511022043       0.13140948838376190     
   3.9078156312625247       0.12943258921024325     
   3.9278557114228456       0.12748547983945199     
   3.9478957915831661       0.12556770947986143     
   3.9679358717434869       0.12367883422353577     
   3.9879759519038074       0.12181841693873789     
   4.0080160320641278       0.11998602716429643     
   4.0280561122244487       0.11818124100570007     
   4.0480961923847696       0.11640364103288769     
   4.0681362725450896       0.11465281617970430     
   4.0881763527054105       0.11292836164499161     
   4.1082164328657313       0.11122987879528506     
   4.1282565130260522       0.10955697506908793     
   4.1482965931863722       0.10790926388269473     
   4.1683366733466931       0.10628636453753598     
   4.1883767535070140       0.10468790212901816     
   4.2084168336673349       0.10311350745683176     
   4.2284569138276549       0.10156281693670224     
   4.2484969939879758       0.10003547251355802     
   4.2685370741482966        9.8531121576091327E-002
   4.2885771543086166        9.7049416872687436E-002
   4.3086172344689375        9.5590016428698410E-002
   4.3286573146292584        9.4152583465038339E-002
   4.3486973947895793        9.2736786318077205E-002
   4.3687374749498993        9.1342298360810995E-002
   4.3887775551102202        8.9968797925285976E-002
   4.4088176352705410        8.8615968226256461E-002
   4.4288577154308619        8.7283497286053863E-002
   4.4488977955911819        8.5971077860647394E-002
   4.4689378757515028        8.4678407366875694E-002
   4.4889779559118237        8.3405187810829909E-002
   4.5090180360721437        8.2151125717368295E-002
   4.5290581162324646        8.0915932060743753E-002
   4.5490981963927855        7.9699322196325514E-002
   4.5691382765531063        7.8501015793396189E-002
   4.5891783567134263        7.7320736769006915E-002
   4.6092184368737472        7.6158213222872487E-002
   4.6292585170340681        7.5013177373288817E-002
   4.6492985971943890        7.3885365494056846E-002
   4.6693386773547090        7.2774517852394971E-002
   4.6893787575150299        7.1680378647824283E-002
   4.7094188376753507        7.0602695952010644E-002
   4.7294589178356707        6.9541221649547277E-002
   4.7494989979959916        6.8495711379663024E-002
   4.7695390781563125        6.7465924478840672E-002
   4.7895791583166334        6.6451623924330391E-002
   4.8096192384769534        6.5452576278543978E-002
   4.8296593186372743        6.4468551634315183E-002
   4.8496993987975952        6.3499323561012136E-002
   4.8697394789579160        6.2544669051487978E-002
   4.8897795591182360        6.1604368469856084E-002
   4.9098196392785569        6.0678205500076444E-002
   4.9298597194388778        5.9765967095340128E-002
   4.9498997995991978        5.8867443428238846E-002
   4.9699398797595187        5.7982427841706978E-002
   4.9899799599198396        5.7110716800723563E-002
   5.0100200400801604        5.6252109844762019E-002
   5.0300601202404804        5.5406409540975664E-002
   5.0501002004008013        5.4573421438106937E-002
   5.0701402805611222        5.3752954021109065E-002
   5.0901803607214431        5.2944818666468531E-002
   5.1102204408817631        5.2148829598217143E-002
   5.1302605210420840        5.1364803844622733E-002
   5.1503006012024048        5.0592561195547683E-002
   5.1703406813627248        4.9831924160464551E-002
   5.1903807615230457        4.9082717927118359E-002
   5.2104208416833666        4.8344770320825223E-002
   5.2304609218436875        4.7617911764397391E-002
   5.2505010020040075        4.6901975238684425E-002
   5.2705410821643284        4.6196796243721028E-002
   5.2905811623246493        4.5502212760471811E-002
   5.3106212424849701        4.4818065213163588E-002
   5.3306613226452901        4.4144196432195734E-002
   5.3507014028056110        4.3480451617619813E-002
   5.3707414829659319        4.2826678303179197E-002
   5.3907815631262519        4.2182726320899908E-002
   5.4108216432865728        4.1548447766224163E-002
   5.4308617234468937        4.0923696963677897E-002
   5.4509018036072145        4.0308330433063935E-002
   5.4709418837675345        3.9702206856172574E-002
   5.4909819639278554        3.9105187044001413E-002
   5.5110220440881763        3.8517133904476565E-002
   5.5310621242484972        3.7937912410667081E-002
   5.5511022044088172        3.7367389569485397E-002
   5.5711422845691381        3.6805434390865574E-002
   5.5911823647294590        3.6251917857412400E-002
   5.6112224448897789        3.5706712894513562E-002
   5.6312625250500998        3.5169694340908095E-002
   5.6513026052104207        3.4640738919703568E-002
   5.6713426853707416        3.4119725209835264E-002
   5.6913827655310616        3.3606533617960441E-002
   5.7114228456913825        3.3101046350780802E-002
   5.7314629258517034        3.2603147387786587E-002
   5.7515030060120242        3.2112722454415779E-002
   5.7715430861723442        3.1629658995621743E-002
   5.7915831663326651        3.1153846149843342E-002
   5.8116232464929860        3.0685174723370803E-002
   5.8316633266533060        3.0223537165101694E-002
   5.8517034068136269        2.9768827541680472E-002
   5.8717434869739478        2.9320941513016108E-002
   5.8917835671342687        2.8879776308171567E-002
   5.9118236472945886        2.8445230701619615E-002
   5.9318637274549095        2.8017204989859178E-002
   5.9519038076152304        2.7595600968386695E-002
   5.9719438877755513        2.7180321909017022E-002
   5.9919839679358713        2.6771272537548359E-002
   6.0120240480961922        2.6368359011766096E-002
   6.0320641282565131        2.5971488899780095E-002
   6.0521042084168331        2.5580571158690429E-002
   6.0721442885771539        2.5195516113576490E-002
   6.0921843687374748        2.4816235436804383E-002
   6.1122244488977957        2.4442642127647855E-002
   6.1322645290581157        2.4074650492217707E-002
   6.1523046092184366        2.3712176123695222E-002
   6.1723446893787575        2.3355135882864579E-002
   6.1923847695390783        2.3003447878940007E-002
   6.2124248496993983        2.2657031450682825E-002
   6.2324649298597192        2.2315807147804165E-002
   6.2525050100200401        2.1979696712648777E-002
   6.2725450901803601        2.1648623062155696E-002
   6.2925851703406810        2.1322510270091542E-002
   6.3126252505010019        2.1001283549552125E-002
   6.3326653306613228        2.0684869235728428E-002
   6.3527054108216428        2.0373194768932647E-002
   6.3727454909819636        2.0066188677880605E-002
   6.3927855711422845        1.9763780563226242E-002
   6.4128256513026045        1.9465901081344696E-002
   6.4328657314629254        1.9172481928359762E-002
   6.4529058116232463        1.8883455824412317E-002
   6.4729458917835672        1.8598756498165756E-002
   6.4929859719438872        1.8318318671544962E-002
   6.5130260521042080        1.8042078044705159E-002
   6.5330661322645289        1.7769971281227068E-002
   6.5531062124248498        1.7501935993535011E-002
   6.5731462925851698        1.7237910728534415E-002
   6.5931863727454907        1.6977834953465453E-002
   6.6132264529058116        1.6721649041969398E-002
   6.6332665330661316        1.6469294260364500E-002
   6.6533066132264524        1.6220712754128154E-002
   6.6733466933867733        1.5975847534582158E-002
   6.6933867735470942        1.5734642465777965E-002
   6.7134268537074142        1.5497042251578842E-002
   6.7334669338677351        1.5262992422935929E-002
   6.7535070140280560        1.5032439325355213E-002
   6.7735470941883769        1.4805330106552451E-002
   6.7935871743486969        1.4581612704293170E-002
   6.8136272545090177        1.4361235834414917E-002
   6.8336673346693386        1.4144148979028937E-002
   6.8537074148296586        1.3930302374898481E-002
   6.8737474949899795        1.3719647001991095E-002
   6.8937875751503004        1.3512134572202157E-002
   6.9138276553106213        1.3307717518246994E-002
   6.9338677354709413        1.3106348982719094E-002
   6.9539078156312621        1.2907982807311695E-002
   6.9739478957915830        1.2712573522200371E-002
   6.9939879759519039        1.2520076335583984E-002
   7.0140280561122239        1.2330447123381718E-002
   7.0340681362725448        1.2143642419083613E-002
   7.0541082164328657        1.1959619403752335E-002
   7.0741482965931857        1.1778335896173782E-002
   7.0941883767535066        1.1599750343154242E-002
   7.1142284569138274        1.1423821809961807E-002
   7.1342685370741483        1.1250509970909806E-002
   7.1543086172344683        1.1079775100080036E-002
   7.1743486973947892        1.0911578062183642E-002
   7.1943887775551101        1.0745880303557446E-002
   7.2144288577154310        1.0582643843293642E-002
   7.2344689378757510        1.0421831264500763E-002
   7.2545090180360718        1.0263405705693843E-002
   7.2745490981963927        1.0107330852311748E-002
   7.2945891783567127        9.9535709283596948E-003
   7.3146292585170336        9.8020906881749383E-003
   7.3346693386773545        9.6528554083137319E-003
   7.3547094188376754        9.5058308795575482E-003
   7.3747494989979954        9.3609833990367930E-003
   7.3947895791583163        9.2182797624699997E-003
   7.4148296593186371        9.0776872565167654E-003
   7.4348697394789580        8.9391736512425234E-003
   7.4549098196392780        8.8027071926934080E-003
   7.4749498997995989        8.6682565955793940E-003
   7.4949899799599198        8.5357910360639635E-003
   7.5150300601202398        8.4052801446585813E-003
   7.5350701402805607        8.2766939992202186E-003
   7.5551102204408815        8.1500031180502790E-003
   7.5751503006012024        8.0251784530932062E-003
   7.5951903807615224        7.9021913832331477E-003
   7.6152304609218433        7.7810137076870008E-003
   7.6352705410821642        7.6616176394922447E-003
   7.6553106212424851        7.5439757990879283E-003
   7.6753507014028051        7.4280612079872426E-003
   7.6953907815631259        7.3138472825400635E-003
   7.7154308617234468        7.2013078277839409E-003
   7.7354709418837668        7.0904170313819586E-003
   7.7555110220440877        6.9811494576459314E-003
   7.7755511022044086        6.8734800416434044E-003
   7.7955911823647295        6.7673840833869341E-003
   7.8156312625250495        6.6628372421041722E-003
   7.8356713426853704        6.5598155305872053E-003
   7.8557114228456912        6.4582953096196834E-003
   7.8757515030060121        6.3582532824802470E-003
   7.8957915831663321        6.2596664895207535E-003
   7.9158316633266530        6.1625123028178552E-003
   7.9358717434869739        6.0667684208964082E-003
   7.9559118236472939        5.9724128635232675E-003
   7.9759519038076148        5.8794239665699698E-003
   7.9959919839679356        5.7877803769428469E-003
   8.0160320641282556        5.6974610475790458E-003
   8.0360721442885765        5.6084452325070042E-003
   8.0561122244488974        5.5207124819698682E-003
   8.0761523046092183        5.4342426376103280E-003
   8.0961923847695392        5.3490158277153853E-003
   8.1162324649298601        5.2650124625194710E-003
   8.1362725450901792        5.1822132295644297E-003
   8.1563126252505000        5.1005990891147129E-003
   8.1763527054108209        5.0201512696262879E-003
   8.1963927855711418        4.9408512632675540E-003
   8.2164328657314627        4.8626808214906900E-003
   8.2364729458917836        4.7856219506517131E-003
   8.2565130260521045        4.7096569076775698E-003
   8.2765531062124253        4.6347681957784803E-003
   8.2965931863727445        4.5609385602037615E-003
   8.3166332665330653        4.4881509840392821E-003
   8.3366733466933862        4.4163886840446571E-003
   8.3567134268537071        4.3456351065282173E-003
   8.3767535070140280        4.2758739232577562E-003
   8.3967935871743489        4.2070890274049522E-003
   8.4168336673346698        4.1392645295213045E-003
   8.4368737474949889        4.0723847535433354E-003
   8.4569138276553097        4.0064342328247236E-003
   8.4769539078156306        3.9413977061928968E-003
   8.4969939879759515        3.8772601140275695E-003
   8.5170340681362724        3.8140065943584964E-003
   8.5370741482965933        3.7516224789796758E-003
   8.5571142284569142        3.6900932895770010E-003
   8.5771543086172333        3.6294047338662522E-003
   8.5971943887775542        3.5695427017381261E-003
   8.6172344689378750        3.5104932614067803E-003
   8.6372745490981959        3.4522426555581884E-003
   8.6573146292585168        3.3947772974943250E-003
   8.6773547094188377        3.3380837672689484E-003
   8.6973947895791586        3.2821488078104326E-003
   8.7174348697394795        3.2269593210267826E-003
   8.7374749498997986        3.1725023638875648E-003
   8.7575150300601194        3.1187651444770734E-003
   8.7775551102204403        3.0657350180125697E-003
   8.7975951903807612        3.0133994828208575E-003
   8.8176352705410821        2.9617461762658820E-003
   8.8376753507014030        2.9107628706192476E-003
   8.8577154308617239        2.8604374688647907E-003
   8.8777555110220430        2.8107580004273209E-003
   8.8977955911823639        2.7617126168145672E-003
   8.9178356713426847        2.7132895871600066E-003
   8.9378757515030056        2.6654772936527482E-003
   8.9579158316633265        2.6182642268387738E-003
   8.9779559118236474        2.5716389807756892E-003
   8.9979959919839683        2.5255902480205181E-003
   9.0180360721442874        2.4801068144269618E-003
   9.0380761523046083        2.4351775537247971E-003
   9.0581162324649291        2.3907914218495295E-003
   9.0781563126252500        2.3469374509849325E-003
   9.0981963927855709        2.3036047432743829E-003
   9.1182364729458918        2.2607824641487401E-003
   9.1382765531062127        2.2184598352084847E-003
   9.1583166332665336        2.1766261265855542E-003
   9.1783567134268527        2.1352706486952033E-003
   9.1983967935871735        2.0943827432695775E-003
   9.2184368737474944        2.0539517735416912E-003
   9.2384769539078153        2.0139671134200639E-003
   9.2585170340681362        1.9744181354590194E-003
   9.2785571142284571        1.9352941973859506E-003
   9.2985971943887780        1.8965846268925817E-003
   9.3186372745490971        1.8582787043297834E-003
   9.3386773547094180        1.8203656428615234E-003
   9.3587174348697388        1.7828345655289677E-003
   9.3787575150300597        1.7456744785453626E-003
   9.3987975951903806        1.7088742399797195E-003
   9.4188376753507015        1.6724225227842961E-003
   9.4388777555110224        1.6363077708672917E-003
   9.4589178356713415        1.6005181465951921E-003
   9.4789579158316624        1.5650414677127783E-003
   9.4989979959919832        1.5298651311727112E-003
   9.5190380761523041        1.4949760207453463E-003
   9.5390781563126250        1.4603603945009852E-003
   9.5591182364729459        1.4260037472805674E-003
   9.5791583166332668        1.3918906420456135E-003
   9.5991983967935877        1.3580045024590922E-003
   9.6192384769539068        1.3243273571129188E-003
   9.6392785571142277        1.2908395233793453E-003
   9.6593186372745485        1.2575192157863351E-003
   9.6793587174348694        1.2243420599247648E-003
   9.6993987975951903        1.1912804879560600E-003
   9.7194388777555112        1.1583029854946431E-003
   9.7394789579158321        1.1253731515744486E-003
   9.7595190380761512        1.0924485229457288E-003
   9.7795591182364721        1.0594791003586755E-003
   9.7995991983967929        1.0264054960255804E-003
   9.8196392785571138        9.9315659667320024E-004
   9.8396793587174347        9.5964659990134895E-004
   9.8597194388777556        9.2577122688878254E-004
   9.8797595190380765        8.9140281936291054E-004
   9.8997995991983956        8.5638387873745157E-004
   9.9198396793587165        8.2051809507242075E-004
   9.9398797595190373        7.8355865205175879E-004
   9.9599198396793582        7.4517889754204154E-004
   9.9799599198396791        7.0502008296114316E-004
   10.000000000000000        6.6190427105235401E-004
