   0.0000000000000000        2.1479269899555047     
   5.0251256281407036E-003   2.1467685069092055     
   1.0050251256281407E-002   2.1456221066415631     
   1.5075376884422110E-002   2.1444358185279824     
   2.0100502512562814E-002   2.1432514179865025     
   2.5125628140703519E-002   2.1419939039929021     
   3.0150753768844220E-002   2.1407382029586692     
   3.5175879396984924E-002   2.1394802550246395     
   4.0201005025125629E-002   2.1380816023525151     
   4.5226130653266333E-002   2.1367914043590388     
   5.0251256281407038E-002   2.1353767564960395     
   5.5276381909547742E-002   2.1340014004362433     
   6.0301507537688440E-002   2.1325285726522081     
   6.5326633165829151E-002   2.1311242233843535     
   7.0351758793969849E-002   2.1296830273757239     
   7.5376884422110560E-002   2.1281692270529651     
   8.0402010050251257E-002   2.1266886285067170     
   8.5427135678391955E-002   2.1252083270113027     
   9.0452261306532666E-002   2.1236336052314364     
   9.5477386934673364E-002   2.1220460681151097     
  0.10050251256281408        2.1089282049949194     
  0.10552763819095477        2.1074108656040407     
  0.11055276381909548        2.1058790403914562     
  0.11557788944723618        2.1042652058119935     
  0.12060301507537688        2.1028091082710194     
  0.12562814070351758        2.1011954073496253     
  0.13065326633165830        2.0996515182962625     
  0.13567839195979900        2.0980794624506509     
  0.14070351758793970        2.0964570677102343     
  0.14572864321608039        2.0948273776970545     
  0.15075376884422112        2.0932331146326932     
  0.15577889447236182        2.0915609364622174     
  0.16080402010050251        2.0899477459032316     
  0.16582914572864321        2.0882786411026149     
  0.17085427135678391        2.0866053975777969     
  0.17587939698492464        2.0849584982117868     
  0.18090452261306533        2.0832493691966585     
  0.18592964824120603        2.0815605114583486     
  0.19095477386934673        2.0798462921172911     
  0.19597989949748745        2.0781207383378395     
  0.20100502512562815        2.0649518771651771     
  0.20603015075376885        2.0632089715997859     
  0.21105527638190955        2.0615769357591605     
  0.21608040201005024        2.0597793287620720     
  0.22110552763819097        2.0580827528150953     
  0.22613065326633167        2.0563804209590741     
  0.23115577889447236        2.0546442997190488     
  0.23618090452261306        2.0529182254954859     
  0.24120603015075376        2.0511676801949150     
  0.24623115577889448        2.0494455141576893     
  0.25125628140703515        2.0476907229894574     
  0.25628140703517588        2.0459668719605220     
  0.26130653266331660        2.0441760730843468     
  0.26633165829145727        2.0424104624492578     
  0.27135678391959800        2.0406458275566264     
  0.27638190954773872        2.0389031241437872     
  0.28140703517587939        2.0370255804665471     
  0.28643216080402012        2.0353138112282694     
  0.29145728643216079        2.0335557013081087     
  0.29648241206030151        2.0317378539167334     
  0.30150753768844224        2.0186237884862543     
  0.30653266331658291        2.0168463764532678     
  0.31155778894472363        2.0150362067247172     
  0.31658291457286430        2.0132453909069778     
  0.32160804020100503        2.0114188858597868     
  0.32663316582914576        2.0096472364575595     
  0.33165829145728642        2.0078182154738018     
  0.33668341708542715        2.0060262622541081     
  0.34170854271356782        2.0042270175064507     
  0.34673366834170855        2.0024343627811119     
  0.35175879396984927        2.0006005548373911     
  0.35678391959798994        1.9988410974271240     
  0.36180904522613067        1.9969503539904438     
  0.36683417085427134        1.9951607682772328     
  0.37185929648241206        1.9932947581274250     
  0.37688442211055279        1.9915100290669614     
  0.38190954773869346        1.9896812184725063     
  0.38693467336683418        1.9878500725677857     
  0.39195979899497491        1.9860180075851379     
  0.39698492462311558        1.9841793956413294     
  0.40201005025125630        1.9712143206115880     
  0.40703517587939697        1.9693953893071492     
  0.41206030150753770        1.9675489880655046     
  0.41708542713567842        1.9657081745861384     
  0.42211055276381909        1.9638852967268392     
  0.42713567839195982        1.9620348343222551     
  0.43216080402010049        1.9602140571297819     
  0.43718592964824121        1.9583630689652805     
  0.44221105527638194        1.9565021473017479     
  0.44723618090452261        1.9546286388134986     
  0.45226130653266333        1.9528372661305557     
  0.45728643216080400        1.9509995969941119     
  0.46231155778894473        1.9491651333571545     
  0.46733668341708545        1.9473239791957258     
  0.47236180904522612        1.9454819281455262     
  0.47738693467336685        1.9436270377339033     
  0.48241206030150752        1.9417886495924237     
  0.48743718592964824        1.9399592685852929     
  0.49246231155778897        1.9380813396890493     
  0.49748743718592964        1.9362803578174257     
  0.50251256281407031        1.9234481644818935     
  0.50753768844221103        1.9216171977563890     
  0.51256281407035176        1.9197772464643630     
  0.51758793969849248        1.9179266996016486     
  0.52261306532663321        1.9161187575819016     
  0.52763819095477382        1.9142841960039423     
  0.53266331658291455        1.9124303087989110     
  0.53768844221105527        1.9105945081467168     
  0.54271356783919600        1.9088058280121374     
  0.54773869346733672        1.9069621653510300     
  0.55276381909547745        1.9051476408729509     
  0.55778894472361806        1.9033120936564696     
  0.56281407035175879        1.9015195090762109     
  0.56783919597989951        1.8997039943239062     
  0.57286432160804024        1.8978814711057408     
  0.57788944723618096        1.8960645454697895     
  0.58291457286432158        1.8942660213550473     
  0.58793969849246230        1.8924331283603217     
  0.59296482412060303        1.8906297392092457     
  0.59798994974874375        1.8888333739707655     
  0.60301507537688448        1.8761968743710518     
  0.60804020100502509        1.8743932569853323     
  0.61306532663316582        1.8726093463896685     
  0.61809045226130654        1.8708113937557453     
  0.62311557788944727        1.8690023093655856     
  0.62814070351758799        1.8671967591784555     
  0.63316582914572861        1.8654108192783840     
  0.63819095477386933        1.8636429649226303     
  0.64321608040201006        1.8618815875429113     
  0.64824120603015079        1.8601059676766309     
  0.65326633165829151        1.8583608274146275     
  0.65829145728643212        1.8566063610181274     
  0.66331658291457285        1.8548275955832996     
  0.66834170854271358        1.8530604549248224     
  0.67336683417085430        1.8512848449809849     
  0.67839195979899503        1.8495189571636050     
  0.68341708542713564        1.8477421217914676     
  0.68844221105527637        1.8460403202425868     
  0.69346733668341709        1.8442733913788889     
  0.69849246231155782        1.8425268734064584     
  0.70351758793969854        1.8301250929873005     
  0.70854271356783916        1.8283863021660631     
  0.71356783919597988        1.8266573433250237     
  0.71859296482412061        1.8249329064295186     
  0.72361809045226133        1.8232258887470605     
  0.72864321608040206        1.8215029520057013     
  0.73366834170854267        1.8197503017464991     
  0.73869346733668340        1.8180965206337591     
  0.74371859296482412        1.8164323444834281     
  0.74874371859296485        1.8147634351689870     
  0.75376884422110557        1.8130758180310618     
  0.75879396984924630        1.8114183745588506     
  0.76381909547738691        1.8097622778945224     
  0.76884422110552764        1.8081028283449783     
  0.77386934673366836        1.8064215845775351     
  0.77889447236180909        1.8048282208437652     
  0.78391959798994981        1.8031745701615602     
  0.78894472361809043        1.8015604494042103     
  0.79396984924623115        1.7999501784947298     
  0.79899497487437188        1.7983661415092591     
  0.80402010050251260        1.7861941485548885     
  0.80904522613065333        1.7845490833059605     
  0.81407035175879394        1.7829394762513870     
  0.81909547738693467        1.7813227858643583     
  0.82412060301507539        1.7797313742259055     
  0.82914572864321612        1.7781365355720977     
  0.83417085427135684        1.7765810579117514     
  0.83919597989949746        1.7750545021628821     
  0.84422110552763818        1.7735170345388742     
  0.84924623115577891        1.7719727130433736     
  0.85427135678391963        1.7704289850271984     
  0.85929648241206036        1.7689506662650354     
  0.86432160804020097        1.7674649978823942     
  0.86934673366834170        1.7659459384332297     
  0.87437185929648242        1.7644832309566871     
  0.87939698492462315        1.7630409103184670     
  0.88442211055276387        1.7615759755645932     
  0.88944723618090449        1.7601399069796324     
  0.89447236180904521        1.7587086321437035     
  0.89949748743718594        1.7573110880179912     
  0.90452261306532666        1.7454522492285316     
  0.90954773869346739        1.7440060391060579     
  0.91457286432160800        1.7425952650542103     
  0.91959798994974873        1.7411975404571711     
  0.92462311557788945        1.7398371490911098     
  0.92964824120603018        1.7384227784969857     
  0.93467336683417090        1.7371360258078063     
  0.93969849246231152        1.7358111589021474     
  0.94472361809045224        1.7345289160755917     
  0.94974874371859297        1.7332846911881086     
  0.95477386934673369        1.7320433274375531     
  0.95979899497487442        1.7308178182325420     
  0.96482412060301503        1.7296292356692187     
  0.96984924623115576        1.7284499173601309     
  0.97487437185929648        1.7273002786035219     
  0.97989949748743721        1.7261962085444718     
  0.98492462311557794        1.7250888386178926     
  0.98994974874371866        1.7240546032713067     
  0.99497487437185927        1.7229805557267028     
   1.0000000000000000        1.7220141800832800     
