   0.0000000000000000        1.9358205158184985     
   2.0040080160320640E-002   1.8214654078380788     
   4.0080160320641281E-002   1.7309162664686559     
   6.0120240480961921E-002   1.6571620536426939     
   8.0160320641282562E-002   1.5955003600763151     
  0.10020040080160320        1.5427494279990912     
  0.12024048096192384        1.4967323447237342     
  0.14028056112224449        1.4559390076793943     
  0.16032064128256512        1.4193042520625341     
  0.18036072144288576        1.3860619263264529     
  0.20040080160320639        1.3556486600505209     
  0.22044088176352705        1.3276401777093811     
  0.24048096192384769        1.3017089564408040     
  0.26052104208416832        1.2775959059258830     
  0.28056112224448898        1.2550912814462492     
  0.30060120240480959        1.2340216951537326     
  0.32064128256513025        1.2142411709561225     
  0.34068136272545091        1.1956248944240608     
  0.36072144288577151        1.1780647707508596     
  0.38076152304609218        1.1614662058686263     
  0.40080160320641278        1.1457457236896726     
  0.42084168336673344        1.1308291622239315     
  0.44088176352705410        1.1166502765987896     
  0.46092184368737471        1.1031496331702193     
  0.48096192384769537        1.0902737160151361     
  0.50100200400801598        1.0779741917009149     
  0.52104208416833664        1.0662072946304890     
  0.54108216432865730        1.0549333062667383     
  0.56112224448897796        1.0441161089847910     
  0.58116232464929862        1.0337228003887267     
  0.60120240480961917        1.0237233574495557     
  0.62124248496993983        1.0140903422932361     
  0.64128256513026050        1.0047986432328182     
  0.66132264529058116       0.99582524592360389     
  0.68136272545090182       0.98714903047450386     
  0.70140280561122237       0.97875059107263074     
  0.72144288577154303       0.97061207523880644     
  0.74148296593186369       0.96271704027463656     
  0.76152304609218435       0.95505032481823426     
  0.78156312625250501       0.94759793371717649     
  0.80160320641282556       0.94034693466901587     
  0.82164328657314623       0.93328536528250350     
  0.84168336673346689       0.92640214938453103     
  0.86172344689378755       0.91968702154452897     
  0.88176352705410821       0.91313045891414546     
  0.90180360721442887       0.90672361958892600     
  0.92184368737474942       0.90045828679313245     
  0.94188376753507008       0.89432681827099947     
  0.96192384769539074       0.88832210033937720     
  0.98196392785571140       0.88243750611936844     
   1.0020040080160320       0.87666685751944318     
   1.0220440881763526       0.87100439059066070     
   1.0420841683366733       0.86544472391692329     
   1.0621242484969939       0.85998282974041440     
   1.0821643286573146       0.85461400755514139     
   1.1022044088176353       0.84933385993041255     
   1.1222444889779559       0.84413827035160593     
   1.1422845691382766       0.83902338288812905     
   1.1623246492985972       0.83398558351843233     
   1.1823647294589177       0.82902148295960898     
   1.2024048096192383       0.82412790086478882     
   1.2224448897795590       0.81930185126543198     
   1.2424849699398797       0.81454052914800301     
   1.2625250501002003       0.80984129806548888     
   1.2825651302605210       0.80520167869402126     
   1.3026052104208417       0.80061933825358922     
   1.3226452905811623       0.79609208071962723     
   1.3426853707414830       0.79161783775921946     
   1.3627254509018036       0.78719466033189334     
   1.3827655310621243       0.78282071090055771     
   1.4028056112224447       0.77849425620314028     
   1.4228456913827654       0.77421366053997465     
   1.4428857715430861       0.76997737953602430     
   1.4629258517034067       0.76578395434066360     
   1.4829659318637274       0.76163200623101157     
   1.5030060120240480       0.75752023158776738     
   1.5230460921843687       0.75344739721516396     
   1.5430861723446894       0.74941233597906565     
   1.5631262525050100       0.74541394273942163     
   1.5831663326653307       0.74145117055526333     
   1.6032064128256511       0.73752302714223039     
   1.6232464929859718       0.73362857156423689     
   1.6432865731462925       0.72976691114237391     
   1.6633266533066131       0.72593719856549677     
   1.6833667334669338       0.72213862918816352     
   1.7034068136272544       0.71837043850272941     
   1.7234468937875751       0.71463189977340702     
   1.7434869739478958       0.71092232182105508     
   1.7635270541082164       0.70724104694830114     
   1.7835671342685371       0.70358744899539494     
   1.8036072144288577       0.69996093151790639     
   1.8236472945891782       0.69636092607803968     
   1.8436873747494988       0.69278689064194121     
   1.8637274549098195       0.68923830807593389     
   1.8837675350701402       0.68571468473512898     
   1.9038076152304608       0.68221554913832261     
   1.9238476953907815       0.67874045072353584     
   1.9438877755511021       0.67528895867894378     
   1.9639278557114228       0.67186066084431439     
   1.9839679358717435       0.66845516267841676     
   2.0040080160320639       0.66507208628817371     
   2.0240480961923848       0.66171106951562497     
   2.0440881763527052       0.65837176507903394     
   2.0641282565130261       0.65505383976472575     
   2.0841683366733466       0.65175697366646790     
   2.1042084168336674       0.64848085946942546     
   2.1242484969939879       0.64522520177591802     
   2.1442885771543083       0.64198971647038805     
   2.1643286573146292       0.63877413012116568     
   2.1843687374749496       0.63557817941677142     
   2.2044088176352705       0.63240161063464240     
   2.2244488977955910       0.62924417914031461     
   2.2444889779559118       0.62610564891520759     
   2.2645290581162323       0.62298579211129179     
   2.2845691382765532       0.61988438863101514     
   2.3046092184368736       0.61680122573098162     
   2.3246492985971945       0.61373609764795789     
   2.3446893787575149       0.61068880524588542     
   2.3647294589178354       0.60765915568265061     
   2.3847695390781563       0.60464696209544644     
   2.4048096192384767       0.60165204330363309     
   2.4248496993987976       0.59867422352807020     
   2.4448897795591180       0.59571333212595812     
   2.4649298597194389       0.59276920334028671     
   2.4849699398797593       0.58984167606304072     
   2.5050100200400802       0.58693059361136846     
   2.5250501002004007       0.58403580351596418     
   2.5450901803607215       0.58115715732096285     
   2.5651302605210420       0.57829451039468704     
   2.5851703406813624       0.57544772175062409     
   2.6052104208416833       0.57261665387805438     
   2.6252505010020037       0.56980117258177887     
   2.6452905811623246       0.56700114683043035     
   2.6653306613226451       0.56421644861288744     
   2.6853707414829660       0.56144695280233003     
   2.7054108216432864       0.55869253702750898     
   2.7254509018036073       0.55595308155082734     
   2.7454909819639277       0.55322846915285018     
   2.7655310621242486       0.55051858502288620     
   2.7855711422845690       0.54782331665530215     
   2.8056112224448895       0.54514255375125498     
   2.8256513026052104       0.54247618812553977     
   2.8456913827655308       0.53982411361827176     
   2.8657314629258517       0.53718622601113797     
   2.8857715430861721       0.53456242294796497     
   2.9058116232464930       0.53195260385937082     
   2.9258517034068134       0.52935666989127239     
   2.9458917835671343       0.52677452383704393     
   2.9659318637274548       0.52420607007312470     
   2.9859719438877756       0.52165121449788954     
   3.0060120240480961       0.51910986447360585     
   3.0260521042084165       0.51658192877131193     
   3.0460921843687374       0.51406731751845791     
   3.0661322645290578       0.51156594214915940     
   3.0861723446893787       0.50907771535692858     
   3.1062124248496992       0.50660255104974461     
   3.1262525050100201       0.50414036430734332     
   3.1462925851703405       0.50169107134060431     
   3.1663326653306614       0.49925458945292722     
   3.1863727454909818       0.49683083700348973     
   3.2064128256513023       0.49441973337228806     
   3.2264529058116231       0.49202119892686647     
   3.2464929859719436       0.48963515499064730     
   3.2665330661322645       0.48726152381277588     
   3.2865731462925849       0.48490022853940212     
   3.3066132264529058       0.48255119318632383     
   3.3266533066132262       0.48021434261291956     
   3.3466933867735471       0.47788960249730539     
   3.3667334669338675       0.47557689931264990     
   3.3867735470941884       0.47327616030459035     
   3.4068136272545089       0.47098731346968936     
   3.4268537074148293       0.46871028753488253     
   3.4468937875751502       0.46644501193786142     
   3.4669338677354706       0.46419141680834852     
   3.4869739478957915       0.46194943295021434     
   3.5070140280561120       0.45971899182439696     
   3.5270541082164328       0.45750002553257979     
   3.5470941883767533       0.45529246680159235     
   3.5671342685370742       0.45309624896849399     
   3.5871743486973946       0.45091130596630935     
   3.6072144288577155       0.44873757231037897     
   3.6272545090180359       0.44657498308529736     
   3.6472945891783564       0.44442347393240655     
   3.6673346693386772       0.44228298103781877     
   3.6873747494989977       0.44015344112094046     
   3.7074148296593186       0.43803479142347373     
   3.7274549098196390       0.43592696969887129     
   3.7474949899799599       0.43382991420222089     
   3.7675350701402803       0.43174356368054034     
   3.7875751503006012       0.42966785736346103     
   3.8076152304609217       0.42760273495428108     
   3.8276553106212425       0.42554813662137037     
   3.8476953907815630       0.42350400298991042     
   3.8677354709418834       0.42147027513395163     
   3.8877755511022043       0.41944689456877421     
   3.9078156312625247       0.41743380324353507     
   3.9278557114228456       0.41543094353419074     
   3.9478957915831661       0.41343825823667951     
   3.9679358717434869       0.41145569056035264     
   3.9879759519038074       0.40948318412164114     
   4.0080160320641278       0.40752068293794746     
   4.0280561122244487       0.40556813142175185     
   4.0480961923847696       0.40362547437492241     
   4.0681362725450896       0.40169265698321949     
   4.0881763527054105       0.39976962481098505     
   4.1082164328657313       0.39785632379600916     
   4.1282565130260522       0.39595270024456408     
   4.1482965931863722       0.39405870082659883     
   4.1683366733466931       0.39217427257108695     
   4.1883767535070140       0.39029936286151956     
   4.2084168336673349       0.38843391943153832     
   4.2284569138276549       0.38657789036070050     
   4.2484969939879758       0.38473122407037080     
   4.2685370741482966       0.38289386931973424     
   4.2885771543086166       0.38106577520192486     
   4.3086172344689375       0.37924689114026400     
   4.3286573146292584       0.37743716688460427     
   4.3486973947895793       0.37563655250777422     
   4.3687374749498993       0.37384499840211904     
   4.3887775551102202       0.37206245527613307     
   4.4088176352705410       0.37028887415118111     
   4.4288577154308619       0.36852420635830185     
   4.4488977955911819       0.36676840353509421     
   4.4689378757515028       0.36502141762267915     
   4.4889779559118237       0.36328320086273508     
   4.5090180360721437       0.36155370579460455     
   4.5290581162324646       0.35983288525246832     
   4.5490981963927855       0.35812069236258409     
   4.5691382765531063       0.35641708054058707     
   4.5891783567134263       0.35472200348885047     
   4.6092184368737472       0.35303541519390280     
   4.6292585170340681       0.35135726992390043     
   4.6492985971943890       0.34968752222615140     
   4.6693386773547090       0.34802612692469126     
   4.6893787575150299       0.34637303911790640     
   4.7094188376753507       0.34472821417620408     
   4.7294589178356707       0.34309160773972719     
   4.7494989979959916       0.34146317571611229     
   4.7695390781563125       0.33984287427828846     
   4.7895791583166334       0.33823065986231649     
   4.8096192384769534       0.33662648916526605     
   4.8296593186372743       0.33503031914312970     
   4.8496993987975952       0.33344210700877258     
   4.8697394789579160       0.33186181022991651     
   4.8897795591182360       0.33028938652715645     
   4.9098196392785569       0.32872479387200937     
   4.9298597194388778       0.32716799048499379     
   4.9498997995991978       0.32561893483373866     
   4.9699398797595187       0.32407758563112093     
   4.9899799599198396       0.32254390183343129     
   5.0100200400801604       0.32101784263856592     
   5.0300601202404804       0.31949936748424407     
   5.0501002004008013       0.31798843604625199     
   5.0701402805611222       0.31648500823670911     
   5.0901803607214431       0.31498904420235885     
   5.1102204408817631       0.31350050432288223     
   5.1302605210420840       0.31201934920923274     
   5.1503006012024048       0.31054553970199328     
   5.1703406813627248       0.30907903686975313     
   5.1903807615230457       0.30761980200750572     
   5.2104208416833666       0.30616779663506516     
   5.2304609218436875       0.30472298249550245     
   5.2505010020040075       0.30328532155359961     
   5.2705410821643284       0.30185477599432181     
   5.2905811623246493       0.30043130822130676     
   5.3106212424849701       0.29901488085537176     
   5.3306613226452901       0.29760545673303629     
   5.3507014028056110       0.29620299890506147     
   5.3707414829659319       0.29480747063500440     
   5.3907815631262519       0.29341883539778885     
   5.4108216432865728       0.29203705687828957     
   5.4308617234468937       0.29066209896993217     
   5.4509018036072145       0.28929392577330670     
   5.4709418837675345       0.28793250159479544     
   5.4909819639278554       0.28657779094521335     
   5.5110220440881763       0.28522975853846333     
   5.5310621242484972       0.28388836929020267     
   5.5511022044088172       0.28255358831652355     
   5.5711422845691381       0.28122538093264510     
   5.5911823647294590       0.27990371265161806     
   5.6112224448897789       0.27858854918304088     
   5.6312625250500998       0.27727985643178849     
   5.6513026052104207       0.27597760049675057     
   5.6713426853707416       0.27468174766958342     
   5.6913827655310616       0.27339226443347087     
   5.7114228456913825       0.27210911746189670     
   5.7314629258517034       0.27083227361742823     
   5.7515030060120242       0.26956169995050899     
   5.7715430861723442       0.26829736369826307     
   5.7915831663326651       0.26703923228330817     
   5.8116232464929860       0.26578727331257929     
   5.8316633266533060       0.26454145457616229     
   5.8517034068136269       0.26330174404613615     
   5.8717434869739478       0.26206810987542567     
   5.8917835671342687       0.26084052039666228     
   5.9118236472945886       0.25961894412105502     
   5.9318637274549095       0.25840334973726975     
   5.9519038076152304       0.25719370611031750     
   5.9719438877755513       0.25598998228045150     
   5.9919839679358713       0.25479214746207268     
   6.0120240480961922       0.25360017104264354     
   6.0320641282565131       0.25241402258161100     
   6.0521042084168331       0.25123367180933620     
   6.0721442885771539       0.25005908862603388     
   6.0921843687374748       0.24889024310071872     
   6.1122244488977957       0.24772710547015978     
   6.1322645290581157       0.24656964613784321     
   6.1523046092184366       0.24541783567294212     
   6.1723446893787575       0.24427164480929431     
   6.1923847695390783       0.24313104444438749     
   6.2124248496993983       0.24199600563835175     
   6.2324649298597192       0.24086649961295961     
   6.2525050100200401       0.23974249775063347     
   6.2725450901803601       0.23862397159345947     
   6.2925851703406810       0.23751089284220916     
   6.3126252505010019       0.23640323335536828     
   6.3326653306613228       0.23530096514817167     
   6.3527054108216428       0.23420406039164551     
   6.3727454909819636       0.23311249141165691     
   6.3927855711422845       0.23202623068796899     
   6.4128256513026045       0.23094525085330361     
   6.4328657314629254       0.22986952469241018     
   6.4529058116232463       0.22879902514114131     
   6.4729458917835672       0.22773372528553415     
   6.4929859719438872       0.22667359836089943     
   6.5130260521042080       0.22561861775091543     
   6.5330661322645289       0.22456875698672912     
   6.5531062124248498       0.22352398974606297     
   6.5731462925851698       0.22248428985232821     
   6.5931863727454907       0.22144963127374409     
   6.6132264529058116       0.22041998812246313     
   6.6332665330661316       0.21939533465370223     
   6.6533066132264524       0.21837564526487976     
   6.6733466933867733       0.21736089449475879     
   6.6933867735470942       0.21635105702259558     
   6.7134268537074142       0.21534610766729420     
   6.7334669338677351       0.21434602138656689     
   6.7535070140280560       0.21335077327609980     
   6.7735470941883769       0.21236033856872455     
   6.7935871743486969       0.21137469263359510     
   6.8136272545090177       0.21039381097537058     
   6.8336673346693386       0.20941766923340313     
   6.8537074148296586       0.20844624318093130     
   6.8737474949899795       0.20747950872427900     
   6.8937875751503004       0.20651744190205945     
   6.9138276553106213       0.20556001888438460     
   6.9338677354709413       0.20460721597207995     
   6.9539078156312621       0.20365900959590416     
   6.9739478957915830       0.20271537631577424     
   6.9939879759519039       0.20177629281999540     
   7.0140280561122239       0.20084173592449658     
   7.0340681362725448       0.19991168257207034     
   7.0541082164328657       0.19898610983161819     
   7.0741482965931857       0.19806499489740087     
   7.0941883767535066       0.19714831508829306     
   7.1142284569138274       0.19623604784704388     
   7.1342685370741483       0.19532817073954112     
   7.1543086172344683       0.19442466145408113     
   7.1743486973947892       0.19352549780064310     
   7.1943887775551101       0.19263065771016818     
   7.2144288577154310       0.19174011923384318     
   7.2344689378757510       0.19085386054238915     
   7.2545090180360718       0.18997185992535415     
   7.2745490981963927       0.18909409579041117     
   7.2945891783567127       0.18822054666266022     
   7.3146292585170336       0.18735119118393495     
   7.3346693386773545       0.18648600811211402     
   7.3547094188376754       0.18562497632043670     
   7.3747494989979954       0.18476807479682275     
   7.3947895791583163       0.18391528264319715     
   7.4148296593186371       0.18306657907481877     
   7.4348697394789580       0.18222194341961345     
   7.4549098196392780       0.18138135511751149     
   7.4749498997995989       0.18054479371978951     
   7.4949899799599198       0.17971223888841600     
   7.5150300601202398       0.17888367039540168     
   7.5350701402805607       0.17805906812215372     
   7.5551102204408815       0.17723841205883417     
   7.5751503006012024       0.17642168230372257     
   7.5951903807615224       0.17560885906258231     
   7.6152304609218433       0.17479992264803154     
   7.6352705410821642       0.17399485347891774     
   7.6553106212424851       0.17319363207969637     
   7.6753507014028051       0.17239623907981361     
   7.6953907815631259       0.17160265521309281     
   7.7154308617234468       0.17081286131712506     
   7.7354709418837668       0.17002683833266347     
   7.7555110220440877       0.16924456730302143     
   7.7755511022044086       0.16846602937347463     
   7.7955911823647295       0.16769120579066701     
   7.8156312625250495       0.16692007790202018     
   7.8356713426853704       0.16615262715514686     
   7.8557114228456912       0.16538883509726804     
   7.8757515030060121       0.16462868337463368     
   7.8957915831663321       0.16387215373194705     
   7.9158316633266530       0.16311922801179299     
   7.9358717434869739       0.16236988815406961     
   7.9559118236472939       0.16162411619542333     
   7.9759519038076148       0.16088189426868807     
   7.9959919839679356       0.16014320460232739     
   8.0160320641282556       0.15940802951988056     
   8.0360721442885765       0.15867635143941203     
   8.0561122244488974       0.15794815287296399     
   8.0761523046092183       0.15722341642601304     
   8.0961923847695392       0.15650212479692996     
   8.1162324649298601       0.15578426077644250     
   8.1362725450901792       0.15506980724710226     
   8.1563126252505000       0.15435874718275436     
   8.1763527054108209       0.15365106364801079     
   8.1963927855711418       0.15294673979772686     
   8.2164328657314627       0.15224575887648090     
   8.2364729458917836       0.15154810421805745     
   8.2565130260521045       0.15085375924493361     
   8.2765531062124253       0.15016270746776827     
   8.2965931863727445       0.14947493248489518     
   8.3166332665330653       0.14879041798181855     
   8.3366733466933862       0.14810914773071218     
   8.3567134268537071       0.14743110558992156     
   8.3767535070140280       0.14675627550346942     
   8.3967935871743489       0.14608464150056372     
   8.4168336673346698       0.14541618769510919     
   8.4368737474949889       0.14475089828522195     
   8.4569138276553097       0.14408875755274680     
   8.4769539078156306       0.14342974986277784     
   8.4969939879759515       0.14277385966318198     
   8.5170340681362724       0.14212107148412528     
   8.5370741482965933       0.14147136993760240     
   8.5571142284569142       0.14082473971696893     
   8.5771543086172333       0.14018116559647667     
   8.5971943887775542       0.13954063243081152     
   8.6172344689378750       0.13890312515463477     
   8.6372745490981959       0.13826862878212665     
   8.6573146292585168       0.13763712840653308     
   8.6773547094188377       0.13700860919971522     
   8.6973947895791586       0.13638305641170145     
   8.7174348697394795       0.13576045537024284     
   8.7374749498997986       0.13514079148037028     
   8.7575150300601194       0.13452405022395555     
   8.7775551102204403       0.13391021715927437     
   8.7975951903807612       0.13329927792057214     
   8.8176352705410821       0.13269121821763269     
   8.8376753507014030       0.13208602383534951     
   8.8577154308617239       0.13148368063329965     
   8.8777555110220430       0.13088417454532031     
   8.8977955911823639       0.13028749157908767     
   8.9178356713426847       0.12969361781569910     
   8.9378757515030056       0.12910253940925706     
   8.9579158316633265       0.12851424258645605     
   8.9779559118236474       0.12792871364617223     
   8.9979959919839683       0.12734593895905483     
   9.0180360721442874       0.12676590496712115     
   9.0380761523046083       0.12618859818335310     
   9.0581162324649291       0.12561400519129667     
   9.0781563126252500       0.12504211264466381     
   9.0981963927855709       0.12447290726693663     
   9.1182364729458918       0.12390637585097425     
   9.1382765531062127       0.12334250525862164     
   9.1583166332665336       0.12278128242032142     
   9.1783567134268527       0.12222269433472750     
   9.1983967935871735       0.12166672806832150     
   9.2184368737474944       0.12111337075503122     
   9.2384769539078153       0.12056260959585152     
   9.2585170340681362       0.12001443185846761     
   9.2785571142284571       0.11946882487688060     
   9.2985971943887780       0.11892577605103521     
   9.3186372745490971       0.11838527284644988     
   9.3386773547094180       0.11784730279384915     
   9.3587174348697388       0.11731185348879808     
   9.3787575150300597       0.11677891259133921     
   9.3987975951903806       0.11624846782563142     
   9.4188376753507015       0.11572050697959116     
   9.4388777555110224       0.11519501790453592     
   9.4589178356713415       0.11467198851482950     
   9.4789579158316624       0.11415140678752998     
   9.4989979959919832       0.11363326076203940     
   9.5190380761523041       0.11311753853975574     
   9.5390781563126250       0.11260422828372686     
   9.5591182364729459       0.11209331821830683     
   9.5791583166332668       0.11158479662881411     
   9.5991983967935877       0.11107865186119172     
   9.6192384769539068       0.11057487232166971     
   9.6392785571142277       0.11007344647642957     
   9.6593186372745485       0.10957436285127055     
   9.6793587174348694       0.10907761003127817     
   9.6993987975951903       0.10858317666049463     
   9.7194388777555112       0.10809105144159124     
   9.7394789579158321       0.10760122313554280     
   9.7595190380761512       0.10711368056130399     
   9.7795591182364721       0.10662841259548764     
   9.7995991983967929       0.10614540817204501     
   9.8196392785571138       0.10566465628194796     
   9.8396793587174347       0.10518614597287301     
   9.8597194388777556       0.10470986634888726     
   9.8797595190380765       0.10423580657013642     
   9.8997995991983956       0.10376395585253440     
   9.9198396793587165       0.10329430346745495     
   9.9398797595190373       0.10282683874142517     
   9.9599198396793582       0.10236155105582073     
   9.9799599198396791       0.10189842984656299     
   10.000000000000000       0.10143746460381800     
