   0.0000000000000000        2.3977069849856938     
   2.0040080160320640E-002   2.3927882057251080     
   4.0080160320641281E-002   2.3876769665830260     
   6.0120240480961921E-002   2.3824065588218448     
   8.0160320641282562E-002   2.3770012879062286     
  0.10020040080160320        2.3714792503115736     
  0.12024048096192384        2.3658542254350881     
  0.14028056112224449        2.3601369671170680     
  0.16032064128256512        2.3543360875315136     
  0.18036072144288576        2.3484586640761274     
  0.20040080160320639        2.3425106578160393     
  0.22044088176352705        2.3364972035372200     
  0.24048096192384769        2.3304228121603567     
  0.26052104208416832        2.3242915131856550     
  0.28056112224448898        2.3181069559741982     
  0.30060120240480959        2.3118724826615278     
  0.32064128256513025        2.3055911814228396     
  0.34068136272545091        2.2992659260429686     
  0.36072144288577151        2.2928994058656400     
  0.38076152304609218        2.2864941489195134     
  0.40080160320641278        2.2800525401493839     
  0.42084168336673344        2.2735768360885023     
  0.44088176352705410        2.2670691769033664     
  0.46092184368737471        2.2605315964652530     
  0.48096192384769537        2.2539660309124487     
  0.50100200400801598        2.2473743260358723     
  0.52104208416833664        2.2407582437297346     
  0.54108216432865730        2.2341194676854004     
  0.56112224448897796        2.2274596084619658     
  0.58116232464929862        2.2207802080353520     
  0.60120240480961917        2.2140827439049771     
  0.62124248496993983        2.2073686328205335     
  0.64128256513026050        2.2006392341791758     
  0.66132264529058116        2.1938958531342885     
  0.68136272545090182        2.1871397434500315     
  0.70140280561122237        2.1803721101304125     
  0.72144288577154303        2.1735941118473976     
  0.74148296593186369        2.1668068631891009     
  0.76152304609218435        2.1600114367463070     
  0.78156312625250501        2.1532088650532328     
  0.80160320641282556        2.1464001423965189     
  0.82164328657314623        2.1395862265047554     
  0.84168336673346689        2.1327680401294518     
  0.86172344689378755        2.1259464725271329     
  0.88176352705410821        2.1191223808511914     
  0.90180360721442887        2.1122965914611944     
  0.92184368737474942        2.1054699011565390     
  0.94188376753507008        2.0986430783406407     
  0.96192384769539074        2.0918168641212014     
  0.98196392785571140        2.0849919733515629     
   1.0020040080160320        2.0781690956176466     
   1.0220440881763526        2.0713488961745470     
   1.0420841683366733        2.0645320168364671     
   1.0621242484969939        2.0577190768233171     
   1.0821643286573146        2.0509106735670168     
   1.1022044088176353        2.0441073834802386     
   1.1222444889779559        2.0373097626900991     
   1.1422845691382766        2.0305183477390809     
   1.1623246492985972        2.0237336562552710     
   1.1823647294589177        2.0169561875938133     
   1.2024048096192383        2.0101864234513322     
   1.2224448897795590        2.0034248284549223     
   1.2424849699398797        1.9966718507271828     
   1.2625250501002003        1.9899279224286441     
   1.2825651302605210        1.9831934602788492     
   1.3026052104208417        1.9764688660572360     
   1.3226452905811623        1.9697545270848902     
   1.3426853707414830        1.9630508166881642     
   1.3627254509018036        1.9563580946450752     
   1.3827655310621243        1.9496767076153407     
   1.4028056112224447        1.9430069895548452     
   1.4228456913827654        1.9363492621152805     
   1.4428857715430861        1.9297038350296505     
   1.4629258517034067        1.9230710064842902     
   1.4829659318637274        1.9164510634780050     
   1.5030060120240480        1.9098442821688981     
   1.5230460921843687        1.9032509282094201     
   1.5430861723446894        1.8966712570701443     
   1.5631262525050100        1.8901055143527425     
   1.5831663326653307        1.8835539360925997     
   1.6032064128256511        1.8770167490514968     
   1.6232464929859718        1.8704941710007579     
   1.6432865731462925        1.8639864109952309     
   1.6633266533066131        1.8574936696384694     
   1.6833667334669338        1.8510161393394413     
   1.7034068136272544        1.8445540045611000     
   1.7234468937875751        1.8381074420611032     
   1.7434869739478958        1.8316766211249902     
   1.7635270541082164        1.8252617037920777     
   1.7835671342685371        1.8188628450743436     
   1.8036072144288577        1.8124801931685492     
   1.8236472945891782        1.8061138896618383     
   1.8436873747494988        1.7997640697310389     
   1.8637274549098195        1.7934308623358919     
   1.8837675350701402        1.7871143904064082     
   1.9038076152304608        1.7808147710245601     
   1.9238476953907815        1.7745321156004941     
   1.9438877755511021        1.7682665300434515     
   1.9639278557114228        1.7620181149275707     
   1.9839679358717435        1.7557869656527398     
   2.0040080160320639        1.7495731726006645     
   2.0240480961923848        1.7433768212863014     
   2.0440881763527052        1.7371979925048122     
   2.0641282565130261        1.7310367624741774     
   2.0841683366733466        1.7248932029736128     
   2.1042084168336674        1.7187673814779170     
   2.1242484969939879        1.7126593612878802     
   2.1442885771543083        1.7065692016568790     
   2.1643286573146292        1.7004969579137756     
   2.1843687374749496        1.6944426815822324     
   2.2044088176352705        1.6884064204965574     
   2.2244488977955910        1.6823882189141857     
   2.2444889779559118        1.6763881176248987     
   2.2645290581162323        1.6704061540568795     
   2.2845691382765532        1.6644423623797036     
   2.3046092184368736        1.6584967736043565     
   2.3246492985971945        1.6525694156803654     
   2.3446893787575149        1.6466603135901325     
   2.3647294589178354        1.6407694894405560     
   2.3847695390781563        1.6348969625520180     
   2.4048096192384767        1.6290427495448143     
   2.4248496993987976        1.6232068644231061     
   2.4448897795591180        1.6173893186564667     
   2.4649298597194389        1.6115901212590895     
   2.4849699398797593        1.6058092788667311     
   2.5050100200400802        1.6000467958114526     
   2.5250501002004007        1.5943026741942241     
   2.5450901803607215        1.5885769139554542     
   2.5651302605210420        1.5828695129435080     
   2.5851703406813624        1.5771804669812635     
   2.6052104208416833        1.5715097699307767     
   2.6252505010020037        1.5658574137560943     
   2.6452905811623246        1.5602233885842800     
   2.6653306613226451        1.5546076827646995     
   2.6853707414829660        1.5490102829266139     
   2.7054108216432864        1.5434311740351359     
   2.7254509018036073        1.5378703394455842     
   2.7454909819639277        1.5323277609562962     
   2.7655310621242486        1.5268034188599309     
   2.7855711422845690        1.5212972919933121     
   2.8056112224448895        1.5158093577858485     
   2.8256513026052104        1.5103395923065757     
   2.8456913827655308        1.5048879703098570     
   2.8657314629258517        1.4994544652797792     
   2.8857715430861721        1.4940390494732838     
   2.9058116232464930        1.4886416939620655     
   2.9258517034068134        1.4832623686732778     
   2.9458917835671343        1.4779010424290744     
   2.9659318637274548        1.4725576829850198     
   2.9859719438877756        1.4672322570674066     
   3.0060120240480961        1.4619247304095002     
   3.0260521042084165        1.4566350677867526     
   3.0460921843687374        1.4513632330510022     
   3.0661322645290578        1.4461091891636997     
   3.0861723446893787        1.4408728982281767     
   3.1062124248496992        1.4356543215209958     
   3.1262525050100201        1.4304534195223908     
   3.1462925851703405        1.4252701519458437     
   3.1663326653306614        1.4201044777668028     
   3.1863727454909818        1.4149563552505797     
   3.2064128256513023        1.4098257419794404     
   3.2264529058116231        1.4047125948789190     
   3.2464929859719436        1.3996168702433662     
   3.2665330661322645        1.3945385237607670     
   3.2865731462925849        1.3894775105368351     
   3.3066132264529058        1.3844337851184150     
   3.3266533066132262        1.3794073015162018     
   3.3466933867735471        1.3743980132268045     
   3.3667334669338675        1.3694058732541681     
   3.3867735470941884        1.3644308341303715     
   3.4068136272545089        1.3594728479358227     
   3.4268537074148293        1.3545318663188617     
   3.4468937875751502        1.3496078405147918     
   3.4669338677354706        1.3447007213643589     
   3.4869739478957915        1.3398104593316822     
   3.5070140280561120        1.3349370045216649     
   3.5270541082164328        1.3300803066968907     
   3.5470941883767533        1.3252403152940238     
   3.5671342685370742        1.3204169794397271     
   3.5871743486973946        1.3156102479661063     
   3.6072144288577155        1.3108200694257006     
   3.6272545090180359        1.3060463921060317     
   3.6472945891783564        1.3012891640437114     
   3.6673346693386772        1.2965483330381418     
   3.6873747494989977        1.2918238466647958     
   3.7074148296593186        1.2871156522881104     
   3.7274549098196390        1.2824236970739875     
   3.7474949899799599        1.2777479280019213     
   3.7675350701402803        1.2730882918767641     
   3.7875751503006012        1.2684447353401331     
   3.8076152304609217        1.2638172048814764     
   3.8276553106212425        1.2592056468488004     
   3.8476953907815630        1.2546100074590738     
   3.8677354709418834        1.2500302328083162     
   3.8877755511022043        1.2454662688813738     
   3.9078156312625247        1.2409180615614031     
   3.9278557114228456        1.2363855566390551     
   3.9478957915831661        1.2318686998213859     
   3.9679358717434869        1.2273674367404850     
   3.9879759519038074        1.2228817129618392     
   4.0080160320641278        1.2184114739924388     
   4.0280561122244487        1.2139566652886262     
   4.0480961923847696        1.2095172322637049     
   4.0681362725450896        1.2050931202953057     
   4.0881763527054105        1.2006842747325224     
   4.1082164328657313        1.1962906409028216     
   4.1282565130260522        1.1919121641187356     
   4.1482965931863722        1.1875487896843386     
   4.1683366733466931        1.1832004629015207     
   4.1883767535070140        1.1788671290760537     
   4.2084168336673349        1.1745487335234719     
   4.2284569138276549        1.1702452215747505     
   4.2484969939879758        1.1659565385818109     
   4.2685370741482966        1.1616826299228378     
   4.2885771543086166        1.1574234410074273     
   4.3086172344689375        1.1531789172815643     
   4.3286573146292584        1.1489490042324331     
   4.3486973947895793        1.1447336473930712     
   4.3687374749498993        1.1405327923468658     
   4.3887775551102202        1.1363463847318993     
   4.4088176352705410        1.1321743702451494     
   4.4288577154308619        1.1280166946465455     
   4.4488977955911819        1.1238733037628856     
   4.4689378757515028        1.1197441434916227     
   4.4889779559118237        1.1156291598045152     
   4.5090180360721437        1.1115282987511550     
   4.5290581162324646        1.1074415064623699     
   4.5490981963927855        1.1033687291535046     
   4.5691382765531063        1.0993099131275914     
   4.5891783567134263        1.0952650047784012     
   4.6092184368737472        1.0912339505933888     
   4.6292585170340681        1.0872166971565307     
   4.6492985971943890        1.0832131911510596     
   4.6693386773547090        1.0792233793620987     
   4.6893787575150299        1.0752472086791973     
   4.7094188376753507        1.0712846260987736     
   4.7294589178356707        1.0673355787264658     
   4.7494989979959916        1.0634000137793911     
   4.7695390781563125        1.0594778785883221     
   4.7895791583166334        1.0555691205997766     
   4.8096192384769534        1.0516736873780279     
   4.8296593186372743        1.0477915266070337     
   4.8496993987975952        1.0439225860922909     
   4.8697394789579160        1.0400668137626146     
   4.8897795591182360        1.0362241576718438     
   4.9098196392785569        1.0323945660004823     
   4.9298597194388778        1.0285779870572642     
   4.9498997995991978        1.0247743692806606     
   4.9699398797595187        1.0209836612403169     
   4.9899799599198396        1.0172058116384344     
   5.0100200400801604        1.0134407693110854     
   5.0300601202404804        1.0096884832294764     
   5.0501002004008013        1.0059489025011505     
   5.0701402805611222        1.0022219763711389     
   5.0901803607214431       0.99850765422305587     
   5.1102204408817631       0.99480588558014760     
   5.1302605210420840       0.99111662010628698     
   5.1503006012024048       0.98743980760692374     
   5.1703406813627248       0.98377539802998704     
   5.1903807615230457       0.98012334146674329     
   5.2104208416833666       0.97648358815261138     
   5.2304609218436875       0.97285608846793614     
   5.2505010020040075       0.96924079293872023     
   5.2705410821643284       0.96563765223731890     
   5.2905811623246493       0.96204661718309481     
   5.3106212424849701       0.95846763874303909     
   5.3306613226452901       0.95490066803235463     
   5.3507014028056110       0.95134565631500823     
   5.3707414829659319       0.94780255500424737     
   5.3907815631262519       0.94427131566308797     
   5.4108216432865728       0.94075189000476989     
   5.4308617234468937       0.93724422989318479     
   5.4509018036072145       0.93374828734327520     
   5.4709418837675345       0.93026401452140650     
   5.4909819639278554       0.92679136374571358     
   5.5110220440881763       0.92333028748642187     
   5.5310621242484972       0.91988073836614526     
   5.5511022044088172       0.91644266916016071     
   5.5711422845691381       0.91301603279666099     
   5.5911823647294590       0.90960078235698627     
   5.6112224448897789       0.90619687107583691     
   5.6312625250500998       0.90280425234146533     
   5.6513026052104207       0.89942287969585033     
   5.6713426853707416       0.89605270683485516     
   5.6913827655310616       0.89269368760836798     
   5.7114228456913825       0.88934577602042608     
   5.7314629258517034       0.88600892622932814     
   5.7515030060120242       0.88268309254772792     
   5.7715430861723442       0.87936822944271986     
   5.7915831663326651       0.87606429153590826     
   5.8116232464929860       0.87277123360346709     
   5.8316633266533060       0.86948901057618833     
   5.8517034068136269       0.86621757753951989     
   5.8717434869739478       0.86295688973359475     
   5.8917835671342687       0.85970690255325055     
   5.9118236472945886       0.85646757154804343     
   5.9318637274549095       0.85323885242225128     
   5.9519038076152304       0.85002070103487415     
   5.9719438877755513       0.84681307339962553     
   5.9919839679358713       0.84361592568492183     
   6.0120240480961922       0.84042921421386452     
   6.0320641282565131       0.83725289546422044     
   6.0521042084168331       0.83408692606839807     
   6.0721442885771539       0.83093126281342244     
   6.0921843687374748       0.82778586264090670     
   6.1122244488977957       0.82465068264702424     
   6.1322645290581157       0.82152568008247928     
   6.1523046092184366       0.81841081235247859     
   6.1723446893787575       0.81530603701670301     
   6.1923847695390783       0.81221131178928219     
   6.2124248496993983       0.80912659453876878     
   6.2324649298597192       0.80605184328811830     
   6.2525050100200401       0.80298701621467128     
   6.2725450901803601       0.79993207165013880     
   6.2925851703406810       0.79688696808059323     
   6.3126252505010019       0.79385166414646569     
   6.3326653306613228       0.79082611864254793     
   6.3527054108216428       0.78781029051800056     
   6.3727454909819636       0.78480413887637068     
   6.3927855711422845       0.78180762297561590     
   6.4128256513026045       0.77882070222813626     
   6.4328657314629254       0.77584333620081847     
   6.4529058116232463       0.77287548461508715     
   6.4729458917835672       0.76991710734696761     
   6.4929859719438872       0.76696816442716087     
   6.5130260521042080       0.76402861604112926     
   6.5330661322645289       0.76109842252919613     
   6.5531062124248498       0.75817754438665774     
   6.5731462925851698       0.75526594226391053     
   6.5931863727454907       0.75236357696659140     
   6.6132264529058116       0.74947040945573584     
   6.6332665330661316       0.74658640084795047     
   6.6533066132264524       0.74371151241560363     
   6.6733466933867733       0.74084570558703300     
   6.6933867735470942       0.73798894194677300     
   6.7134268537074142       0.73514118323580036     
   6.7334669338677351       0.73230239135179998     
   6.7535070140280560       0.72947252834945264     
   6.7735470941883769       0.72665155644074364     
   6.7935871743486969       0.72383943799529393     
   6.8136272545090177       0.72103613554071611     
   6.8336673346693386       0.71824161176299228     
   6.8537074148296586       0.71545582950687980     
   6.8737474949899795       0.71267875177634166     
   6.8937875751503004       0.70991034173500389     
   6.9138276553106213       0.70715056270664178     
   6.9338677354709413       0.70439937817569420     
   6.9539078156312621       0.70165675178780917     
   6.9739478957915830       0.69892264735041842     
   6.9939879759519039       0.69619702883334611     
   7.0140280561122239       0.69347986036944886     
   7.0340681362725448       0.69077110625529103     
   7.0541082164328657       0.68807073095185545     
   7.0741482965931857       0.68537869908528903     
   7.0941883767535066       0.68269497544768809     
   7.1142284569138274       0.68001952499791996     
   7.1342685370741483       0.67735231286248754     
   7.1543086172344683       0.67469330433643226     
   7.1743486973947892       0.67204246488428154     
   7.1943887775551101       0.66939976014103841     
   7.2144288577154310       0.66676515591321928     
   7.2344689378757510       0.66413861817993425     
   7.2545090180360718       0.66152011309401870     
   7.2745490981963927       0.65890960698321366     
   7.2945891783567127       0.65630706635139613     
   7.3146292585170336       0.65371245787986310     
   7.3346693386773545       0.65112574842866955     
   7.3547094188376754       0.64854690503802204     
   7.3747494989979954       0.64597589492973029     
   7.3947895791583163       0.64341268550871711     
   7.4148296593186371       0.64085724436459113     
   7.4348697394789580       0.63830953927328060     
   7.4549098196392780       0.63576953819873316     
   7.4749498997995989       0.63323720929468208     
   7.4949899799599198       0.63071252090648111     
   7.5150300601202398       0.62819544157301122     
   7.5350701402805607       0.62568594002865885     
   7.5551102204408815       0.62318398520537088     
   7.5751503006012024       0.62068954623478623     
   7.5951903807615224       0.61820259245044740     
   7.6152304609218433       0.61572309339009534     
   7.6352705410821642       0.61325101879804811     
   7.6553106212424851       0.61078633862766674     
   7.6753507014028051       0.60832902304391279     
   7.6953907815631259       0.60587904242599699     
   7.7154308617234468       0.60343636737012529     
   7.7354709418837668       0.60100096869234143     
   7.7555110220440877       0.59857281743147350     
   7.7755511022044086       0.59615188485218407     
   7.7955911823647295       0.59373814244812884     
   7.8156312625250495       0.59133156194522696     
   7.8356713426853704       0.58893211530504552     
   7.8557114228456912       0.58653977472830376     
   7.8757515030060121       0.58415451265849916     
   7.8957915831663321       0.58177630178565976     
   7.9158316633266530       0.57940511505022663     
   7.9358717434869739       0.57704092564707132     
   7.9559118236472939       0.57468370702965177     
   7.9759519038076148       0.57233343291431049     
   7.9959919839679356       0.56999007728472251     
   8.0160320641282556       0.56765361439649564     
   8.0360721442885765       0.56532401878192651     
   8.0561122244488974       0.56300126525492278     
   8.0761523046092183       0.56068532891609102     
   8.0961923847695392       0.55837618515800080     
   8.1162324649298601       0.55607380967062758     
   8.1362725450901792       0.55377817844698163     
   8.1563126252505000       0.55148926778893070     
   8.1763527054108209       0.54920705431322070     
   8.1963927855711418       0.54693151495770342     
   8.2164328657314627       0.54466262698777645     
   8.2364729458917836       0.54240036800304603     
   8.2565130260521045       0.54014471594421753     
   8.2765531062124253       0.53789564910022269     
   8.2965931863727445       0.53565314611559545     
   8.3166332665330653       0.53341718599809973     
   8.3366733466933862       0.53118774812662439     
   8.3567134268537071       0.52896481225935155     
   8.3767535070140280       0.52674835854221103     
   8.3967935871743489       0.52453836751763083     
   8.4168336673346698       0.52233482013359522     
   8.4368737474949889       0.52013769775302510     
   8.4569138276553097       0.51794698216348922     
   8.4769539078156306       0.51576265558726497     
   8.4969939879759515       0.51358470069175965     
   8.5170340681362724       0.51141310060030820     
   8.5370741482965933       0.50924783890336567     
   8.5571142284569142       0.50708889967010928     
   8.5771543086172333       0.50493626746047005     
   8.5971943887775542       0.50278992733761119     
   8.6172344689378750       0.50064986488087859     
   8.6372745490981959       0.49851606619923905     
   8.6573146292585168       0.49638851794523642     
   8.6773547094188377       0.49426720732948615     
   8.6973947895791586       0.49215212213573811     
   8.7174348697394795       0.49004325073653432     
   8.7374749498997986       0.48794058210949642     
   8.7575150300601194       0.48584410585427196     
   8.7775551102204403       0.48375381221017894     
   8.7975951903807612       0.48166969207458649     
   8.8176352705410821       0.47959173702207331     
   8.8376753507014030       0.47751993932441072     
   8.8577154308617239       0.47545429197141864     
   8.8777555110220430       0.47339478869274842     
   8.8977955911823639       0.47134142398065187     
   8.9178356713426847       0.46929419311379872     
   8.9378757515030056       0.46725309218221317     
   8.9579158316633265       0.46521811811340441     
   8.9779559118236474       0.46318926869977478     
   8.9979959919839683       0.46116654262739737     
   9.0180360721442874       0.45914993950626082     
   9.0380761523046083       0.45713945990209398     
   9.0581162324649291       0.45513510536989010     
   9.0781563126252500       0.45313687848926426     
   9.0981963927855709       0.45114478290179283     
   9.1182364729458918       0.44915882335049717     
   9.1382765531062127       0.44717900572165381     
   9.1583166332665336       0.44520533708913257     
   9.1783567134268527       0.44323782576148496     
   9.1983967935871735       0.44127648133203451     
   9.2184368737474944       0.43932131473224562     
   9.2384769539078153       0.43737233828868283     
   9.2585170340681362       0.43542956578391023     
   9.2785571142284571       0.43349301252172218     
   9.2985971943887780       0.43156269539714748     
   9.3186372745490971       0.42963863297172744     
   9.3386773547094180       0.42772084555463430     
   9.3587174348697388       0.42580935529027741     
   9.3787575150300597       0.42390418625314014     
   9.3987975951903806       0.42200536455070287     
   9.4188376753507015       0.42011291843545417     
   9.4388777555110224       0.41822687842716172     
   9.4589178356713415       0.41634727744680267     
   9.4789579158316624       0.41447415096383894     
   9.4989979959919832       0.41260753715890153     
   9.5190380761523041       0.41074747710445153     
   9.5390781563126250       0.40889401496667444     
   9.5591182364729459       0.40704719823280172     
   9.5791583166332668       0.40520707796937594     
   9.5991983967935877       0.40337370911882464     
   9.6192384769539068       0.40154715084435333     
   9.6392785571142277       0.39972746693694761     
   9.6593186372745485       0.39791472630374236     
   9.6793587174348694       0.39610900356493334     
   9.6993987975951903       0.39431037979794231     
   9.7194388777555112       0.39251894348439964     
   9.7394789579158321       0.39073479174017522     
   9.7595190380761512       0.38895803194489825     
   9.7795591182364721       0.38718878394059986     
   9.7995991983967929       0.38542718304738277     
   9.8196392785571138       0.38367338425927550     
   9.8396793587174347       0.38192756815327139     
   9.8597194388777556       0.38018994929497285     
   9.8797595190380765       0.37846078829365226     
   9.8997995991983956       0.37674040920459012     
   9.9198396793587165       0.37502922478101003     
   9.9398797595190373       0.37332777326548233     
   9.9599198396793582       0.37163677216402119     
   9.9799599198396791       0.36995719703512192     
   10.000000000000000       0.36829039714931755     
