   0.0000000000000000        2.8879658660396381     
   2.0040080160320640E-002   2.5482009009626654     
   4.0080160320641281E-002   2.3250801664929881     
   6.0120240480961921E-002   2.1428136085571698     
   8.0160320641282562E-002   1.9944951991407514     
  0.10020040080160320        1.8712988098316499     
  0.12024048096192384        1.7677446570109632     
  0.14028056112224449        1.6797875083541269     
  0.16032064128256512        1.6043757050605441     
  0.18036072144288576        1.5391389814890957     
  0.20040080160320639        1.4822058580854922     
  0.22044088176352705        1.4320821433975877     
  0.24048096192384769        1.3875658844218173     
  0.26052104208416832        1.3476850588044662     
  0.28056112224448898        1.3116505093352686     
  0.30060120240480959        1.2788196166125239     
  0.32064128256513025        1.2486678316500266     
  0.34068136272545091        1.2207661242136778     
  0.36072144288577151        1.1947629754344335     
  0.38076152304609218        1.1703699141439241     
  0.40080160320641278        1.1473498478817403     
  0.42084168336673344        1.1255076165907063     
  0.44088176352705410        1.1046823255186318     
  0.46092184368737471        1.0847411094036157     
  0.48096192384769537        1.0655740524821902     
  0.50100200400801598        1.0470900446724507     
  0.52104208416833664        1.0292133978118121     
  0.54108216432865730        1.0118810801133424     
  0.56112224448897796       0.99504045422186238     
  0.58116232464929862       0.97864742599330290     
  0.60120240480961917       0.96266492857590180     
  0.62124248496993983       0.94706168044043104     
  0.64128256513026050       0.93181116738155612     
  0.66132264529058116       0.91689080773252918     
  0.68136272545090182       0.90228126752405247     
  0.70140280561122237       0.88796589841036622     
  0.72144288577154303       0.87393027614837537     
  0.74148296593186369       0.86016182146265374     
  0.76152304609218435       0.84664948843235799     
  0.78156312625250501       0.83338350823408636     
  0.80160320641282556       0.82035517827976911     
  0.82164328657314623       0.80755668859170493     
  0.84168336673346689       0.79498097873182527     
  0.86172344689378755       0.78262161980926259     
  0.88176352705410821       0.77047271707832099     
  0.90180360721442887       0.75852882944793720     
  0.92184368737474942       0.74678490288627453     
  0.94188376753507008       0.73523621524681160     
  0.96192384769539074       0.72387833048695960     
  0.98196392785571140       0.71270706061460565     
   1.0020040080160320       0.70171843399661959     
   1.0220440881763526       0.69090866890814251     
   1.0420841683366733       0.68027415140216552     
   1.0621242484969939       0.66981141674344558     
   1.0821643286573146       0.65951713378575560     
   1.1022044088176353       0.64938809178213341     
   1.1222444889779559       0.63942118920859026     
   1.1422845691382766       0.62961342425622968     
   1.1623246492985972       0.61996188670785557     
   1.1823647294589177       0.61046375096532213     
   1.2024048096192383       0.60111627003507251     
   1.2224448897795590       0.59191677031313417     
   1.2424849699398797       0.58286264703862634     
   1.2625250501002003       0.57395136030766158     
   1.2825651302605210       0.56518043155828945     
   1.3026052104208417       0.55654744045255600     
   1.3226452905811623       0.54805002209444276     
   1.3426853707414830       0.53968586453290079     
   1.3627254509018036       0.53145270650778231     
   1.3827655310621243       0.52334833540357339     
   1.4028056112224447       0.51537058538165992     
   1.4228456913827654       0.50751733566668866     
   1.4428857715430861       0.49978650896655924     
   1.4629258517034067       0.49217607000887764     
   1.4829659318637274       0.48468402417942058     
   1.5030060120240480       0.47730841625041814     
   1.5230460921843687       0.47004732918833053     
   1.5430861723446894       0.46289888303234877     
   1.5631262525050100       0.45586123383614574     
   1.5831663326653307       0.44893257266647568     
   1.6032064128256511       0.44211112465312574     
   1.6232464929859718       0.43539514808547475     
   1.6432865731462925       0.42878293355154357     
   1.6633266533066131       0.42227280311595755     
   1.6833667334669338       0.41586310953368782     
   1.7034068136272544       0.40955223549681635     
   1.7234468937875751       0.40333859291189389     
   1.7434869739478958       0.39722062220573134     
   1.7635270541082164       0.39119679165770405     
   1.7835671342685371       0.38526559675684219     
   1.8036072144288577       0.37942555958216212     
   1.8236472945891782       0.37367522820483651     
   1.8436873747494988       0.36801317611093393     
   1.8637274549098195       0.36243800164357404     
   1.8837675350701402       0.35694832746343924     
   1.9038076152304608       0.35154280002667621     
   1.9238476953907815       0.34622008907929358     
   1.9438877755511021       0.34097888716723473     
   1.9639278557114228       0.33581790916136367     
   1.9839679358717435       0.33073589179665758     
   2.0040080160320639       0.32573159322494716     
   2.0240480961923848       0.32080379258059460     
   2.0440881763527052       0.31595128955853441     
   2.0641282565130261       0.31117290400414271     
   2.0841683366733466       0.30646747551443154     
   2.1042084168336674       0.30183386305009713     
   2.1242484969939879       0.29727094455797826     
   2.1442885771543083       0.29277761660350599     
   2.1643286573146292       0.28835279401275093     
   2.1843687374749496       0.28399540952369734     
   2.2044088176352705       0.27970441344638913     
   2.2244488977955910       0.27547877333161763     
   2.2444889779559118       0.27131747364783493     
   2.2645290581162323       0.26721951546599243     
   2.2845691382765532       0.26318391615202402     
   2.3046092184368736       0.25920970906670049     
   2.3246492985971945       0.25529594327260285     
   2.3446893787575149       0.25144168324796812     
   2.3647294589178354       0.24764600860717720     
   2.3847695390781563       0.24390801382766392     
   2.4048096192384767       0.24022680798303417     
   2.4248496993987976       0.23660151448219396     
   2.4448897795591180       0.23303127081429595     
   2.4649298597194389       0.22951522829932064     
   2.4849699398797593       0.22605255184411643     
   2.5050100200400802       0.22264241970373341     
   2.5250501002004007       0.21928402324788807     
   2.5450901803607215       0.21597656673240814     
   2.5651302605210420       0.21271926707550920     
   2.5851703406813624       0.20951135363876286     
   2.6052104208416833       0.20635206801262229     
   2.6252505010020037       0.20324066380637396     
   2.6452905811623246       0.20017640644239337     
   2.6653306613226451       0.19715857295458403     
   2.6853707414829660       0.19418645179088553     
   2.7054108216432864       0.19125934261974059     
   2.7254509018036073       0.18837655614041490     
   2.7454909819639277       0.18553741389706746     
   2.7655310621242486       0.18274124809647391     
   2.7855711422845690       0.17998740142930764     
   2.8056112224448895       0.17727522689488770     
   2.8256513026052104       0.17460408762930546     
   2.8456913827655308       0.17197335673684574     
   2.8657314629258517       0.16938241712461999     
   2.8857715430861721       0.16683066134033270     
   2.9058116232464930       0.16431749141310531     
   2.9258517034068134       0.16184231869728324     
   2.9458917835671343       0.15940456371915518     
   2.9659318637274548       0.15700365602651567     
   2.9859719438877756       0.15463903404100462     
   3.0060120240480961       0.15231014491315853     
   3.0260521042084165       0.15001644438011230     
   3.0460921843687374       0.14775739662589019     
   3.0661322645290578       0.14553247414422732     
   3.0861723446893787       0.14334115760386570     
   3.1062124248496992       0.14118293571626950     
   3.1262525050100201       0.13905730510570580     
   3.1462925851703405       0.13696377018163969     
   3.1663326653306614       0.13490184301339306     
   3.1863727454909818       0.13287104320701856     
   3.2064128256513023       0.13087089778434136     
   3.2264529058116231       0.12890094106412253     
   3.2464929859719436       0.12696071454529964     
   3.2665330661322645       0.12504976679226110     
   3.2865731462925849       0.12316765332211169     
   3.3066132264529058       0.12131393649388872     
   3.3266533066132262       0.11948818539968840     
   3.3466933867735471       0.11768997575766393     
   3.3667334669338675       0.11591888980685720     
   3.3867735470941884       0.11417451620382729     
   3.4068136272545089       0.11245644992104023     
   3.4268537074148293       0.11076429214698437     
   3.4468937875751502       0.10909765018797823     
   3.4669338677354706       0.10745613737163681     
   3.4869739478957915       0.10583937295196437     
   3.5070140280561120       0.10424698201604236     
   3.5270541082164328       0.10267859539228125     
   3.5470941883767533       0.10113384956020675     
   3.5671342685370742        9.9612386561750532E-002
   3.5871743486973946        9.8113853914017571E-002
   3.6072144288577155        9.6637904523501711E-002
   3.6272545090180359        9.5184196601722601E-002
   3.6472945891783564        9.3752393582256829E-002
   3.6673346693386772        9.2342164039138003E-002
   3.6873747494989977        9.0953181606600000E-002
   3.7074148296593186        8.9585124900138494E-002
   3.7274549098196390        8.8237677438866971E-002
   3.7474949899799599        8.6910527569143053E-002
   3.7675350701402803        8.5603368389442366E-002
   3.7875751503006012        8.4315897676457002E-002
   3.8076152304609217        8.3047817812397159E-002
   3.8276553106212425        8.1798835713472892E-002
   3.8476953907815630        8.0568662759536461E-002
   3.8677354709418834        7.9357014724863520E-002
   3.8877755511022043        7.8163611710052955E-002
   3.9078156312625247        7.6988178075026156E-002
   3.9278557114228456        7.5830442373105350E-002
   3.9478957915831661        7.4690137286153008E-002
   3.9679358717434869        7.3566999560752841E-002
   3.9879759519038074        7.2460769945414769E-002
   4.0080160320641278        7.1371193128785648E-002
   4.0280561122244487        7.0298017678848509E-002
   4.0480961923847696        6.9240995983093009E-002
   4.0681362725450896        6.8199884189640514E-002
   4.0881763527054105        6.7174442149307054E-002
   4.1082164328657313        6.6164433358588376E-002
   4.1282565130260522        6.5169624903551326E-002
   4.1482965931863722        6.4189787404615561E-002
   4.1683366733466931        6.3224694962211184E-002
   4.1883767535070140        6.2274125103296836E-002
   4.2084168336673349        6.1337858728723854E-002
   4.2284569138276549        6.0415680061432442E-002
   4.2484969939879758        5.9507376595465261E-002
   4.2685370741482966        5.8612739045785477E-002
   4.2885771543086166        5.7731561298884890E-002
   4.3086172344689375        5.6863640364169757E-002
   4.3286573146292584        5.6008776326110635E-002
   4.3486973947895793        5.5166772297143986E-002
   4.3687374749498993        5.4337434371312825E-002
   4.3887775551102202        5.3520571578634261E-002
   4.4088176352705410        5.2715995840181620E-002
   4.4288577154308619        5.1923521923869898E-002
   4.4488977955911819        5.1142967400932222E-002
   4.4689378757515028        5.0374152603076684E-002
   4.4889779559118237        4.9616900580311769E-002
   4.5090180360721437        4.8871037059429752E-002
   4.5290581162324646        4.8136390403137226E-002
   4.5490981963927855        4.7412791569822102E-002
   4.5691382765531063        4.6700074073946857E-002
   4.5891783567134263        4.5998073947057641E-002
   4.6092184368737472        4.5306629699399380E-002
   4.6292585170340681        4.4625582282127062E-002
   4.6492985971943890        4.3954775050103263E-002
   4.6693386773547090        4.3294053725272966E-002
   4.6893787575150299        4.2643266360605669E-002
   4.7094188376753507        4.2002263304596332E-002
   4.7294589178356707        4.1370897166315500E-002
   4.7494989979959916        4.0749022781000330E-002
   4.7695390781563125        4.0136497176177476E-002
   4.7895791583166334        3.9533179538309385E-002
   4.8096192384769534        3.8938931179955762E-002
   4.8296593186372743        3.8353615507441777E-002
   4.8496993987975952        3.7777097989024927E-002
   4.8697394789579160        3.7209246123552878E-002
   4.8897795591182360        3.6649929409603967E-002
   4.9098196392785569        3.6099019315103176E-002
   4.9298597194388778        3.5556389247405708E-002
   4.9498997995991978        3.5021914523840750E-002
   4.9699398797595187        3.4495472342708430E-002
   4.9899799599198396        3.3976941754722295E-002
   5.0100200400801604        3.3466203634890654E-002
   5.0300601202404804        3.2963140654829734E-002
   5.0501002004008013        3.2467637255501731E-002
   5.0701402805611222        3.1979579620371151E-002
   5.0901803607214431        3.1498855648972798E-002
   5.1102204408817631        3.1025354930884968E-002
   5.1302605210420840        3.0558968720101429E-002
   5.1503006012024048        3.0099589909795901E-002
   5.1703406813627248        2.9647113007472983E-002
   5.1903807615230457        2.9201434110499292E-002
   5.2104208416833666        2.8762450882008971E-002
   5.2304609218436875        2.8330062527177676E-002
   5.2505010020040075        2.7904169769859273E-002
   5.2705410821643284        2.7484674829579465E-002
   5.2905811623246493        2.7071481398881006E-002
   5.3106212424849701        2.6664494621014782E-002
   5.3306613226452901        2.6263621067971407E-002
   5.3507014028056110        2.5868768718848165E-002
   5.3707414829659319        2.5479846938545870E-002
   5.3907815631262519        2.5096766456790657E-002
   5.4108216432865728        2.4719439347475558E-002
   5.4308617234468937        2.4347779008316930E-002
   5.4509018036072145        2.3981700140820829E-002
   5.4709418837675345        2.3621118730554492E-002
   5.4909819639278554        2.3265952027718261E-002
   5.5110220440881763        2.2916118528013184E-002
   5.5310621242484972        2.2571537953799774E-002
   5.5511022044088172        2.2232131235543445E-002
   5.5711422845691381        2.1897820493542035E-002
   5.5911823647294590        2.1568529019931278E-002
   5.6112224448897789        2.1244181260963682E-002
   5.6312625250500998        2.0924702799556820E-002
   5.6513026052104207        2.0610020338106577E-002
   5.6713426853707416        2.0300061681561617E-002
   5.6913827655310616        1.9994755720754747E-002
   5.7114228456913825        1.9694032415987297E-002
   5.7314629258517034        1.9397822780862679E-002
   5.7515030060120242        1.9106058866365225E-002
   5.7715430861723442        1.8818673745180512E-002
   5.7915831663326651        1.8535601496253485E-002
   5.8116232464929860        1.8256777189580645E-002
   5.8316633266533060        1.7982136871232870E-002
   5.8517034068136269        1.7711617548605080E-002
   5.8717434869739478        1.7445157175889448E-002
   5.8917835671342687        1.7182694639768611E-002
   5.9118236472945886        1.6924169745325585E-002
   5.9318637274549095        1.6669523202166935E-002
   5.9519038076152304        1.6418696610756057E-002
   5.9719438877755513        1.6171632448953248E-002
   5.9919839679358713        1.5928274058759424E-002
   6.0120240480961922        1.5688565633260352E-002
   6.0320641282565131        1.5452452203768350E-002
   6.0521042084168331        1.5219879627158364E-002
   6.0721442885771539        1.4990794573395510E-002
   6.0921843687374748        1.4765144513251087E-002
   6.1122244488977957        1.4542877706204198E-002
   6.1322645290581157        1.4323943188526159E-002
   6.1523046092184366        1.4108290761544816E-002
   6.1723446893787575        1.3895870980086138E-002
   6.1923847695390783        1.3686635141090250E-002
   6.2124248496993983        1.3480535272399275E-002
   6.2324649298597192        1.3277524121714426E-002
   6.2525050100200401        1.3077555145719608E-002
   6.2725450901803601        1.2880582499369162E-002
   6.2925851703406810        1.2686561025337080E-002
   6.3126252505010019        1.2495446243625296E-002
   6.3326653306613228        1.2307194341328639E-002
   6.3527054108216428        1.2121762162554015E-002
   6.3727454909819636        1.1939107198491419E-002
   6.3927855711422845        1.1759187577634582E-002
   6.4128256513026045        1.1581962056148819E-002
   6.4328657314629254        1.1407390008383927E-002
   6.4529058116232463        1.1235431417529885E-002
   6.4729458917835672        1.1066046866413144E-002
   6.4929859719438872        1.0899197528431400E-002
   6.5130260521042080        1.0734845158624724E-002
   6.5330661322645289        1.0572952084880939E-002
   6.5531062124248498        1.0413481199273222E-002
   6.5731462925851698        1.0256395949527892E-002
   6.5931863727454907        1.0101660330620391E-002
   6.6132264529058116        9.9492388764975213E-003
   6.6332665330661316        9.7990966519239716E-003
   6.6533066132264524        9.6511992444512709E-003
   6.6733466933867733        9.5055127565072690E-003
   6.6933867735470942        9.3620037976043079E-003
   6.7134268537074142        9.2206394766642767E-003
   6.7334669338677351        9.0813873944587589E-003
   6.7535070140280560        8.9442156361624840E-003
   6.7735470941883769        8.8090927640184086E-003
   6.7935871743486969        8.6759878101126398E-003
   6.8136272545090177        8.5448702692576053E-003
   6.8336673346693386        8.4157100919817381E-003
   6.8537074148296586        8.2884776776240635E-003
   6.8737474949899795        8.1631438675321393E-003
   6.8937875751503004        8.0396799383616584E-003
   6.9138276553106213        7.9180575954762456E-003
   6.9338677354709413        7.7982489664458711E-003
   6.9539078156312621        7.6802265946423693E-003
   6.9739478957915830        7.5639634329305741E-003
   6.9939879759519039        7.4494328374536106E-003
   7.0140280561122239        7.3366085615108809E-003
   7.0340681362725448        7.2254647495273222E-003
   7.0541082164328657        7.1159759311125474E-003
   7.0741482965931857        7.0081170152084477E-003
   7.0941883767535066        6.9018632843239431E-003
   7.1142284569138274        6.7971903888554902E-003
   7.1342685370741483        6.6940743414920538E-003
   7.1543086172344683        6.5924915117032221E-003
   7.1743486973947892        6.4924186203091806E-003
   7.1943887775551101        6.3938327341312717E-003
   7.2144288577154310        6.2967112607219327E-003
   7.2344689378757510        6.2010319431726989E-003
   7.2545090180360718        6.1067728549991400E-003
   7.2745490981963927        6.0139123951014825E-003
   7.2945891783567127        5.9224292827997653E-003
   7.3146292585170336        5.8323025529423405E-003
   7.3346693386773545        5.7435115510866032E-003
   7.3547094188376754        5.6560359287507961E-003
   7.3747494989979954        5.5698556387357772E-003
   7.3947895791583163        5.4849509305156634E-003
   7.4148296593186371        5.4013023456962453E-003
   7.4348697394789580        5.3188907135401286E-003
   7.4549098196392780        5.2376971465575226E-003
   7.4749498997995989        5.1577030361616471E-003
   7.4949899799599198        5.0788900483877261E-003
   7.5150300601202398        5.0012401196745512E-003
   7.5350701402805607        4.9247354527076305E-003
   7.5551102204408815        4.8493585123228940E-003
   7.5751503006012024        4.7750920214700322E-003
   7.5951903807615224        4.7019189572344603E-003
   7.6152304609218433        4.6298225469169809E-003
   7.6352705410821642        4.5587862641701801E-003
   7.6553106212424851        4.4887938251906663E-003
   7.6753507014028051        4.4198291849661822E-003
   7.6953907815631259        4.3518765335767238E-003
   7.7154308617234468        4.2849202925487424E-003
   7.7354709418837668        4.2189451112615434E-003
   7.7555110220440877        4.1539358634050099E-003
   7.7755511022044086        4.0898776434877705E-003
   7.7955911823647295        4.0267557633949557E-003
   7.8156312625250495        3.9645557489946751E-003
   7.8356713426853704        3.9032633367923767E-003
   7.8557114228456912        3.8428644706322442E-003
   7.8757515030060121        3.7833452984447962E-003
   7.8957915831663321        3.7246921690398589E-003
   7.9158316633266530        3.6668916289440898E-003
   7.9358717434869739        3.6099304192822265E-003
   7.9559118236472939        3.5537954727012555E-003
   7.9759519038076148        3.4984739103366860E-003
   7.9959919839679356        3.4439530388201125E-003
   8.0160320641282556        3.3902203473272774E-003
   8.0360721442885765        3.3372635046658100E-003
   8.0561122244488974        3.2850703564018470E-003
   8.0761523046092183        3.2336289220247349E-003
   8.0961923847695392        3.1829273921489972E-003
   8.1162324649298601        3.1329541257527618E-003
   8.1362725450901792        3.0836976474518515E-003
   8.1563126252505000        3.0351466448086946E-003
   8.1763527054108209        2.9872899656752548E-003
   8.1963927855711418        2.9401166155691482E-003
   8.2164328657314627        2.8936157550820949E-003
   8.2364729458917836        2.8477766973198783E-003
   8.2565130260521045        2.8025889053729190E-003
   8.2765531062124253        2.7580419898166177E-003
   8.2965931863727445        2.7141257062405452E-003
   8.3166332665330653        2.6708299528055719E-003
   8.3366733466933862        2.6281447678279976E-003
   8.3567134268537071        2.5860603273897029E-003
   8.3767535070140280        2.5445669429733247E-003
   8.3967935871743489        2.5036550591214131E-003
   8.4168336673346698        2.4633152511184808E-003
   8.4368737474949889        2.4235382226948073E-003
   8.4569138276553097        2.3843148037508057E-003
   8.4769539078156306        2.3456359481006835E-003
   8.4969939879759515        2.3074927312340390E-003
   8.5170340681362724        2.2698763480939774E-003
   8.5370741482965933        2.2327781108701567E-003
   8.5571142284569142        2.1961894468051188E-003
   8.5771543086172333        2.1601018960120373E-003
   8.5971943887775542        2.1245071093018860E-003
   8.6172344689378750        2.0893968460177926E-003
   8.6372745490981959        2.0547629718740850E-003
   8.6573146292585168        2.0205974567972609E-003
   8.6773547094188377        1.9868923727657272E-003
   8.6973947895791586        1.9536398916447390E-003
   8.7174348697394795        1.9208322830124649E-003
   8.7374749498997986        1.8884619119724701E-003
   8.7575150300601194        1.8565212369472039E-003
   8.7775551102204403        1.8250028074461627E-003
   8.7975951903807612        1.7938992618013584E-003
   8.8176352705410821        1.7632033248614265E-003
   8.8376753507014030        1.7329078056341689E-003
   8.8577154308617239        1.7030055948654417E-003
   8.8777555110220430        1.6734896625400543E-003
   8.8977955911823639        1.6443530552875819E-003
   8.9178356713426847        1.6155888936726867E-003
   8.9378757515030056        1.5871903693455214E-003
   8.9579158316633265        1.5591507420228698E-003
   8.9779559118236474        1.5314633362647745E-003
   8.9979959919839683        1.5041215380041685E-003
   9.0180360721442874        1.4771187907782449E-003
   9.0380761523046083        1.4504485915996460E-003
   9.0581162324649291        1.4241044863925530E-003
   9.0781563126252500        1.3980800649029245E-003
   9.0981963927855709        1.3723689549728956E-003
   9.1182364729458918        1.3469648160458509E-003
   9.1382765531062127        1.3218613317400795E-003
   9.1583166332665336        1.2970522012940324E-003
   9.1783567134268527        1.2725311296436438E-003
   9.1983967935871735        1.2482918158402620E-003
   9.2184368737474944        1.2243279394543777E-003
   9.2384769539078153        1.2006331445329811E-003
   9.2585170340681362        1.1772010205839392E-003
   9.2785571142284571        1.1540250799453716E-003
   9.2985971943887780        1.1310987307570509E-003
   9.3186372745490971        1.1084152445784486E-003
   9.3386773547094180        1.0859677174872939E-003
   9.3587174348697388        1.0637490232345622E-003
   9.3787575150300597        1.0417517567160531E-003
   9.3987975951903806        1.0199681656338621E-003
   9.4188376753507015        9.9839006774673708E-004
   9.4388777555110224        9.7700875052620360E-004
   9.4589178356713415        9.5581484932012284E-004
   9.4789579158316624        9.3479819924534822E-004
   9.4989979959919832        9.1394765494649691E-004
   9.5190380761523041        8.9325087101816954E-004
   9.5390781563126250        8.7269403422885904E-004
   9.5591182364729459        8.5226153662339285E-004
   9.5791583166332668        8.3193557600900298E-004
   9.5991983967935877        8.1169566710512469E-004
   9.6192384769539068        7.9151804256672798E-004
   9.6392785571142277        7.7137491791206311E-004
   9.6593186372745485        7.5123358772884435E-004
   9.6793587174348694        7.3105531186660046E-004
   9.6993987975951903        7.1079393885572855E-004
   9.7194388777555112        6.9039419833599443E-004
   9.7394789579158321        6.6978957281664151E-004
   9.7595190380761512        6.4889962870175080E-004
   9.7795591182364721        6.2762664088993210E-004
   9.7995991983967929        6.0585127554858961E-004
   9.8196392785571138        5.8342697936941787E-004
   9.8396793587174347        5.6017252236991485E-004
   9.8597194388777556        5.3586176551353808E-004
   9.8797595190380765        5.1020894215699950E-004
   9.8997995991983956        4.8284636509604014E-004
   9.9198396793587165        4.5328583340159301E-004
   9.9398797595190373        4.2086441894237684E-004
   9.9599198396793582        3.8449907383019712E-004
   9.9799599198396791        3.4339209391847373E-004
   10.000000000000000        2.8772772108457578E-004
