   0.0000000000000000        2.9839515129510032     
   2.0040080160320640E-002   2.7775499777617494     
   4.0080160320641281E-002   2.6190110728379090     
   6.0120240480961921E-002   2.4853679224284329     
   8.0160320641282562E-002   2.3674864311390214     
  0.10020040080160320        2.2612200410433494     
  0.12024048096192384        2.1643265258427760     
  0.14028056112224449        2.0753675351702281     
  0.16032064128256512        1.9932972682354748     
  0.18036072144288576        1.9172955713295632     
  0.20040080160320639        1.8466912229342642     
  0.22044088176352705        1.7809209450965109     
  0.24048096192384769        1.7195042263774365     
  0.26052104208416832        1.6620261977012096     
  0.28056112224448898        1.6081252166491318     
  0.30060120240480959        1.5574835136954852     
  0.32064128256513025        1.5098199710923530     
  0.34068136272545091        1.4648844490010515     
  0.36072144288577151        1.4224532622874888     
  0.38076152304609218        1.3823255274855919     
  0.40080160320641278        1.3443201764986525     
  0.42084168336673344        1.3082734871629538     
  0.44088176352705410        1.2740370189936954     
  0.46092184368737471        1.2414758700953332     
  0.48096192384769537        1.2104671914563048     
  0.50100200400801598        1.1808989097715152     
  0.52104208416833664        1.1526686210187638     
  0.54108216432865730        1.1256826253036003     
  0.56112224448897796        1.0998550797303763     
  0.58116232464929862        1.0751072507958761     
  0.60120240480961917        1.0513668514271739     
  0.62124248496993983        1.0285674505821298     
  0.64128256513026050        1.0066479455071626     
  0.66132264529058116       0.98555208845547249     
  0.68136272545090182       0.96522806102230629     
  0.70140280561122237       0.94562809033574513     
  0.72144288577154303       0.92670810221412081     
  0.74148296593186369       0.90842740711124326     
  0.76152304609218435       0.89074841525344173     
  0.78156312625250501       0.87363637785475057     
  0.80160320641282556       0.85705915169892177     
  0.82164328657314623       0.84098698471513345     
  0.84168336673346689       0.82539232046052879     
  0.86172344689378755       0.81024961966664266     
  0.88176352705410821       0.79553519721595967     
  0.90180360721442887       0.78122707309522088     
  0.92184368737474942       0.76730483602850685     
  0.94188376753507008       0.75374951862941320     
  0.96192384769539074       0.74054348303092010     
  0.98196392785571140       0.72767031605642318     
   1.0020040080160320       0.71511473308791629     
   1.0220440881763526       0.70286248986925826     
   1.0420841683366733       0.69090030155524573     
   1.0621242484969939       0.67921576838208020     
   1.0821643286573146       0.66779730739277499     
   1.1022044088176353       0.65663408970296033     
   1.1222444889779559       0.64571598283915232     
   1.1422845691382766       0.63503349772349083     
   1.1623246492985972       0.62457773991673837     
   1.1823647294589177       0.61434036476547849     
   1.2024048096192383       0.60431353613031225     
   1.2224448897795590       0.59448988839982209     
   1.2424849699398797       0.58486249152043046     
   1.2625250501002003       0.57542481879531437     
   1.2825651302605210       0.56617071722648171     
   1.3026052104208417       0.55709438019316726     
   1.3226452905811623       0.54819032227707010     
   1.3426853707414830       0.53945335606078548     
   1.3627254509018036       0.53087857074022282     
   1.3827655310621243       0.52246131240499671     
   1.4028056112224447       0.51419716585282316     
   1.4228456913827654       0.50608193781497857     
   1.4428857715430861       0.49811164147995296     
   1.4629258517034067       0.49028248221166154     
   1.4829659318637274       0.48259084436702387     
   1.5030060120240480       0.47503327912546039     
   1.5230460921843687       0.46760649324995324     
   1.5430861723446894       0.46030733870581825     
   1.5631262525050100       0.45313280306930431     
   1.5831663326653307       0.44608000066360548     
   1.6032064128256511       0.43914616436489523     
   1.6232464929859718       0.43232863802560234     
   1.6432865731462925       0.42562486946638206     
   1.6633266533066131       0.41903240399211950     
   1.6833667334669338       0.41254887839087806     
   1.7034068136272544       0.40617201537798447     
   1.7234468937875751       0.39989961845045546     
   1.7434869739478958       0.39372956711974455     
   1.7635270541082164       0.38765981249333259     
   1.7835671342685371       0.38168837317802984     
   1.8036072144288577       0.37581333148000640     
   1.8236472945891782       0.37003282987855268     
   1.8436873747494988       0.36434506775238923     
   1.8637274549098195       0.35874829833902416     
   1.8837675350701402       0.35324082590919076     
   1.9038076152304608       0.34782100313982595     
   1.9238476953907815       0.34248722867034365     
   1.9438877755511021       0.33723794482816655     
   1.9639278557114228       0.33207163551057972     
   1.9839679358717435       0.32698682421098735     
   2.0040080160320639       0.32198207217859093     
   2.0240480961923848       0.31705597670136748     
   2.0440881763527052       0.31220716950301935     
   2.0641282565130261       0.30743431524529913     
   2.0841683366733466       0.30273611012778351     
   2.1042084168336674       0.29811128057778963     
   2.1242484969939879       0.29355858202369761     
   2.1442885771543083       0.28907679774546802     
   2.1643286573146292       0.28466473779662660     
   2.1843687374749496       0.28032123799243158     
   2.2044088176352705       0.27604515895935400     
   2.2244488977955910       0.27183538524137341     
   2.2444889779559118       0.26769082445894288     
   2.2645290581162323       0.26361040651679790     
   2.2845691382765532       0.25959308285707705     
   2.3046092184368736       0.25563782575449556     
   2.3246492985971945       0.25174362765056429     
   2.3446893787575149       0.24790950052407709     
   2.3647294589178354       0.24413447529530150     
   2.3847695390781563       0.24041760126150574     
   2.4048096192384767       0.23675794556163424     
   2.4248496993987976       0.23315459266811203     
   2.4448897795591180       0.22960664390391122     
   2.4649298597194389       0.22611321698315298     
   2.4849699398797593       0.22267344557365359     
   2.5050100200400802       0.21928647887993719     
   2.5250501002004007       0.21595148124535427     
   2.5450901803607215       0.21266763177204495     
   2.5651302605210420       0.20943412395757988     
   2.5851703406813624       0.20625016534720095     
   2.6052104208416833       0.20311497720066152     
   2.6252505010020037       0.20002779417274255     
   2.6452905811623246       0.19698786400658774     
   2.6653306613226451       0.19399444723906459     
   2.6853707414829660       0.19104681691741512     
   2.7054108216432864       0.18814425832651721     
   2.7254509018036073       0.18528606872612199     
   2.7454909819639277       0.18247155709748297     
   2.7655310621242486       0.17970004389883223     
   2.7855711422845690       0.17697086082919961     
   2.8056112224448895       0.17428335060010447     
   2.8256513026052104       0.17163686671468653     
   2.8456913827655308       0.16903077325386909     
   2.8657314629258517       0.16646444466917923     
   2.8857715430861721       0.16393726558187438     
   2.9058116232464930       0.16144863058804923     
   2.9258517034068134       0.15899794406941961     
   2.9458917835671343       0.15658462000949988     
   2.9659318637274548       0.15420808181491116     
   2.9859719438877756       0.15186776214157283     
   3.0060120240480961       0.14956310272554951     
   3.0260521042084165       0.14729355421833712     
   3.0460921843687374       0.14505857602638958     
   3.0661322645290578       0.14285763615469668     
   3.0861723446893787       0.14069021105423934     
   3.1062124248496992       0.13855578547315708     
   3.1262525050100201       0.13645385231147433     
   3.1462925851703405       0.13438391247924020     
   3.1663326653306614       0.13234547475794778     
   3.1863727454909818       0.13033805566510392     
   3.2064128256513023       0.12836117932183139     
   3.2264529058116231       0.12641437732338962     
   3.2464929859719436       0.12449718861250866     
   3.2665330661322645       0.12260915935543648     
   3.2865731462925849       0.12074984282060502     
   3.3066132264529058       0.11891879925982617     
   3.3266533066132262       0.11711559579193390     
   3.3466933867735471       0.11533980628879244     
   3.3667334669338675       0.11359101126359587     
   3.3867735470941884       0.11186879776138726     
   3.4068136272545089       0.11017275925173028     
   3.4268537074148293       0.10850249552346844     
   3.4468937875751502       0.10685761258151145     
   3.4669338677354706       0.10523772254559051     
   3.4869739478957915       0.10364244355092733     
   3.5070140280561120       0.10207139965076388     
   3.5270541082164328       0.10052422072070351     
   3.5470941883767533        9.9000542364814467E-002
   3.5671342685370742        9.7500005823450808E-002
   3.5871743486973946        9.6022257882746584E-002
   3.6072144288577155        9.4566950785741372E-002
   3.6272545090180359        9.3133742145096982E-002
   3.6472945891783564        9.1722294857366868E-002
   3.6673346693386772        9.0332277018781229E-002
   3.6873747494989977        8.8963361842512134E-002
   3.7074148296593186        8.7615227577384741E-002
   3.7274549098196390        8.6287557428001538E-002
   3.7474949899799599        8.4980039476247993E-002
   3.7675350701402803        8.3692366604149165E-002
   3.7875751503006012        8.2424236418047594E-002
   3.8076152304609217        8.1175351174074400E-002
   3.8276553106212425        7.9945417704885710E-002
   3.8476953907815630        7.8734147347638381E-002
   3.8677354709418834        7.7541255873178644E-002
   3.8877755511022043        7.6366463416419547E-002
   3.9078156312625247        7.5209494407882424E-002
   3.9278557114228456        7.4070077506379575E-002
   3.9478957915831661        7.2947945532815195E-002
   3.9679358717434869        7.1842835405082572E-002
   3.9879759519038074        7.0754488074036198E-002
   4.0080160320641278        6.9682648460518568E-002
   4.0280561122244487        6.8627065393420228E-002
   4.0480961923847696        6.7587491548755041E-002
   4.0681362725450896        6.6563683389730233E-002
   4.0881763527054105        6.5555401107793468E-002
   4.1082164328657313        6.4562408564638449E-002
   4.1282565130260522        6.3584473235151484E-002
   4.1482965931863722        6.2621366151281763E-002
   4.1683366733466931        6.1672861846818722E-002
   4.1883767535070140        6.0738738303059918E-002
   4.2084168336673349        5.9818776895353504E-002
   4.2284569138276549        5.8912762340499761E-002
   4.2484969939879758        5.8020482644996353E-002
   4.2685370741482966        5.7141729054112370E-002
   4.2885771543086166        5.6276296001776797E-002
   4.3086172344689375        5.5423981061266892E-002
   4.3286573146292584        5.4584584896682817E-002
   4.3486973947895793        5.3757911215194680E-002
   4.3687374749498993        5.2943766720048906E-002
   4.3887775551102202        5.2141961064320480E-002
   4.4088176352705410        5.1352306805398963E-002
   4.4288577154308619        5.0574619360194945E-002
   4.4488977955911819        4.9808716961055481E-002
   4.4689378757515028        4.9054420612375908E-002
   4.4889779559118237        4.8311554047896672E-002
   4.5090180360721437        4.7579943688673500E-002
   4.5290581162324646        4.6859418601709550E-002
   4.5490981963927855        4.6149810459238633E-002
   4.5691382765531063        4.5450953498648597E-002
   4.5891783567134263        4.4762684483034137E-002
   4.6092184368737472        4.4084842662368728E-002
   4.6292585170340681        4.3417269735285355E-002
   4.6492985971943890        4.2759809811456065E-002
   4.6693386773547090        4.2112309374560369E-002
   4.6893787575150299        4.1474617245832963E-002
   4.7094188376753507        4.0846584548181165E-002
   4.7294589178356707        4.0228064670862825E-002
   4.7494989979959916        3.9618913234715475E-002
   4.7695390781563125        3.9018988057927868E-002
   4.7895791583166334        3.8428149122344935E-002
   4.8096192384769534        3.7846258540297592E-002
   4.8296593186372743        3.7273180521948938E-002
   4.8496993987975952        3.6708781343148360E-002
   4.8697394789579160        3.6152929313785435E-002
   4.8897795591182360        3.5605494746635602E-002
   4.9098196392785569        3.5066349926689507E-002
   4.9298597194388778        3.4535369080958569E-002
   4.9498997995991978        3.4012428348748722E-002
   4.9699398797595187        3.3497405752395196E-002
   4.9899799599198396        3.2990181168450657E-002
   5.0100200400801604        3.2490636299319746E-002
   5.0300601202404804        3.1998654645332580E-002
   5.0501002004008013        3.1514121477250467E-002
   5.0701402805611222        3.1036923809196856E-002
   5.0901803607214431        3.0566950372006681E-002
   5.1102204408817631        3.0104091586987569E-002
   5.1302605210420840        2.9648239540086323E-002
   5.1503006012024048        2.9199287956454229E-002
   5.1703406813627248        2.8757132175404921E-002
   5.1903807615230457        2.8321669125758488E-002
   5.2104208416833666        2.7892797301565870E-002
   5.2304609218436875        2.7470416738207357E-002
   5.2505010020040075        2.7054428988859475E-002
   5.2705410821643284        2.6644737101324242E-002
   5.2905811623246493        2.6241245595215245E-002
   5.3106212424849701        2.5843860439494878E-002
   5.3306613226452901        2.5452489030357142E-002
   5.3507014028056110        2.5067040169450668E-002
   5.3707414829659319        2.4687424042436564E-002
   5.3907815631262519        2.4313552197875874E-002
   5.4108216432865728        2.3945337526441395E-002
   5.4308617234468937        2.3582694240448891E-002
   5.4509018036072145        2.3225537853702519E-002
   5.4709418837675345        2.2873785161649809E-002
   5.4909819639278554        2.2527354221841045E-002
   5.5110220440881763        2.2186164334688577E-002
   5.5310621242484972        2.1850136024521141E-002
   5.5511022044088172        2.1519191020928748E-002
   5.5711422845691381        2.1193252240393506E-002
   5.5911823647294590        2.0872243768201956E-002
   5.6112224448897789        2.0556090840634551E-002
   5.6312625250500998        2.0244719827427860E-002
   5.6513026052104207        1.9938058214505412E-002
   5.6713426853707416        1.9636034586972849E-002
   5.6913827655310616        1.9338578612373317E-002
   5.7114228456913825        1.9045621024199134E-002
   5.7314629258517034        1.8757093605655587E-002
   5.7515030060120242        1.8472929173673120E-002
   5.7715430861723442        1.8193061563163887E-002
   5.7915831663326651        1.7917425611519010E-002
   5.8116232464929860        1.7645957143342727E-002
   5.8316633266533060        1.7378592955419776E-002
   5.8517034068136269        1.7115270801912427E-002
   5.8717434869739478        1.6855929379783516E-002
   5.8917835671342687        1.6600508314442118E-002
   5.9118236472945886        1.6348948145608250E-002
   5.9318637274549095        1.6101190313393344E-002
   5.9519038076152304        1.5857177144593095E-002
   5.9719438877755513        1.5616851839189353E-002
   5.9919839679358713        1.5380158457057928E-002
   6.0120240480961922        1.5147041904879010E-002
   6.0320641282565131        1.4917447923247208E-002
   6.0521042084168331        1.4691323073977931E-002
   6.0721442885771539        1.4468614727607274E-002
   6.0921843687374748        1.4249271051082302E-002
   6.1122244488977957        1.4033240995638826E-002
   6.1322645290581157        1.3820474284863734E-002
   6.1523046092184366        1.3610921402939137E-002
   6.1723446893787575        1.3404533583065368E-002
   6.1923847695390783        1.3201262796060233E-002
   6.2124248496993983        1.3001061739131641E-002
   6.2324649298597192        1.2803883824821088E-002
   6.2525050100200401        1.2609683170115217E-002
   6.2725450901803601        1.2418414585722976E-002
   6.2925851703406810        1.2230033565515783E-002
   6.3126252505010019        1.2044496276128101E-002
   6.3326653306613228        1.1861759546716135E-002
   6.3527054108216428        1.1681780858871997E-002
   6.3727454909819636        1.1504518336691140E-002
   6.3927855711422845        1.1329930736990538E-002
   6.4128256513026045        1.1157977439675374E-002
   6.4328657314629254        1.0988618438251980E-002
   6.4529058116232463        1.0821814330484654E-002
   6.4729458917835672        1.0657526309194254E-002
   6.4929859719438872        1.0495716153196315E-002
   6.5130260521042080        1.0336346218376589E-002
   6.5330661322645289        1.0179379428901836E-002
   6.5531062124248498        1.0024779268563816E-002
   6.5731462925851698        9.8725097722544303E-003
   6.5931863727454907        9.7225355175699496E-003
   6.6132264529058116        9.5748216165424289E-003
   6.6332665330661316        9.4293337074962090E-003
   6.6533066132264524        9.2860379470277084E-003
   6.6733466933867733        9.1449010021065445E-003
   6.6933867735470942        9.0058900422960806E-003
   6.7134268537074142        8.8689727320916227E-003
   6.7334669338677351        8.7341172233743984E-003
   6.7535070140280560        8.6012921479795539E-003
   6.7735470941883769        8.4704666103763929E-003
   6.7935871743486969        8.3416101804591278E-003
   6.8136272545090177        8.2146928864464414E-003
   6.8336673346693386        8.0896852078881452E-003
   6.8537074148296586        7.9665580687773262E-003
   6.8737474949899795        7.8452828307662790E-003
   6.8937875751503004        7.7258312864846882E-003
   6.9138276553106213        7.6081756529584035E-003
   6.9338677354709413        7.4922885651272893E-003
   6.9539078156312621        7.3781430694606015E-003
   6.9739478957915830        7.2657126176683458E-003
   6.9939879759519039        7.1549710605071440E-003
   7.0140280561122239        7.0458926416791402E-003
   7.0340681362725448        6.9384519918224592E-003
   7.0541082164328657        6.8326241225918098E-003
   7.0741482965931857        6.7283844208278158E-003
   7.0941883767535066        6.6257086428136644E-003
   7.1142284569138274        6.5245729086176986E-003
   7.1342685370741483        6.4249536965206291E-003
   7.1543086172344683        6.3268278375259732E-003
   7.1743486973947892        6.2301725099524231E-003
   7.1943887775551101        6.1349652341068719E-003
   7.2144288577154310        6.0411838670367353E-003
   7.2344689378757510        5.9488065973603774E-003
   7.2545090180360718        5.8578119401743135E-003
   7.2745490981963927        5.7681787320360027E-003
   7.2945891783567127        5.6798861260209596E-003
   7.3146292585170336        5.5929135868530233E-003
   7.3346693386773545        5.5072408861065068E-003
   7.3547094188376754        5.4228480974791299E-003
   7.3747494989979954        5.3397155921344744E-003
   7.3947895791583163        5.2578240341128674E-003
   7.4148296593186371        5.1771543758094892E-003
   7.4348697394789580        5.0976878535185857E-003
   7.4549098196392780        5.0194059830426362E-003
   7.4749498997995989        4.9422905553653763E-003
   7.4949899799599198        4.8663236323875109E-003
   7.5150300601202398        4.7914875427240520E-003
   7.5350701402805607        4.7177648775621438E-003
   7.5551102204408815        4.6451384865782708E-003
   7.5751503006012024        4.5735914739137721E-003
   7.5951903807615224        4.5031071942075391E-003
   7.6152304609218433        4.4336692486848144E-003
   7.6352705410821642        4.3652614813009839E-003
   7.6553106212424851        4.2978679749392859E-003
   7.6753507014028051        4.2314730476612954E-003
   7.6953907815631259        4.1660612490091141E-003
   7.7154308617234468        4.1016173563581471E-003
   7.7354709418837668        4.0381263713193125E-003
   7.7555110220440877        3.9755735161896054E-003
   7.7755511022044086        3.9139442304498128E-003
   7.7955911823647295        3.8532241673082733E-003
   7.8156312625250495        3.7933991902894789E-003
   7.8356713426853704        3.7344553698663123E-003
   7.8557114228456912        3.6763789801347395E-003
   7.8757515030060121        3.6191564955296734E-003
   7.8957915831663321        3.5627745875807608E-003
   7.9158316633266530        3.5072201217067815E-003
   7.9358717434869739        3.4524801540473092E-003
   7.9559118236472939        3.3985419283302756E-003
   7.9759519038076148        3.3453928727739807E-003
   7.9959919839679356        3.2930205970220939E-003
   8.0160320641282556        3.2414128891101114E-003
   8.0360721442885765        3.1905577124616709E-003
   8.0561122244488974        3.1404432029130676E-003
   8.0761523046092183        3.0910576657642449E-003
   8.0961923847695392        3.0423895728544335E-003
   8.1162324649298601        2.9944275596605454E-003
   8.1362725450901792        2.9471604224163253E-003
   8.1563126252505000        2.9005771152501416E-003
   8.1763527054108209        2.8546667473392066E-003
   8.1963927855711418        2.8094185800778743E-003
   8.2164328657314627        2.7648220242575037E-003
   8.2364729458917836        2.7208666372552899E-003
   8.2565130260521045        2.6775421202292087E-003
   8.2765531062124253        2.6348383153161157E-003
   8.2965931863727445        2.5927452028298003E-003
   8.3166332665330653        2.5512528984555929E-003
   8.3366733466933862        2.5103516504378903E-003
   8.3567134268537071        2.4700318367566945E-003
   8.3767535070140280        2.4302839622890060E-003
   8.3967935871743489        2.3910986559505742E-003
   8.4168336673346698        2.3524666678132076E-003
   8.4368737474949889        2.3143788661924478E-003
   8.4569138276553097        2.2768262347000697E-003
   8.4769539078156306        2.2397998692553693E-003
   8.4969939879759515        2.2032909750487957E-003
   8.5170340681362724        2.1672908634509363E-003
   8.5370741482965933        2.1317909488593094E-003
   8.5571142284569142        2.0967827454748179E-003
   8.5771543086172333        2.0622578639990564E-003
   8.5971943887775542        2.0282080082429143E-003
   8.6172344689378750        1.9946249716361634E-003
   8.6372745490981959        1.9615006336268213E-003
   8.6573146292585168        1.9288269559581503E-003
   8.6773547094188377        1.8965959788101281E-003
   8.6973947895791586        1.8647998167910761E-003
   8.7174348697394795        1.8334306547639209E-003
   8.7374749498997986        1.8024807434901921E-003
   8.7575150300601194        1.7719423950733856E-003
   8.7775551102204403        1.7418079781817075E-003
   8.7975951903807612        1.7120699130284145E-003
   8.8176352705410821        1.6827206660860231E-003
   8.8376753507014030        1.6537527445085033E-003
   8.8577154308617239        1.6251586902332076E-003
   8.8777555110220430        1.5969310737316842E-003
   8.8977955911823639        1.5690624873756346E-003
   8.9178356713426847        1.5415455383811149E-003
   8.9378757515030056        1.5143728412905543E-003
   8.9579158316633265        1.4875370099482789E-003
   8.9779559118236474        1.4610306489209069E-003
   8.9979959919839683        1.4348463443091626E-003
   9.0180360721442874        1.4089766538923293E-003
   9.0380761523046083        1.3834140965405439E-003
   9.0581162324649291        1.3581511408234631E-003
   9.0781563126252500        1.3331801927363039E-003
   9.0981963927855709        1.3084935824557811E-003
   9.1182364729458918        1.2840835500289212E-003
   9.1382765531062127        1.2599422298868741E-003
   9.1583166332665336        1.2360616340635240E-003
   9.1783567134268527        1.2124336339846226E-003
   9.1983967935871735        1.1890499406770250E-003
   9.2184368737474944        1.1659020832290102E-003
   9.2384769539078153        1.1429813853111521E-003
   9.2585170340681362        1.1202789395421550E-003
   9.2785571142284571        1.0977855794547782E-003
   9.2985971943887780        1.0754918487824738E-003
   9.3186372745490971        1.0533879677465275E-003
   9.3386773547094180        1.0314637959747766E-003
   9.3587174348697388        1.0097087916244986E-003
   9.3787575150300597        9.8811196621130830E-004
   9.3987975951903806        9.6666183455965202E-004
   9.4188376753507015        9.4534635918448382E-004
   9.4388777555110224        9.2415288828238810E-004
   9.4589178356713415        9.0306808634631934E-004
   9.4789579158316624        8.8207785621135669E-004
   9.4989979959919832        8.6116725107611403E-004
   9.5190380761523041        8.4032037470768218E-004
   9.5390781563126250        8.1952026760282555E-004
   9.5591182364729459        7.9874877631129287E-004
   9.5791583166332668        7.7798640238294298E-004
   9.5991983967935877        7.5721212641618367E-004
   9.6192384769539068        7.3640320137435627E-004
   9.6392785571142277        7.1553490757884236E-004
   9.6593186372745485        6.9458025941482380E-004
   9.6793587174348694        6.7350965056081678E-004
   9.6993987975951903        6.5229042013638188E-004
   9.7194388777555112        6.3088631605135489E-004
   9.7394789579158321        6.0925682325037279E-004
   9.7595190380761512        5.8735631214274560E-004
   9.7795591182364721        5.6513294372224595E-004
   9.7995991983967929        5.4252723707684286E-004
   9.8196392785571138        5.1947014828926917E-004
   9.8396793587174347        4.9588039017667263E-004
   9.8597194388777556        4.7166043677019569E-004
   9.8797595190380765        4.4668990978288033E-004
   9.8997995991983956        4.2081298141597123E-004
   9.9198396793587165        3.9381055521800587E-004
   9.9398797595190373        3.6533101140553579E-004
   9.9599198396793582        3.3470386328137168E-004
   9.9799599198396791        3.0041615145901023E-004
   10.000000000000000        2.5860820028782865E-004
