   2.5000000000000001E-003  0.52144800000000002     
   7.5251256281407032E-003   7.0282999999999998E-002
   1.2550251256281408E-002   4.0447999999999998E-002
   1.7575376884422109E-002   2.7994000000000002E-002
   2.2600502512562813E-002   2.1166000000000001E-002
   2.7625628140703518E-002   1.7170999999999999E-002
   3.2650753768844222E-002   1.4300000000000000E-002
   3.7675879396984926E-002   1.2248999999999999E-002
   4.2701005025125631E-002   1.0663000000000001E-002
   4.7726130653266335E-002   9.3889999999999998E-003
   5.2751256281407040E-002   8.4040000000000000E-003
   5.7776381909547744E-002   7.4530000000000004E-003
   6.2801507537688442E-002   6.8250000000000003E-003
   6.7826633165829153E-002   6.2110000000000004E-003
   7.2851758793969851E-002   5.8710000000000004E-003
   7.7876884422110562E-002   5.4279999999999997E-003
   8.2902010050251260E-002   5.0010000000000002E-003
   8.7927135678391957E-002   4.5880000000000001E-003
   9.2952261306532669E-002   4.4359999999999998E-003
   9.7977386934673366E-002   4.0699999999999998E-003
  0.10300251256281408        3.8140000000000001E-003
  0.10802763819095478        3.7200000000000002E-003
  0.11305276381909549        3.4229999999999998E-003
  0.11807788944723618        3.2650000000000001E-003
  0.12310301507537688        3.2220000000000000E-003
  0.12812814070351758        3.0100000000000001E-003
  0.13315326633165830        2.8100000000000000E-003
  0.13817839195979900        2.6610000000000002E-003
  0.14320351758793970        2.6240000000000000E-003
  0.14822864321608040        2.4859999999999999E-003
  0.15325376884422112        2.3720000000000000E-003
  0.15827889447236182        2.2550000000000001E-003
  0.16330402010050252        2.3119999999999998E-003
  0.16832914572864321        2.1270000000000000E-003
  0.17335427135678391        2.0769999999999999E-003
  0.17837939698492464        2.0769999999999999E-003
  0.18340452261306533        1.9260000000000000E-003
  0.18842964824120603        1.8600000000000001E-003
  0.19345477386934673        1.8560000000000000E-003
  0.19847989949748746        1.7650000000000001E-003
  0.20350502512562815        1.7149999999999999E-003
  0.20853015075376885        1.5600000000000000E-003
  0.21355527638190955        1.5310000000000000E-003
  0.21858040201005025        1.6390000000000000E-003
  0.22360552763819097        1.5230000000000000E-003
  0.22863065326633167        1.4900000000000000E-003
  0.23365577889447237        1.3790000000000000E-003
  0.23868090452261306        1.3420000000000001E-003
  0.24370603015075376        1.4280000000000000E-003
  0.24873115577889449        1.2370000000000000E-003
  0.25375628140703516        1.2750000000000001E-003
  0.25878140703517588        1.2470000000000001E-003
  0.26380653266331661        1.1789999999999999E-003
  0.26883165829145728        1.2080000000000001E-003
  0.27385678391959800        1.1950000000000001E-003
  0.27888190954773873        1.1379999999999999E-003
  0.28390703517587940        1.0780000000000000E-003
  0.28893216080402012        1.0930000000000000E-003
  0.29395728643216079        1.0410000000000000E-003
  0.29898241206030152        1.0709999999999999E-003
  0.30400753768844224        1.0440000000000000E-003
  0.30903266331658291        1.0219999999999999E-003
  0.31405778894472364        9.5699999999999995E-004
  0.31908291457286431        9.6699999999999998E-004
  0.32410804020100503        9.1200000000000005E-004
  0.32913316582914576        8.8300000000000000E-004
  0.33415829145728643        8.6100000000000000E-004
  0.33918341708542715        8.4400000000000002E-004
  0.34420854271356782        8.9499999999999996E-004
  0.34923366834170855        8.5400000000000005E-004
  0.35425879396984927        8.0900000000000004E-004
  0.35928391959798994        8.0300000000000000E-004
  0.36430904522613067        7.8600000000000002E-004
  0.36933417085427134        7.4500000000000000E-004
  0.37435929648241206        7.4200000000000004E-004
  0.37938442211055279        7.6999999999999996E-004
  0.38440954773869346        7.4399999999999998E-004
  0.38943467336683418        6.8300000000000001E-004
  0.39445979899497491        7.3999999999999999E-004
  0.39948492462311558        7.3399999999999995E-004
  0.40451005025125630        6.7100000000000005E-004
  0.40953517587939697        6.8400000000000004E-004
  0.41456030150753770        6.5799999999999995E-004
  0.41958542713567842        6.4000000000000005E-004
  0.42461055276381909        6.5399999999999996E-004
  0.42963567839195982        6.6799999999999997E-004
  0.43466080402010049        6.2900000000000000E-004
  0.43968592964824121        6.2299999999999996E-004
  0.44471105527638194        5.8000000000000000E-004
  0.44973618090452261        5.7100000000000000E-004
  0.45476130653266333        5.8299999999999997E-004
  0.45978643216080400        5.5000000000000003E-004
  0.46481155778894473        6.0099999999999997E-004
  0.46983668341708545        5.5800000000000001E-004
  0.47486180904522612        5.3700000000000004E-004
  0.47988693467336685        5.4799999999999998E-004
  0.48491206030150752        5.1999999999999995E-004
  0.48993718592964824        4.9500000000000000E-004
  0.49496231155778897        4.6099999999999998E-004
  0.49998743718592964        5.0100000000000003E-004
  0.50501256281407025        4.8600000000000000E-004
  0.51003768844221098        5.1300000000000000E-004
  0.51506281407035170        5.0400000000000000E-004
  0.52008793969849243        4.4999999999999999E-004
  0.52511306532663315        4.7899999999999999E-004
  0.53013819095477377        4.0600000000000000E-004
  0.53516331658291449        4.2800000000000000E-004
  0.54018844221105522        4.1899999999999999E-004
  0.54521356783919595        4.3199999999999998E-004
  0.55023869346733667        4.1899999999999999E-004
  0.55526381909547740        4.2000000000000002E-004
  0.56028894472361801        4.3600000000000003E-004
  0.56531407035175874        3.9199999999999999E-004
  0.57033919597989946        3.9800000000000002E-004
  0.57536432160804019        3.9300000000000001E-004
  0.58038944723618091        3.7399999999999998E-004
  0.58541457286432153        3.6999999999999999E-004
  0.59043969849246225        3.6999999999999999E-004
  0.59546482412060298        3.8400000000000001E-004
  0.60048994974874370        3.7599999999999998E-004
  0.60551507537688443        3.7100000000000002E-004
  0.61054020100502504        3.5000000000000000E-004
  0.61556532663316577        3.6099999999999999E-004
  0.62059045226130649        3.5700000000000000E-004
  0.62561557788944722        3.7100000000000002E-004
  0.63064070351758794        3.3000000000000000E-004
  0.63566582914572856        3.1900000000000000E-004
  0.64069095477386928        3.3599999999999998E-004
  0.64571608040201001        3.1300000000000002E-004
  0.65074120603015073        2.9399999999999999E-004
  0.65576633165829146        3.1199999999999999E-004
  0.66079145728643207        3.2899999999999997E-004
  0.66581658291457280        3.0100000000000000E-004
  0.67084170854271352        3.1199999999999999E-004
  0.67586683417085425        2.9000000000000000E-004
  0.68089195979899497        3.0100000000000000E-004
  0.68591708542713559        2.8400000000000002E-004
  0.69094221105527631        2.8100000000000000E-004
  0.69596733668341704        2.5900000000000001E-004
  0.70099246231155776        2.9000000000000000E-004
  0.70601758793969849        2.8299999999999999E-004
  0.71104271356783910        2.7399999999999999E-004
  0.71606783919597983        2.8100000000000000E-004
  0.72109296482412055        2.6600000000000001E-004
  0.72611809045226128        2.6800000000000001E-004
  0.73114321608040200        2.6200000000000003E-004
  0.73616834170854262        2.5799999999999998E-004
  0.74119346733668334        2.6699999999999998E-004
  0.74621859296482407        2.5799999999999998E-004
  0.75124371859296479        2.4800000000000001E-004
  0.75626884422110552        2.5900000000000001E-004
  0.76129396984924624        2.2499999999999999E-004
  0.76631909547738686        2.3599999999999999E-004
  0.77134422110552758        2.3300000000000000E-004
  0.77636934673366831        2.4100000000000000E-004
  0.78139447236180903        2.0900000000000001E-004
  0.78641959798994976        2.2900000000000001E-004
  0.79144472361809037        2.1800000000000001E-004
  0.79646984924623110        2.0500000000000000E-004
  0.80149497487437182        2.4200000000000000E-004
  0.80652010050251255        2.0100000000000001E-004
  0.81154522613065327        2.0200000000000000E-004
  0.81657035175879389        2.0599999999999999E-004
  0.82159547738693461        1.9799999999999999E-004
  0.82662060301507534        2.0100000000000001E-004
  0.83164572864321606        1.4799999999999999E-004
  0.83667085427135679        6.9116999999999998E-002
  0.84169597989949740        0.0000000000000000     
  0.84672110552763813        0.0000000000000000     
  0.85174623115577885        0.0000000000000000     
  0.85677135678391958        0.0000000000000000     
  0.86179648241206031        0.0000000000000000     
  0.86682160804020092        0.0000000000000000     
  0.87184673366834164        0.0000000000000000     
  0.87687185929648237        0.0000000000000000     
  0.88189698492462310        0.0000000000000000     
  0.88692211055276382        0.0000000000000000     
  0.89194723618090443        0.0000000000000000     
  0.89697236180904516        0.0000000000000000     
  0.90199748743718589        0.0000000000000000     
  0.90702261306532661        0.0000000000000000     
  0.91204773869346734        0.0000000000000000     
  0.91707286432160795        0.0000000000000000     
  0.92209798994974868        0.0000000000000000     
  0.92712311557788940        0.0000000000000000     
  0.93214824120603013        0.0000000000000000     
  0.93717336683417085        0.0000000000000000     
  0.94219849246231147        0.0000000000000000     
  0.94722361809045219        0.0000000000000000     
  0.95224874371859292        0.0000000000000000     
  0.95727386934673364        0.0000000000000000     
  0.96229899497487437        0.0000000000000000     
  0.96732412060301498        0.0000000000000000     
  0.97234924623115571        0.0000000000000000     
  0.97737437185929643        0.0000000000000000     
  0.98239949748743716        0.0000000000000000     
  0.98742462311557788        0.0000000000000000     
  0.99244974874371861        0.0000000000000000     
  0.99747487437185922        0.0000000000000000     
